2022-12-15 15:26:09.925 | DEBUG    | lib.create_order1:post:118 - 2022-12-15 15:26:09 发起post请求:下单
2022-12-15 15:26:09.926 | DEBUG    | lib.create_order1:post:119 - 2022-12-15 15:26:09 请求时的入参: /pay/createOrder?amount=10000&currency=IDR&expectPayCodeType=0&merchantId=100119&orderNo=TestOrderNo_1671089169924&payChannel=17&payerName=test&payerPhone=081382826301&productId=2023&subject=TestSubject&version=1.0&sign=c7a4d5832460f94a583920f96e074495
2022-12-15 15:27:14.926 | DEBUG    | lib.create_order1:post:118 - 2022-12-15 15:27:14 发起post请求:下单
2022-12-15 15:27:14.926 | DEBUG    | lib.create_order1:post:119 - 2022-12-15 15:27:14 请求时的入参: /pay/createOrder?paramssign=sign
2022-12-15 15:27:22.625 | DEBUG    | lib.create_order1:post:118 - 2022-12-15 15:27:22 发起post请求:下单
2022-12-15 15:27:22.625 | DEBUG    | lib.create_order1:post:119 - 2022-12-15 15:27:22 请求时的入参: /pay/createOrder?paramssign=sign
2022-12-15 15:27:36.686 | DEBUG    | lib.create_order1:post:118 - 2022-12-15 15:27:36 发起post请求:下单
2022-12-15 15:27:36.686 | DEBUG    | lib.create_order1:post:119 - 2022-12-15 15:27:36 请求时的入参: /pay/createOrder?paramssign=sign
2022-12-15 15:28:13.528 | DEBUG    | lib.create_order1:post:118 - 2022-12-15 15:28:13 发起post请求:下单
2022-12-15 15:28:13.528 | DEBUG    | lib.create_order1:post:119 - 2022-12-15 15:28:13 请求时的入参: /pay/createOrder?amount=10000&currency=IDR&expectPayCodeType=0&merchantId=100119&orderNo=TestOrderNo_1671089293529&payChannel=17&payerName=test&payerPhone=081382826301&productId=2023&subject=TestSubject&version=1.0&sign=735590b476871c05cf62b5db090303af
2022-12-15 15:28:26.768 | DEBUG    | lib.create_order1:post:118 - 2022-12-15 15:28:26 发起post请求:下单
2022-12-15 15:28:26.768 | DEBUG    | lib.create_order1:post:119 - 2022-12-15 15:28:26 请求时的入参: /pay/createOrder?amount=10000&currency=IDR&expectPayCodeType=0&merchantId=100119&orderNo=TestOrderNo_1671089306769&payChannel=17&payerName=test&payerPhone=081382826301&productId=2023&subject=TestSubject&version=1.0&sign=8545b331f0f877ff25d993f5fed10206
2022-12-15 15:29:03.653 | DEBUG    | lib.create_order1:post:118 - 2022-12-15 15:29:03 发起post请求:下单
2022-12-15 15:29:03.653 | DEBUG    | lib.create_order1:post:119 - 2022-12-15 15:29:03 请求时的入参: /pay/createOrder?amount=10000&currency=IDR&expectPayCodeType=0&merchantId=100119&orderNo=TestOrderNo_1671089343654&payChannel=17&payerName=test&payerPhone=081382826301&productId=2023&subject=TestSubject&version=1.0&sign=3f2742a5a6096a9f903397347894ea6a
2022-12-15 15:29:33.734 | DEBUG    | lib.create_order1:post:118 - 2022-12-15 15:29:33 发起post请求:下单
2022-12-15 15:29:33.734 | DEBUG    | lib.create_order1:post:119 - 2022-12-15 15:29:33 请求时的入参: /pay/createOrder?amount=10000&currency=IDR&expectPayCodeType=0&merchantId=100119&orderNo=TestOrderNo_1671089373735&payChannel=17&payerName=test&payerPhone=081382826301&productId=2023&subject=TestSubject&version=1.0&sign=aa8c2975a81e2b5ce951ccb547f532d4
2022-12-15 15:31:30.817 | DEBUG    | lib.create_order1:post:118 - 2022-12-15 15:31:30 发起post请求:下单
2022-12-15 15:31:30.818 | DEBUG    | lib.create_order1:post:119 - 2022-12-15 15:31:30 请求时的入参: /pay/createOrder?amount=10000&currency=IDR&expectPayCodeType=0&merchantId=100119&orderNo=TestOrderNo_1671089490817&payChannel=17&payerName=test&payerPhone=081382826301&productId=2023&subject=TestSubject&version=1.0&sign=sign
2022-12-15 15:31:34.557 | DEBUG    | lib.create_order1:post:118 - 2022-12-15 15:31:34 发起post请求:下单
2022-12-15 15:31:34.557 | DEBUG    | lib.create_order1:post:119 - 2022-12-15 15:31:34 请求时的入参: /pay/createOrder?amount=10000&currency=IDR&expectPayCodeType=0&merchantId=100119&orderNo=TestOrderNo_1671089494557&payChannel=17&payerName=test&payerPhone=081382826301&productId=2023&subject=TestSubject&version=1.0&sign=sign
2022-12-15 15:31:49.049 | DEBUG    | lib.create_order1:post:118 - 2022-12-15 15:31:49 发起post请求:下单
2022-12-15 15:31:49.050 | DEBUG    | lib.create_order1:post:119 - 2022-12-15 15:31:49 请求时的入参: /pay/createOrder?amount=10000&currency=IDR&expectPayCodeType=0&merchantId=100119&orderNo=TestOrderNo_1671089509049&payChannel=17&payerName=test&payerPhone=081382826301&productId=2023&subject=TestSubject&version=1.0&sign=1ecf229333526f9380682aec4dbcd8a9
2022-12-15 15:32:33.280 | DEBUG    | lib.create_order1:post:118 - 2022-12-15 15:32:33 发起post请求:下单
2022-12-15 15:32:33.281 | DEBUG    | lib.create_order1:post:119 - 2022-12-15 15:32:33 请求时的入参: /pay/createOrder?amount=10000&currency=IDR&expectPayCodeType=0&merchantId=100119&orderNo=TestOrderNo_1671089553281&payChannel=17&payerName=test&payerPhone=081382826301&productId=2023&subject=TestSubject&version=1.0&sign=3e5f1eb83748286b881604729824989f
2022-12-15 15:32:39.229 | DEBUG    | lib.create_order1:post:118 - 2022-12-15 15:32:39 发起post请求:下单
2022-12-15 15:32:39.229 | DEBUG    | lib.create_order1:post:119 - 2022-12-15 15:32:39 请求时的入参: /pay/createOrder?amount=10000&currency=IDR&expectPayCodeType=0&merchantId=100119&orderNo=TestOrderNo_1671089559230&payChannel=17&payerName=test&payerPhone=081382826301&productId=2023&subject=TestSubject&version=1.0&sign=6ffb47317ce94e00cad926ac89fb4054
2022-12-15 15:33:02.320 | DEBUG    | lib.create_order1:post:118 - 2022-12-15 15:33:02 发起post请求:下单
2022-12-15 15:33:02.321 | DEBUG    | lib.create_order1:post:119 - 2022-12-15 15:33:02 请求时的入参: /pay/createOrder?amount=10000&currency=IDR&expectPayCodeType=0&merchantId=100119&orderNo=TestOrderNo_1671089582320&payChannel=17&payerName=test&payerPhone=081382826301&productId=2023&subject=TestSubject&version=1.0&sign=cffeb7fa4e77582d7fc27224738b8fe8
2022-12-15 15:33:48.216 | DEBUG    | lib.create_order1:post:118 - 2022-12-15 15:33:48 发起post请求:下单
2022-12-15 15:33:48.216 | DEBUG    | lib.create_order1:post:119 - 2022-12-15 15:33:48 请求时的入参: /pay/createOrder?amount=10000&currency=IDR&expectPayCodeType=0&merchantId=100119&orderNo=TestOrderNo_1671089628216&payChannel=17&payerName=test&payerPhone=081382826301&productId=2023&subject=TestSubject&version=1.0&sign=13cd5e6b3e3b150b295edee3098092c4
2022-12-15 15:34:21.615 | DEBUG    | lib.create_order1:post:118 - 2022-12-15 15:34:21 发起post请求:下单
2022-12-15 15:34:21.616 | DEBUG    | lib.create_order1:post:119 - 2022-12-15 15:34:21 请求时的入参: /pay/createOrder?amount=10000&currency=IDR&expectPayCodeType=0&merchantId=100119&orderNo=TestOrderNo_1671089661615&payChannel=17&payerName=test&payerPhone=081382826301&productId=2023&subject=TestSubject&version=1.0&sign=ce84b9b65072c397d44fd8c797869f8a
2022-12-15 15:38:14.404 | DEBUG    | __main__:post:118 - 2022-12-15 15:38:14 发起post请求:模拟xendit dana下单回调成功
2022-12-15 15:38:14.404 | DEBUG    | __main__:post:119 - 2022-12-15 15:38:14 请求时的入参: /pay/createOrder?amount=10000&currency=IDR&expectPayCodeType=0&merchantId=100119&orderNo=TestOrderNo_1671089894404&payChannel=17&payerName=test&payerPhone=081382826301&productId=2023&subject=TestSubject&version=1.0&sign=956e4efc18439b9c81a57c84c5de8fc5
2022-12-15 15:39:34.798 | DEBUG    | __main__:post:118 - 2022-12-15 15:39:34 发起post请求:模拟xendit dana下单回调成功
2022-12-15 15:39:34.798 | DEBUG    | __main__:post:119 - 2022-12-15 15:39:34 请求时的入参: /pay/createOrder?amount=10000&currency=IDR&expectPayCodeType=0&merchantId=100119&orderNo=TestOrderNo_1671089974799&payChannel=17&payerName=test&payerPhone=081382826301&productId=2023&subject=TestSubject&version=1.0&sign=ffe647ebd480e6879073ec75fe071704
2022-12-15 15:39:39.047 | DEBUG    | __main__:post:118 - 2022-12-15 15:39:39 发起post请求:模拟xendit dana下单回调成功
2022-12-15 15:39:39.047 | DEBUG    | __main__:post:119 - 2022-12-15 15:39:39 请求时的入参: /pay/createOrder?amount=10000&currency=IDR&expectPayCodeType=0&merchantId=100119&orderNo=TestOrderNo_1671089979047&payChannel=17&payerName=test&payerPhone=081382826301&productId=2023&subject=TestSubject&version=1.0&sign=9de06d83f79dd1c38dc43c2dea531f96
2022-12-15 15:40:06.243 | DEBUG    | __main__:post:118 - 2022-12-15 15:40:06 发起post请求:模拟xendit dana下单回调成功
2022-12-15 15:40:09.588 | DEBUG    | __main__:post:119 - 2022-12-15 15:40:09 请求时的入参: /pay/createOrder?amount=10000&currency=IDR&expectPayCodeType=0&merchantId=100119&orderNo=TestOrderNo_1671090003076&payChannel=17&payerName=test&payerPhone=081382826301&productId=2023&subject=TestSubject&version=1.0&sign=93a0c61d5b4f831e91161773e62563fb
2022-12-15 15:40:27.029 | DEBUG    | __main__:post:118 - 2022-12-15 15:40:27 发起post请求:模拟xendit dana下单回调成功
2022-12-15 15:40:27.791 | DEBUG    | __main__:post:119 - 2022-12-15 15:40:27 请求时的入参: /pay/createOrder?amount=10000&currency=IDR&expectPayCodeType=0&merchantId=100119&orderNo=TestOrderNo_1671090024592&payChannel=17&payerName=test&payerPhone=081382826301&productId=2023&subject=TestSubject&version=1.0&sign=29662e8abd4ab20dbbef081b0803bcf6
2022-12-15 15:40:47.867 | DEBUG    | __main__:post:118 - 2022-12-15 15:40:47 发起post请求:模拟xendit dana下单回调成功
2022-12-15 15:40:47.868 | DEBUG    | __main__:post:119 - 2022-12-15 15:40:47 请求时的入参: /pay/createOrder?amount=10000&currency=IDR&expectPayCodeType=0&merchantId=100119&orderNo=TestOrderNo_1671090047867&payChannel=17&payerName=test&payerPhone=081382826301&productId=2023&subject=TestSubject&version=1.0&sign=2b69e1779c5af40c7883c6f8c1824a84
2022-12-15 15:41:31.435 | DEBUG    | __main__:post:118 - 2022-12-15 15:41:31 发起post请求:模拟xendit dana下单回调成功
2022-12-15 15:41:31.435 | DEBUG    | __main__:post:119 - 2022-12-15 15:41:31 请求时的入参: /pay/createOrder?amount=10000&currency=IDR&expectPayCodeType=0&merchantId=100119&orderNo=TestOrderNo_1671090091435&payChannel=17&payerName=test&payerPhone=081382826301&productId=2023&subject=TestSubject&version=1.0&sign=e4ea8969c2b8b9b6391c9e7d3d28f456
2022-12-15 15:41:39.912 | DEBUG    | __main__:post:118 - 2022-12-15 15:41:39 发起post请求:模拟xendit dana下单回调成功
2022-12-15 15:41:39.912 | DEBUG    | __main__:post:119 - 2022-12-15 15:41:39 请求时的入参: /pay/createOrder?amount=10000&currency=IDR&expectPayCodeType=0&merchantId=100119&orderNo=TestOrderNo_1671090099913&payChannel=17&payerName=test&payerPhone=081382826301&productId=2023&subject=TestSubject&version=1.0&sign=2e1b30fc2fd77faadb72beca344b18ff
2022-12-15 15:44:00.033 | DEBUG    | __main__:post:118 - 2022-12-15 15:44:00 发起post请求:模拟xendit dana下单回调成功
2022-12-15 15:44:00.033 | DEBUG    | __main__:post:119 - 2022-12-15 15:44:00 请求时的入参: /pay/createOrder?amount=10000&currency=IDR&expectPayCodeType=0&merchantId=100119&orderNo=TestOrderNo_1671090240033&payChannel=17&payerName=test&payerPhone=081382826301&productId=2023&subject=TestSubject&version=1.0&sign=1941fd69b868a19fa1fb1b035b902090
2022-12-15 15:44:42.006 | DEBUG    | __main__:post:118 - 2022-12-15 15:44:42 发起post请求:模拟xendit dana下单回调成功
2022-12-15 15:44:42.007 | DEBUG    | __main__:post:119 - 2022-12-15 15:44:42 请求时的入参: /pay/createOrder?amount=10000&currency=IDR&expectPayCodeType=0&merchantId=100119&orderNo=TestOrderNo_1671090282007&payChannel=17&payerName=test&payerPhone=081382826301&productId=2023&subject=TestSubject&version=1.0&sign=37c48aec30a4b63e10d4c333a192d5b1
2022-12-15 15:46:32.068 | DEBUG    | __main__:post:118 - 2022-12-15 15:46:32 发起post请求:模拟xendit dana下单回调成功
2022-12-15 15:46:32.068 | DEBUG    | __main__:post:119 - 2022-12-15 15:46:32 请求时的入参: /pay/createOrder?amount=10000&currency=IDR&expectPayCodeType=0&merchantId=100119&orderNo=TestOrderNo_1671090392069&payChannel=17&payerName=test&payerPhone=081382826301&productId=2023&subject=TestSubject&version=1.0&sign=84677ad4c08d8d62996b2a411977462a
2022-12-15 15:47:26.230 | DEBUG    | __main__:post:118 - 2022-12-15 15:47:26 发起post请求:模拟xendit dana下单回调成功
2022-12-15 15:47:26.230 | DEBUG    | __main__:post:119 - 2022-12-15 15:47:26 请求时的入参: /pay/createOrder?amount=10000&currency=IDR&expectPayCodeType=0&merchantId=100119&orderNo=TestOrderNo_1671090446230&payChannel=17&payerName=test&payerPhone=081382826301&productId=2023&subject=TestSubject&version=1.0&sign=d61985a321510ab0bc3c05984b0078dd
2022-12-15 15:49:19.402 | DEBUG    | __main__:post:83 - 2022-12-15 15:49:19 发起post请求:模拟xendit dana下单回调成功
2022-12-15 15:49:19.402 | DEBUG    | __main__:post:84 - 2022-12-15 15:49:19 请求时的入参: /pay/createOrder?amount=10000&currency=IDR&expectPayCodeType=0&merchantId=100119&orderNo=TestOrderNo_1671090559402&payChannel=17&payerName=test&payerPhone=081382826301&productId=2023&subject=TestSubject&version=1.0&sign=1278d450b023e100fa4c44ded18b66f0
2022-12-15 15:49:45.538 | DEBUG    | __main__:post:83 - 2022-12-15 15:49:45 发起post请求:模拟xendit dana下单回调成功
2022-12-15 15:49:45.538 | DEBUG    | __main__:post:84 - 2022-12-15 15:49:45 请求时的入参: /pay/createOrder?amount=10000&currency=IDR&expectPayCodeType=0&merchantId=100119&orderNo=TestOrderNo_1671090585538&payChannel=17&payerName=test&payerPhone=081382826301&productId=2023&subject=TestSubject&version=1.0&sign=dbd8c248b33c2cb382ad6214982dc42c
2022-12-15 15:51:13.938 | INFO     | __main__:<module>:24 - asd
2022-12-15 15:51:28.937 | DEBUG    | __main__:post:83 - 2022-12-15 15:51:28 发起post请求:模拟xendit dana下单回调成功
2022-12-15 15:51:28.937 | DEBUG    | __main__:post:84 - 2022-12-15 15:51:28 请求时的入参: /pay/createOrder?amount=10000&currency=IDR&expectPayCodeType=0&merchantId=100119&orderNo=TestOrderNo_1671090688937&payChannel=17&payerName=test&payerPhone=081382826301&productId=2023&subject=TestSubject&version=1.0&sign=0330909551405b6a0770aa66e8c4c2cf
2022-12-15 15:52:53.113 | DEBUG    | __main__:post:83 - 2022-12-15 15:52:53 发起post请求:模拟xendit dana下单回调成功
2022-12-15 15:52:53.114 | DEBUG    | __main__:post:84 - 2022-12-15 15:52:53 请求时的入参: /pay/createOrder?amount=10000&currency=IDR&expectPayCodeType=0&merchantId=100119&orderNo=TestOrderNo_1671090773113&payChannel=17&payerName=test&payerPhone=081382826301&productId=2023&subject=TestSubject&version=1.0&sign=68da3ea01c90557ebf3d222c929b7ba5
2022-12-15 15:53:01.436 | DEBUG    | __main__:post:83 - 2022-12-15 15:53:01 发起post请求:模拟xendit dana下单回调成功
2022-12-15 15:53:01.436 | DEBUG    | __main__:post:84 - 2022-12-15 15:53:01 请求时的入参: /pay/createOrder?amount=10000&currency=IDR&expectPayCodeType=0&merchantId=100119&orderNo=TestOrderNo_1671090781437&payChannel=17&payerName=test&payerPhone=081382826301&productId=2023&subject=TestSubject&version=1.0&sign=ce56c2320d39309b4fea95de749f9aed
2022-12-15 15:54:05.187 | DEBUG    | lib.create_order1:post:83 - 2022-12-15 15:54:05 发起post请求:下单
2022-12-15 15:54:05.187 | DEBUG    | lib.create_order1:post:84 - 2022-12-15 15:54:05 请求时的入参: /pay/createOrder?amount=10000&currency=IDR&expectPayCodeType=0&merchantId=100119&orderNo=TestOrderNo_1671090845188&payChannel=17&payerName=test&payerPhone=081382826301&productId=2023&subject=TestSubject&version=1.0&sign=20d39c8901458b0a94d62099236fdd2d
2022-12-15 15:56:16.144 | DEBUG    | lib.create_order1:post:83 - 2022-12-15 15:56:16 发起post请求:下单
2022-12-15 15:56:16.145 | DEBUG    | lib.create_order1:post:84 - 2022-12-15 15:56:16 请求时的入参: /pay/createOrder?amount=10000&currency=IDR&expectPayCodeType=0&merchantId=100119&orderNo=TestOrderNo_1671090976145&payChannel=17&payerName=test&payerPhone=081382826301&productId=2023&subject=TestSubject&version=1.0&sign=04095d7561081b5e1e0d3232a7d53f5f
2022-12-15 15:56:17.444 | DEBUG    | lib.create_order1:post:83 - 2022-12-15 15:56:17 发起post请求:下单
2022-12-15 15:56:17.445 | DEBUG    | lib.create_order1:post:84 - 2022-12-15 15:56:17 请求时的入参: /pay/createOrder?amount=10000&currency=IDR&expectPayCodeType=0&merchantId=100119&orderNo=TestOrderNo_1671090977444&payChannel=17&payerName=test&payerPhone=081382826301&productId=2023&subject=TestSubject&version=1.0&sign=b182492163d96deac4de283e175ca675
2022-12-15 15:57:33.908 | DEBUG    | __main__:post:83 - 2022-12-15 15:57:33 发起post请求:模拟xendit dana下单回调成功
2022-12-15 15:57:33.908 | DEBUG    | __main__:post:84 - 2022-12-15 15:57:33 请求时的入参: /pay/createOrder?amount=10000&currency=IDR&expectPayCodeType=0&merchantId=100119&orderNo=TestOrderNo_1671091053909&payChannel=17&payerName=test&payerPhone=081382826301&productId=2023&subject=TestSubject&version=1.0&sign=8a48a4810df40914550e03597341a0ca
2022-12-15 15:57:45.760 | DEBUG    | __main__:post:83 - 2022-12-15 15:57:45 发起post请求:模拟xendit dana下单回调成功
2022-12-15 15:57:45.761 | DEBUG    | __main__:post:84 - 2022-12-15 15:57:45 请求时的入参: /pay/createOrder?amount=10000&currency=IDR&expectPayCodeType=0&merchantId=100119&orderNo=TestOrderNo_1671091065761&payChannel=17&payerName=test&payerPhone=081382826301&productId=2023&subject=TestSubject&version=1.0&sign=012e97e5abae7762d6f5e2b07236f0d4
2022-12-15 15:59:18.788 | DEBUG    | __main__:post:83 - 2022-12-15 15:59:11 发起post请求:模拟xendit dana下单回调成功
2022-12-15 15:59:26.540 | DEBUG    | __main__:post:84 - 2022-12-15 15:59:26 请求时的入参: /pay/createOrder?amount=10000&currency=IDR&expectPayCodeType=0&merchantId=100119&orderNo=TestOrderNo_1671091141315&payChannel=17&payerName=test&payerPhone=081382826301&productId=2023&subject=TestSubject&version=1.0&sign=1f7d81458bf2f21316a3dbd77cd3e5ac
2022-12-15 15:59:52.039 | DEBUG    | __main__:post:83 - 2022-12-15 15:59:52 发起post请求:模拟xendit dana下单回调成功
2022-12-15 15:59:53.114 | DEBUG    | __main__:post:84 - 2022-12-15 15:59:53 请求时的入参: /pay/createOrder?amount=10000&currency=IDR&expectPayCodeType=0&merchantId=100119&orderNo=TestOrderNo_1671091187943&payChannel=17&payerName=test&payerPhone=081382826301&productId=2023&subject=TestSubject&version=1.0&sign=bcd1d13c9af3f9a6cb77cb1e97081ff4
2022-12-15 16:00:38.776 | DEBUG    | __main__:post:83 - 2022-12-15 16:00:38 发起post请求:模拟xendit dana下单回调成功
2022-12-15 16:00:39.570 | DEBUG    | __main__:post:84 - 2022-12-15 16:00:39 请求时的入参: /pay/createOrder?amount=10000&currency=IDR&expectPayCodeType=0&merchantId=100119&orderNo=TestOrderNo_1671091237312&payChannel=17&payerName=test&payerPhone=081382826301&productId=2023&subject=TestSubject&version=1.0&sign=1c07d38eebecb3cfa81854ae01f3474b
2022-12-15 16:00:58.110 | DEBUG    | __main__:post:83 - 2022-12-15 16:00:58 发起post请求:模拟xendit dana下单回调成功
2022-12-15 16:00:58.110 | DEBUG    | __main__:post:84 - 2022-12-15 16:00:58 请求时的入参: /pay/createOrder?amount=10000&currency=IDR&expectPayCodeType=0&merchantId=100119&orderNo=TestOrderNo_1671091258111&payChannel=17&payerName=test&payerPhone=081382826301&productId=2023&subject=TestSubject&version=1.0&sign=12d89f6c0c3e7eec2259e3d09d3657c3
2022-12-15 16:01:29.113 | DEBUG    | __main__:post:83 - 2022-12-15 16:01:29 发起post请求:模拟xendit dana下单回调成功
2022-12-15 16:01:34.331 | DEBUG    | __main__:post:84 - 2022-12-15 16:01:34 请求时的入参: /pay/createOrder?amount=10000&currency=IDR&expectPayCodeType=0&merchantId=100119&orderNo=TestOrderNo_1671091262917&payChannel=17&payerName=test&payerPhone=081382826301&productId=2023&subject=TestSubject&version=1.0&sign=f69c622f349b354ea774d203f51d5d3b
2022-12-15 16:01:46.637 | DEBUG    | __main__:post:83 - 2022-12-15 16:01:46 发起post请求:模拟xendit dana下单回调成功
2022-12-15 16:01:46.637 | DEBUG    | __main__:post:84 - 2022-12-15 16:01:46 请求时的入参: /pay/createOrder?amount=10000&currency=IDR&expectPayCodeType=0&merchantId=100119&orderNo=TestOrderNo_1671091306637&payChannel=17&payerName=test&payerPhone=081382826301&productId=2023&subject=TestSubject&version=1.0&sign=40c92d4db56caeeb3a3f9f21e2fde61d
2022-12-15 16:03:28.262 | DEBUG    | __main__:post:83 - 2022-12-15 16:03:28 发起post请求:模拟xendit dana下单回调成功
2022-12-15 16:03:28.262 | DEBUG    | __main__:post:84 - 2022-12-15 16:03:28 请求时的入参: /pay/createOrder?amount=10000&currency=IDR&expectPayCodeType=0&merchantId=100119&orderNo=TestOrderNo_1671091408263&payChannel=17&payerName=test&payerPhone=081382826301&productId=2023&subject=TestSubject&version=1.0&sign=0e441e0a11a41dc57d70ace7c8253508
2022-12-15 16:03:31.348 | DEBUG    | __main__:post:83 - 2022-12-15 16:03:31 发起post请求:模拟xendit dana下单回调成功
2022-12-15 16:03:31.348 | DEBUG    | __main__:post:84 - 2022-12-15 16:03:31 请求时的入参: /pay/createOrder?amount=10000&currency=IDR&expectPayCodeType=0&merchantId=100119&orderNo=TestOrderNo_1671091411349&payChannel=17&payerName=test&payerPhone=081382826301&productId=2023&subject=TestSubject&version=1.0&sign=d3c31abee5d4280ec9a9028ab727d0bd
2022-12-15 16:04:16.811 | DEBUG    | __main__:post:83 - 2022-12-15 16:04:16 发起post请求:模拟xendit dana下单回调成功
2022-12-15 16:04:16.811 | DEBUG    | __main__:post:84 - 2022-12-15 16:04:16 请求时的入参: /pay/createOrder?amount=10000&currency=IDR&expectPayCodeType=0&merchantId=100119&orderNo=TestOrderNo_1671091456811&payChannel=17&payerName=test&payerPhone=081382826301&productId=2023&subject=TestSubject&version=1.0&sign=7a2940d58b5453e79e1a1c9883ca7fe0
2022-12-15 16:04:59.380 | DEBUG    | __main__:post:83 - 2022-12-15 16:04:59 发起post请求:模拟xendit dana下单回调成功
2022-12-15 16:04:59.380 | DEBUG    | __main__:post:84 - 2022-12-15 16:04:59 请求时的入参: /pay/createOrder?amount=10000&currency=IDR&expectPayCodeType=0&merchantId=100119&orderNo=TestOrderNo_1671091499381&payChannel=17&payerName=test&payerPhone=081382826301&productId=2023&subject=TestSubject&version=1.0&sign=29cb33cb34b0b5f32a892971d11f3e2a
2022-12-15 16:05:59.758 | DEBUG    | __main__:post:83 - 2022-12-15 16:05:59 发起post请求:模拟xendit dana下单回调成功
2022-12-15 16:05:59.758 | DEBUG    | __main__:post:84 - 2022-12-15 16:05:59 请求时的入参: /pay/createOrder?amount=10000&currency=IDR&expectPayCodeType=0&merchantId=100119&orderNo=TestOrderNo_1671091559759&payChannel=17&payerName=test&payerPhone=081382826301&productId=2023&subject=TestSubject&version=1.0&sign=9351d07dce7fa2420650fc77418f1a40
2022-12-15 16:06:49.390 | DEBUG    | __main__:post:83 - 2022-12-15 16:06:49 发起post请求:模拟xendit dana下单回调成功
2022-12-15 16:08:08.664 | DEBUG    | __main__:post:83 - 2022-12-15 16:08:08 发起post请求:模拟xendit dana下单回调成功
2022-12-15 16:08:08.664 | DEBUG    | __main__:post:84 - 2022-12-15 16:08:08 请求时的入参: /pay/createOrder?amount=10000&currency=IDR&expectPayCodeType=0&merchantId=100119&orderNo=TestOrderNo_1671091688664&payChannel=17&payerName=test&payerPhone=081382826301&productId=2023&subject=TestSubject&version=1.0&sign=1b1e39a10f875903bbcd24a5a64611b1
2022-12-15 16:10:48.673 | DEBUG    | __main__:post:83 - 2022-12-15 16:10:48 发起post请求:模拟xendit dana下单回调成功
2022-12-15 16:10:48.673 | DEBUG    | __main__:post:84 - 2022-12-15 16:10:48 请求时的入参: /pay/createOrder?amount=10000&currency=IDR&expectPayCodeType=0&merchantId=100119&orderNo=TestOrderNo_1671091848673&payChannel=17&payerName=test&payerPhone=081382826301&productId=2023&subject=TestSubject&version=1.0&sign=01b3a32de39127ed982d92a9cc9a4d4f
2022-12-15 16:10:52.693 | DEBUG    | __main__:post:83 - 2022-12-15 16:10:52 发起post请求:模拟xendit dana下单回调成功
2022-12-15 16:10:52.693 | DEBUG    | __main__:post:84 - 2022-12-15 16:10:52 请求时的入参: /pay/createOrder?amount=10000&currency=IDR&expectPayCodeType=0&merchantId=100119&orderNo=TestOrderNo_1671091852693&payChannel=17&payerName=test&payerPhone=081382826301&productId=2023&subject=TestSubject&version=1.0&sign=0fa7d400bb55ef25bc59e06a64d52352
2022-12-15 16:12:02.764 | DEBUG    | __main__:post:83 - 2022-12-15 16:12:02 发起post请求:模拟xendit dana下单回调成功
2022-12-15 16:12:02.764 | DEBUG    | __main__:post:84 - 2022-12-15 16:12:02 请求时的入参: /pay/createOrder?amount=10000&currency=IDR&expectPayCodeType=0&merchantId=100119&orderNo=TestOrderNo_1671091922765&payChannel=17&payerName=test&payerPhone=081382826301&productId=2023&subject=TestSubject&version=1.0&sign=399ed1fa096717426e30070331ebc2c5
2022-12-15 16:30:50.386 | DEBUG    | lib.create_order1:post:83 - 2022-12-15 16:30:50 发起post请求:下单
2022-12-15 16:30:50.386 | DEBUG    | lib.create_order1:post:84 - 2022-12-15 16:30:50 请求时的入参: https://sit.tikipay.co/pay/createOrder?amount=10000&currency=IDR&expectPayCodeType=0&merchantId=100119&orderNo=TestOrderNo_1671093050386&payChannel=17&payerName=test&payerPhone=081382826301&productId=2023&subject=TestSubject&version=1.0&sign=e1cd8f914545c1862cb304bb493a46e2
2022-12-15 16:31:48.340 | DEBUG    | lib.create_order1:post:83 - 2022-12-15 16:31:48 发起post请求:下单
2022-12-15 16:31:48.340 | DEBUG    | lib.create_order1:post:84 - 2022-12-15 16:31:48 请求时的入参: https://sit.tikipay.co/pay/createOrder?amount=10000&currency=IDR&expectPayCodeType=0&merchantId=100119&orderNo=TestOrderNo_1671093108340&payChannel=17&payerName=test&payerPhone=081382826301&productId=2023&subject=TestSubject&version=1.0&sign=7dd5f78f13f0f9490545b553e468f663
2022-12-15 16:32:25.217 | DEBUG    | __main__:post:83 - 2022-12-15 16:32:25 发起post请求:模拟xendit dana下单回调成功
2022-12-15 16:32:25.217 | DEBUG    | __main__:post:84 - 2022-12-15 16:32:25 请求时的入参: https://sit.tikiapy.co/pay/createOrder?amount=10000&currency=IDR&expectPayCodeType=0&merchantId=100119&orderNo=TestOrderNo_1671093145217&payChannel=17&payerName=test&payerPhone=081382826301&productId=2023&subject=TestSubject&version=1.0&sign=a54239a51ae388dea0439e658fa5ad33
2022-12-15 16:40:08.034 | DEBUG    | __main__:post:83 - 2022-12-15 16:40:08 发起post请求:模拟xendit dana下单回调成功
2022-12-15 16:40:08.034 | DEBUG    | __main__:post:84 - 2022-12-15 16:40:08 请求时的入参: https://sit.tikipay.co/pay/createOrder?amount=10000&currency=IDR&expectPayCodeType=0&merchantId=100119&orderNo=TestOrderNo_1671093608034&payChannel=17&payerName=test&payerPhone=081382826301&productId=2023&subject=TestSubject&version=1.0&sign=55c5ff1c06b3a23d6988de69fcc3b6a6
2022-12-15 16:56:13.389 | DEBUG    | __main__:post:83 - 2022-12-15 16:56:13 发起post请求:模拟xendit dana下单回调成功
2022-12-15 16:56:13.389 | DEBUG    | __main__:post:84 - 2022-12-15 16:56:13 请求时的入参: http://sit.tikipay.co/pay/createOrder?amount=10000&currency=IDR&expectPayCodeType=0&merchantId=100119&orderNo=TestOrderNo_1671094573390&payChannel=17&payerName=test&payerPhone=081382826301&productId=2023&subject=TestSubject&version=1.0&sign=1e60311cc576f51ec39de569526ce145
2022-12-15 16:56:15.993 | DEBUG    | __main__:post:88 - 2022-12-15 16:56:15 接口返回值: {'code': '200', 'msg': 'SUCCESS', 'sign': 'c152cf827ab7e844475d2bda54bf5725', 'orderNo': 'TestOrderNo_1671094573390', 'tradeNo': '10012022121515561460000003', 'payCode': 'https://checkouttest.tenapay.com/mock?orderInfo=PkKE5VRzA2NqiSDiRdeoWT0cd6WZDk8R7Y7DdXagycvIrlEYFV6q60X%2BGpj1imNS53REbrRfIjPu2FcD7k4PPw%3D%3D', 'payCodeType': '1', 'expireTime': '2022-12-15 16:56:14'}
2022-12-15 16:56:36.285 | DEBUG    | __main__:post:83 - 2022-12-15 16:56:36 发起post请求:模拟xendit dana下单回调成功
2022-12-15 16:56:36.285 | DEBUG    | __main__:post:84 - 2022-12-15 16:56:36 请求时的入参: http://sit.tikipay.co/pay/createOrder?amount=10000&currency=IDR&expectPayCodeType=0&merchantId=100119&orderNo=TestOrderNo_1671094596284&payChannel=17&payerName=test&payerPhone=081382826301&productId=2023&subject=TestSubject&version=1.0&sign=4fc44e6cdafb4866fddc7dc82c1b8769
2022-12-15 16:56:38.503 | DEBUG    | __main__:post:88 - 2022-12-15 16:56:38 接口返回值: {'code': '200', 'msg': 'SUCCESS', 'sign': '34f98ea4caccb11b5f02fd2284522691', 'orderNo': 'TestOrderNo_1671094596284', 'tradeNo': '10012022121515563756300006', 'payCode': 'https://checkouttest.tenapay.com/mock?orderInfo=PkKE5VRzA2NqiSDiRdeoWT0cd6WZDk8R7Y7DdXagycsz29hQW2IrJ22gBRY%2FKVT853REbrRfIjPu2FcD7k4PPw%3D%3D', 'payCodeType': '1', 'expireTime': '2022-12-15 16:56:37'}
2022-12-15 16:56:57.131 | DEBUG    | lib.create_order1:post:83 - 2022-12-15 16:56:57 发起post请求:下单
2022-12-15 16:56:57.131 | DEBUG    | lib.create_order1:post:84 - 2022-12-15 16:56:57 请求时的入参: https://sit.tikipay.co/pay/createOrder?amount=10000&currency=IDR&expectPayCodeType=0&merchantId=100119&orderNo=TestOrderNo_1671094617132&payChannel=17&payerName=test&payerPhone=081382826301&productId=2023&subject=TestSubject&version=1.0&sign=08edd0420ede7eefbd32bdf8a9dc8c09
2022-12-15 16:57:00.059 | DEBUG    | lib.create_order1:post:88 - 2022-12-15 16:57:00 接口返回值: {'code': '200', 'msg': 'SUCCESS', 'sign': '8378c6082ea2d8452d2d26613ef0ff36', 'orderNo': 'TestOrderNo_1671094617132', 'tradeNo': '10012022121515565908600001', 'payCode': 'https://checkouttest.tenapay.com/mock?orderInfo=PkKE5VRzA2NqiSDiRdeoWT0cd6WZDk8R7Y7DdXagycvQ2B%2BudSlCb%2BgsN%2BXdNNSM53REbrRfIjPu2FcD7k4PPw%3D%3D', 'payCodeType': '1', 'expireTime': '2022-12-15 16:56:59'}
2022-12-15 16:57:22.525 | DEBUG    | lib.create_order1:post:83 - 2022-12-15 16:57:22 发起post请求:下单
2022-12-15 16:57:22.526 | DEBUG    | lib.create_order1:post:84 - 2022-12-15 16:57:22 请求时的入参: https://sit.tikipay.co/pay/createOrder?amount=10000&currency=IDR&expectPayCodeType=0&merchantId=100119&orderNo=TestOrderNo_1671094642526&payChannel=17&payerName=test&payerPhone=081382826301&productId=2023&subject=TestSubject&version=1.0&sign=28240b62295f5f1db6ed5ad68a11549c
2022-12-15 16:57:25.437 | DEBUG    | lib.create_order1:post:88 - 2022-12-15 16:57:25 接口返回值: {'code': '200', 'msg': 'SUCCESS', 'sign': '9482d5b1216ddf8d4e6b0793a02a4b10', 'orderNo': 'TestOrderNo_1671094642526', 'tradeNo': '10012022121515572445500009', 'payCode': 'https://checkouttest.tenapay.com/mock?orderInfo=PkKE5VRzA2NqiSDiRdeoWT0cd6WZDk8R7Y7DdXagycs1%2FU%2B8zFrIodid75cOGA9753REbrRfIjPu2FcD7k4PPw%3D%3D', 'payCodeType': '1', 'expireTime': '2022-12-15 16:57:24'}
2022-12-15 17:01:00.155 | DEBUG    | __main__:post:83 - 2022-12-15 17:01:00 发起post请求:模拟xendit dana下单回调成功
2022-12-15 17:01:00.155 | DEBUG    | __main__:post:84 - 2022-12-15 17:01:00 请求时的入参: /pay/createOrder?amount=10000&currency=IDR&expectPayCodeType=0&merchantId=100119&orderNo=TestOrderNo_1671094860155&payChannel=17&payerName=test&payerPhone=081382826301&productId=2023&subject=TestSubject&version=1.0&sign=7c27edfbbbbdfcb0f3ed86794f0dcf52
2022-12-15 17:01:03.198 | DEBUG    | __main__:post:88 - 2022-12-15 17:01:03 接口返回值: {'code': '200', 'msg': 'SUCCESS', 'sign': 'af7d349b3431a2af1a2ba298a0ee3503', 'orderNo': 'TestOrderNo_1671094860155', 'tradeNo': '10012022121516010218000005', 'payCode': 'https://checkouttest.tenapay.com/mock?orderInfo=PkKE5VRzA2NqiSDiRdeoWT0cd6WZDk8R7Y7DdXagyctva89rxythr%2FhUWAjg8RLT53REbrRfIjPu2FcD7k4PPw%3D%3D', 'payCodeType': '1', 'expireTime': '2022-12-15 17:01:02'}
2022-12-15 17:02:48.044 | DEBUG    | lib.create_order1:post:83 - 2022-12-15 17:02:48 发起post请求:下单
2022-12-15 17:02:48.045 | DEBUG    | lib.create_order1:post:84 - 2022-12-15 17:02:48 请求时的入参: pay/createOrder?amount=10000&currency=IDR&expectPayCodeType=0&merchantId=100119&orderNo=TestOrderNo_1671094968044&payChannel=17&payerName=test&payerPhone=081382826301&productId=2023&subject=TestSubject&version=1.0&sign=bd90ae09f41073921c6cc8a0fb748f7f
2022-12-15 17:02:55.945 | DEBUG    | lib.create_order1:post:83 - 2022-12-15 17:02:55 发起post请求:下单
2022-12-15 17:02:55.945 | DEBUG    | lib.create_order1:post:84 - 2022-12-15 17:02:55 请求时的入参: /pay/createOrder?amount=10000&currency=IDR&expectPayCodeType=0&merchantId=100119&orderNo=TestOrderNo_1671094975946&payChannel=17&payerName=test&payerPhone=081382826301&productId=2023&subject=TestSubject&version=1.0&sign=3f01f598c2891716d8563e263c74f763
2022-12-15 17:02:59.112 | DEBUG    | lib.create_order1:post:88 - 2022-12-15 17:02:59 接口返回值: {'code': '200', 'msg': 'SUCCESS', 'sign': 'eec9d8edcd59f5ddb6a3034a4c4822cc', 'orderNo': 'TestOrderNo_1671094975946', 'tradeNo': '10012022121516025769700001', 'payCode': 'https://checkouttest.tenapay.com/mock?orderInfo=PkKE5VRzA2NqiSDiRdeoWT0cd6WZDk8R7Y7DdXagyctl0QRNGRv6FUS1MM4EBcFb53REbrRfIjPu2FcD7k4PPw%3D%3D', 'payCodeType': '1', 'expireTime': '2022-12-15 17:02:57'}
2022-12-15 17:27:34.039 | DEBUG    | lib.create_order1:post:83 - 2022-12-15 17:27:34 发起post请求:下单
2022-12-15 17:27:34.040 | DEBUG    | lib.create_order1:post:84 - 2022-12-15 17:27:34 请求时的入参: /pay/createOrder?amount=10000&currency=IDR&expectPayCodeType=0&merchantId=100119&orderNo=TestOrderNo_1671096454039&payChannel=17&payerName=test&payerPhone=081382826301&productId=2023&subject=TestSubject&version=1.0&sign=cb948af5d8174dbff36b84b4c538fd26
2022-12-15 17:27:36.726 | DEBUG    | lib.create_order1:post:88 - 2022-12-15 17:27:36 接口返回值: {'code': '200', 'msg': 'SUCCESS', 'sign': '90186081d6ad22070357b88441e8e318', 'orderNo': 'TestOrderNo_1671096454039', 'tradeNo': '10012022121516273576800008', 'payCode': 'https://checkouttest.tenapay.com/mock?orderInfo=PkKE5VRzA2NqiSDiRdeoWT0cd6WZDk8R7Y7DdXagycvjrG2CeU7kY3x0vq%2FUmRBg53REbrRfIjPu2FcD7k4PPw%3D%3D', 'payCodeType': '1', 'expireTime': '2022-12-15 17:27:35'}
2022-12-15 17:27:54.177 | DEBUG    | lib.create_order1:post:83 - 2022-12-15 17:27:54 发起post请求:下单
2022-12-15 17:27:54.177 | DEBUG    | lib.create_order1:post:84 - 2022-12-15 17:27:54 请求时的入参: /pay/createOrder?amount=10000&currency=IDR&expectPayCodeType=0&merchantId=100119&orderNo=TestOrderNo_1671096474177&payChannel=17&payerName=test&payerPhone=081382826301&productId=2023&subject=TestSubject&version=1.0&sign=a5c2aa9b06c37a7295cf2a477c6d60f6
2022-12-15 17:27:58.678 | DEBUG    | lib.create_order1:post:88 - 2022-12-15 17:27:58 接口返回值: {'code': '200', 'msg': 'SUCCESS', 'sign': '9d235b276b45df16a073960e5c7dc7dc', 'orderNo': 'TestOrderNo_1671096474177', 'tradeNo': '10012022121516275580900005', 'payCode': 'https://checkouttest.tenapay.com/mock?orderInfo=PkKE5VRzA2NqiSDiRdeoWT0cd6WZDk8R7Y7DdXagycs2gW%2FWhJXVs6o5Q5c%2FvHJe53REbrRfIjPu2FcD7k4PPw%3D%3D', 'payCodeType': '1', 'expireTime': '2022-12-15 17:27:55'}
