2023-11-15 14:58:40.761 | DEBUG    | lib.create_order1:post:93 - 2023-11-15 14:58:40 发起post请求:下单
2023-11-15 14:58:40.762 | DEBUG    | lib.create_order1:post:94 - 2023-11-15 14:58:40 请求时的入参: /pay/createOrder?amount=20110&currency=IDR&expectPayCodeType=0&merchantId=100119&orderNo=TestOrderNo_1700031520761&payChannel=3&payerName=test&payerPhone=081197204238&productId=2023&subject=TestSubject&version=1.0&sign=2846462f2a9bfb816f0570d6ed9d4e87
2023-11-15 15:00:14.206 | DEBUG    | lib.create_order1:post:93 - 2023-11-15 15:00:14 发起post请求:下单
2023-11-15 15:00:14.206 | DEBUG    | lib.create_order1:post:94 - 2023-11-15 15:00:14 请求时的入参: /pay/createOrder?amount=20110&currency=IDR&expectPayCodeType=0&merchantId=100119&orderNo=TestOrderNo_1700031614207&payChannel=3&payerName=test&payerPhone=081197204238&productId=2023&subject=TestSubject&version=1.0&sign=46dd885b2f67b6c2637bcb92fe3af447
2023-11-15 15:00:17.524 | DEBUG    | lib.create_order1:post:98 - 2023-11-15 15:00:17 接口返回值: {'code': '88005', 'msg': 'channel process error, please try again', 'sign': 'd17c613f5a0bb3c621c99eba5f182089', 'traceId': '2f4e4b2fa78a4aa89bb62c4f9bffa1b8'}
2023-11-15 15:00:17.527 | DEBUG    | lib.create_order1:post:93 - 2023-11-15 15:00:17 发起post请求:下单
2023-11-15 15:00:17.527 | DEBUG    | lib.create_order1:post:94 - 2023-11-15 15:00:17 请求时的入参: /pay/createOrder?amount=20110&currency=IDR&expectPayCodeType=0&merchantId=100119&orderNo=TestOrderNo_1700031617527&payChannel=3&payerName=test&payerPhone=081197204238&productId=2023&subject=TestSubject&version=1.0&sign=3cbbf2407e082010e055318930d27a2c
2023-11-15 15:00:19.691 | DEBUG    | lib.create_order1:post:98 - 2023-11-15 15:00:19 接口返回值: {'code': '88005', 'msg': 'channel process error, please try again', 'sign': '3b2974a39bf942411f2b346445a6b0f4', 'traceId': '719c1e23bf1d4c8a9a6b565599150b2d'}
2023-11-15 15:00:19.693 | DEBUG    | lib.create_order1:post:93 - 2023-11-15 15:00:19 发起post请求:下单
2023-11-15 15:00:19.693 | DEBUG    | lib.create_order1:post:94 - 2023-11-15 15:00:19 请求时的入参: /pay/createOrder?amount=20110&currency=IDR&expectPayCodeType=0&merchantId=100119&orderNo=TestOrderNo_1700031619692&payChannel=4&payerName=test&payerPhone=081197204238&productId=2023&subject=TestSubject&version=1.0&sign=363378ce03a42c655abd5bc2e207dc06
2023-11-15 15:00:22.474 | DEBUG    | lib.create_order1:post:98 - 2023-11-15 15:00:22 接口返回值: {'code': '200', 'msg': 'SUCCESS', 'sign': '96dffeb8747aa334845e930c42f9aa8c', 'traceId': '69d8c906f34643c1a12f70131caa1ba8', 'orderNo': 'TestOrderNo_1700031619692', 'tradeNo': '10012023111514002000000014360', 'payCode': '8255600004835600', 'payCodeType': '0', 'expireTime': '2023-11-16 06:42:00'}
2023-11-15 15:00:22.475 | DEBUG    | lib.create_order1:post:93 - 2023-11-15 15:00:22 发起post请求:下单
2023-11-15 15:00:22.475 | DEBUG    | lib.create_order1:post:94 - 2023-11-15 15:00:22 请求时的入参: /pay/createOrder?amount=20101&currency=IDR&expectPayCodeType=0&merchantId=100119&orderNo=TestOrderNo_1700031622475&payChannel=4&payerName=test&payerPhone=081197204238&productId=2023&subject=TestSubject&version=1.0&sign=6b375bc6d4dfa1f5d7e1183cbae5ef6f
2023-11-15 15:00:26.602 | DEBUG    | lib.create_order1:post:98 - 2023-11-15 15:00:26 接口返回值: {'code': '200', 'msg': 'SUCCESS', 'sign': '58c1242c6ad7eefe79d154704e69a395', 'traceId': 'dcf73e0b4bf74613ba8bcb8ca98ffde4', 'orderNo': 'TestOrderNo_1700031622475', 'tradeNo': '10012023111514002400000010360', 'payCode': '8255600004835601', 'payCodeType': '0', 'expireTime': '2023-11-16 06:42:04'}
2023-11-15 15:00:26.602 | DEBUG    | lib.create_order1:post:93 - 2023-11-15 15:00:26 发起post请求:下单
2023-11-15 15:00:26.602 | DEBUG    | lib.create_order1:post:94 - 2023-11-15 15:00:26 请求时的入参: /pay/createOrder?amount=20110&currency=IDR&expectPayCodeType=0&merchantId=100119&orderNo=TestOrderNo_1700031626603&payChannel=5&payerName=test&payerPhone=081197204238&productId=2023&subject=TestSubject&version=1.0&sign=1b7b53c770c2933e6fad4617a1e4235c
2023-11-15 15:00:29.661 | DEBUG    | lib.create_order1:post:98 - 2023-11-15 15:00:29 接口返回值: {'code': '88005', 'msg': 'channel process error, please try again', 'sign': 'acee81e5a1337885dc4983c4755dd5ff', 'traceId': 'b76aa55cb50b438fb7a4805d6739d6f6'}
2023-11-15 15:00:29.662 | DEBUG    | lib.create_order1:post:93 - 2023-11-15 15:00:29 发起post请求:下单
2023-11-15 15:00:29.662 | DEBUG    | lib.create_order1:post:94 - 2023-11-15 15:00:29 请求时的入参: /pay/createOrder?amount=20101&currency=IDR&expectPayCodeType=0&merchantId=100119&orderNo=TestOrderNo_1700031629662&payChannel=5&payerName=test&payerPhone=081197204238&productId=2023&subject=TestSubject&version=1.0&sign=2f2c28dfd3e6f29d7ad69e75c98c08a7
2023-11-15 15:00:32.272 | DEBUG    | lib.create_order1:post:98 - 2023-11-15 15:00:32 接口返回值: {'code': '88005', 'msg': 'channel process error, please try again', 'sign': 'ad14d9555dfba2b13a907e53c09236f6', 'traceId': '7ecfc2249a2e43a6aa5512f63d7d5c77'}
2023-11-15 15:00:32.274 | DEBUG    | lib.create_order1:post:93 - 2023-11-15 15:00:32 发起post请求:下单
2023-11-15 15:00:32.274 | DEBUG    | lib.create_order1:post:94 - 2023-11-15 15:00:32 请求时的入参: /pay/createOrder?amount=20110&currency=IDR&expectPayCodeType=0&merchantId=100119&orderNo=TestOrderNo_1700031632274&payChannel=6&payerName=test&payerPhone=081197204238&productId=2023&subject=TestSubject&version=1.0&sign=0be13f02b16a16ad28cf9cc09e017931
2023-11-15 15:00:35.224 | DEBUG    | lib.create_order1:post:98 - 2023-11-15 15:00:35 接口返回值: {'code': '200', 'msg': 'SUCCESS', 'sign': 'b01ad9cb5e76e351460b647dc1d94b19', 'traceId': '88c0985b3b744342867a3d8ea0a0e411', 'orderNo': 'TestOrderNo_1700031632274', 'tradeNo': '10012023111514003300000019360', 'payCode': '23096000003732602', 'payCodeType': '0', 'expireTime': '2023-11-16 06:42:13'}
2023-11-15 15:00:35.225 | DEBUG    | lib.create_order1:post:93 - 2023-11-15 15:00:35 发起post请求:下单
2023-11-15 15:00:35.226 | DEBUG    | lib.create_order1:post:94 - 2023-11-15 15:00:35 请求时的入参: /pay/createOrder?amount=20101&currency=IDR&expectPayCodeType=0&merchantId=100119&orderNo=TestOrderNo_1700031635226&payChannel=6&payerName=test&payerPhone=081197204238&productId=2023&subject=TestSubject&version=1.0&sign=b7a5727427095ffb30dd335d7ee14047
2023-11-15 15:00:37.510 | DEBUG    | lib.create_order1:post:98 - 2023-11-15 15:00:37 接口返回值: {'code': '200', 'msg': 'SUCCESS', 'sign': '38f6f9e49e930417a0616d3d80761e26', 'traceId': 'dcbe2df3f5f34b528c77023fc0d515ac', 'orderNo': 'TestOrderNo_1700031635226', 'tradeNo': '10012023111514003500000017360', 'payCode': '23096000003732603', 'payCodeType': '0', 'expireTime': '2023-11-16 06:42:15'}
2023-11-15 15:00:37.511 | DEBUG    | lib.create_order1:post:93 - 2023-11-15 15:00:37 发起post请求:下单
2023-11-15 15:00:37.512 | DEBUG    | lib.create_order1:post:94 - 2023-11-15 15:00:37 请求时的入参: /pay/createOrder?amount=20110&currency=IDR&expectPayCodeType=0&merchantId=100119&orderNo=TestOrderNo_1700031637512&payChannel=9&payerName=test&payerPhone=081197204238&productId=2023&subject=TestSubject&version=1.0&sign=e5ce4c2302355f08491b35457a05225a
2023-11-15 15:00:40.373 | DEBUG    | lib.create_order1:post:98 - 2023-11-15 15:00:40 接口返回值: {'code': '200', 'msg': 'SUCCESS', 'sign': '0dcffcd719d7031aec9f7d945f719499', 'traceId': 'b4454eadcd9b4134a4d5156786e3b9ba', 'orderNo': 'TestOrderNo_1700031637512', 'tradeNo': '10012023111514003800000014360', 'payCode': '103406000013915750', 'payCodeType': '0', 'expireTime': '2023-11-16 06:42:18'}
2023-11-15 15:00:40.375 | DEBUG    | lib.create_order1:post:93 - 2023-11-15 15:00:40 发起post请求:下单
2023-11-15 15:00:40.375 | DEBUG    | lib.create_order1:post:94 - 2023-11-15 15:00:40 请求时的入参: /pay/createOrder?amount=20101&currency=IDR&expectPayCodeType=0&merchantId=100119&orderNo=TestOrderNo_1700031640376&payChannel=9&payerName=test&payerPhone=081197204238&productId=2023&subject=TestSubject&version=1.0&sign=c4965623a084230de93081cf04c74065
2023-11-15 15:00:42.983 | DEBUG    | lib.create_order1:post:98 - 2023-11-15 15:00:42 接口返回值: {'code': '200', 'msg': 'SUCCESS', 'sign': '3b25763aaba8ca10a10dbcc384222318', 'traceId': 'e46bb99257d04a90bffcc68d946cc82a', 'orderNo': 'TestOrderNo_1700031640376', 'tradeNo': '10012023111514004100000019360', 'payCode': '103406000013915751', 'payCodeType': '0', 'expireTime': '2023-11-16 06:42:21'}
2023-11-15 15:00:42.985 | DEBUG    | lib.create_order1:post:93 - 2023-11-15 15:00:42 发起post请求:下单
2023-11-15 15:00:42.985 | DEBUG    | lib.create_order1:post:94 - 2023-11-15 15:00:42 请求时的入参: /pay/createOrder?amount=20101&currency=IDR&expectPayCodeType=0&merchantId=100119&orderNo=TestOrderNo_1700031642985&payChannel=8&payerName=test&payerPhone=081197204238&productId=2023&subject=TestSubject&version=1.0&sign=9384787d2d37cf432dfde96cc2db58a3
2023-11-15 15:00:45.693 | DEBUG    | lib.create_order1:post:98 - 2023-11-15 15:00:45 接口返回值: {'code': '200', 'msg': 'SUCCESS', 'sign': 'ead43b935210a0e66a1a868694d0a7e9', 'traceId': '4537f3eb1a444802b538a881825b77b3', 'orderNo': 'TestOrderNo_1700031642985', 'tradeNo': '10012023111514004400000016360', 'payCode': '8932560005736284', 'payCodeType': '0', 'expireTime': '2023-11-16 06:42:24'}
2023-11-15 15:00:45.693 | DEBUG    | lib.create_order1:post:93 - 2023-11-15 15:00:45 发起post请求:下单
2023-11-15 15:00:45.693 | DEBUG    | lib.create_order1:post:94 - 2023-11-15 15:00:45 请求时的入参: /pay/createOrder?amount=20110&currency=IDR&expectPayCodeType=0&merchantId=100119&orderNo=TestOrderNo_1700031645694&payChannel=8&payerName=test&payerPhone=081197204238&productId=2023&subject=TestSubject&version=1.0&sign=aca8d38d4649b84ad8f5badd61c62a3d
2023-11-15 15:00:48.765 | DEBUG    | lib.create_order1:post:98 - 2023-11-15 15:00:48 接口返回值: {'code': '200', 'msg': 'SUCCESS', 'sign': '279e77cc9144e49f1f0ba8d215a00822', 'traceId': '6eaedd0660014fbca9309a2b67498961', 'orderNo': 'TestOrderNo_1700031645694', 'tradeNo': '10012023111514004600000014360', 'payCode': '8932560005736285', 'payCodeType': '0', 'expireTime': '2023-11-16 06:42:26'}
2023-11-15 15:00:51.767 | DEBUG    | lib.create_order1:post:93 - 2023-11-15 15:00:51 发起post请求:下单
2023-11-15 15:00:51.768 | DEBUG    | lib.create_order1:post:94 - 2023-11-15 15:00:51 请求时的入参: /pay/createOrder?amount=20110&currency=IDR&expectPayCodeType=0&merchantId=100119&orderNo=TestOrderNo_1700031651767&payChannel=3&payerName=test&payerPhone=081382826302&productId=2023&subject=TestSubject&version=1.0&sign=55852b1123194cc37073e8980c01adfe
2023-11-15 15:00:57.649 | DEBUG    | lib.create_order1:post:98 - 2023-11-15 15:00:57 接口返回值: {'code': '200', 'msg': 'SUCCESS', 'sign': '609e6c8511cfaa1e8fd26a7d025a800e', 'traceId': 'cd63233ac8be497b92d49ecb13c252bb', 'orderNo': 'TestOrderNo_1700031651767', 'tradeNo': '10012023111514005300000014360', 'payCode': '82149999058627', 'payCodeType': '0', 'expireTime': '2023-11-16 06:42:33'}
2023-11-15 15:00:57.649 | DEBUG    | lib.create_order1:post:93 - 2023-11-15 15:00:57 发起post请求:下单
2023-11-15 15:00:57.649 | DEBUG    | lib.create_order1:post:94 - 2023-11-15 15:00:57 请求时的入参: /pay/createOrder?amount=20101&currency=IDR&expectPayCodeType=0&merchantId=100119&orderNo=TestOrderNo_1700031657650&payChannel=3&payerName=test&payerPhone=081382826302&productId=2023&subject=TestSubject&version=1.0&sign=9cf9658bad7c806b8a5847f368be8e10
2023-11-15 15:01:02.546 | DEBUG    | lib.create_order1:post:98 - 2023-11-15 15:01:02 接口返回值: {'code': '200', 'msg': 'SUCCESS', 'sign': '125f0a2aa25e2c70b0cfce0b5687e5ea', 'traceId': '0830a294b3dc48d482c76db6ae681f2e', 'orderNo': 'TestOrderNo_1700031657650', 'tradeNo': '10012023111514005800000019360', 'payCode': '82149999852297', 'payCodeType': '0', 'expireTime': '2023-11-16 06:42:38'}
2023-11-15 15:01:02.547 | DEBUG    | lib.create_order1:post:93 - 2023-11-15 15:01:02 发起post请求:下单
2023-11-15 15:01:02.547 | DEBUG    | lib.create_order1:post:94 - 2023-11-15 15:01:02 请求时的入参: /pay/createOrder?amount=20110&currency=IDR&expectPayCodeType=0&merchantId=100119&orderNo=TestOrderNo_1700031662547&payChannel=4&payerName=test&payerPhone=081382826302&productId=2023&subject=TestSubject&version=1.0&sign=767a93851afe7eec2ba8d69a29b0c8af
2023-11-15 15:01:06.521 | DEBUG    | lib.create_order1:post:98 - 2023-11-15 15:01:06 接口返回值: {'code': '200', 'msg': 'SUCCESS', 'sign': '0385780315546286710f14083e01f192', 'traceId': '1f84ed3c13414123ace4f6e48dbdd9e7', 'orderNo': 'TestOrderNo_1700031662547', 'tradeNo': '10012023111514010300000014360', 'payCode': '8808999999733708', 'payCodeType': '0', 'expireTime': '2023-11-16 06:42:43'}
2023-11-15 15:01:06.522 | DEBUG    | lib.create_order1:post:93 - 2023-11-15 15:01:06 发起post请求:下单
2023-11-15 15:01:06.522 | DEBUG    | lib.create_order1:post:94 - 2023-11-15 15:01:06 请求时的入参: /pay/createOrder?amount=20101&currency=IDR&expectPayCodeType=0&merchantId=100119&orderNo=TestOrderNo_1700031666523&payChannel=4&payerName=test&payerPhone=081382826302&productId=2023&subject=TestSubject&version=1.0&sign=c13367f1dbc7bda46748ef540ea6b8c6
2023-11-15 15:01:09.352 | DEBUG    | lib.create_order1:post:98 - 2023-11-15 15:01:09 接口返回值: {'code': '200', 'msg': 'SUCCESS', 'sign': '9286c613551483a81950e610fcea6f51', 'traceId': 'cabbe4943a0c4f85907c95dbd4c29875', 'orderNo': 'TestOrderNo_1700031666523', 'tradeNo': '10012023111514010700000010360', 'payCode': '8808999920862366', 'payCodeType': '0', 'expireTime': '2023-11-16 06:42:47'}
2023-11-15 15:01:09.353 | DEBUG    | lib.create_order1:post:93 - 2023-11-15 15:01:09 发起post请求:下单
2023-11-15 15:01:09.354 | DEBUG    | lib.create_order1:post:94 - 2023-11-15 15:01:09 请求时的入参: /pay/createOrder?amount=20110&currency=IDR&expectPayCodeType=0&merchantId=100119&orderNo=TestOrderNo_1700031669353&payChannel=15&payerName=test&payerPhone=081382826302&productId=2023&subject=TestSubject&version=1.0&sign=07ac4d8a561e2c82065f926034aa60ce
2023-11-15 15:01:11.301 | DEBUG    | lib.create_order1:post:98 - 2023-11-15 15:01:11 接口返回值: {'code': '88011', 'msg': 'this channel is not supported yet', 'sign': 'badf95da8d05ef56d5dfa2f323171897', 'traceId': 'fb71409e661d4f409ff835e6bbe89bc4'}
2023-11-15 15:01:11.301 | DEBUG    | lib.create_order1:post:93 - 2023-11-15 15:01:11 发起post请求:下单
2023-11-15 15:01:11.302 | DEBUG    | lib.create_order1:post:94 - 2023-11-15 15:01:11 请求时的入参: /pay/createOrder?amount=20101&currency=IDR&expectPayCodeType=0&merchantId=100119&orderNo=TestOrderNo_1700031671302&payChannel=15&payerName=test&payerPhone=081382826302&productId=2023&subject=TestSubject&version=1.0&sign=60bc582471bbbb32206e624518762537
2023-11-15 15:01:13.228 | DEBUG    | lib.create_order1:post:98 - 2023-11-15 15:01:13 接口返回值: {'code': '200', 'msg': 'SUCCESS', 'sign': '986f9e8232a7ef2f20cae52a76c8ced8', 'traceId': '8ca1166c92ba464fb32d0aa7210fd822', 'orderNo': 'TestOrderNo_1700031671302', 'tradeNo': '10012023111514011200000013360', 'payCode': 'http://localhost:8080/walletPay?orderInfo=wU3NFGwK4395KeELxFzSVfIUOLJ8eyjkmh%2BrAesa2ljr3dEkieda6URruvlTnueCxdWC8HAshGCipfRK27EDxePkLC3DTALaDsHpXbY2YhCjD2Vq%2FSBWCEYUDc0keaFn7US0H38cgsYh399phQVJ6vNRhueTkdPDJn7GfDq2VtI%3D', 'payCodeType': '1', 'expireTime': '2023-11-15 15:01:12'}
2023-11-15 15:01:13.228 | DEBUG    | lib.create_order1:post:93 - 2023-11-15 15:01:13 发起post请求:下单
2023-11-15 15:01:13.229 | DEBUG    | lib.create_order1:post:94 - 2023-11-15 15:01:13 请求时的入参: /pay/createOrder?amount=20110&currency=IDR&expectPayCodeType=0&merchantId=100119&orderNo=TestOrderNo_1700031673228&payChannel=6&payerName=test&payerPhone=081382826302&productId=2023&subject=TestSubject&version=1.0&sign=afc9da997c03b9ab363716211b7623f1
2023-11-15 15:01:15.141 | DEBUG    | lib.create_order1:post:98 - 2023-11-15 15:01:15 接口返回值: {'code': '88011', 'msg': 'this channel is not supported yet', 'sign': '4dc9f1a77238e240f5449f386ad6b648', 'traceId': '1a3f953104e341e4a827e8b53ed3a56e'}
2023-11-15 15:01:15.142 | DEBUG    | lib.create_order1:post:93 - 2023-11-15 15:01:15 发起post请求:下单
2023-11-15 15:01:15.142 | DEBUG    | lib.create_order1:post:94 - 2023-11-15 15:01:15 请求时的入参: /pay/createOrder?amount=20101&currency=IDR&expectPayCodeType=0&merchantId=100119&orderNo=TestOrderNo_1700031675143&payChannel=6&payerName=test&payerPhone=081382826302&productId=2023&subject=TestSubject&version=1.0&sign=a7017c5f2840350f16c9f092e8147001
2023-11-15 15:01:17.063 | DEBUG    | lib.create_order1:post:98 - 2023-11-15 15:01:17 接口返回值: {'code': '88011', 'msg': 'this channel is not supported yet', 'sign': '7b5c0fa46ba979027c7fb908c0b341a0', 'traceId': '54c7e55e39ed4936aaccf86d30be0773'}
2023-11-15 15:01:17.064 | DEBUG    | lib.create_order1:post:93 - 2023-11-15 15:01:17 发起post请求:下单
2023-11-15 15:01:17.065 | DEBUG    | lib.create_order1:post:94 - 2023-11-15 15:01:17 请求时的入参: /pay/createOrder?amount=20110&currency=IDR&expectPayCodeType=0&merchantId=100119&orderNo=TestOrderNo_1700031677065&payChannel=9&payerName=test&payerPhone=081382826302&productId=2023&subject=TestSubject&version=1.0&sign=694d61d61ab45b5a110e179ca7aee933
2023-11-15 15:01:20.342 | DEBUG    | lib.create_order1:post:98 - 2023-11-15 15:01:20 接口返回值: {'code': '200', 'msg': 'SUCCESS', 'sign': '90ec7d6f1fa732850d4875b10cada857', 'traceId': 'c1deda51300a4929aa505b100a00ce37', 'orderNo': 'TestOrderNo_1700031677065', 'tradeNo': '10012023111514011800000017360', 'payCode': '103406000000027100', 'payCodeType': '0', 'expireTime': '2023-11-16 06:42:58'}
2023-11-15 15:01:20.344 | DEBUG    | lib.create_order1:post:93 - 2023-11-15 15:01:20 发起post请求:下单
2023-11-15 15:01:20.345 | DEBUG    | lib.create_order1:post:94 - 2023-11-15 15:01:20 请求时的入参: /pay/createOrder?amount=20101&currency=IDR&expectPayCodeType=0&merchantId=100119&orderNo=TestOrderNo_1700031680344&payChannel=9&payerName=test&payerPhone=081382826302&productId=2023&subject=TestSubject&version=1.0&sign=7b8181cab561f4ac2b994521d1356f00
2023-11-15 15:01:25.001 | DEBUG    | lib.create_order1:post:98 - 2023-11-15 15:01:25 接口返回值: {'code': '200', 'msg': 'SUCCESS', 'sign': 'a04dbfd6e5b0200f336929409f636422', 'traceId': 'f7618dd5cb3d4e9abe8e4d107679b8fd', 'orderNo': 'TestOrderNo_1700031680344', 'tradeNo': '10012023111514012300000010360', 'payCode': '103406000000027101', 'payCodeType': '0', 'expireTime': '2023-11-16 06:43:03'}
2023-11-15 15:01:28.005 | DEBUG    | lib.create_order1:post:93 - 2023-11-15 15:01:28 发起post请求:下单
2023-11-15 15:01:28.006 | DEBUG    | lib.create_order1:post:94 - 2023-11-15 15:01:28 请求时的入参: /pay/createOrder?amount=20110&currency=IDR&expectPayCodeType=0&merchantId=100119&orderNo=TestOrderNo_1700031688005&payChannel=15&payerName=test&payerPhone=081382826303&productId=2023&subject=TestSubject&version=1.0&sign=77634b21c6f5e27d84d712013a75f7a0
2023-11-15 15:01:29.982 | DEBUG    | lib.create_order1:post:98 - 2023-11-15 15:01:29 接口返回值: {'code': '200', 'msg': 'SUCCESS', 'sign': '6fad65006672a26c21ff076b4566f658', 'traceId': '004425c39b7842a28109fdef2391c18f', 'orderNo': 'TestOrderNo_1700031688005', 'tradeNo': '10012023111514012900000014360', 'payCode': 'http://localhost:8080/walletPay?orderInfo=wU3NFGwK4395KeELxFzSVfIUOLJ8eyjkmh%2BrAesa2ljr3dEkieda6URruvlTnueCa%2FwQ4SPMGuJ%2BcZA7wbubluPkLC3DTALaDsHpXbY2YhB4NVCXPHUKDNkwSvha%2F8PUdr8ImkpE0ytifZOG9DW2JvNRhueTkdPDJn7GfDq2VtI%3D', 'payCodeType': '1', 'expireTime': '2023-11-15 15:01:29'}
2023-11-15 15:01:29.984 | DEBUG    | lib.create_order1:post:93 - 2023-11-15 15:01:29 发起post请求:下单
2023-11-15 15:01:29.984 | DEBUG    | lib.create_order1:post:94 - 2023-11-15 15:01:29 请求时的入参: /pay/createOrder?amount=20101&currency=IDR&expectPayCodeType=0&merchantId=100119&orderNo=TestOrderNo_1700031689984&payChannel=15&payerName=test&payerPhone=081382826303&productId=2023&subject=TestSubject&version=1.0&sign=ff3713994763293addb3724b6ec6a513
2023-11-15 15:01:31.964 | DEBUG    | lib.create_order1:post:98 - 2023-11-15 15:01:31 接口返回值: {'code': '200', 'msg': 'SUCCESS', 'sign': 'dfc5b68b285fb310ecb7323117a8411d', 'traceId': '71cc8c4f2d6a4217acc242c763a83099', 'orderNo': 'TestOrderNo_1700031689984', 'tradeNo': '10012023111514013100000010360', 'payCode': 'http://localhost:8080/walletPay?orderInfo=wU3NFGwK4395KeELxFzSVfIUOLJ8eyjkmh%2BrAesa2ljr3dEkieda6URruvlTnueCCkhWzjseDlt5QAYVS6Zmp%2BPkLC3DTALaDsHpXbY2YhDnBlQPSz%2BGzH1CaMzU%2FXzw7US0H38cgsYh399phQVJ6vNRhueTkdPDJn7GfDq2VtI%3D', 'payCodeType': '1', 'expireTime': '2023-11-15 15:01:31'}
2023-11-15 15:01:31.965 | DEBUG    | lib.create_order1:post:93 - 2023-11-15 15:01:31 发起post请求:下单
2023-11-15 15:01:31.965 | DEBUG    | lib.create_order1:post:94 - 2023-11-15 15:01:31 请求时的入参: /pay/createOrder?amount=20110&currency=IDR&expectPayCodeType=0&merchantId=100119&orderNo=TestOrderNo_1700031691965&payChannel=16&payerName=test&payerPhone=081382826303&productId=2023&subject=TestSubject&version=1.0&sign=802d2d2e11cff90e0ebbd6ddf2236743
2023-11-15 15:01:34.286 | DEBUG    | lib.create_order1:post:98 - 2023-11-15 15:01:34 接口返回值: {'code': '88005', 'msg': 'channel process error, please try again', 'sign': '8eb30ce7f56993a996e90fb309b7faa3', 'traceId': '6c76d2e8687f4462b96e09cce2a6d6d2'}
2023-11-15 15:01:34.287 | DEBUG    | lib.create_order1:post:93 - 2023-11-15 15:01:34 发起post请求:下单
2023-11-15 15:01:34.288 | DEBUG    | lib.create_order1:post:94 - 2023-11-15 15:01:34 请求时的入参: /pay/createOrder?amount=20101&currency=IDR&expectPayCodeType=0&merchantId=100119&orderNo=TestOrderNo_1700031694288&payChannel=16&payerName=test&payerPhone=081382826303&productId=2023&subject=TestSubject&version=1.0&sign=1686e767b487df5cc9362c4740c87adc
2023-11-15 15:01:36.568 | DEBUG    | lib.create_order1:post:98 - 2023-11-15 15:01:36 接口返回值: {'code': '88005', 'msg': 'channel process error, please try again', 'sign': '6a8fc999dd1cbdfdc0dc3c07b2f504fb', 'traceId': '61eb994e22e84a6dbd43f709bfbad397'}
2023-11-15 15:01:36.569 | DEBUG    | lib.create_order1:post:93 - 2023-11-15 15:01:36 发起post请求:下单
2023-11-15 15:01:36.570 | DEBUG    | lib.create_order1:post:94 - 2023-11-15 15:01:36 请求时的入参: /pay/createOrder?amount=20110&currency=IDR&expectPayCodeType=0&merchantId=100119&orderNo=TestOrderNo_1700031696570&payChannel=17&payerName=test&payerPhone=081382826303&productId=2023&subject=TestSubject&version=1.0&sign=68805084b5ae269fb4adcedc9a9effd9
2023-11-15 15:01:38.911 | DEBUG    | lib.create_order1:post:98 - 2023-11-15 15:01:38 接口返回值: {'code': '200', 'msg': 'SUCCESS', 'sign': 'cd17f2efa986e093efb87b2227ba7a6c', 'traceId': '47756dea8f7945f9b634e1f88e84d04a', 'orderNo': 'TestOrderNo_1700031696570', 'tradeNo': '10012023111514013700000014360', 'payCode': 'http://localhost:8080/payResult?orderInfo=IuJ%2Bn%2BVUAnMPzfG%2BgKVcG3ZPaRH%2BHlKxM5WFjdzysuuG4FkYpd%2BoTJ822Lb1gGJcRtjgO2%2BBhQZGfnyl%2FFkf5RO%2B67ObzlImirlsSZyVaUMRVPc7vCZLAGI93voZEFqRyL%2Fumks1KgQaDroNTrzWFPAY3WpIVVItNxjr6ObISFXaWFHH5WKjOHUDgDOE72aX%2BMBZemua73GYEJOzOC0Lyi7fHp7LtZrQerq9vymSyEQ%3D', 'payCodeType': '1', 'expireTime': '2023-11-15 15:01:37'}
2023-11-15 15:01:38.913 | DEBUG    | lib.create_order1:post:93 - 2023-11-15 15:01:38 发起post请求:下单
2023-11-15 15:01:38.913 | DEBUG    | lib.create_order1:post:94 - 2023-11-15 15:01:38 请求时的入参: /pay/createOrder?amount=20101&currency=IDR&expectPayCodeType=0&merchantId=100119&orderNo=TestOrderNo_1700031698913&payChannel=17&payerName=test&payerPhone=081382826303&productId=2023&subject=TestSubject&version=1.0&sign=9eb17b357604c69def67fd0c1d656fed
2023-11-15 15:01:40.726 | DEBUG    | lib.create_order1:post:98 - 2023-11-15 15:01:40 接口返回值: {'code': '200', 'msg': 'SUCCESS', 'sign': '3757f763d1c26438303f04674eed38b2', 'traceId': 'baee96bf2f62450fad1199d1809baed8', 'orderNo': 'TestOrderNo_1700031698913', 'tradeNo': '10012023111514013900000012360', 'payCode': 'http://localhost:8080/payResult?orderInfo=IuJ%2Bn%2BVUAnMPzfG%2BgKVcG4fFVLgQe7MLgZXVrZEOUIWYNeqrTBDO64cHdbvQSw5NRtjgO2%2BBhQZGfnyl%2FFkf5ZWiQgsfTnXh4FOVix%2BsSeQEhzi2ykNCFhDneB9FDXucsRPOktpIPGryTNl%2FymvyxfAY3WpIVVItNxjr6ObISFUZrP6yqEzegR8uxrEJBCc%2BKypvYoFqt6NXLbAbBuFuor17L0igu29%2BfzUdrhah3Qs%3D', 'payCodeType': '1', 'expireTime': '2023-11-15 15:01:39'}
2023-11-15 15:01:40.726 | DEBUG    | lib.create_order1:post:93 - 2023-11-15 15:01:40 发起post请求:下单
2023-11-15 15:01:40.726 | DEBUG    | lib.create_order1:post:94 - 2023-11-15 15:01:40 请求时的入参: /pay/createOrder?amount=20110&currency=IDR&expectPayCodeType=0&merchantId=100119&orderNo=TestOrderNo_1700031700726&payChannel=18&payerName=test&payerPhone=081382826303&productId=2023&subject=TestSubject&version=1.0&sign=a2a7c6726a987eb5ec48f95159709757
2023-11-15 15:01:42.624 | DEBUG    | lib.create_order1:post:98 - 2023-11-15 15:01:42 接口返回值: {'code': '200', 'msg': 'SUCCESS', 'sign': '92a0f98050be3687f33b2d6f27e3d842', 'traceId': 'aaa47dd1b85f4862aade17421e72adb1', 'orderNo': 'TestOrderNo_1700031700726', 'tradeNo': '10012023111514014100000018360', 'payCode': 'http://localhost:8080/payResult?orderInfo=IuJ%2Bn%2BVUAnMPzfG%2BgKVcG7msjeYCcWeGrgOQXp0FQJL9Zz0o7x2fArdnivHigS0eRtjgO2%2BBhQZGfnyl%2FFkf5fHdbGXlGoWHC9jCeyCKJyQRVPc7vCZLAGI93voZEFqRyL%2Fumks1KgQaDroNTrzWFPAY3WpIVVItNxjr6ObISFU4gbHDh%2B9NOjq0qhdonxIo670Rr8Kal0CaU0%2BrW6vCwTKXIerRcNpQFbLFCSw1E3Q%3D', 'payCodeType': '1', 'expireTime': '2023-11-15 15:01:41'}
2023-11-15 15:01:42.625 | DEBUG    | lib.create_order1:post:93 - 2023-11-15 15:01:42 发起post请求:下单
2023-11-15 15:01:42.626 | DEBUG    | lib.create_order1:post:94 - 2023-11-15 15:01:42 请求时的入参: /pay/createOrder?amount=20101&currency=IDR&expectPayCodeType=0&merchantId=100119&orderNo=TestOrderNo_1700031702625&payChannel=18&payerName=test&payerPhone=081382826303&productId=2023&subject=TestSubject&version=1.0&sign=fd21e8958ac8be1588ac6696efc4b1f8
2023-11-15 15:01:44.873 | DEBUG    | lib.create_order1:post:98 - 2023-11-15 15:01:44 接口返回值: {'code': '200', 'msg': 'SUCCESS', 'sign': 'a0c764b47b92169382a6fa491b706470', 'traceId': '056f0de0e171411fa79febf990898d1f', 'orderNo': 'TestOrderNo_1700031702625', 'tradeNo': '10012023111514014300000016360', 'payCode': 'http://localhost:8080/payResult?orderInfo=IuJ%2Bn%2BVUAnMPzfG%2BgKVcG%2FJUO53pGX9EAXvD98OEsJraWNG3yXGeztdeeAkEalmTRtjgO2%2BBhQZGfnyl%2FFkf5fplCkH4oiL1Nk9yTdQrsbAEhzi2ykNCFhDneB9FDXucsRPOktpIPGryTNl%2FymvyxfAY3WpIVVItNxjr6ObISFVyTi9g9pvmvxjzqAaLeDjMRjkRSuWsmf2CcepH15nTDBq275gGX9k0euXDULVo3eM%3D', 'payCodeType': '1', 'expireTime': '2023-11-15 15:01:43'}
2023-11-15 15:01:44.875 | DEBUG    | lib.create_order1:post:93 - 2023-11-15 15:01:44 发起post请求:下单
2023-11-15 15:01:44.875 | DEBUG    | lib.create_order1:post:94 - 2023-11-15 15:01:44 请求时的入参: /pay/createOrder?amount=20110&currency=IDR&expectPayCodeType=0&merchantId=100119&orderNo=TestOrderNo_1700031704876&payChannel=19&payerName=test&payerPhone=081382826303&productId=2023&subject=TestSubject&version=1.0&sign=8ca05ff153e6d908c1b5936059b76ca1
2023-11-15 15:01:46.958 | DEBUG    | lib.create_order1:post:98 - 2023-11-15 15:01:46 接口返回值: {'code': '200', 'msg': 'SUCCESS', 'sign': '09ac193d266b97be7f4756aafad23125', 'traceId': 'ad06f7cd847d4e7ab789c9c5253d78af', 'orderNo': 'TestOrderNo_1700031704876', 'tradeNo': '10012023111514014500000014360', 'payCode': 'http://localhost:8080/payResult?orderInfo=IuJ%2Bn%2BVUAnMPzfG%2BgKVcG%2FenYVLtZw6ttsr0tsQ2zT2G4FkYpd%2BoTJ822Lb1gGJcRtjgO2%2BBhQZGfnyl%2FFkf5QCWvUZVC%2F3Qn5obY2acU0QRVPc7vCZLAGI93voZEFqRyL%2Fumks1KgQaDroNTrzWFPAY3WpIVVItNxjr6ObISFVc4HSXJXmS3tU7ebWc72I5nXJ0JIbNZwjNnKWTc9cSQXSDZ3jWMTBbgoFEEUGOzCw%3D', 'payCodeType': '1', 'expireTime': '2023-11-15 15:01:45'}
2023-11-15 15:01:46.960 | DEBUG    | lib.create_order1:post:93 - 2023-11-15 15:01:46 发起post请求:下单
2023-11-15 15:01:46.960 | DEBUG    | lib.create_order1:post:94 - 2023-11-15 15:01:46 请求时的入参: /pay/createOrder?amount=20101&currency=IDR&expectPayCodeType=0&merchantId=100119&orderNo=TestOrderNo_1700031706961&payChannel=19&payerName=test&payerPhone=081382826303&productId=2023&subject=TestSubject&version=1.0&sign=f624c45a6d769e31e52a2d7e4398194d
2023-11-15 15:01:49.252 | DEBUG    | lib.create_order1:post:98 - 2023-11-15 15:01:49 接口返回值: {'code': '200', 'msg': 'SUCCESS', 'sign': '21780d589174f10a20620bbc90134d4b', 'traceId': '59488429b5f940229ea0f5602574e5bf', 'orderNo': 'TestOrderNo_1700031706961', 'tradeNo': '10012023111514014800000011360', 'payCode': 'http://localhost:8080/payResult?orderInfo=IuJ%2Bn%2BVUAnMPzfG%2BgKVcG8Xh2GpnCQ4RW3NOKmeQVfhc%2BPpNA%2B4U41TuZKzf0B3rRtjgO2%2BBhQZGfnyl%2FFkf5Y2NCn%2BpBnIcKdtz4cL0Z6YEhzi2ykNCFhDneB9FDXucsRPOktpIPGryTNl%2FymvyxfAY3WpIVVItNxjr6ObISFV6ruGK8ZrbWwQP2dOb%2F62emz6Ong%2F8ewocdTPREUfyerjqdjhj%2BFeaZ4h60YWMNKU%3D', 'payCodeType': '1', 'expireTime': '2023-11-15 15:01:48'}
2023-11-15 15:01:49.253 | DEBUG    | lib.create_order1:post:93 - 2023-11-15 15:01:49 发起post请求:下单
2023-11-15 15:01:49.254 | DEBUG    | lib.create_order1:post:94 - 2023-11-15 15:01:49 请求时的入参: /pay/createOrder?amount=20110&currency=IDR&expectPayCodeType=0&merchantId=100119&orderNo=TestOrderNo_1700031709253&payChannel=3&payerName=test&payerPhone=081382826303&productId=2023&subject=TestSubject&version=1.0&sign=4deba2ce4645a28d4939923c831da44b
2023-11-15 15:01:51.506 | DEBUG    | lib.create_order1:post:98 - 2023-11-15 15:01:51 接口返回值: {'code': '200', 'msg': 'SUCCESS', 'sign': 'ecb6659298438c3f5284b9bbc0fccffe', 'traceId': '3bcb45e88a584c759b179394a307d1a2', 'orderNo': 'TestOrderNo_1700031709253', 'tradeNo': '10012023111514015000000016360', 'payCode': '7392600000009650', 'payCodeType': '0', 'expireTime': '2023-11-16 06:43:30'}
2023-11-15 15:01:51.508 | DEBUG    | lib.create_order1:post:93 - 2023-11-15 15:01:51 发起post请求:下单
2023-11-15 15:01:51.508 | DEBUG    | lib.create_order1:post:94 - 2023-11-15 15:01:51 请求时的入参: /pay/createOrder?amount=20101&currency=IDR&expectPayCodeType=0&merchantId=100119&orderNo=TestOrderNo_1700031711508&payChannel=3&payerName=test&payerPhone=081382826303&productId=2023&subject=TestSubject&version=1.0&sign=2d56bce4754b3b0d65d49dd7ee07fb3a
2023-11-15 15:01:53.767 | DEBUG    | lib.create_order1:post:98 - 2023-11-15 15:01:53 接口返回值: {'code': '200', 'msg': 'SUCCESS', 'sign': 'eda1cd993b4e8570ef1b6d08afa92458', 'traceId': '029cdb5a95284d028eb7e52347efc6b4', 'orderNo': 'TestOrderNo_1700031711508', 'tradeNo': '10012023111514015200000014360', 'payCode': '7392600000009651', 'payCodeType': '0', 'expireTime': '2023-11-16 06:43:32'}
2023-11-15 15:01:53.768 | DEBUG    | lib.create_order1:post:93 - 2023-11-15 15:01:53 发起post请求:下单
2023-11-15 15:01:53.768 | DEBUG    | lib.create_order1:post:94 - 2023-11-15 15:01:53 请求时的入参: /pay/createOrder?amount=20110&currency=IDR&expectPayCodeType=0&merchantId=100119&orderNo=TestOrderNo_1700031713769&payChannel=4&payerName=test&payerPhone=081382826303&productId=2023&subject=TestSubject&version=1.0&sign=c1209d1390dad07da551baa323ad371a
2023-11-15 15:01:56.093 | DEBUG    | lib.create_order1:post:98 - 2023-11-15 15:01:56 接口返回值: {'code': '200', 'msg': 'SUCCESS', 'sign': '4c612a326ac8853afbcb92c965726c67', 'traceId': '2d874b8a48724068889f3a936a2788d1', 'orderNo': 'TestOrderNo_1700031713769', 'tradeNo': '10012023111514015500000011360', 'payCode': '8255600000071895', 'payCodeType': '0', 'expireTime': '2023-11-16 06:43:35'}
2023-11-15 15:01:56.094 | DEBUG    | lib.create_order1:post:93 - 2023-11-15 15:01:56 发起post请求:下单
2023-11-15 15:01:56.095 | DEBUG    | lib.create_order1:post:94 - 2023-11-15 15:01:56 请求时的入参: /pay/createOrder?amount=20101&currency=IDR&expectPayCodeType=0&merchantId=100119&orderNo=TestOrderNo_1700031716095&payChannel=4&payerName=test&payerPhone=081382826303&productId=2023&subject=TestSubject&version=1.0&sign=05e0dc174fe56542e64bead3adaa8b73
2023-11-15 15:01:58.354 | DEBUG    | lib.create_order1:post:98 - 2023-11-15 15:01:58 接口返回值: {'code': '200', 'msg': 'SUCCESS', 'sign': 'f8d28990842a5b75dae74f064e5d6a16', 'traceId': '9d53efa54ac04330ae08e3a4bcd20cc3', 'orderNo': 'TestOrderNo_1700031716095', 'tradeNo': '10012023111514015700000019360', 'payCode': '8255600000071896', 'payCodeType': '0', 'expireTime': '2023-11-16 06:43:37'}
2023-11-15 15:01:58.355 | DEBUG    | lib.create_order1:post:93 - 2023-11-15 15:01:58 发起post请求:下单
2023-11-15 15:01:58.356 | DEBUG    | lib.create_order1:post:94 - 2023-11-15 15:01:58 请求时的入参: /pay/createOrder?amount=20110&currency=IDR&expectPayCodeType=0&merchantId=100119&orderNo=TestOrderNo_1700031718356&payChannel=5&payerName=test&payerPhone=081382826303&productId=2023&subject=TestSubject&version=1.0&sign=2bab1e56123d9671be641a5dbe74d4bc
2023-11-15 15:02:00.883 | DEBUG    | lib.create_order1:post:98 - 2023-11-15 15:02:00 接口返回值: {'code': '200', 'msg': 'SUCCESS', 'sign': 'a8b3e4b55ea884ab66813f3b26515745', 'traceId': '875d24869f0d4c80a4440b02eccdccbe', 'orderNo': 'TestOrderNo_1700031718356', 'tradeNo': '10012023111514015900000017360', 'payCode': '700707760000013389', 'payCodeType': '0', 'expireTime': '2023-11-16 06:43:39'}
2023-11-15 15:02:00.884 | DEBUG    | lib.create_order1:post:93 - 2023-11-15 15:02:00 发起post请求:下单
2023-11-15 15:02:00.885 | DEBUG    | lib.create_order1:post:94 - 2023-11-15 15:02:00 请求时的入参: /pay/createOrder?amount=20101&currency=IDR&expectPayCodeType=0&merchantId=100119&orderNo=TestOrderNo_1700031720884&payChannel=5&payerName=test&payerPhone=081382826303&productId=2023&subject=TestSubject&version=1.0&sign=f782654fce6c0a572a0429fce9c598c6
2023-11-15 15:02:04.616 | DEBUG    | lib.create_order1:post:98 - 2023-11-15 15:02:04 接口返回值: {'code': '200', 'msg': 'SUCCESS', 'sign': '755bdba29e03e2f2ecf686eaaa9c72fa', 'traceId': '5f67f5bc190942149640703f0ca8b9a1', 'orderNo': 'TestOrderNo_1700031720884', 'tradeNo': '10012023111514020300000013360', 'payCode': '700707760000013390', 'payCodeType': '0', 'expireTime': '2023-11-16 06:43:43'}
2023-11-15 15:02:04.617 | DEBUG    | lib.create_order1:post:93 - 2023-11-15 15:02:04 发起post请求:下单
2023-11-15 15:02:04.618 | DEBUG    | lib.create_order1:post:94 - 2023-11-15 15:02:04 请求时的入参: /pay/createOrder?amount=20110&currency=IDR&expectPayCodeType=0&merchantId=100119&orderNo=TestOrderNo_1700031724617&payChannel=6&payerName=test&payerPhone=081382826303&productId=2023&subject=TestSubject&version=1.0&sign=480472c4a69195cf667d66a31226d6fc
2023-11-15 15:02:07.976 | DEBUG    | lib.create_order1:post:98 - 2023-11-15 15:02:07 接口返回值: {'code': '200', 'msg': 'SUCCESS', 'sign': '6cb1a3905c2cdb59f2cf8555bcced638', 'traceId': 'a37d3ab7646f4e3e8256bdc51d08c335', 'orderNo': 'TestOrderNo_1700031724617', 'tradeNo': '10012023111514020500000011360', 'payCode': '23096000000111770', 'payCodeType': '0', 'expireTime': '2023-11-16 06:43:45'}
2023-11-15 15:02:07.977 | DEBUG    | lib.create_order1:post:93 - 2023-11-15 15:02:07 发起post请求:下单
2023-11-15 15:02:07.978 | DEBUG    | lib.create_order1:post:94 - 2023-11-15 15:02:07 请求时的入参: /pay/createOrder?amount=20101&currency=IDR&expectPayCodeType=0&merchantId=100119&orderNo=TestOrderNo_1700031727978&payChannel=6&payerName=test&payerPhone=081382826303&productId=2023&subject=TestSubject&version=1.0&sign=6f20558827cf33beefb2a2441a7456c0
2023-11-15 15:02:11.399 | DEBUG    | lib.create_order1:post:98 - 2023-11-15 15:02:11 接口返回值: {'code': '200', 'msg': 'SUCCESS', 'sign': '1ee11e6880cb41a238f7bd3e200927c5', 'traceId': '8aa87b90d7db467db72470da8ab57440', 'orderNo': 'TestOrderNo_1700031727978', 'tradeNo': '10012023111514021000000014360', 'payCode': '23096000000111771', 'payCodeType': '0', 'expireTime': '2023-11-16 06:43:50'}
2023-11-15 15:02:11.400 | DEBUG    | lib.create_order1:post:93 - 2023-11-15 15:02:11 发起post请求:下单
2023-11-15 15:02:11.400 | DEBUG    | lib.create_order1:post:94 - 2023-11-15 15:02:11 请求时的入参: /pay/createOrder?amount=20110&currency=IDR&expectPayCodeType=0&merchantId=100119&orderNo=TestOrderNo_1700031731401&payChannel=9&payerName=test&payerPhone=081382826303&productId=2023&subject=TestSubject&version=1.0&sign=0963cc031cdb9f2a06e655cc4a0fa2b4
2023-11-15 15:02:13.523 | DEBUG    | lib.create_order1:post:98 - 2023-11-15 15:02:13 接口返回值: {'code': '200', 'msg': 'SUCCESS', 'sign': 'f9157339752b77ae0e152443654ca84c', 'traceId': '044cdcaa18c046688f922a3009c21b7d', 'orderNo': 'TestOrderNo_1700031731401', 'tradeNo': '10012023111514021200000012360', 'payCode': '103406000000027102', 'payCodeType': '0', 'expireTime': '2023-11-16 06:43:52'}
2023-11-15 15:02:13.523 | DEBUG    | lib.create_order1:post:93 - 2023-11-15 15:02:13 发起post请求:下单
2023-11-15 15:02:13.524 | DEBUG    | lib.create_order1:post:94 - 2023-11-15 15:02:13 请求时的入参: /pay/createOrder?amount=20101&currency=IDR&expectPayCodeType=0&merchantId=100119&orderNo=TestOrderNo_1700031733523&payChannel=9&payerName=test&payerPhone=081382826303&productId=2023&subject=TestSubject&version=1.0&sign=472dc945df39997a5904f37cc5897430
2023-11-15 15:02:15.779 | DEBUG    | lib.create_order1:post:98 - 2023-11-15 15:02:15 接口返回值: {'code': '200', 'msg': 'SUCCESS', 'sign': '00f795f1951317d399d332537ec4486e', 'traceId': '0c7f91aed9cd4670b2af30573adbef75', 'orderNo': 'TestOrderNo_1700031733523', 'tradeNo': '10012023111514021400000010360', 'payCode': '103406000000027103', 'payCodeType': '0', 'expireTime': '2023-11-16 06:43:54'}
2023-11-15 15:02:18.784 | DEBUG    | lib.create_order1:post:93 - 2023-11-15 15:02:18 发起post请求:下单
2023-11-15 15:02:18.785 | DEBUG    | lib.create_order1:post:94 - 2023-11-15 15:02:18 请求时的入参: /pay/createOrder?amount=20110&currency=IDR&expectPayCodeType=0&merchantId=100119&orderNo=TestOrderNo_1700031738784&payChannel=15&payerName=test&payerPhone=081382826306&productId=2023&subject=TestSubject&version=1.0&sign=b4eaf219077ec8282ec89a05fc3fa6d3
2023-11-15 15:02:20.721 | DEBUG    | lib.create_order1:post:98 - 2023-11-15 15:02:20 接口返回值: {'code': '200', 'msg': 'SUCCESS', 'sign': '6018d30459636210158d49c6d7b5efbf', 'traceId': 'ab108034c6644dbd9a4e30b2268eb9eb', 'orderNo': 'TestOrderNo_1700031738784', 'tradeNo': '10012023111514022000000012360', 'payCode': 'http://localhost:8080/walletPay?orderInfo=wU3NFGwK4395KeELxFzSVfIUOLJ8eyjkmh%2BrAesa2ljr3dEkieda6URruvlTnueCVWu%2FBY0F1e%2Bpg0Si%2FD48OePkLC3DTALaDsHpXbY2YhDdacZtC3Xx5%2BjyTbWc3k0Adr8ImkpE0ytifZOG9DW2JvNRhueTkdPDJn7GfDq2VtI%3D', 'payCodeType': '1', 'expireTime': '2023-11-15 15:02:20'}
2023-11-15 15:02:20.723 | DEBUG    | lib.create_order1:post:93 - 2023-11-15 15:02:20 发起post请求:下单
2023-11-15 15:02:20.723 | DEBUG    | lib.create_order1:post:94 - 2023-11-15 15:02:20 请求时的入参: /pay/createOrder?amount=20101&currency=IDR&expectPayCodeType=0&merchantId=100119&orderNo=TestOrderNo_1700031740723&payChannel=15&payerName=test&payerPhone=081382826306&productId=2023&subject=TestSubject&version=1.0&sign=6eb0e124fb6eab05951999c4392c6b1f
2023-11-15 15:02:23.700 | DEBUG    | lib.create_order1:post:98 - 2023-11-15 15:02:23 接口返回值: {'code': '88011', 'msg': 'this channel is not supported yet', 'sign': 'ca5f3e7a77e87b3ffb2d0da7431f6888', 'traceId': '3a72e976f70d4d77ba4ea17f582e6ffb'}
2023-11-15 15:02:23.701 | DEBUG    | lib.create_order1:post:93 - 2023-11-15 15:02:23 发起post请求:下单
2023-11-15 15:02:23.701 | DEBUG    | lib.create_order1:post:94 - 2023-11-15 15:02:23 请求时的入参: /pay/createOrder?amount=20110&currency=IDR&expectPayCodeType=0&merchantId=100119&orderNo=TestOrderNo_1700031743701&payChannel=16&payerName=test&payerPhone=081382826306&productId=2023&subject=TestSubject&version=1.0&sign=c3e330f1a996db501290f735644344e9
2023-11-15 15:02:26.611 | DEBUG    | lib.create_order1:post:98 - 2023-11-15 15:02:26 接口返回值: {'code': '200', 'msg': 'SUCCESS', 'sign': 'f3f6c0f95e4181f1337040de8b60a50c', 'traceId': 'd1d243018843426e9a2523530942fce4', 'orderNo': 'TestOrderNo_1700031743701', 'tradeNo': '10012023111514022400000018360', 'payCode': 'some-random-qr-string', 'payCodeType': '1', 'expireTime': '2023-11-15 15:02:24'}
2023-11-15 15:02:26.611 | DEBUG    | lib.create_order1:post:93 - 2023-11-15 15:02:26 发起post请求:下单
2023-11-15 15:02:26.611 | DEBUG    | lib.create_order1:post:94 - 2023-11-15 15:02:26 请求时的入参: /pay/createOrder?amount=20101&currency=IDR&expectPayCodeType=0&merchantId=100119&orderNo=TestOrderNo_1700031746612&payChannel=16&payerName=test&payerPhone=081382826306&productId=2023&subject=TestSubject&version=1.0&sign=6715d86726681a43be4fc7d45144f664
2023-11-15 15:02:31.193 | DEBUG    | lib.create_order1:post:98 - 2023-11-15 15:02:31 接口返回值: {'code': '200', 'msg': 'SUCCESS', 'sign': '987c41e3fb594914e52bbd51b3c6adce', 'traceId': '083285f7ae424591aac22d164f3d7aaa', 'orderNo': 'TestOrderNo_1700031746612', 'tradeNo': '10012023111514022800000014360', 'payCode': 'some-random-qr-string', 'payCodeType': '1', 'expireTime': '2023-11-15 15:02:28'}
2023-11-15 15:02:31.194 | DEBUG    | lib.create_order1:post:93 - 2023-11-15 15:02:31 发起post请求:下单
2023-11-15 15:02:31.194 | DEBUG    | lib.create_order1:post:94 - 2023-11-15 15:02:31 请求时的入参: /pay/createOrder?amount=20110&currency=IDR&expectPayCodeType=0&merchantId=100119&orderNo=TestOrderNo_1700031751194&payChannel=17&payerName=test&payerPhone=081382826306&productId=2023&subject=TestSubject&version=1.0&sign=989dba7ffac20d1f42af1b2c3902fd45
2023-11-15 15:02:33.356 | DEBUG    | lib.create_order1:post:98 - 2023-11-15 15:02:33 接口返回值: {'code': '200', 'msg': 'SUCCESS', 'sign': 'e53e23e24464d6e41ea699909d7da0ff', 'traceId': '9b465a8fc2e7411391b9c3d9d90c3a72', 'orderNo': 'TestOrderNo_1700031751194', 'tradeNo': '10012023111514023200000018360', 'payCode': 'https://link.dana.id/pay?bizNo=20231115111212800110166701488795813&timestamp=1700031752581&originSourcePlatform=IPG&mid=216620000311085238996&did=216650000569522581995&sign=MwyT0LmoTUTYSwS3OUuc5l93uSuwSBexIq4vnuaLCxFO%2BpYr2NpZ4cqsRDWRuW1U2R6uBWK1nNdsRbqpaDlmctYe5idwOwA3cIgv6K1nfsTNlbjxaBlqfvodGo96iIfaIPVCNyMHLXV%2Br0jxsRL75hF5AQEnMbHxXn8QLMbRJOKeZIhG6dG0fEPaRq58hyFyVUaf8bBdN8V4zHqP%2Fo5nuPkerTJ3iqDfd3iCPqEUEWY1tV0%2FbvgTYGdxS4roXUkXiX64kRly5mhh1oItJUqRDnczw4W7pmP2xqvtUtNwByjEdbaHFmlTQV419JNZLLF%2F1zPaUlxhTP6t8CxVetLmBA%3D%3D&forceToH5=false', 'payCodeType': '1', 'expireTime': '2023-11-15 15:02:32'}
2023-11-15 15:02:33.358 | DEBUG    | lib.create_order1:post:93 - 2023-11-15 15:02:33 发起post请求:下单
2023-11-15 15:02:33.358 | DEBUG    | lib.create_order1:post:94 - 2023-11-15 15:02:33 请求时的入参: /pay/createOrder?amount=20101&currency=IDR&expectPayCodeType=0&merchantId=100119&orderNo=TestOrderNo_1700031753358&payChannel=17&payerName=test&payerPhone=081382826306&productId=2023&subject=TestSubject&version=1.0&sign=630fb264d33d0162cc1e3aff35657c41
2023-11-15 15:02:34.996 | DEBUG    | lib.create_order1:post:98 - 2023-11-15 15:02:34 接口返回值: {'code': '200', 'msg': 'SUCCESS', 'sign': '39fd2760671dbb0329f842d0d0341ad8', 'traceId': 'a6c90e0dad6144bf84c407ff479f2bcb', 'orderNo': 'TestOrderNo_1700031753358', 'tradeNo': '10012023111514023300000017360', 'payCode': 'https://link.dana.id/pay?bizNo=20231115111212800110166863688789261&timestamp=1700031754163&originSourcePlatform=IPG&mid=216620000311085238996&did=216650000569522581995&sign=Tid14xn7Zx72nCURNzT8Dykx0G%2BYxOjNzMje4OVMsQqTVylj%2FZKxbDqqLDtY001mKr0gEnQKdi732XPsft4YDzY2itzr4yDeXUqCeF3jUpqh82Y9VH%2BMlid7LBd50V02sxxNIpeFk3u9eX3Nkmx8QKa5pwniEB79%2F3A2NHvnBgOdj11zH7C24e4oB%2BSlwGj8CChD3kYZ1%2BKzIW9jFkvi3Z%2FaDF8TCELncEUCY%2B%2BoWn2C48kHk9rVJEj%2Bt%2B99Wv8DINeup%2FlCjBC5%2BcqkMal8%2BD3AbuXx6FXIwPOYbfT%2FX1IPPvkHYQ2WsPx2Cci6iOmm6Ujta3kVSIy%2BAISlI79qpA%3D%3D&forceToH5=false', 'payCodeType': '1', 'expireTime': '2023-11-15 15:02:33'}
2023-11-15 15:02:34.997 | DEBUG    | lib.create_order1:post:93 - 2023-11-15 15:02:34 发起post请求:下单
2023-11-15 15:02:34.998 | DEBUG    | lib.create_order1:post:94 - 2023-11-15 15:02:34 请求时的入参: /pay/createOrder?amount=20110&currency=IDR&expectPayCodeType=0&merchantId=100119&orderNo=TestOrderNo_1700031754997&payChannel=18&payerName=test&payerPhone=081382826306&productId=2023&subject=TestSubject&version=1.0&sign=abf824ef630998d6573bdf94de9ba34d
2023-11-15 15:02:36.553 | DEBUG    | lib.create_order1:post:98 - 2023-11-15 15:02:36 接口返回值: {'code': '200', 'msg': 'SUCCESS', 'sign': '8f557bd24e9a60989091a7ccd8592460', 'traceId': '7a9e62b3c21f47c197db0c9bb5e6c139', 'orderNo': 'TestOrderNo_1700031754997', 'tradeNo': '10012023111514023500000015360', 'payCode': 'http://localhost:8080/payResult?orderInfo=IuJ%2Bn%2BVUAnMPzfG%2BgKVcGzKmaWBHZX0ZxRkpvCGVRyc9g9q98z%2FrfnUGSi8JRm7LRtjgO2%2BBhQZGfnyl%2FFkf5S%2BKpE4cHuJVlA4oH3DkL3sRVPc7vCZLAGI93voZEFqRyL%2Fumks1KgQaDroNTrzWFPAY3WpIVVItNxjr6ObISFXlanJHEmmsZv9AruFSlm1HVY0WiZEPf4ULA%2FO9DBlGaaP%2BUvy8ESCMiC0sgNcpJZs%3D', 'payCodeType': '1', 'expireTime': '2023-11-15 15:02:35'}
2023-11-15 15:02:36.554 | DEBUG    | lib.create_order1:post:93 - 2023-11-15 15:02:36 发起post请求:下单
2023-11-15 15:02:36.555 | DEBUG    | lib.create_order1:post:94 - 2023-11-15 15:02:36 请求时的入参: /pay/createOrder?amount=20101&currency=IDR&expectPayCodeType=0&merchantId=100119&orderNo=TestOrderNo_1700031756554&payChannel=18&payerName=test&payerPhone=081382826306&productId=2023&subject=TestSubject&version=1.0&sign=0f8d60e1a46468886282d0873d3dd227
2023-11-15 15:02:37.753 | DEBUG    | lib.create_order1:post:98 - 2023-11-15 15:02:37 接口返回值: {'code': '200', 'msg': 'SUCCESS', 'sign': '2e797c95014a1fbc39169187913acbcd', 'traceId': '72100cf23bfa46d0a4c90eb46892e2ab', 'orderNo': 'TestOrderNo_1700031756554', 'tradeNo': '10012023111514023700000013360', 'payCode': 'http://localhost:8080/walletPay?orderInfo=wU3NFGwK4395KeELxFzSVbecmLSURWxf2pZTr%2B9WIvfj9vATXZW9nYliVR4DmaDtihwy5vtL9vGnDmrNm%2FnaHLaN84b0E00l639dDw9btilUD8%2FF5neXL%2FL9k%2FzgkJmQ7K4RhtzbhycAKXej4A3jTr3tGYHRYdHvQpKVRN7phII%3D', 'payCodeType': '1', 'expireTime': '2023-11-15 15:02:37'}
2023-11-15 15:02:37.754 | DEBUG    | lib.create_order1:post:93 - 2023-11-15 15:02:37 发起post请求:下单
2023-11-15 15:02:37.754 | DEBUG    | lib.create_order1:post:94 - 2023-11-15 15:02:37 请求时的入参: /pay/createOrder?amount=20110&currency=IDR&expectPayCodeType=0&merchantId=100119&orderNo=TestOrderNo_1700031757754&payChannel=19&payerName=test&payerPhone=081382826306&productId=2023&subject=TestSubject&version=1.0&sign=2c0858a1fa0c92264fbe0e53580f799c
2023-11-15 15:02:40.741 | DEBUG    | lib.create_order1:post:98 - 2023-11-15 15:02:40 接口返回值: {'code': '200', 'msg': 'SUCCESS', 'sign': '73d1a708115277bc617b6ea2b4c1ff9a', 'traceId': 'c9f0e57266c340c5ae281ab0f7cb2d2a', 'orderNo': 'TestOrderNo_1700031757754', 'tradeNo': '10012023111514023800000012360', 'payCode': 'https://wsa.wallet.airpay.co.id/universal-link/wallet/pay?deep_and_deferred=1&token=Um80ZWF4Yk9xZmROEZJQao1NH9BfZdhcBRuqjdGJJBi7O4sl-P8qzJTWQShREw', 'payCodeType': '1', 'expireTime': '2023-11-15 15:02:38'}
2023-11-15 15:02:40.743 | DEBUG    | lib.create_order1:post:93 - 2023-11-15 15:02:40 发起post请求:下单
2023-11-15 15:02:40.743 | DEBUG    | lib.create_order1:post:94 - 2023-11-15 15:02:40 请求时的入参: /pay/createOrder?amount=20101&currency=IDR&expectPayCodeType=0&merchantId=100119&orderNo=TestOrderNo_1700031760743&payChannel=19&payerName=test&payerPhone=081382826306&productId=2023&subject=TestSubject&version=1.0&sign=7fe8a3ce5ad5a3e730cbfacf4790ef59
2023-11-15 15:02:43.173 | DEBUG    | lib.create_order1:post:98 - 2023-11-15 15:02:43 接口返回值: {'code': '200', 'msg': 'SUCCESS', 'sign': '3d27a241338e21ca5c006f0d4e1c12b5', 'traceId': '575043e04703487992ae6e0862c90675', 'orderNo': 'TestOrderNo_1700031760743', 'tradeNo': '10012023111514024100000017360', 'payCode': 'https://ewallet-mock-connector.xendit.co/v1/ewallet_connector/checkouts?token=cla6q4n92mqmnvri22d0', 'payCodeType': '1', 'expireTime': '2023-11-15 15:02:41'}
2023-11-15 15:02:43.174 | DEBUG    | lib.create_order1:post:93 - 2023-11-15 15:02:43 发起post请求:下单
2023-11-15 15:02:43.175 | DEBUG    | lib.create_order1:post:94 - 2023-11-15 15:02:43 请求时的入参: /pay/createOrder?amount=20110&currency=IDR&expectPayCodeType=0&merchantId=100119&orderNo=TestOrderNo_1700031763174&payChannel=3&payerName=test&payerPhone=081382826306&productId=2023&subject=TestSubject&version=1.0&sign=1d0672ba2fded672f8e12835d008c98e
2023-11-15 15:02:56.424 | DEBUG    | lib.create_order1:post:98 - 2023-11-15 15:02:56 接口返回值: {'code': '200', 'msg': 'SUCCESS', 'sign': '290b651476c17aa08f8291005f96fd23', 'traceId': '4f90abae6dcb4d9e9fbc97a63c4cc4b7', 'orderNo': 'TestOrderNo_1700031763174', 'tradeNo': '10012023111514025400000011360', 'payCode': '82149999384139', 'payCodeType': '0', 'expireTime': '2023-11-16 06:44:34'}
2023-11-15 15:02:56.425 | DEBUG    | lib.create_order1:post:93 - 2023-11-15 15:02:56 发起post请求:下单
2023-11-15 15:02:56.426 | DEBUG    | lib.create_order1:post:94 - 2023-11-15 15:02:56 请求时的入参: /pay/createOrder?amount=20101&currency=IDR&expectPayCodeType=0&merchantId=100119&orderNo=TestOrderNo_1700031776425&payChannel=3&payerName=test&payerPhone=081382826306&productId=2023&subject=TestSubject&version=1.0&sign=15a62727fc6735b8b46987045c96fccd
2023-11-15 15:02:59.419 | DEBUG    | lib.create_order1:post:98 - 2023-11-15 15:02:59 接口返回值: {'code': '200', 'msg': 'SUCCESS', 'sign': '804a774a6bc7e416b69b1de56dad2762', 'traceId': '6067e33758fa4921b361e9e3ce1c4ed9', 'orderNo': 'TestOrderNo_1700031776425', 'tradeNo': '10012023111514025700000018360', 'payCode': '82149999843921', 'payCodeType': '0', 'expireTime': '2023-11-16 06:44:37'}
2023-11-15 15:02:59.421 | DEBUG    | lib.create_order1:post:93 - 2023-11-15 15:02:59 发起post请求:下单
2023-11-15 15:02:59.421 | DEBUG    | lib.create_order1:post:94 - 2023-11-15 15:02:59 请求时的入参: /pay/createOrder?amount=20110&currency=IDR&expectPayCodeType=0&merchantId=100119&orderNo=TestOrderNo_1700031779420&payChannel=4&payerName=test&payerPhone=081382826306&productId=2023&subject=TestSubject&version=1.0&sign=b9242d94ea7d312bda3d8dfd60204ef3
2023-11-15 15:03:02.588 | DEBUG    | lib.create_order1:post:98 - 2023-11-15 15:03:02 接口返回值: {'code': '200', 'msg': 'SUCCESS', 'sign': 'a60111cd01fc50cfcea9ee2be48f502b', 'traceId': '34d549e966154124931ec464a0f05b52', 'orderNo': 'TestOrderNo_1700031779420', 'tradeNo': '10012023111514030000000015360', 'payCode': '8808999991803804', 'payCodeType': '0', 'expireTime': '2023-11-16 06:44:40'}
2023-11-15 15:03:02.589 | DEBUG    | lib.create_order1:post:93 - 2023-11-15 15:03:02 发起post请求:下单
2023-11-15 15:03:02.590 | DEBUG    | lib.create_order1:post:94 - 2023-11-15 15:03:02 请求时的入参: /pay/createOrder?amount=20101&currency=IDR&expectPayCodeType=0&merchantId=100119&orderNo=TestOrderNo_1700031782590&payChannel=4&payerName=test&payerPhone=081382826306&productId=2023&subject=TestSubject&version=1.0&sign=2e2808d1d2cdab9fce1f509129f50c18
2023-11-15 15:03:05.388 | DEBUG    | lib.create_order1:post:98 - 2023-11-15 15:03:05 接口返回值: {'code': '200', 'msg': 'SUCCESS', 'sign': '20b638dbc525142c1afd7e30529b35ec', 'traceId': 'a3893e4b7b054bd3a571be5135ae2e20', 'orderNo': 'TestOrderNo_1700031782590', 'tradeNo': '10012023111514030300000012360', 'payCode': '8808999971884533', 'payCodeType': '0', 'expireTime': '2023-11-16 06:44:43'}
2023-11-15 15:03:05.388 | DEBUG    | lib.create_order1:post:93 - 2023-11-15 15:03:05 发起post请求:下单
2023-11-15 15:03:05.389 | DEBUG    | lib.create_order1:post:94 - 2023-11-15 15:03:05 请求时的入参: /pay/createOrder?amount=20110&currency=IDR&expectPayCodeType=0&merchantId=100119&orderNo=TestOrderNo_1700031785389&payChannel=5&payerName=test&payerPhone=081382826306&productId=2023&subject=TestSubject&version=1.0&sign=44241173d9f1ec588a8bf026e8e2c10f
2023-11-15 15:03:07.704 | DEBUG    | lib.create_order1:post:98 - 2023-11-15 15:03:07 接口返回值: {'code': '200', 'msg': 'SUCCESS', 'sign': 'dd0aed55eb4ba3dde4d2a20d6dc6cbf0', 'traceId': '6d5ec3c39a4940828e8870c4b8cabb1c', 'orderNo': 'TestOrderNo_1700031785389', 'tradeNo': '10012023111514030600000019360', 'payCode': '700707760000013391', 'payCodeType': '0', 'expireTime': '2023-11-16 06:44:46'}
2023-11-15 15:03:07.705 | DEBUG    | lib.create_order1:post:93 - 2023-11-15 15:03:07 发起post请求:下单
2023-11-15 15:03:07.706 | DEBUG    | lib.create_order1:post:94 - 2023-11-15 15:03:07 请求时的入参: /pay/createOrder?amount=20101&currency=IDR&expectPayCodeType=0&merchantId=100119&orderNo=TestOrderNo_1700031787705&payChannel=5&payerName=test&payerPhone=081382826306&productId=2023&subject=TestSubject&version=1.0&sign=1dfa4709f3d20135d7e95c2bf46a2176
2023-11-15 15:03:09.223 | DEBUG    | lib.create_order1:post:98 - 2023-11-15 15:03:09 接口返回值: {'code': '200', 'msg': 'SUCCESS', 'sign': '9c83eaa9c0e947731626f81783d170c5', 'traceId': '38446cfed4bc479c8491c835ffc37a88', 'orderNo': 'TestOrderNo_1700031787705', 'tradeNo': '10012023111514030800000017360', 'payCode': '700707760000013392', 'payCodeType': '0', 'expireTime': '2023-11-16 06:44:48'}
2023-11-15 15:03:09.224 | DEBUG    | lib.create_order1:post:93 - 2023-11-15 15:03:09 发起post请求:下单
2023-11-15 15:03:09.225 | DEBUG    | lib.create_order1:post:94 - 2023-11-15 15:03:09 请求时的入参: /pay/createOrder?amount=20110&currency=IDR&expectPayCodeType=0&merchantId=100119&orderNo=TestOrderNo_1700031789225&payChannel=6&payerName=test&payerPhone=081382826306&productId=2023&subject=TestSubject&version=1.0&sign=06b07b1d321a3a539ab2d49deaed54f3
2023-11-15 15:03:11.127 | DEBUG    | lib.create_order1:post:98 - 2023-11-15 15:03:11 接口返回值: {'code': '88011', 'msg': 'this channel is not supported yet', 'sign': 'baaa4aec5cf8d2da3d77775883c2bab5', 'traceId': '2a8eeee605894e53a325d1e560413b32'}
2023-11-15 15:03:11.129 | DEBUG    | lib.create_order1:post:93 - 2023-11-15 15:03:11 发起post请求:下单
2023-11-15 15:03:11.130 | DEBUG    | lib.create_order1:post:94 - 2023-11-15 15:03:11 请求时的入参: /pay/createOrder?amount=20101&currency=IDR&expectPayCodeType=0&merchantId=100119&orderNo=TestOrderNo_1700031791129&payChannel=6&payerName=test&payerPhone=081382826306&productId=2023&subject=TestSubject&version=1.0&sign=6619a714fb7d437a0668d9212d525829
2023-11-15 15:03:15.205 | DEBUG    | lib.create_order1:post:98 - 2023-11-15 15:03:15 接口返回值: {'code': '88011', 'msg': 'this channel is not supported yet', 'sign': '4d4faa579ca259e864907cac07caf3f5', 'traceId': 'ce87d0754eed4d019575307940c5790e'}
2023-11-15 15:03:15.205 | DEBUG    | lib.create_order1:post:93 - 2023-11-15 15:03:15 发起post请求:下单
2023-11-15 15:03:15.206 | DEBUG    | lib.create_order1:post:94 - 2023-11-15 15:03:15 请求时的入参: /pay/createOrder?amount=20110&currency=IDR&expectPayCodeType=0&merchantId=100119&orderNo=TestOrderNo_1700031795205&payChannel=9&payerName=test&payerPhone=081382826306&productId=2023&subject=TestSubject&version=1.0&sign=f28f3d3f5d68f9ca35ba4abf62276ce7
2023-11-15 15:03:16.618 | DEBUG    | lib.create_order1:post:98 - 2023-11-15 15:03:16 接口返回值: {'code': '200', 'msg': 'SUCCESS', 'sign': 'bcc033875754bcec6337058c2073b066', 'traceId': 'b7a3cd6ddda04155adf9da674c875a8b', 'orderNo': 'TestOrderNo_1700031795205', 'tradeNo': '10012023111514031500000018360', 'payCode': '103406000000027104', 'payCodeType': '0', 'expireTime': '2023-11-16 06:44:55'}
2023-11-15 15:03:16.619 | DEBUG    | lib.create_order1:post:93 - 2023-11-15 15:03:16 发起post请求:下单
2023-11-15 15:03:16.620 | DEBUG    | lib.create_order1:post:94 - 2023-11-15 15:03:16 请求时的入参: /pay/createOrder?amount=20101&currency=IDR&expectPayCodeType=0&merchantId=100119&orderNo=TestOrderNo_1700031796619&payChannel=9&payerName=test&payerPhone=081382826306&productId=2023&subject=TestSubject&version=1.0&sign=7965418d6b388e4d24776da4c259590a
2023-11-15 15:03:20.124 | DEBUG    | lib.create_order1:post:98 - 2023-11-15 15:03:20 接口返回值: {'code': '200', 'msg': 'SUCCESS', 'sign': 'cccde3ba437e4428c03bf44bf60e022e', 'traceId': 'e66f5575d5b04b0aa77204b08c692d28', 'orderNo': 'TestOrderNo_1700031796619', 'tradeNo': '10012023111514031800000015360', 'payCode': '103406000000027105', 'payCodeType': '0', 'expireTime': '2023-11-16 06:44:58'}
2023-11-15 15:03:23.137 | DEBUG    | lib.create_order1:post:93 - 2023-11-15 15:03:23 发起post请求:下单
2023-11-15 15:03:23.138 | DEBUG    | lib.create_order1:post:94 - 2023-11-15 15:03:23 请求时的入参: /pay/createOrder?amount=20110&currency=IDR&expectPayCodeType=0&merchantId=100119&orderNo=TestOrderNo_1700031803138&payChannel=17&payerName=test&payerPhone=081382826304&productId=2023&subject=TestSubject&version=1.0&sign=33cb33961365df7cb8f5eae38e044c14
2023-11-15 15:03:25.552 | DEBUG    | lib.create_order1:post:98 - 2023-11-15 15:03:25 接口返回值: {'code': '88005', 'msg': 'channel process error, please try again', 'sign': '735b6423aa3d2e78707751e65bb2f059', 'traceId': 'db31b592bde548b7a04c9ee3938f44bf'}
2023-11-15 15:03:25.552 | DEBUG    | lib.create_order1:post:93 - 2023-11-15 15:03:25 发起post请求:下单
2023-11-15 15:03:25.552 | DEBUG    | lib.create_order1:post:94 - 2023-11-15 15:03:25 请求时的入参: /pay/createOrder?amount=20101&currency=IDR&expectPayCodeType=0&merchantId=100119&orderNo=TestOrderNo_1700031805552&payChannel=17&payerName=test&payerPhone=081382826304&productId=2023&subject=TestSubject&version=1.0&sign=6ed018aa27344882ebfd3bfca87a4812
2023-11-15 15:03:27.854 | DEBUG    | lib.create_order1:post:98 - 2023-11-15 15:03:27 接口返回值: {'code': '88005', 'msg': 'channel process error, please try again', 'sign': 'c1e258afdfc66884992db8987e19dfaa', 'traceId': 'e7b753b2cd9647b5a9055c16862125e8'}
2023-11-15 15:03:27.855 | DEBUG    | lib.create_order1:post:93 - 2023-11-15 15:03:27 发起post请求:下单
2023-11-15 15:03:27.856 | DEBUG    | lib.create_order1:post:94 - 2023-11-15 15:03:27 请求时的入参: /pay/createOrder?amount=20110&currency=IDR&expectPayCodeType=0&merchantId=100119&orderNo=TestOrderNo_1700031807855&payChannel=18&payerName=test&payerPhone=081382826304&productId=2023&subject=TestSubject&version=1.0&sign=b6843cd52f2252233d2ebd874a8bb897
2023-11-15 15:03:30.192 | DEBUG    | lib.create_order1:post:98 - 2023-11-15 15:03:30 接口返回值: {'code': '200', 'msg': 'SUCCESS', 'sign': '9b57caa62242b971f83a91381ae67513', 'traceId': '006ca58aeabf4385949053b760ebe5e3', 'orderNo': 'TestOrderNo_1700031807855', 'tradeNo': '10012023111514032900000012360', 'payCode': 'https://debit-sandbox.faspay.co.id/pws/100003/0830000010100000/249861ba43afd5f194cfb264519719b514881c95?trx_id=3444230218093481&merchant_id=34442&bill_no=10012023111514032900000012360', 'payCodeType': '1', 'expireTime': '2023-11-15 15:03:29'}
2023-11-15 15:03:30.194 | DEBUG    | lib.create_order1:post:93 - 2023-11-15 15:03:30 发起post请求:下单
2023-11-15 15:03:30.194 | DEBUG    | lib.create_order1:post:94 - 2023-11-15 15:03:30 请求时的入参: /pay/createOrder?amount=20101&currency=IDR&expectPayCodeType=0&merchantId=100119&orderNo=TestOrderNo_1700031810194&payChannel=18&payerName=test&payerPhone=081382826304&productId=2023&subject=TestSubject&version=1.0&sign=1adf68a844a588d74748a5990b7ed023
2023-11-15 15:03:32.353 | DEBUG    | lib.create_order1:post:98 - 2023-11-15 15:03:32 接口返回值: {'code': '200', 'msg': 'SUCCESS', 'sign': 'df24c6e3d1957a5d90ceac57d052e6cc', 'traceId': 'ae7449aa50734e80bda05222d399d56a', 'orderNo': 'TestOrderNo_1700031810194', 'tradeNo': '10012023111514033100000018360', 'payCode': 'https://debit-sandbox.faspay.co.id/pws/100003/0830000010100000/ebd55a7e1a6935029210c060b685feabfaad59ce?trx_id=3444230281157822&merchant_id=34442&bill_no=10012023111514033100000018360', 'payCodeType': '1', 'expireTime': '2023-11-15 15:03:31'}
2023-11-15 15:03:32.354 | DEBUG    | lib.create_order1:post:93 - 2023-11-15 15:03:32 发起post请求:下单
2023-11-15 15:03:32.355 | DEBUG    | lib.create_order1:post:94 - 2023-11-15 15:03:32 请求时的入参: /pay/createOrder?amount=20110&currency=IDR&expectPayCodeType=0&merchantId=100119&orderNo=TestOrderNo_1700031812354&payChannel=18&payerName=test&payerPhone=081382826304&productId=2023&subject=TestSubject&version=1.0&sign=e72eec658d64a87e8ab84a1f49ea0f97
2023-11-15 15:03:34.255 | DEBUG    | lib.create_order1:post:98 - 2023-11-15 15:03:34 接口返回值: {'code': '200', 'msg': 'SUCCESS', 'sign': '56267a41a3d64eb061f094d7503900f2', 'traceId': 'f1293360331f4f52906897eaec48eaec', 'orderNo': 'TestOrderNo_1700031812354', 'tradeNo': '10012023111514033200000017360', 'payCode': 'https://debit-sandbox.faspay.co.id/pws/100003/0830000010100000/223438171e3b1d12cec272881446f543c103d065?trx_id=3444230218130653&merchant_id=34442&bill_no=10012023111514033200000017360', 'payCodeType': '1', 'expireTime': '2023-11-15 15:03:32'}
2023-11-15 15:03:34.256 | DEBUG    | lib.create_order1:post:93 - 2023-11-15 15:03:34 发起post请求:下单
2023-11-15 15:03:34.257 | DEBUG    | lib.create_order1:post:94 - 2023-11-15 15:03:34 请求时的入参: /pay/createOrder?amount=20101&currency=IDR&expectPayCodeType=0&merchantId=100119&orderNo=TestOrderNo_1700031814257&payChannel=18&payerName=test&payerPhone=081382826304&productId=2023&subject=TestSubject&version=1.0&sign=3619c549be8c3bcb9be8bb1f2cc0f829
2023-11-15 15:03:35.794 | DEBUG    | lib.create_order1:post:98 - 2023-11-15 15:03:35 接口返回值: {'code': '200', 'msg': 'SUCCESS', 'sign': 'd4e66edfda87bd3a0aff27eab250a59f', 'traceId': 'b2ef22123aba4ae0ae974e9f2b18fd79', 'orderNo': 'TestOrderNo_1700031814257', 'tradeNo': '10012023111514033400000015360', 'payCode': 'https://debit-sandbox.faspay.co.id/pws/100003/0830000010100000/e84c0158f3a9bb468112e9b09aea03ce6cefb701?trx_id=3444230281496974&merchant_id=34442&bill_no=10012023111514033400000015360', 'payCodeType': '1', 'expireTime': '2023-11-15 15:03:34'}
2023-11-15 15:03:35.795 | DEBUG    | lib.create_order1:post:93 - 2023-11-15 15:03:35 发起post请求:下单
2023-11-15 15:03:35.795 | DEBUG    | lib.create_order1:post:94 - 2023-11-15 15:03:35 请求时的入参: /pay/createOrder?amount=20110&currency=IDR&expectPayCodeType=0&merchantId=100119&orderNo=TestOrderNo_1700031815795&payChannel=18&payerName=test&payerPhone=081382826304&productId=2023&subject=TestSubject&version=1.0&sign=45f90116427a22ee56b7ea707cf157fb
2023-11-15 15:03:38.097 | DEBUG    | lib.create_order1:post:98 - 2023-11-15 15:03:38 接口返回值: {'code': '200', 'msg': 'SUCCESS', 'sign': '6102d1266f55159813b240589903cf81', 'traceId': 'd7df45f1a7474ec5bacaf53c6bfc561e', 'orderNo': 'TestOrderNo_1700031815795', 'tradeNo': '10012023111514033700000012360', 'payCode': 'https://debit-sandbox.faspay.co.id/pws/100003/0830000010100000/e1b662b7076c4c46884b2115bcd1aa7d2ddb1064?trx_id=3444230281730095&merchant_id=34442&bill_no=10012023111514033700000012360', 'payCodeType': '1', 'expireTime': '2023-11-15 15:03:37'}
2023-11-15 15:03:38.098 | DEBUG    | lib.create_order1:post:93 - 2023-11-15 15:03:38 发起post请求:下单
2023-11-15 15:03:38.099 | DEBUG    | lib.create_order1:post:94 - 2023-11-15 15:03:38 请求时的入参: /pay/createOrder?amount=20101&currency=IDR&expectPayCodeType=0&merchantId=100119&orderNo=TestOrderNo_1700031818099&payChannel=18&payerName=test&payerPhone=081382826304&productId=2023&subject=TestSubject&version=1.0&sign=a52f5755286268468938105b17801b65
2023-11-15 15:03:40.402 | DEBUG    | lib.create_order1:post:98 - 2023-11-15 15:03:40 接口返回值: {'code': '200', 'msg': 'SUCCESS', 'sign': '3de7752e365b7486940497f448a05ff6', 'traceId': '6ca5770c82ea4f3f8825c9ced3ba6489', 'orderNo': 'TestOrderNo_1700031818099', 'tradeNo': '10012023111514033900000010360', 'payCode': 'https://debit-sandbox.faspay.co.id/pws/100003/0830000010100000/9916629b4803f6db1f8e9dc8634cd58ef158d552?trx_id=3444230281957356&merchant_id=34442&bill_no=10012023111514033900000010360', 'payCodeType': '1', 'expireTime': '2023-11-15 15:03:39'}
2023-11-15 15:03:40.403 | DEBUG    | lib.create_order1:post:93 - 2023-11-15 15:03:40 发起post请求:下单
2023-11-15 15:03:40.404 | DEBUG    | lib.create_order1:post:94 - 2023-11-15 15:03:40 请求时的入参: /pay/createOrder?amount=20110&currency=IDR&expectPayCodeType=0&merchantId=100119&orderNo=TestOrderNo_1700031820404&payChannel=38&payerName=test&payerPhone=081382826304&productId=2023&subject=TestSubject&version=1.0&sign=3037cbbebf16317f44c8c27a57bf9023
2023-11-15 15:03:43.556 | DEBUG    | lib.create_order1:post:98 - 2023-11-15 15:03:43 接口返回值: {'code': '88011', 'msg': 'this channel is not supported yet', 'sign': 'b7e92beac4690b68909353963d584abe', 'traceId': '4e6c210b775d4440a0dd8c75caf122f0'}
2023-11-15 15:03:43.557 | DEBUG    | lib.create_order1:post:93 - 2023-11-15 15:03:43 发起post请求:下单
2023-11-15 15:03:43.558 | DEBUG    | lib.create_order1:post:94 - 2023-11-15 15:03:43 请求时的入参: /pay/createOrder?amount=20101&currency=IDR&expectPayCodeType=0&merchantId=100119&orderNo=TestOrderNo_1700031823558&payChannel=38&payerName=test&payerPhone=081382826304&productId=2023&subject=TestSubject&version=1.0&sign=5b5bccdde38def9f7cd23f91d3b87b79
2023-11-15 15:03:44.492 | DEBUG    | lib.create_order1:post:98 - 2023-11-15 15:03:44 接口返回值: {'code': '88011', 'msg': 'this channel is not supported yet', 'sign': '97d89159140eb3b931d104d724f39e22', 'traceId': '22066430d1314920a1298e1a2c688662'}
2023-11-15 15:03:44.493 | DEBUG    | lib.create_order1:post:93 - 2023-11-15 15:03:44 发起post请求:下单
2023-11-15 15:03:44.494 | DEBUG    | lib.create_order1:post:94 - 2023-11-15 15:03:44 请求时的入参: /pay/createOrder?amount=20110&currency=IDR&expectPayCodeType=0&merchantId=100119&orderNo=TestOrderNo_1700031824493&payChannel=38&payerName=test&payerPhone=081382826304&productId=2023&subject=TestSubject&version=1.0&sign=1cf2b4d203012008723aad1096d2954e
2023-11-15 15:03:46.791 | DEBUG    | lib.create_order1:post:98 - 2023-11-15 15:03:46 接口返回值: {'code': '88011', 'msg': 'this channel is not supported yet', 'sign': 'a76ae01069a8be0f856e4d7391d97588', 'traceId': '3b39ce3368204fc9abbd45aca33779ad'}
2023-11-15 15:03:46.793 | DEBUG    | lib.create_order1:post:93 - 2023-11-15 15:03:46 发起post请求:下单
2023-11-15 15:03:46.793 | DEBUG    | lib.create_order1:post:94 - 2023-11-15 15:03:46 请求时的入参: /pay/createOrder?amount=20101&currency=IDR&expectPayCodeType=0&merchantId=100119&orderNo=TestOrderNo_1700031826794&payChannel=38&payerName=test&payerPhone=081382826304&productId=2023&subject=TestSubject&version=1.0&sign=1cd2bfd0443a15553da8efaae558e636
2023-11-15 15:03:48.673 | DEBUG    | lib.create_order1:post:98 - 2023-11-15 15:03:48 接口返回值: {'code': '88011', 'msg': 'this channel is not supported yet', 'sign': '222967d7285910361025634906a8e1df', 'traceId': '5e90445e68ef497382cd48c2305df979'}
2023-11-15 15:03:51.686 | DEBUG    | lib.create_order2:post:93 - 2023-11-15 15:03:51 发起post请求:下单
2023-11-15 15:03:51.687 | DEBUG    | lib.create_order2:post:94 - 2023-11-15 15:03:51 请求时的入参: /pay/createOrder?amount=20110&currency=IDR&expectPayCodeType=0&merchantId=100119&orderNo=TestOrderNo_1700031831686&payChannel=15&payerName=test&payerPhone=081382826301&productId=2023&subject=TestSubject&version=1.0&sign=371c16ccae9aa2e9b8016f6a6177fd8d
2023-11-15 15:03:52.851 | DEBUG    | lib.create_order2:post:98 - 2023-11-15 15:03:52 接口返回值: {'code': '200', 'msg': 'SUCCESS', 'sign': '49e672a6fd2009348e6f93d613305281', 'traceId': '5feaccb7e65f42e388cab853fc52bf51', 'orderNo': 'TestOrderNo_1700031831686', 'tradeNo': '10012023111514035200000012360', 'payCode': 'http://localhost:8080/walletPay?orderInfo=wU3NFGwK4395KeELxFzSVfIUOLJ8eyjkmh%2BrAesa2ljr3dEkieda6URruvlTnueC8W7RjeFr0Y3Uz7O91%2FccyOPkLC3DTALaDsHpXbY2YhBhHNLHxsGbpQnphCg0PkcNdr8ImkpE0ytifZOG9DW2JvNRhueTkdPDJn7GfDq2VtI%3D', 'payCodeType': '1', 'expireTime': '2023-11-15 15:03:52'}
2023-11-15 15:03:52.852 | DEBUG    | lib.create_order2:post:93 - 2023-11-15 15:03:52 发起post请求:下单
2023-11-15 15:03:52.853 | DEBUG    | lib.create_order2:post:94 - 2023-11-15 15:03:52 请求时的入参: /pay/createOrder?amount=20101&currency=IDR&expectPayCodeType=0&merchantId=100119&orderNo=TestOrderNo_1700031832852&payChannel=15&payerName=test&payerPhone=081382826301&productId=2023&subject=TestSubject&version=1.0&sign=b1a498a64b0622fb18f58ec68bedbed4
2023-11-15 15:03:54.739 | DEBUG    | lib.create_order2:post:98 - 2023-11-15 15:03:54 接口返回值: {'code': '200', 'msg': 'SUCCESS', 'sign': 'bbbadfa0777d9f9b640cd89e49331451', 'traceId': 'f551ea4190d14d46a341745d65dbb7b5', 'orderNo': 'TestOrderNo_1700031832852', 'tradeNo': '10012023111514035400000010360', 'payCode': 'http://localhost:8080/walletPay?orderInfo=wU3NFGwK4395KeELxFzSVfIUOLJ8eyjkmh%2BrAesa2ljr3dEkieda6URruvlTnueCoQeruHFpqTPs6%2BuNmrG2guPkLC3DTALaDsHpXbY2YhDM7zbvaui9hrxv9KyqjH487US0H38cgsYh399phQVJ6vNRhueTkdPDJn7GfDq2VtI%3D', 'payCodeType': '1', 'expireTime': '2023-11-15 15:03:54'}
2023-11-15 15:03:54.740 | DEBUG    | lib.create_order2:post:93 - 2023-11-15 15:03:54 发起post请求:下单
2023-11-15 15:03:54.740 | DEBUG    | lib.create_order2:post:94 - 2023-11-15 15:03:54 请求时的入参: /pay/createOrder?amount=20110&currency=IDR&expectPayCodeType=0&merchantId=100119&orderNo=TestOrderNo_1700031834741&payChannel=16&payerName=test&payerPhone=081382826301&productId=2023&subject=TestSubject&version=1.0&sign=7d7cbf3c338c0160238faeeb3db864cc
2023-11-15 15:03:58.093 | DEBUG    | lib.create_order2:post:98 - 2023-11-15 15:03:58 接口返回值: {'code': '200', 'msg': 'SUCCESS', 'sign': '3374edf2f4261d63575ce3161f99eb75', 'traceId': '6c310a824be542cba3d90d2fb6cac004', 'orderNo': 'TestOrderNo_1700031834741', 'tradeNo': '10012023111514035600000018360', 'payCode': 'some-random-qr-string', 'payCodeType': '1', 'expireTime': '2023-11-15 15:03:56'}
2023-11-15 15:03:58.094 | DEBUG    | lib.create_order2:post:93 - 2023-11-15 15:03:58 发起post请求:下单
2023-11-15 15:03:58.094 | DEBUG    | lib.create_order2:post:94 - 2023-11-15 15:03:58 请求时的入参: /pay/createOrder?amount=20101&currency=IDR&expectPayCodeType=0&merchantId=100119&orderNo=TestOrderNo_1700031838095&payChannel=16&payerName=test&payerPhone=081382826301&productId=2023&subject=TestSubject&version=1.0&sign=92741f79fd2df621a860c8589908a0a6
2023-11-15 15:04:00.582 | DEBUG    | lib.create_order2:post:98 - 2023-11-15 15:04:00 接口返回值: {'code': '200', 'msg': 'SUCCESS', 'sign': 'ef6f1f5acbf680e0f9f3704329c38b38', 'traceId': 'a9b822d7c7434053b2ed15df992a32a9', 'orderNo': 'TestOrderNo_1700031838095', 'tradeNo': '10012023111514035900000015360', 'payCode': 'some-random-qr-string', 'payCodeType': '1', 'expireTime': '2023-11-15 15:03:59'}
2023-11-15 15:04:00.584 | DEBUG    | lib.create_order2:post:93 - 2023-11-15 15:04:00 发起post请求:下单
2023-11-15 15:04:00.584 | DEBUG    | lib.create_order2:post:94 - 2023-11-15 15:04:00 请求时的入参: /pay/createOrder?amount=20110&currency=IDR&expectPayCodeType=0&merchantId=100119&orderNo=TestOrderNo_1700031840583&payChannel=17&payerName=test&payerPhone=081382826301&productId=2023&subject=TestSubject&version=1.0&sign=af9d8031ba0e409005a0f4de1f98c623
2023-11-15 15:04:03.049 | DEBUG    | lib.create_order2:post:98 - 2023-11-15 15:04:03 接口返回值: {'code': '200', 'msg': 'SUCCESS', 'sign': 'dd1aca2ffda0d948ecf090eda3c3bf88', 'traceId': 'a53d8051fc124b999fea5a2f2cc1f9de', 'orderNo': 'TestOrderNo_1700031840583', 'tradeNo': '10012023111514040100000013360', 'payCode': 'https://ewallet-mock-connector.xendit.co/v1/ewallet_connector/checkouts?token=cla6qon92mqmnvri22dg', 'payCodeType': '1', 'expireTime': '2023-11-15 15:04:01'}
2023-11-15 15:04:03.049 | DEBUG    | lib.create_order2:post:93 - 2023-11-15 15:04:03 发起post请求:下单
2023-11-15 15:04:03.050 | DEBUG    | lib.create_order2:post:94 - 2023-11-15 15:04:03 请求时的入参: /pay/createOrder?amount=20101&currency=IDR&expectPayCodeType=0&merchantId=100119&orderNo=TestOrderNo_1700031843050&payChannel=17&payerName=test&payerPhone=081382826301&productId=2023&subject=TestSubject&version=1.0&sign=61a99d27677066ac9514e75e70fd9c20
2023-11-15 15:04:05.744 | DEBUG    | lib.create_order2:post:98 - 2023-11-15 15:04:05 接口返回值: {'code': '200', 'msg': 'SUCCESS', 'sign': '8ce1849a42e80c1b72aa39f2eaf0e802', 'traceId': '4b8134f005d848e09922f3a947e44378', 'orderNo': 'TestOrderNo_1700031843050', 'tradeNo': '10012023111514040400000010360', 'payCode': 'https://ewallet-mock-connector.xendit.co/v1/ewallet_connector/checkouts?token=cla6qp792mqmnvri22e0', 'payCodeType': '1', 'expireTime': '2023-11-15 15:04:04'}
2023-11-15 15:04:05.745 | DEBUG    | lib.create_order2:post:93 - 2023-11-15 15:04:05 发起post请求:下单
2023-11-15 15:04:05.745 | DEBUG    | lib.create_order2:post:94 - 2023-11-15 15:04:05 请求时的入参: /pay/createOrder?amount=20110&currency=IDR&expectPayCodeType=0&merchantId=100119&orderNo=TestOrderNo_1700031845745&payChannel=18&payerName=test&payerPhone=081382826301&productId=2023&subject=TestSubject&version=1.0&sign=4a2ecf50bd82eb52d4b527243b14b554
2023-11-15 15:04:07.839 | DEBUG    | lib.create_order2:post:98 - 2023-11-15 15:04:07 接口返回值: {'code': '200', 'msg': 'SUCCESS', 'sign': '9ccf8e17d0ef1667a74bd7f7e6297012', 'traceId': 'e8f320560f764f5b869e5e8f2e808d6b', 'orderNo': 'TestOrderNo_1700031845745', 'tradeNo': '10012023111514040700000017360', 'payCode': 'http://localhost:8080/walletPay?orderInfo=wU3NFGwK4395KeELxFzSVbecmLSURWxf2pZTr%2B9WIvfj9vATXZW9nYliVR4DmaDt6Me4jRgoCs6PXCFdUzRazraN84b0E00l639dDw9btimoZKFV1ykY%2FM4unw2xDU4RsFDCmn73oCu120%2BVKmPd573tGYHRYdHvQpKVRN7phII%3D', 'payCodeType': '1', 'expireTime': '2023-11-15 15:04:07'}
2023-11-15 15:04:07.840 | DEBUG    | lib.create_order2:post:93 - 2023-11-15 15:04:07 发起post请求:下单
2023-11-15 15:04:07.840 | DEBUG    | lib.create_order2:post:94 - 2023-11-15 15:04:07 请求时的入参: /pay/createOrder?amount=20101&currency=IDR&expectPayCodeType=0&merchantId=100119&orderNo=TestOrderNo_1700031847840&payChannel=18&payerName=test&payerPhone=081382826301&productId=2023&subject=TestSubject&version=1.0&sign=93c55afe7d6f22734f48eb26542912e8
2023-11-15 15:04:09.542 | DEBUG    | lib.create_order2:post:98 - 2023-11-15 15:04:09 接口返回值: {'code': '200', 'msg': 'SUCCESS', 'sign': '0ffeea64ec9f38e83f59b3c8ac03904e', 'traceId': 'cb961244ce73431cbf1d461e77b93fcb', 'orderNo': 'TestOrderNo_1700031847840', 'tradeNo': '10012023111514040800000016360', 'payCode': 'http://localhost:8080/walletPay?orderInfo=wU3NFGwK4395KeELxFzSVbecmLSURWxf2pZTr%2B9WIvfj9vATXZW9nYliVR4DmaDtVZ%2FKSRN3BQiSG7nGyF06ULaN84b0E00l639dDw9btimoZKFV1ykY%2FM4unw2xDU4RRpKrARQbgK%2B7mUuODzg4wb3tGYHRYdHvQpKVRN7phII%3D', 'payCodeType': '1', 'expireTime': '2023-11-15 15:04:08'}
2023-11-15 15:04:09.543 | DEBUG    | lib.create_order2:post:93 - 2023-11-15 15:04:09 发起post请求:下单
2023-11-15 15:04:09.543 | DEBUG    | lib.create_order2:post:94 - 2023-11-15 15:04:09 请求时的入参: /pay/createOrder?amount=20110&currency=IDR&expectPayCodeType=0&merchantId=100119&orderNo=TestOrderNo_1700031849544&payChannel=19&payerName=test&payerPhone=081382826301&productId=2023&subject=TestSubject&version=1.0&sign=c4c97c3024e9a96a36412b2c128372c2
2023-11-15 15:04:11.158 | DEBUG    | lib.create_order2:post:98 - 2023-11-15 15:04:11 接口返回值: {'code': '200', 'msg': 'SUCCESS', 'sign': 'f94ffb277c38129c348257db476bdf29', 'traceId': 'e3e35a9956e9400bb71b8a4e3b062267', 'orderNo': 'TestOrderNo_1700031849544', 'tradeNo': '10012023111514040900000015360', 'payCode': 'https://ewallet-mock-connector.xendit.co/v1/ewallet_connector/checkouts?token=cla6qqkd35k7ri136fb0', 'payCodeType': '1', 'expireTime': '2023-11-15 15:04:09'}
2023-11-15 15:04:11.159 | DEBUG    | lib.create_order2:post:93 - 2023-11-15 15:04:11 发起post请求:下单
2023-11-15 15:04:11.159 | DEBUG    | lib.create_order2:post:94 - 2023-11-15 15:04:11 请求时的入参: /pay/createOrder?amount=20101&currency=IDR&expectPayCodeType=0&merchantId=100119&orderNo=TestOrderNo_1700031851160&payChannel=19&payerName=test&payerPhone=081382826301&productId=2023&subject=TestSubject&version=1.0&sign=19fee9f0211d32a18d9e1442630f6c42
2023-11-15 15:04:13.603 | DEBUG    | lib.create_order2:post:98 - 2023-11-15 15:04:13 接口返回值: {'code': '200', 'msg': 'SUCCESS', 'sign': '5cad3220aeada60b43a4eb49079d23ef', 'traceId': '757db460fa9c4faeaabae9e77514d3fa', 'orderNo': 'TestOrderNo_1700031851160', 'tradeNo': '10012023111514041200000010360', 'payCode': 'https://ewallet-mock-connector.xendit.co/v1/ewallet_connector/checkouts?token=cla6qr792mqmnvri22f0', 'payCodeType': '1', 'expireTime': '2023-11-15 15:04:12'}
2023-11-15 15:04:13.604 | DEBUG    | lib.create_order2:post:93 - 2023-11-15 15:04:13 发起post请求:下单
2023-11-15 15:04:13.604 | DEBUG    | lib.create_order2:post:94 - 2023-11-15 15:04:13 请求时的入参: /pay/createOrder?amount=20110&currency=IDR&expectPayCodeType=0&merchantId=100119&orderNo=TestOrderNo_1700031853604&payChannel=12&payerName=test&payerPhone=081382826301&productId=2023&subject=TestSubject&version=1.0&sign=1cd95b5f1ebcae66007e891f2f3520fc
2023-11-15 15:04:17.044 | DEBUG    | lib.create_order2:post:98 - 2023-11-15 15:04:17 接口返回值: {'code': '200', 'msg': 'SUCCESS', 'sign': 'af0112a10a31479e725145a92ab2c53d', 'traceId': '6312c82b6d0d4b119c570b5fb88c7ec6', 'orderNo': 'TestOrderNo_1700031853604', 'tradeNo': '10012023111514041400000018360', 'payCode': '929719954', 'payCodeType': '0', 'expireTime': '2023-11-16 14:04:14'}
2023-11-15 15:04:17.044 | DEBUG    | lib.create_order2:post:93 - 2023-11-15 15:04:17 发起post请求:下单
2023-11-15 15:04:17.044 | DEBUG    | lib.create_order2:post:94 - 2023-11-15 15:04:17 请求时的入参: /pay/createOrder?amount=20101&currency=IDR&expectPayCodeType=0&merchantId=100119&orderNo=TestOrderNo_1700031857044&payChannel=12&payerName=test&payerPhone=081382826301&productId=2023&subject=TestSubject&version=1.0&sign=7b7e16fa8e008a686bac8e922062a409
2023-11-15 15:04:20.113 | DEBUG    | lib.create_order2:post:98 - 2023-11-15 15:04:20 接口返回值: {'code': '200', 'msg': 'SUCCESS', 'sign': 'c86977f6fdc9d6cb6719717f5a3c0681', 'traceId': '99a69f37e3da40369cee0e3fa5b29f36', 'orderNo': 'TestOrderNo_1700031857044', 'tradeNo': '10012023111514041800000014360', 'payCode': '929937425', 'payCodeType': '0', 'expireTime': '2023-11-16 14:04:18'}
2023-11-15 15:04:20.114 | DEBUG    | lib.create_order2:post:93 - 2023-11-15 15:04:20 发起post请求:下单
2023-11-15 15:04:20.114 | DEBUG    | lib.create_order2:post:94 - 2023-11-15 15:04:20 请求时的入参: /pay/createOrder?amount=20110&currency=IDR&expectPayCodeType=0&merchantId=100119&orderNo=TestOrderNo_1700031860114&payChannel=1&payerName=test&payerPhone=081382826301&productId=2023&subject=TestSubject&version=1.0&sign=f18ef1d8f5bb349b45ed9c6bf1e9b66f
2023-11-15 15:04:21.292 | DEBUG    | lib.create_order2:post:98 - 2023-11-15 15:04:21 接口返回值: {'code': '200', 'msg': 'SUCCESS', 'sign': 'b2ceb02608478180e00201be685f0549', 'traceId': 'ace9091f78384627bfa9766f35d01e1d', 'orderNo': 'TestOrderNo_1700031860114', 'tradeNo': '10012023111514042000000010360', 'payCode': 'http://localhost:8080/cardPay?orderInfo=wU3NFGwK4395KeELxFzSVftAPWe%2Fawqt6m6eTf%2BxuK4i4n6f5VQCcw%2FN8b6ApVwbE6GDSwn0jRjI%2FNvpxEPynStqTc9NSRsG62JafeUvpb1G2OA7b4GFBkZ%2BfKX8WR%2FlhJg6K84P14aLGxbNp8i2Gr%2FegtdF5xtYx67j%2B0iwKsI%3D', 'payCodeType': '1', 'expireTime': '2023-11-16 14:04:20'}
2023-11-15 15:04:21.293 | DEBUG    | lib.create_order2:post:93 - 2023-11-15 15:04:21 发起post请求:下单
2023-11-15 15:04:21.294 | DEBUG    | lib.create_order2:post:94 - 2023-11-15 15:04:21 请求时的入参: /pay/createOrder?amount=20101&currency=IDR&expectPayCodeType=0&merchantId=100119&orderNo=TestOrderNo_1700031861294&payChannel=1&payerName=test&payerPhone=081382826301&productId=2023&subject=TestSubject&version=1.0&sign=07de5661f0a64a79139e990cefdf1855
2023-11-15 15:04:22.448 | DEBUG    | lib.create_order2:post:98 - 2023-11-15 15:04:22 接口返回值: {'code': '200', 'msg': 'SUCCESS', 'sign': '1b16b6fc70f8c81fad6b838d86130732', 'traceId': '37c8cad5949a4f0d9dbf8c99701ab766', 'orderNo': 'TestOrderNo_1700031861294', 'tradeNo': '10012023111514042100000019360', 'payCode': 'http://localhost:8080/cardPay?orderInfo=wU3NFGwK4395KeELxFzSVftAPWe%2Fawqt6m6eTf%2BxuK4i4n6f5VQCcw%2FN8b6ApVwbwRIqZQyE5j3NrTBrqsN2Yc6ywtq7FRJwuwaEUqmMMXpG2OA7b4GFBkZ%2BfKX8WR%2Fl9ix24mAVuUKWxzEVf%2BAW%2FSLbiLDSmPFxESEvEUrvLCE%3D', 'payCodeType': '1', 'expireTime': '2023-11-16 14:04:21'}
2023-11-15 15:04:22.449 | DEBUG    | lib.create_order2:post:93 - 2023-11-15 15:04:22 发起post请求:下单
2023-11-15 15:04:22.450 | DEBUG    | lib.create_order2:post:94 - 2023-11-15 15:04:22 请求时的入参: /pay/createOrder?amount=20110&currency=IDR&expectPayCodeType=0&merchantId=100119&orderNo=TestOrderNo_1700031862450&payChannel=3&payerName=test&payerPhone=081382826301&productId=2023&subject=TestSubject&version=1.0&sign=45345fd04b4ffe3398b537f485a29dc0
2023-11-15 15:04:26.344 | DEBUG    | lib.create_order2:post:98 - 2023-11-15 15:04:26 接口返回值: {'code': '200', 'msg': 'SUCCESS', 'sign': '70079bff55f12cdd409601d5cf717cc4', 'traceId': '3b4fe0befaa14b41b45e59f181ade0da', 'orderNo': 'TestOrderNo_1700031862450', 'tradeNo': '10012023111514042300000017360', 'payCode': '82149999478444', 'payCodeType': '0', 'expireTime': '2023-11-16 06:46:03'}
2023-11-15 15:04:26.344 | DEBUG    | lib.create_order2:post:93 - 2023-11-15 15:04:26 发起post请求:下单
2023-11-15 15:04:26.345 | DEBUG    | lib.create_order2:post:94 - 2023-11-15 15:04:26 请求时的入参: /pay/createOrder?amount=20101&currency=IDR&expectPayCodeType=0&merchantId=100119&orderNo=TestOrderNo_1700031866345&payChannel=3&payerName=test&payerPhone=081382826301&productId=2023&subject=TestSubject&version=1.0&sign=8f96b789bce5d052c4ac562b65ca30fb
2023-11-15 15:04:29.082 | DEBUG    | lib.create_order2:post:98 - 2023-11-15 15:04:29 接口返回值: {'code': '200', 'msg': 'SUCCESS', 'sign': 'd0c0a68d7dab279f014bdd1e73521c29', 'traceId': '4903dce3f8ed41308deb25de4bec7f59', 'orderNo': 'TestOrderNo_1700031866345', 'tradeNo': '10012023111514042700000013360', 'payCode': '82149999788860', 'payCodeType': '0', 'expireTime': '2023-11-16 06:46:07'}
2023-11-15 15:04:29.083 | DEBUG    | lib.create_order2:post:93 - 2023-11-15 15:04:29 发起post请求:下单
2023-11-15 15:04:29.083 | DEBUG    | lib.create_order2:post:94 - 2023-11-15 15:04:29 请求时的入参: /pay/createOrder?amount=20110&currency=IDR&expectPayCodeType=0&merchantId=100119&orderNo=TestOrderNo_1700031869082&payChannel=4&payerName=test&payerPhone=081382826301&productId=2023&subject=TestSubject&version=1.0&sign=886b70cad10cc721dff67af8e3d65acc
2023-11-15 15:04:32.845 | DEBUG    | lib.create_order2:post:98 - 2023-11-15 15:04:32 接口返回值: {'code': '200', 'msg': 'SUCCESS', 'sign': '11311c48b623a1b0a4030f446bbb5566', 'traceId': 'c5767d1026b44a84871aa447a05cbd13', 'orderNo': 'TestOrderNo_1700031869082', 'tradeNo': '10012023111514043100000017360', 'payCode': '8808999975260411', 'payCodeType': '0', 'expireTime': '2023-11-16 06:46:11'}
2023-11-15 15:04:32.846 | DEBUG    | lib.create_order2:post:93 - 2023-11-15 15:04:32 发起post请求:下单
2023-11-15 15:04:32.846 | DEBUG    | lib.create_order2:post:94 - 2023-11-15 15:04:32 请求时的入参: /pay/createOrder?amount=20101&currency=IDR&expectPayCodeType=0&merchantId=100119&orderNo=TestOrderNo_1700031872846&payChannel=4&payerName=test&payerPhone=081382826301&productId=2023&subject=TestSubject&version=1.0&sign=0328920b59df419e895aec84c0ba29b8
2023-11-15 15:04:34.689 | DEBUG    | lib.create_order2:post:98 - 2023-11-15 15:04:34 接口返回值: {'code': '200', 'msg': 'SUCCESS', 'sign': '5669c900fae80803835c4fd747fe8e35', 'traceId': 'ec27655fc6ff44eea959e23bd57713c6', 'orderNo': 'TestOrderNo_1700031872846', 'tradeNo': '10012023111514043300000015360', 'payCode': '8808999975029682', 'payCodeType': '0', 'expireTime': '2023-11-16 06:46:13'}
2023-11-15 15:04:34.690 | DEBUG    | lib.create_order2:post:93 - 2023-11-15 15:04:34 发起post请求:下单
2023-11-15 15:04:34.691 | DEBUG    | lib.create_order2:post:94 - 2023-11-15 15:04:34 请求时的入参: /pay/createOrder?amount=20110&currency=IDR&expectPayCodeType=0&merchantId=100119&orderNo=TestOrderNo_1700031874690&payChannel=5&payerName=test&payerPhone=081382826301&productId=2023&subject=TestSubject&version=1.0&sign=8d8421ac6a4144027e17530e888e8818
2023-11-15 15:04:38.909 | DEBUG    | lib.create_order2:post:98 - 2023-11-15 15:04:38 接口返回值: {'code': '88011', 'msg': 'this channel is not supported yet', 'sign': '0cc1501e15bf3f68dc34409a0bcd9139', 'traceId': 'a5362b7663034cdcafc85174cb338d4b'}
2023-11-15 15:04:38.910 | DEBUG    | lib.create_order2:post:93 - 2023-11-15 15:04:38 发起post请求:下单
2023-11-15 15:04:38.911 | DEBUG    | lib.create_order2:post:94 - 2023-11-15 15:04:38 请求时的入参: /pay/createOrder?amount=20101&currency=IDR&expectPayCodeType=0&merchantId=100119&orderNo=TestOrderNo_1700031878911&payChannel=5&payerName=test&payerPhone=081382826301&productId=2023&subject=TestSubject&version=1.0&sign=e01ecb9e9cb1453a99a6dc445b0f3f8b
2023-11-15 15:04:40.840 | DEBUG    | lib.create_order2:post:98 - 2023-11-15 15:04:40 接口返回值: {'code': '88011', 'msg': 'this channel is not supported yet', 'sign': '1366c4ccbe248d685f6520d929efd31e', 'traceId': '4c036b64b831446c9f1a20fc71f9b32b'}
2023-11-15 15:04:40.841 | DEBUG    | lib.create_order2:post:93 - 2023-11-15 15:04:40 发起post请求:下单
2023-11-15 15:04:40.841 | DEBUG    | lib.create_order2:post:94 - 2023-11-15 15:04:40 请求时的入参: /pay/createOrder?amount=20110&currency=IDR&expectPayCodeType=0&merchantId=100119&orderNo=TestOrderNo_1700031880842&payChannel=6&payerName=test&payerPhone=081382826301&productId=2023&subject=TestSubject&version=1.0&sign=6eec9761f9a0394281fd841a9c0896d0
2023-11-15 15:04:42.793 | DEBUG    | lib.create_order2:post:98 - 2023-11-15 15:04:42 接口返回值: {'code': '88011', 'msg': 'this channel is not supported yet', 'sign': '26ff26d32cfcc430e207559a77e00ed9', 'traceId': '3fcd370c261e4be9b5d9184cd41fb27f'}
2023-11-15 15:04:42.794 | DEBUG    | lib.create_order2:post:93 - 2023-11-15 15:04:42 发起post请求:下单
2023-11-15 15:04:42.794 | DEBUG    | lib.create_order2:post:94 - 2023-11-15 15:04:42 请求时的入参: /pay/createOrder?amount=20101&currency=IDR&expectPayCodeType=0&merchantId=100119&orderNo=TestOrderNo_1700031882795&payChannel=6&payerName=test&payerPhone=081382826301&productId=2023&subject=TestSubject&version=1.0&sign=a110957262dc12e5a09da4019354a521
2023-11-15 15:04:43.956 | DEBUG    | lib.create_order2:post:98 - 2023-11-15 15:04:43 接口返回值: {'code': '88011', 'msg': 'this channel is not supported yet', 'sign': '503d210c49d9a45e090c15d7d60d41be', 'traceId': '83194abbf61c4baf8a4e4864ca1d6441'}
2023-11-15 15:04:43.958 | DEBUG    | lib.create_order2:post:93 - 2023-11-15 15:04:43 发起post请求:下单
2023-11-15 15:04:43.958 | DEBUG    | lib.create_order2:post:94 - 2023-11-15 15:04:43 请求时的入参: /pay/createOrder?amount=20110&currency=IDR&expectPayCodeType=0&merchantId=100119&orderNo=TestOrderNo_1700031883958&payChannel=9&payerName=test&payerPhone=081382826301&productId=2023&subject=TestSubject&version=1.0&sign=2a2e3a0e7ea95a2b0dc61f4fc72b8820
2023-11-15 15:04:46.705 | DEBUG    | lib.create_order2:post:98 - 2023-11-15 15:04:46 接口返回值: {'code': '200', 'msg': 'SUCCESS', 'sign': '6608ad3e7beac6d145d66dea771e7a8e', 'traceId': 'cb258c7b51c245e5ad20258770cff51b', 'orderNo': 'TestOrderNo_1700031883958', 'tradeNo': '10012023111514044500000011360', 'payCode': '262159999303577', 'payCodeType': '0', 'expireTime': '2023-11-16 06:46:25'}
2023-11-15 15:04:46.706 | DEBUG    | lib.create_order2:post:93 - 2023-11-15 15:04:46 发起post请求:下单
2023-11-15 15:04:46.706 | DEBUG    | lib.create_order2:post:94 - 2023-11-15 15:04:46 请求时的入参: /pay/createOrder?amount=20101&currency=IDR&expectPayCodeType=0&merchantId=100119&orderNo=TestOrderNo_1700031886707&payChannel=9&payerName=test&payerPhone=081382826301&productId=2023&subject=TestSubject&version=1.0&sign=7260709006bfb48472981f6e68ed486b
2023-11-15 15:04:49.268 | DEBUG    | lib.create_order2:post:98 - 2023-11-15 15:04:49 接口返回值: {'code': '200', 'msg': 'SUCCESS', 'sign': 'abc75c76c92f05ea6f0223ef80d5e6eb', 'traceId': 'f74928b7cde044879d7ac5a35998292a', 'orderNo': 'TestOrderNo_1700031886707', 'tradeNo': '10012023111514044700000019360', 'payCode': '262159999199535', 'payCodeType': '0', 'expireTime': '2023-11-16 06:46:27'}
