2023-03-29 11:37:28.785 | DEBUG    | lib.create_order1:post:95 - 2023-03-29 11:37:28 发起post请求:下单
2023-03-29 11:37:28.786 | DEBUG    | lib.create_order1:post:96 - 2023-03-29 11:37:28 请求时的入参: /pay/createOrder?amount=10000&currency=IDR&expectPayCodeType=0&merchantId=100119&orderNo=TestOrderNo_1680061048784&payChannel=15&payerName=test&payerPhone=081382826301&productId=2023&subject=TestSubject&version=1.0&sign=c87c1aa6892b094afae7e23402e179bd
2023-03-29 11:37:30.408 | DEBUG    | lib.create_order1:post:100 - 2023-03-29 11:37:30 接口返回值: {'code': '200', 'msg': 'SUCCESS', 'sign': '09b16bdcace29a4b80c11a59f3b618e2', 'orderNo': 'TestOrderNo_1680061048784', 'tradeNo': '10012023032910373070700009', 'payCode': 'https://checkouttest.allopayment.com/walletPay?orderInfo=wU3NFGwK4395KeELxFzSVfIUOLJ8eyjkmh%2BrAesa2ljsmllDzJx%2FvOVS32JXbqb5S19pcUS9B%2FLjfC2ibq1JU%2FgsM3UZ2SS5%2F%2BF1QkhdPpCG8hfe4ZmcOlxgcrQWvU0MlSlpMW2%2Bd8Lpw4HdwFtT5EN4QKbjhAXs3VIQQ0YguXA%3D', 'payCodeType': '1', 'expireTime': '2023-03-29 11:37:30'}
2023-03-29 11:37:30.409 | DEBUG    | lib.create_order1:post:95 - 2023-03-29 11:37:30 发起post请求:下单
2023-03-29 11:37:30.409 | DEBUG    | lib.create_order1:post:96 - 2023-03-29 11:37:30 请求时的入参: /pay/createOrder?amount=20101&currency=IDR&expectPayCodeType=0&merchantId=100119&orderNo=TestOrderNo_1680061050410&payChannel=15&payerName=test&payerPhone=081382826301&productId=2023&subject=TestSubject&version=1.0&sign=8db06d14a522dd0ab0b798060855b65f
2023-03-29 11:37:31.717 | DEBUG    | lib.create_order1:post:100 - 2023-03-29 11:37:31 接口返回值: {'code': '200', 'msg': 'SUCCESS', 'sign': 'd9420d0b2bea8f2b54ca537b7877c000', 'orderNo': 'TestOrderNo_1680061050410', 'tradeNo': '10012023032910373202700000', 'payCode': 'https://checkouttest.allopayment.com/walletPay?orderInfo=wU3NFGwK4395KeELxFzSVfIUOLJ8eyjkmh%2BrAesa2ljsmllDzJx%2FvOVS32JXbqb5h5gyYvIqmhPiLWDQ%2B9fdwvgsM3UZ2SS5%2F%2BF1QkhdPpC5x6cYwXKznA4z4VZAAOWZtNGL0hs1d7dGt%2Flzhy9WXUN4QKbjhAXs3VIQQ0YguXA%3D', 'payCodeType': '1', 'expireTime': '2023-03-29 11:37:32'}
2023-03-29 11:37:31.718 | DEBUG    | lib.create_order1:post:95 - 2023-03-29 11:37:31 发起post请求:下单
2023-03-29 11:37:31.718 | DEBUG    | lib.create_order1:post:96 - 2023-03-29 11:37:31 请求时的入参: /pay/createOrder?amount=10000&currency=IDR&expectPayCodeType=0&merchantId=100119&orderNo=TestOrderNo_1680061051719&payChannel=16&payerName=test&payerPhone=081382826301&productId=2023&subject=TestSubject&version=1.0&sign=21eee07833c5312aa4d6e19ab4704019
2023-03-29 11:37:34.219 | DEBUG    | lib.create_order1:post:100 - 2023-03-29 11:37:34 接口返回值: {'code': '200', 'msg': 'SUCCESS', 'sign': '74eb5c5b0cf69d348136b500fe9851b1', 'orderNo': 'TestOrderNo_1680061051719', 'tradeNo': '10012023032910373338200008', 'payCode': 'some-random-qr-string', 'payCodeType': '1', 'expireTime': '2023-03-29 11:37:33'}
2023-03-29 11:37:34.221 | DEBUG    | lib.create_order1:post:95 - 2023-03-29 11:37:34 发起post请求:下单
2023-03-29 11:37:34.221 | DEBUG    | lib.create_order1:post:96 - 2023-03-29 11:37:34 请求时的入参: /pay/createOrder?amount=10000&currency=IDR&expectPayCodeType=0&merchantId=100119&orderNo=TestOrderNo_1680061054221&payChannel=17&payerName=test&payerPhone=081382826301&productId=2023&subject=TestSubject&version=1.0&sign=56070aa6e93ad34ddba6da1276fe2137
2023-03-29 11:37:36.589 | DEBUG    | lib.create_order1:post:100 - 2023-03-29 11:37:36 接口返回值: {'code': '200', 'msg': 'SUCCESS', 'sign': 'b4f5c457f0b1c20b14e552dee14b68c7', 'orderNo': 'TestOrderNo_1680061054221', 'tradeNo': '10012023032910373588300003', 'payCode': 'https://checkouttest.allopayment.com/mock?orderInfo=PkKE5VRzA2NqiSDiRdeoWYtBkI2a5NC8XsXmB2n2BGKmPTQ%2Fo9HmQoyHNBU3dadY53REbrRfIjPu2FcD7k4PPw%3D%3D', 'payCodeType': '1', 'expireTime': '2023-03-29 11:37:35'}
2023-03-29 11:37:36.589 | DEBUG    | lib.create_order1:post:95 - 2023-03-29 11:37:36 发起post请求:下单
2023-03-29 11:37:36.590 | DEBUG    | lib.create_order1:post:96 - 2023-03-29 11:37:36 请求时的入参: /pay/createOrder?amount=10000&currency=IDR&expectPayCodeType=0&merchantId=100119&orderNo=TestOrderNo_1680061056589&payChannel=18&payerName=test&payerPhone=081382826301&productId=2023&subject=TestSubject&version=1.0&sign=900e09f65eae1c852186d7f5433445eb
2023-03-29 14:11:04.629 | DEBUG    | lib.create_order1:post:95 - 2023-03-29 14:11:04 发起post请求:下单
2023-03-29 14:11:04.629 | DEBUG    | lib.create_order1:post:96 - 2023-03-29 14:11:04 请求时的入参: /pay/createOrder?amount=10000&currency=IDR&expectPayCodeType=0&merchantId=100119&orderNo=TestOrderNo_1680070264630&payChannel=15&payerName=test&payerPhone=081382826301&productId=2023&subject=TestSubject&version=1.0&sign=e878c564e5de275ca4c4c2d18f0ec7df
2023-03-29 14:11:06.227 | DEBUG    | lib.create_order1:post:100 - 2023-03-29 14:11:06 接口返回值: {'code': '200', 'msg': 'SUCCESS', 'sign': 'e293fc6365e4f6c1bf9293a3309e2fe3', 'orderNo': 'TestOrderNo_1680070264630', 'tradeNo': '10012023032913110656000009', 'payCode': 'https://checkouttest.allopayment.com/walletPay?orderInfo=wU3NFGwK4395KeELxFzSVfIUOLJ8eyjkmh%2BrAesa2lgwXZgwqdAEBfPSXQ0MJGjoQUKfNJMaOFs6qTtmmyAI6PgsM3UZ2SS5%2F%2BF1QkhdPpC323556gG60F1hScDSRPA%2BlSlpMW2%2Bd8Lpw4HdwFtT5EN4QKbjhAXs3VIQQ0YguXA%3D', 'payCodeType': '1', 'expireTime': '2023-03-29 14:11:06'}
2023-03-29 14:11:06.227 | DEBUG    | lib.create_order1:post:95 - 2023-03-29 14:11:06 发起post请求:下单
2023-03-29 14:11:06.227 | DEBUG    | lib.create_order1:post:96 - 2023-03-29 14:11:06 请求时的入参: /pay/createOrder?amount=20101&currency=IDR&expectPayCodeType=0&merchantId=100119&orderNo=TestOrderNo_1680070266228&payChannel=15&payerName=test&payerPhone=081382826301&productId=2023&subject=TestSubject&version=1.0&sign=7863b2fbd118c9efed8724b3a36afe34
2023-03-29 14:11:07.583 | DEBUG    | lib.create_order1:post:100 - 2023-03-29 14:11:07 接口返回值: {'code': '200', 'msg': 'SUCCESS', 'sign': 'deea5a633093f607f894e591112c94a4', 'orderNo': 'TestOrderNo_1680070266228', 'tradeNo': '10012023032913110792300008', 'payCode': 'https://checkouttest.allopayment.com/walletPay?orderInfo=wU3NFGwK4395KeELxFzSVfIUOLJ8eyjkmh%2BrAesa2lgwXZgwqdAEBfPSXQ0MJGjoAudJYYikq8agSlMvjFmkCPgsM3UZ2SS5%2F%2BF1QkhdPpC3aC45HeFclXcdxbFNxvHBtNGL0hs1d7dGt%2Flzhy9WXUN4QKbjhAXs3VIQQ0YguXA%3D', 'payCodeType': '1', 'expireTime': '2023-03-29 14:11:07'}
2023-03-29 14:11:07.584 | DEBUG    | lib.create_order1:post:95 - 2023-03-29 14:11:07 发起post请求:下单
2023-03-29 14:11:07.584 | DEBUG    | lib.create_order1:post:96 - 2023-03-29 14:11:07 请求时的入参: /pay/createOrder?amount=10000&currency=IDR&expectPayCodeType=0&merchantId=100119&orderNo=TestOrderNo_1680070267584&payChannel=16&payerName=test&payerPhone=081382826301&productId=2023&subject=TestSubject&version=1.0&sign=a81f40ac1c63de248ca07195883341ea
2023-03-29 14:11:10.611 | DEBUG    | lib.create_order1:post:100 - 2023-03-29 14:11:10 接口返回值: {'code': '200', 'msg': 'SUCCESS', 'sign': '7165d94942b0c3e004f01fb06d8c5e49', 'orderNo': 'TestOrderNo_1680070267584', 'tradeNo': '10012023032913110975400005', 'payCode': 'some-random-qr-string', 'payCodeType': '1', 'expireTime': '2023-03-29 14:11:09'}
2023-03-29 14:11:10.612 | DEBUG    | lib.create_order1:post:95 - 2023-03-29 14:11:10 发起post请求:下单
2023-03-29 14:11:10.612 | DEBUG    | lib.create_order1:post:96 - 2023-03-29 14:11:10 请求时的入参: /pay/createOrder?amount=10000&currency=IDR&expectPayCodeType=0&merchantId=100119&orderNo=TestOrderNo_1680070270612&payChannel=17&payerName=test&payerPhone=081382826301&productId=2023&subject=TestSubject&version=1.0&sign=4213c784d68ac24e2460e116727d225f
2023-03-29 14:11:12.449 | DEBUG    | lib.create_order1:post:100 - 2023-03-29 14:11:12 接口返回值: {'code': '200', 'msg': 'SUCCESS', 'sign': 'f6f38f6f5c591b8e7fa0146e91f5e432', 'orderNo': 'TestOrderNo_1680070270612', 'tradeNo': '10012023032913111173500000', 'payCode': 'https://checkouttest.allopayment.com/mock?orderInfo=PkKE5VRzA2NqiSDiRdeoWYtBkI2a5NC8XsXmB2n2BGJAhU%2FRL4tZ%2Fl87dAIP07Ua53REbrRfIjPu2FcD7k4PPw%3D%3D', 'payCodeType': '1', 'expireTime': '2023-03-29 14:11:11'}
2023-03-29 14:11:12.450 | DEBUG    | lib.create_order1:post:95 - 2023-03-29 14:11:12 发起post请求:下单
2023-03-29 14:11:12.450 | DEBUG    | lib.create_order1:post:96 - 2023-03-29 14:11:12 请求时的入参: /pay/createOrder?amount=10000&currency=IDR&expectPayCodeType=0&merchantId=100119&orderNo=TestOrderNo_1680070272451&payChannel=18&payerName=test&payerPhone=081382826301&productId=2023&subject=TestSubject&version=1.0&sign=27ea43ae7e9446bdba7abde1942478fc
2023-03-29 14:11:13.817 | DEBUG    | lib.create_order1:post:100 - 2023-03-29 14:11:13 接口返回值: {'code': '200', 'msg': 'SUCCESS', 'sign': 'ff09ca92c063bb566773ffe98f34c640', 'orderNo': 'TestOrderNo_1680070272451', 'tradeNo': '10012023032913111415700004', 'payCode': 'https://checkouttest.allopayment.com/mock?orderInfo=PkKE5VRzA2NqiSDiRdeoWYtBkI2a5NC8XsXmB2n2BGJHegVIvDuv7c%2FVDvL4MF7F53REbrRfIjPu2FcD7k4PPw%3D%3D', 'payCodeType': '1', 'expireTime': '2023-03-29 14:11:14'}
2023-03-29 14:11:13.818 | DEBUG    | lib.create_order1:post:95 - 2023-03-29 14:11:13 发起post请求:下单
2023-03-29 14:11:13.818 | DEBUG    | lib.create_order1:post:96 - 2023-03-29 14:11:13 请求时的入参: /pay/createOrder?amount=10000&currency=IDR&expectPayCodeType=0&merchantId=100119&orderNo=TestOrderNo_1680070273818&payChannel=19&payerName=test&payerPhone=081382826301&productId=2023&subject=TestSubject&version=1.0&sign=d94ad792f7a75fee60cc8c24f377bf9b
2023-03-29 14:11:16.299 | DEBUG    | lib.create_order1:post:100 - 2023-03-29 14:11:16 接口返回值: {'code': '200', 'msg': 'SUCCESS', 'sign': 'f7036e8c1303ec4060e3a3b2434f5083', 'orderNo': 'TestOrderNo_1680070273818', 'tradeNo': '10012023032913111556200004', 'payCode': 'https://checkouttest.allopayment.com/mock?orderInfo=PkKE5VRzA2NqiSDiRdeoWYtBkI2a5NC8XsXmB2n2BGLYcbe5EvmmDiBsnj%2BV9QA253REbrRfIjPu2FcD7k4PPw%3D%3D', 'payCodeType': '1', 'expireTime': '2023-03-29 14:11:15'}
2023-03-29 14:11:16.300 | DEBUG    | lib.create_order1:post:95 - 2023-03-29 14:11:16 发起post请求:下单
2023-03-29 14:11:16.301 | DEBUG    | lib.create_order1:post:96 - 2023-03-29 14:11:16 请求时的入参: /pay/createOrder?amount=10000&currency=IDR&expectPayCodeType=0&merchantId=100119&orderNo=TestOrderNo_1680070276301&payChannel=1&payerName=test&payerPhone=081382826301&productId=2023&subject=TestSubject&version=1.0&sign=87f13a14161a187f90b6e5c5cc5ea9eb
2023-03-29 14:11:17.079 | DEBUG    | lib.create_order1:post:100 - 2023-03-29 14:11:17 接口返回值: {'code': '200', 'msg': 'SUCCESS', 'sign': '5f587dea16d53a886665458794a92873', 'orderNo': 'TestOrderNo_1680070276301', 'tradeNo': '10012023032913111741700009', 'payCode': 'https://checkouttest.allopayment.com/cardPay?orderInfo=wU3NFGwK4395KeELxFzSVftAPWe%2Fawqt6m6eTf%2BxuK4i4n6f5VQCcw%2FN8b6ApVwbMI6PSpHKZQ5t4T4pWri2ds3GG9COF6YqxyzatMNFEDfPKsgTzWS9bT%2Fkk8SfscV7cmbz8fZo2ZtGhzVF35khiXrlKH7n2TLHTOTrC7j%2F9TU%3D', 'payCodeType': '1', 'expireTime': '2023-03-30 13:11:17'}
2023-03-29 14:11:17.080 | DEBUG    | lib.create_order1:post:95 - 2023-03-29 14:11:17 发起post请求:下单
2023-03-29 14:11:17.080 | DEBUG    | lib.create_order1:post:96 - 2023-03-29 14:11:17 请求时的入参: /pay/createOrder?amount=10000&currency=IDR&expectPayCodeType=0&merchantId=100119&orderNo=TestOrderNo_1680070277081&payChannel=3&payerName=test&payerPhone=081382826301&productId=2023&subject=TestSubject&version=1.0&sign=c996d6cfdc7465c4036d12c3563bd869
2023-03-29 14:11:19.896 | DEBUG    | lib.create_order1:post:100 - 2023-03-29 14:11:19 接口返回值: {'code': '200', 'msg': 'SUCCESS', 'sign': '7c8030cd8dcfc5e4b7e808744260306e', 'orderNo': 'TestOrderNo_1680070277081', 'tradeNo': '10012023032913111883500001', 'payCode': '72939999762461', 'payCodeType': '0', 'expireTime': '2023-03-30 05:52:58'}
2023-03-29 14:11:19.898 | DEBUG    | lib.create_order1:post:95 - 2023-03-29 14:11:19 发起post请求:下单
2023-03-29 14:11:19.898 | DEBUG    | lib.create_order1:post:96 - 2023-03-29 14:11:19 请求时的入参: /pay/createOrder?amount=10000&currency=IDR&expectPayCodeType=0&merchantId=100119&orderNo=TestOrderNo_1680070279898&payChannel=4&payerName=test&payerPhone=081382826301&productId=2023&subject=TestSubject&version=1.0&sign=44eeab5212c11011126a849d6915317c
2023-03-29 14:11:22.681 | DEBUG    | lib.create_order1:post:100 - 2023-03-29 14:11:22 接口返回值: {'code': '200', 'msg': 'SUCCESS', 'sign': '516597aa360d76361b64939610ae1acf', 'orderNo': 'TestOrderNo_1680070279898', 'tradeNo': '10012023032913112160200000', 'payCode': '8808999940211936', 'payCodeType': '0', 'expireTime': '2023-03-30 05:53:01'}
2023-03-29 14:11:22.682 | DEBUG    | lib.create_order1:post:95 - 2023-03-29 14:11:22 发起post请求:下单
2023-03-29 14:11:22.682 | DEBUG    | lib.create_order1:post:96 - 2023-03-29 14:11:22 请求时的入参: /pay/createOrder?amount=10000&currency=IDR&expectPayCodeType=0&merchantId=100119&orderNo=TestOrderNo_1680070282682&payChannel=6&payerName=test&payerPhone=081382826301&productId=2023&subject=TestSubject&version=1.0&sign=649cbaafaca6e276bc678e45a4d7a839
2023-03-29 14:11:24.079 | DEBUG    | lib.create_order1:post:100 - 2023-03-29 14:11:24 接口返回值: {'code': '88011', 'msg': 'this channel is not supported yet', 'sign': 'e5ecde88e5c47f010ffd43aa30f7c64e'}
2023-03-29 14:11:24.080 | DEBUG    | lib.create_order1:post:95 - 2023-03-29 14:11:24 发起post请求:下单
2023-03-29 14:11:24.080 | DEBUG    | lib.create_order1:post:96 - 2023-03-29 14:11:24 请求时的入参: /pay/createOrder?amount=10000&currency=IDR&expectPayCodeType=0&merchantId=100119&orderNo=TestOrderNo_1680070284080&payChannel=8&payerName=test&payerPhone=081382826301&productId=2023&subject=TestSubject&version=1.0&sign=d9d943d9ac75cc9099c83377f74c112c
2023-03-29 14:11:25.361 | DEBUG    | lib.create_order1:post:100 - 2023-03-29 14:11:25 接口返回值: {'code': '200', 'msg': 'SUCCESS', 'sign': '107d28be94bf72c3f69dc30185d46a8e', 'orderNo': 'TestOrderNo_1680070284080', 'tradeNo': '10012023032913112523400008', 'payCode': '889089999055627', 'payCodeType': '0', 'expireTime': '2023-03-30 05:53:05'}
2023-03-29 14:11:25.362 | DEBUG    | lib.create_order1:post:95 - 2023-03-29 14:11:25 发起post请求:下单
2023-03-29 14:11:25.363 | DEBUG    | lib.create_order1:post:96 - 2023-03-29 14:11:25 请求时的入参: /pay/createOrder?amount=10000&currency=IDR&expectPayCodeType=0&merchantId=100119&orderNo=TestOrderNo_1680070285363&payChannel=9&payerName=test&payerPhone=081382826301&productId=2023&subject=TestSubject&version=1.0&sign=e1ed74c98b0a808e30a8ec07886140cf
2023-03-29 14:11:28.129 | DEBUG    | lib.create_order1:post:100 - 2023-03-29 14:11:28 接口返回值: {'code': '200', 'msg': 'SUCCESS', 'sign': 'b8d68ff38dec3b98f841f65cd7886bdd', 'orderNo': 'TestOrderNo_1680070285363', 'tradeNo': '10012023032913112707400006', 'payCode': '920019999671260', 'payCodeType': '0', 'expireTime': '2023-03-30 05:53:07'}
2023-03-29 14:11:28.130 | DEBUG    | lib.create_order1:post:95 - 2023-03-29 14:11:28 发起post请求:下单
2023-03-29 14:11:28.130 | DEBUG    | lib.create_order1:post:96 - 2023-03-29 14:11:28 请求时的入参: /pay/createOrder?amount=10000&currency=IDR&expectPayCodeType=0&merchantId=100119&orderNo=TestOrderNo_1680070288130&payChannel=12&payerName=test&payerPhone=081382826301&productId=2023&subject=TestSubject&version=1.0&sign=8c45a0c658f9ee63054993cd626bcd8b
2023-03-29 14:11:29.919 | DEBUG    | lib.create_order1:post:100 - 2023-03-29 14:11:29 接口返回值: {'code': '200', 'msg': 'SUCCESS', 'sign': '31f5f80033dc9eb14b8187bfb50a66a3', 'orderNo': 'TestOrderNo_1680070288130', 'tradeNo': '10012023032913112983100007', 'payCode': '929773962', 'payCodeType': '0', 'expireTime': '2023-03-30 13:11:29'}
2023-03-29 14:11:29.919 | DEBUG    | lib.create_order1:post:95 - 2023-03-29 14:11:29 发起post请求:下单
2023-03-29 14:11:29.920 | DEBUG    | lib.create_order1:post:96 - 2023-03-29 14:11:29 请求时的入参: /pay/createOrder?amount=20101&currency=IDR&expectPayCodeType=0&merchantId=100119&orderNo=TestOrderNo_1680070289919&payChannel=16&payerName=test&payerPhone=081382826301&productId=2023&subject=TestSubject&version=1.0&sign=d8d18207e61dc769ae45f50326ddf131
2023-03-29 14:11:32.587 | DEBUG    | lib.create_order1:post:100 - 2023-03-29 14:11:32 接口返回值: {'code': '200', 'msg': 'SUCCESS', 'sign': '7c801bf6c458e7004f67c134da104e91', 'orderNo': 'TestOrderNo_1680070289919', 'tradeNo': '10012023032913113177600000', 'payCode': 'some-random-qr-string', 'payCodeType': '1', 'expireTime': '2023-03-29 14:11:31'}
2023-03-29 14:11:32.588 | DEBUG    | lib.create_order1:post:95 - 2023-03-29 14:11:32 发起post请求:下单
2023-03-29 14:11:32.588 | DEBUG    | lib.create_order1:post:96 - 2023-03-29 14:11:32 请求时的入参: /pay/createOrder?amount=20101&currency=IDR&expectPayCodeType=0&merchantId=100119&orderNo=TestOrderNo_1680070292588&payChannel=17&payerName=test&payerPhone=081382826301&productId=2023&subject=TestSubject&version=1.0&sign=ae45ae7fbda192c2cfd5b09b90c99929
2023-03-29 14:11:35.009 | DEBUG    | lib.create_order1:post:100 - 2023-03-29 14:11:35 接口返回值: {'code': '200', 'msg': 'SUCCESS', 'sign': '68611ea7aa7842010fda520e42194403', 'orderNo': 'TestOrderNo_1680070292588', 'tradeNo': '10012023032913113430600003', 'payCode': 'https://checkouttest.allopayment.com/mock?orderInfo=PkKE5VRzA2NqiSDiRdeoWYtBkI2a5NC8XsXmB2n2BGKlSsjMc7CQlmcFrRIM%2Flg253REbrRfIjPu2FcD7k4PPw%3D%3D', 'payCodeType': '1', 'expireTime': '2023-03-29 14:11:34'}
2023-03-29 14:11:35.010 | DEBUG    | lib.create_order1:post:95 - 2023-03-29 14:11:35 发起post请求:下单
2023-03-29 14:11:35.011 | DEBUG    | lib.create_order1:post:96 - 2023-03-29 14:11:35 请求时的入参: /pay/createOrder?amount=20101&currency=IDR&expectPayCodeType=0&merchantId=100119&orderNo=TestOrderNo_1680070295010&payChannel=18&payerName=test&payerPhone=081382826301&productId=2023&subject=TestSubject&version=1.0&sign=86c8e8185e8238f12e8c328644479fbe
2023-03-29 14:11:35.830 | DEBUG    | lib.create_order1:post:100 - 2023-03-29 14:11:35 接口返回值: {'code': '200', 'msg': 'SUCCESS', 'sign': '6087df22f87eb16cac73fe56e4c5f053', 'orderNo': 'TestOrderNo_1680070295010', 'tradeNo': '10012023032913113616500001', 'payCode': 'https://checkouttest.allopayment.com/mock?orderInfo=PkKE5VRzA2NqiSDiRdeoWYtBkI2a5NC8XsXmB2n2BGKb6FVsSVMkg5WMc2nKfH8o53REbrRfIjPu2FcD7k4PPw%3D%3D', 'payCodeType': '1', 'expireTime': '2023-03-29 14:11:36'}
2023-03-29 14:11:35.832 | DEBUG    | lib.create_order1:post:95 - 2023-03-29 14:11:35 发起post请求:下单
2023-03-29 14:11:35.832 | DEBUG    | lib.create_order1:post:96 - 2023-03-29 14:11:35 请求时的入参: /pay/createOrder?amount=20101&currency=IDR&expectPayCodeType=0&merchantId=100119&orderNo=TestOrderNo_1680070295832&payChannel=19&payerName=test&payerPhone=081382826301&productId=2023&subject=TestSubject&version=1.0&sign=dba7c6631f14dcef48644e8953c99930
2023-03-29 14:11:37.693 | DEBUG    | lib.create_order1:post:100 - 2023-03-29 14:11:37 接口返回值: {'code': '200', 'msg': 'SUCCESS', 'sign': '6b3bda9b32029ad965b32a7e4c07c91d', 'orderNo': 'TestOrderNo_1680070295832', 'tradeNo': '10012023032913113698700008', 'payCode': 'https://checkouttest.allopayment.com/mock?orderInfo=PkKE5VRzA2NqiSDiRdeoWYtBkI2a5NC8XsXmB2n2BGKs%2FfrCql4WR%2F%2FVxH%2BcmWcy53REbrRfIjPu2FcD7k4PPw%3D%3D', 'payCodeType': '1', 'expireTime': '2023-03-29 14:11:36'}
2023-03-29 14:11:37.695 | DEBUG    | lib.create_order1:post:95 - 2023-03-29 14:11:37 发起post请求:下单
2023-03-29 14:11:37.695 | DEBUG    | lib.create_order1:post:96 - 2023-03-29 14:11:37 请求时的入参: /pay/createOrder?amount=20101&currency=IDR&expectPayCodeType=0&merchantId=100119&orderNo=TestOrderNo_1680070297695&payChannel=1&payerName=test&payerPhone=081382826301&productId=2023&subject=TestSubject&version=1.0&sign=f77eb20c41a1ac2cce8e798cf32410db
2023-03-29 14:11:38.473 | DEBUG    | lib.create_order1:post:100 - 2023-03-29 14:11:38 接口返回值: {'code': '200', 'msg': 'SUCCESS', 'sign': '07000fa747c7e9727a25557649d0162e', 'orderNo': 'TestOrderNo_1680070297695', 'tradeNo': '10012023032913113881500009', 'payCode': 'https://checkouttest.allopayment.com/cardPay?orderInfo=wU3NFGwK4395KeELxFzSVftAPWe%2Fawqt6m6eTf%2BxuK4i4n6f5VQCcw%2FN8b6ApVwbIdM1sBia5pCj23YnrR8gL83GG9COF6YqxyzatMNFEDcDgPPO7rXEoyelNrBoVAAjkDoopr3ULs2AlzmjfMJXZnrlKH7n2TLHTOTrC7j%2F9TU%3D', 'payCodeType': '1', 'expireTime': '2023-03-30 13:11:38'}
2023-03-29 14:11:38.474 | DEBUG    | lib.create_order1:post:95 - 2023-03-29 14:11:38 发起post请求:下单
2023-03-29 14:11:38.474 | DEBUG    | lib.create_order1:post:96 - 2023-03-29 14:11:38 请求时的入参: /pay/createOrder?amount=20101&currency=IDR&expectPayCodeType=0&merchantId=100119&orderNo=TestOrderNo_1680070298474&payChannel=3&payerName=test&payerPhone=081382826301&productId=2023&subject=TestSubject&version=1.0&sign=31ba2ab3fec05b446090bdefab036ea9
2023-03-29 14:11:40.286 | DEBUG    | lib.create_order1:post:100 - 2023-03-29 14:11:40 接口返回值: {'code': '200', 'msg': 'SUCCESS', 'sign': '97cb533a949d9a79b4e06867ac4e6292', 'orderNo': 'TestOrderNo_1680070298474', 'tradeNo': '10012023032913114018600001', 'payCode': '72939999240493', 'payCodeType': '0', 'expireTime': '2023-03-30 05:53:20'}
2023-03-29 14:11:40.287 | DEBUG    | lib.create_order1:post:95 - 2023-03-29 14:11:40 发起post请求:下单
2023-03-29 14:11:40.287 | DEBUG    | lib.create_order1:post:96 - 2023-03-29 14:11:40 请求时的入参: /pay/createOrder?amount=20101&currency=IDR&expectPayCodeType=0&merchantId=100119&orderNo=TestOrderNo_1680070300287&payChannel=4&payerName=test&payerPhone=081382826301&productId=2023&subject=TestSubject&version=1.0&sign=0237c55c877d2dae7d04a02f0b33043c
2023-03-29 14:11:44.157 | DEBUG    | lib.create_order1:post:100 - 2023-03-29 14:11:44 接口返回值: {'code': '200', 'msg': 'SUCCESS', 'sign': 'be20e3db1b47aa85cf502a809acaa59b', 'orderNo': 'TestOrderNo_1680070300287', 'tradeNo': '10012023032913114408600009', 'payCode': '8808999971234758', 'payCodeType': '0', 'expireTime': '2023-03-30 05:53:24'}
2023-03-29 14:11:44.158 | DEBUG    | lib.create_order1:post:95 - 2023-03-29 14:11:44 发起post请求:下单
2023-03-29 14:11:44.159 | DEBUG    | lib.create_order1:post:96 - 2023-03-29 14:11:44 请求时的入参: /pay/createOrder?amount=20101&currency=IDR&expectPayCodeType=0&merchantId=100119&orderNo=TestOrderNo_1680070304159&payChannel=6&payerName=test&payerPhone=081382826301&productId=2023&subject=TestSubject&version=1.0&sign=0fe936bee0a9793355e8448d7428a529
2023-03-29 14:11:44.932 | DEBUG    | lib.create_order1:post:100 - 2023-03-29 14:11:44 接口返回值: {'code': '88011', 'msg': 'this channel is not supported yet', 'sign': 'e5ecde88e5c47f010ffd43aa30f7c64e'}
2023-03-29 14:11:44.933 | DEBUG    | lib.create_order1:post:95 - 2023-03-29 14:11:44 发起post请求:下单
2023-03-29 14:11:44.934 | DEBUG    | lib.create_order1:post:96 - 2023-03-29 14:11:44 请求时的入参: /pay/createOrder?amount=20101&currency=IDR&expectPayCodeType=0&merchantId=100119&orderNo=TestOrderNo_1680070304933&payChannel=8&payerName=test&payerPhone=081382826301&productId=2023&subject=TestSubject&version=1.0&sign=eb23bcbe82996f74599ce01d9d7d4c63
2023-03-29 14:11:46.839 | DEBUG    | lib.create_order1:post:100 - 2023-03-29 14:11:46 接口返回值: {'code': '200', 'msg': 'SUCCESS', 'sign': '765246983511bb9557e77826be9501dc', 'orderNo': 'TestOrderNo_1680070304933', 'tradeNo': '10012023032913114668500006', 'payCode': '889089999325280', 'payCodeType': '0', 'expireTime': '2023-03-30 05:53:26'}
2023-03-29 14:11:46.839 | DEBUG    | lib.create_order1:post:95 - 2023-03-29 14:11:46 发起post请求:下单
2023-03-29 14:11:46.840 | DEBUG    | lib.create_order1:post:96 - 2023-03-29 14:11:46 请求时的入参: /pay/createOrder?amount=20101&currency=IDR&expectPayCodeType=0&merchantId=100119&orderNo=TestOrderNo_1680070306840&payChannel=9&payerName=test&payerPhone=081382826301&productId=2023&subject=TestSubject&version=1.0&sign=92264c3b298bfda577efaec225c658ca
2023-03-29 14:11:48.903 | DEBUG    | lib.create_order1:post:100 - 2023-03-29 14:11:48 接口返回值: {'code': '200', 'msg': 'SUCCESS', 'sign': 'c52711fde3ee1d25c7038d8d828fada0', 'orderNo': 'TestOrderNo_1680070306840', 'tradeNo': '10012023032913114857000008', 'payCode': '920019999333759', 'payCodeType': '0', 'expireTime': '2023-03-30 05:53:28'}
2023-03-29 14:11:48.905 | DEBUG    | lib.create_order1:post:95 - 2023-03-29 14:11:48 发起post请求:下单
2023-03-29 14:11:48.906 | DEBUG    | lib.create_order1:post:96 - 2023-03-29 14:11:48 请求时的入参: /pay/createOrder?amount=20101&currency=IDR&expectPayCodeType=0&merchantId=100119&orderNo=TestOrderNo_1680070308905&payChannel=12&payerName=test&payerPhone=081382826301&productId=2023&subject=TestSubject&version=1.0&sign=80dfca8e6ad37d6e8088c7efad7fd0e0
2023-03-29 14:11:53.710 | DEBUG    | lib.create_order1:post:100 - 2023-03-29 14:11:53 接口返回值: {'code': '200', 'msg': 'SUCCESS', 'sign': '01a61733d676c3fec0280f9d85fb4858', 'orderNo': 'TestOrderNo_1680070308905', 'tradeNo': '10012023032913115364900002', 'payCode': '929562894', 'payCodeType': '0', 'expireTime': '2023-03-30 13:11:53'}
2023-03-29 14:31:37.566 | DEBUG    | lib.create_order1:post:95 - 2023-03-29 14:31:37 发起post请求:下单
2023-03-29 14:31:37.566 | DEBUG    | lib.create_order1:post:96 - 2023-03-29 14:31:37 请求时的入参: /pay/createOrder?amount=10000&currency=IDR&expectPayCodeType=0&merchantId=100119&orderNo=TestOrderNo_1680071497567&payChannel=15&payerName=test&payerPhone=081382826301&productId=2023&subject=TestSubject&version=1.0&sign=e3f1d4a76b390f1e7d5d7eca396f77df
2023-03-29 14:31:41.431 | DEBUG    | lib.create_order1:post:100 - 2023-03-29 14:31:41 接口返回值: {'code': '200', 'msg': 'SUCCESS', 'sign': 'a931bc79f0408af5d55617d52d3fb97e', 'orderNo': 'TestOrderNo_1680071497567', 'tradeNo': '10012023032913314175900000', 'payCode': 'https://checkouttest.allopayment.com/walletPay?orderInfo=wU3NFGwK4395KeELxFzSVfIUOLJ8eyjkmh%2BrAesa2ljrhTd7dIakJp0mZoIsWKCe9f2uD62MVNVZgQCTnWxiYfgsM3UZ2SS5%2F%2BF1QkhdPpD13lw%2BULAfCj0GMdGoaSRwlSlpMW2%2Bd8Lpw4HdwFtT5EN4QKbjhAXs3VIQQ0YguXA%3D', 'payCodeType': '1', 'expireTime': '2023-03-29 14:31:41'}
2023-03-29 14:31:41.433 | DEBUG    | lib.create_order1:post:95 - 2023-03-29 14:31:41 发起post请求:下单
2023-03-29 14:31:41.433 | DEBUG    | lib.create_order1:post:96 - 2023-03-29 14:31:41 请求时的入参: /pay/createOrder?amount=20101&currency=IDR&expectPayCodeType=0&merchantId=100119&orderNo=TestOrderNo_1680071501433&payChannel=15&payerName=test&payerPhone=081382826301&productId=2023&subject=TestSubject&version=1.0&sign=17fade556a693b952425e2d44f83ac7c
2023-03-29 14:31:43.832 | DEBUG    | lib.create_order1:post:100 - 2023-03-29 14:31:43 接口返回值: {'code': '200', 'msg': 'SUCCESS', 'sign': 'a2641e4621b0172203aeba25e6216aa0', 'orderNo': 'TestOrderNo_1680071501433', 'tradeNo': '10012023032913314418200002', 'payCode': 'https://checkouttest.allopayment.com/walletPay?orderInfo=wU3NFGwK4395KeELxFzSVfIUOLJ8eyjkmh%2BrAesa2ljrhTd7dIakJp0mZoIsWKCerAEsmOo3h0b3WO%2BmRJp0fvgsM3UZ2SS5%2F%2BF1QkhdPpBo%2FP6uYE%2FBbdIHfvIwaINWtNGL0hs1d7dGt%2Flzhy9WXUN4QKbjhAXs3VIQQ0YguXA%3D', 'payCodeType': '1', 'expireTime': '2023-03-29 14:31:44'}
2023-03-29 14:31:43.832 | DEBUG    | lib.create_order1:post:95 - 2023-03-29 14:31:43 发起post请求:下单
2023-03-29 14:31:43.833 | DEBUG    | lib.create_order1:post:96 - 2023-03-29 14:31:43 请求时的入参: /pay/createOrder?amount=10000&currency=IDR&expectPayCodeType=0&merchantId=100119&orderNo=TestOrderNo_1680071503832&payChannel=16&payerName=test&payerPhone=081382826301&productId=2023&subject=TestSubject&version=1.0&sign=0cfed9dafabb6e0b9626075b8869ac74
2023-03-29 14:31:47.230 | DEBUG    | lib.create_order1:post:100 - 2023-03-29 14:31:47 接口返回值: {'code': '200', 'msg': 'SUCCESS', 'sign': '1274f34a61e43e50af39557b2c59b5f9', 'orderNo': 'TestOrderNo_1680071503832', 'tradeNo': '10012023032913314640200002', 'payCode': 'some-random-qr-string', 'payCodeType': '1', 'expireTime': '2023-03-29 14:31:46'}
2023-03-29 14:31:47.231 | DEBUG    | lib.create_order1:post:95 - 2023-03-29 14:31:47 发起post请求:下单
2023-03-29 14:31:47.231 | DEBUG    | lib.create_order1:post:96 - 2023-03-29 14:31:47 请求时的入参: /pay/createOrder?amount=10000&currency=IDR&expectPayCodeType=0&merchantId=100119&orderNo=TestOrderNo_1680071507232&payChannel=17&payerName=test&payerPhone=081382826301&productId=2023&subject=TestSubject&version=1.0&sign=46a944f39793137145716b2ce68a5778
2023-03-29 14:31:51.583 | DEBUG    | lib.create_order1:post:100 - 2023-03-29 14:31:51 接口返回值: {'code': '200', 'msg': 'SUCCESS', 'sign': '70bf7c701bda4edcfd57664c565a382c', 'orderNo': 'TestOrderNo_1680071507232', 'tradeNo': '10012023032913315072800003', 'payCode': 'https://checkouttest.allopayment.com/mock?orderInfo=PkKE5VRzA2NqiSDiRdeoWYtBkI2a5NC8XsXmB2n2BGI25g1JV%2FFeRzy%2BYsc0rbhJ53REbrRfIjPu2FcD7k4PPw%3D%3D', 'payCodeType': '1', 'expireTime': '2023-03-29 14:31:50'}
2023-03-29 14:31:51.584 | DEBUG    | lib.create_order1:post:95 - 2023-03-29 14:31:51 发起post请求:下单
2023-03-29 14:31:51.584 | DEBUG    | lib.create_order1:post:96 - 2023-03-29 14:31:51 请求时的入参: /pay/createOrder?amount=10000&currency=IDR&expectPayCodeType=0&merchantId=100119&orderNo=TestOrderNo_1680071511585&payChannel=18&payerName=test&payerPhone=081382826301&productId=2023&subject=TestSubject&version=1.0&sign=acee0219f05ca96cca108815a3d1365e
2023-03-29 14:31:53.060 | DEBUG    | lib.create_order1:post:100 - 2023-03-29 14:31:53 接口返回值: {'code': '200', 'msg': 'SUCCESS', 'sign': '4abe665170b3943ed043f464842d2503', 'orderNo': 'TestOrderNo_1680071511585', 'tradeNo': '10012023032913315340000006', 'payCode': 'https://checkouttest.allopayment.com/mock?orderInfo=PkKE5VRzA2NqiSDiRdeoWYtBkI2a5NC8XsXmB2n2BGJBgQlnlOJTF72Zf6qr9OfN53REbrRfIjPu2FcD7k4PPw%3D%3D', 'payCodeType': '1', 'expireTime': '2023-03-29 14:31:53'}
2023-03-29 14:31:53.061 | DEBUG    | lib.create_order1:post:95 - 2023-03-29 14:31:53 发起post请求:下单
2023-03-29 14:31:53.061 | DEBUG    | lib.create_order1:post:96 - 2023-03-29 14:31:53 请求时的入参: /pay/createOrder?amount=10000&currency=IDR&expectPayCodeType=0&merchantId=100119&orderNo=TestOrderNo_1680071513061&payChannel=19&payerName=test&payerPhone=081382826301&productId=2023&subject=TestSubject&version=1.0&sign=78e7a47b9da85d4e3553656647e2b7d7
2023-03-29 14:31:55.704 | DEBUG    | lib.create_order1:post:100 - 2023-03-29 14:31:55 接口返回值: {'code': '200', 'msg': 'SUCCESS', 'sign': '602b5aea7a307833aed826c673470e73', 'orderNo': 'TestOrderNo_1680071513061', 'tradeNo': '10012023032913315497300001', 'payCode': 'https://checkouttest.allopayment.com/mock?orderInfo=PkKE5VRzA2NqiSDiRdeoWYtBkI2a5NC8XsXmB2n2BGJX%2BuIdZdl9ZupIBzYgJez553REbrRfIjPu2FcD7k4PPw%3D%3D', 'payCodeType': '1', 'expireTime': '2023-03-29 14:31:54'}
2023-03-29 14:31:55.705 | DEBUG    | lib.create_order1:post:95 - 2023-03-29 14:31:55 发起post请求:下单
2023-03-29 14:31:55.706 | DEBUG    | lib.create_order1:post:96 - 2023-03-29 14:31:55 请求时的入参: /pay/createOrder?amount=10000&currency=IDR&expectPayCodeType=0&merchantId=100119&orderNo=TestOrderNo_1680071515705&payChannel=1&payerName=test&payerPhone=081382826301&productId=2023&subject=TestSubject&version=1.0&sign=357628ad398f6673a6ee088aa20de63c
2023-03-29 14:31:57.243 | DEBUG    | lib.create_order1:post:100 - 2023-03-29 14:31:57 接口返回值: {'code': '200', 'msg': 'SUCCESS', 'sign': 'd5f256eddb86ac93df79ef7782f103a1', 'orderNo': 'TestOrderNo_1680071515705', 'tradeNo': '10012023032913315758200007', 'payCode': 'https://checkouttest.allopayment.com/cardPay?orderInfo=wU3NFGwK4395KeELxFzSVftAPWe%2Fawqt6m6eTf%2BxuK4i4n6f5VQCcw%2FN8b6ApVwbWP3E%2Fh36kutOV2Poxi%2FvyMxESoHCy9iSgGDZnkFiwTb5ebJ0Udr1Hc67g5PdZhy1Sc1RZqcAkBNKtzv4Ry4OLHrlKH7n2TLHTOTrC7j%2F9TU%3D', 'payCodeType': '1', 'expireTime': '2023-03-30 13:31:57'}
2023-03-29 14:31:57.244 | DEBUG    | lib.create_order1:post:95 - 2023-03-29 14:31:57 发起post请求:下单
2023-03-29 14:31:57.245 | DEBUG    | lib.create_order1:post:96 - 2023-03-29 14:31:57 请求时的入参: /pay/createOrder?amount=10000&currency=IDR&expectPayCodeType=0&merchantId=100119&orderNo=TestOrderNo_1680071517245&payChannel=3&payerName=test&payerPhone=081382826301&productId=2023&subject=TestSubject&version=1.0&sign=367c052c508803e3b24164009825e549
2023-03-29 14:31:59.907 | DEBUG    | lib.create_order1:post:100 - 2023-03-29 14:31:59 接口返回值: {'code': '200', 'msg': 'SUCCESS', 'sign': 'a2e88cf2082bad4c0733fea3fea755e7', 'orderNo': 'TestOrderNo_1680071517245', 'tradeNo': '10012023032913315969800009', 'payCode': '72939999188696', 'payCodeType': '0', 'expireTime': '2023-03-30 06:13:39'}
2023-03-29 14:31:59.908 | DEBUG    | lib.create_order1:post:95 - 2023-03-29 14:31:59 发起post请求:下单
2023-03-29 14:31:59.908 | DEBUG    | lib.create_order1:post:96 - 2023-03-29 14:31:59 请求时的入参: /pay/createOrder?amount=10000&currency=IDR&expectPayCodeType=0&merchantId=100119&orderNo=TestOrderNo_1680071519908&payChannel=4&payerName=test&payerPhone=081382826301&productId=2023&subject=TestSubject&version=1.0&sign=44dbd7d0a612abf2dabcf1a90ff1ec05
2023-03-29 14:32:02.565 | DEBUG    | lib.create_order1:post:100 - 2023-03-29 14:32:02 接口返回值: {'code': '200', 'msg': 'SUCCESS', 'sign': '24b2d362f8166481985e5e5646a07b5d', 'orderNo': 'TestOrderNo_1680071519908', 'tradeNo': '10012023032913320241300000', 'payCode': '8808999963028052', 'payCodeType': '0', 'expireTime': '2023-03-30 06:13:42'}
2023-03-29 14:32:02.565 | DEBUG    | lib.create_order1:post:95 - 2023-03-29 14:32:02 发起post请求:下单
2023-03-29 14:32:02.566 | DEBUG    | lib.create_order1:post:96 - 2023-03-29 14:32:02 请求时的入参: /pay/createOrder?amount=10000&currency=IDR&expectPayCodeType=0&merchantId=100119&orderNo=TestOrderNo_1680071522565&payChannel=6&payerName=test&payerPhone=081382826301&productId=2023&subject=TestSubject&version=1.0&sign=718aa0866b7896a94973c056db516bee
2023-03-29 14:32:04.718 | DEBUG    | lib.create_order1:post:100 - 2023-03-29 14:32:04 接口返回值: {'code': '88011', 'msg': 'this channel is not supported yet', 'sign': 'e5ecde88e5c47f010ffd43aa30f7c64e'}
2023-03-29 14:32:04.720 | DEBUG    | lib.create_order1:post:95 - 2023-03-29 14:32:04 发起post请求:下单
2023-03-29 14:32:04.720 | DEBUG    | lib.create_order1:post:96 - 2023-03-29 14:32:04 请求时的入参: /pay/createOrder?amount=10000&currency=IDR&expectPayCodeType=0&merchantId=100119&orderNo=TestOrderNo_1680071524721&payChannel=8&payerName=test&payerPhone=081382826301&productId=2023&subject=TestSubject&version=1.0&sign=d4893dde9904e29b1bc510adefe593fa
2023-03-29 14:32:06.177 | DEBUG    | lib.create_order1:post:100 - 2023-03-29 14:32:06 接口返回值: {'code': '200', 'msg': 'SUCCESS', 'sign': '430592b73ef88462013c3273b93b1dd6', 'orderNo': 'TestOrderNo_1680071524721', 'tradeNo': '10012023032913320603800001', 'payCode': '889089999848923', 'payCodeType': '0', 'expireTime': '2023-03-30 06:13:46'}
2023-03-29 14:32:06.178 | DEBUG    | lib.create_order1:post:95 - 2023-03-29 14:32:06 发起post请求:下单
2023-03-29 14:32:06.178 | DEBUG    | lib.create_order1:post:96 - 2023-03-29 14:32:06 请求时的入参: /pay/createOrder?amount=10000&currency=IDR&expectPayCodeType=0&merchantId=100119&orderNo=TestOrderNo_1680071526179&payChannel=9&payerName=test&payerPhone=081382826301&productId=2023&subject=TestSubject&version=1.0&sign=e345eddd022a915b960eeba879c0e1f2
2023-03-29 14:32:08.210 | DEBUG    | lib.create_order1:post:100 - 2023-03-29 14:32:08 接口返回值: {'code': '200', 'msg': 'SUCCESS', 'sign': '0ab0b5333e466b71ebe6e302579a50d1', 'orderNo': 'TestOrderNo_1680071526179', 'tradeNo': '10012023032913320806500002', 'payCode': '920019999451776', 'payCodeType': '0', 'expireTime': '2023-03-30 06:13:48'}
2023-03-29 14:32:08.211 | DEBUG    | lib.create_order1:post:95 - 2023-03-29 14:32:08 发起post请求:下单
2023-03-29 14:32:08.212 | DEBUG    | lib.create_order1:post:96 - 2023-03-29 14:32:08 请求时的入参: /pay/createOrder?amount=10000&currency=IDR&expectPayCodeType=0&merchantId=100119&orderNo=TestOrderNo_1680071528212&payChannel=12&payerName=test&payerPhone=081382826301&productId=2023&subject=TestSubject&version=1.0&sign=4b0afe5499542824e557df30da29c33d
2023-03-29 14:32:10.902 | DEBUG    | lib.create_order1:post:100 - 2023-03-29 14:32:10 接口返回值: {'code': '200', 'msg': 'SUCCESS', 'sign': '346a67bf6868c7e68b6a00a392a639b6', 'orderNo': 'TestOrderNo_1680071528212', 'tradeNo': '10012023032913321082200002', 'payCode': '929861266', 'payCodeType': '0', 'expireTime': '2023-03-30 13:32:10'}
2023-03-29 14:32:10.902 | DEBUG    | lib.create_order1:post:95 - 2023-03-29 14:32:10 发起post请求:下单
2023-03-29 14:32:10.902 | DEBUG    | lib.create_order1:post:96 - 2023-03-29 14:32:10 请求时的入参: /pay/createOrder?amount=20101&currency=IDR&expectPayCodeType=0&merchantId=100119&orderNo=TestOrderNo_1680071530903&payChannel=16&payerName=test&payerPhone=081382826301&productId=2023&subject=TestSubject&version=1.0&sign=7d8a609a88ee2336944767be53880d40
2023-03-29 14:32:13.658 | DEBUG    | lib.create_order1:post:100 - 2023-03-29 14:32:13 接口返回值: {'code': '200', 'msg': 'SUCCESS', 'sign': '380af07627b14452445b8ade75d60ade', 'orderNo': 'TestOrderNo_1680071530903', 'tradeNo': '10012023032913321283800006', 'payCode': 'some-random-qr-string', 'payCodeType': '1', 'expireTime': '2023-03-29 14:32:12'}
2023-03-29 14:32:13.659 | DEBUG    | lib.create_order1:post:95 - 2023-03-29 14:32:13 发起post请求:下单
2023-03-29 14:32:13.659 | DEBUG    | lib.create_order1:post:96 - 2023-03-29 14:32:13 请求时的入参: /pay/createOrder?amount=20101&currency=IDR&expectPayCodeType=0&merchantId=100119&orderNo=TestOrderNo_1680071533659&payChannel=17&payerName=test&payerPhone=081382826301&productId=2023&subject=TestSubject&version=1.0&sign=84a5c4b8919af0b2467b62b0602155e4
2023-03-29 14:32:17.585 | DEBUG    | lib.create_order1:post:100 - 2023-03-29 14:32:17 接口返回值: {'code': '200', 'msg': 'SUCCESS', 'sign': 'e7cd68b4e3b4ea50ab804d7381165549', 'orderNo': 'TestOrderNo_1680071533659', 'tradeNo': '10012023032913321484600007', 'payCode': 'https://checkouttest.allopayment.com/mock?orderInfo=PkKE5VRzA2NqiSDiRdeoWYtBkI2a5NC8XsXmB2n2BGIIFGi%2B8pMZwiKIcqt%2FiQet53REbrRfIjPu2FcD7k4PPw%3D%3D', 'payCodeType': '1', 'expireTime': '2023-03-29 14:32:14'}
2023-03-29 14:32:17.586 | DEBUG    | lib.create_order1:post:95 - 2023-03-29 14:32:17 发起post请求:下单
2023-03-29 14:32:17.586 | DEBUG    | lib.create_order1:post:96 - 2023-03-29 14:32:17 请求时的入参: /pay/createOrder?amount=20101&currency=IDR&expectPayCodeType=0&merchantId=100119&orderNo=TestOrderNo_1680071537586&payChannel=18&payerName=test&payerPhone=081382826301&productId=2023&subject=TestSubject&version=1.0&sign=95372f46baefa73beae62cbf95d9649b
2023-03-29 14:32:19.143 | DEBUG    | lib.create_order1:post:100 - 2023-03-29 14:32:19 接口返回值: {'code': '200', 'msg': 'SUCCESS', 'sign': '7b82822105d4ce53a526ee3e489b1cba', 'orderNo': 'TestOrderNo_1680071537586', 'tradeNo': '10012023032913321948500009', 'payCode': 'https://checkouttest.allopayment.com/mock?orderInfo=PkKE5VRzA2NqiSDiRdeoWYtBkI2a5NC8XsXmB2n2BGLVYrO1AbY9yM2ao15bTygX53REbrRfIjPu2FcD7k4PPw%3D%3D', 'payCodeType': '1', 'expireTime': '2023-03-29 14:32:19'}
2023-03-29 14:32:19.144 | DEBUG    | lib.create_order1:post:95 - 2023-03-29 14:32:19 发起post请求:下单
2023-03-29 14:32:19.144 | DEBUG    | lib.create_order1:post:96 - 2023-03-29 14:32:19 请求时的入参: /pay/createOrder?amount=20101&currency=IDR&expectPayCodeType=0&merchantId=100119&orderNo=TestOrderNo_1680071539145&payChannel=19&payerName=test&payerPhone=081382826301&productId=2023&subject=TestSubject&version=1.0&sign=392edab309ac4fa40f644b2cfb4f6e29
2023-03-29 14:32:21.967 | DEBUG    | lib.create_order1:post:100 - 2023-03-29 14:32:21 接口返回值: {'code': '200', 'msg': 'SUCCESS', 'sign': '5ef79cb33dd1b29122f61bdbe7435ac6', 'orderNo': 'TestOrderNo_1680071539145', 'tradeNo': '10012023032913322125800006', 'payCode': 'https://checkouttest.allopayment.com/mock?orderInfo=PkKE5VRzA2NqiSDiRdeoWYtBkI2a5NC8XsXmB2n2BGKWrwahkleJpGF7UEu684vD53REbrRfIjPu2FcD7k4PPw%3D%3D', 'payCodeType': '1', 'expireTime': '2023-03-29 14:32:21'}
2023-03-29 14:32:21.967 | DEBUG    | lib.create_order1:post:95 - 2023-03-29 14:32:21 发起post请求:下单
2023-03-29 14:32:21.968 | DEBUG    | lib.create_order1:post:96 - 2023-03-29 14:32:21 请求时的入参: /pay/createOrder?amount=20101&currency=IDR&expectPayCodeType=0&merchantId=100119&orderNo=TestOrderNo_1680071541968&payChannel=1&payerName=test&payerPhone=081382826301&productId=2023&subject=TestSubject&version=1.0&sign=3c026093d1feeba2683e8f0f4e28d0fd
2023-03-29 14:32:23.515 | DEBUG    | lib.create_order1:post:100 - 2023-03-29 14:32:23 接口返回值: {'code': '200', 'msg': 'SUCCESS', 'sign': '3fc6f3c94d41866266664ebce7e150be', 'orderNo': 'TestOrderNo_1680071541968', 'tradeNo': '10012023032913322387100004', 'payCode': 'https://checkouttest.allopayment.com/cardPay?orderInfo=wU3NFGwK4395KeELxFzSVftAPWe%2Fawqt6m6eTf%2BxuK4i4n6f5VQCcw%2FN8b6ApVwbf21VVUfbFP2teu4D%2FC7LH2id0Hgwrr9dB1XbHkEgY1sYUnZWkypSQHkj69nDxL8YRRgcLAcjJVuJgp%2Bu9iP483rlKH7n2TLHTOTrC7j%2F9TU%3D', 'payCodeType': '1', 'expireTime': '2023-03-30 13:32:23'}
2023-03-29 14:32:23.516 | DEBUG    | lib.create_order1:post:95 - 2023-03-29 14:32:23 发起post请求:下单
2023-03-29 14:32:23.516 | DEBUG    | lib.create_order1:post:96 - 2023-03-29 14:32:23 请求时的入参: /pay/createOrder?amount=20101&currency=IDR&expectPayCodeType=0&merchantId=100119&orderNo=TestOrderNo_1680071543517&payChannel=3&payerName=test&payerPhone=081382826301&productId=2023&subject=TestSubject&version=1.0&sign=03d08e253f9ba0a6329d81ca6dbfe209
2023-03-29 14:32:25.555 | DEBUG    | lib.create_order1:post:100 - 2023-03-29 14:32:25 接口返回值: {'code': '200', 'msg': 'SUCCESS', 'sign': '8ebc32544d26bb9456654cc8d783e308', 'orderNo': 'TestOrderNo_1680071543517', 'tradeNo': '10012023032913322539200009', 'payCode': '72939999462867', 'payCodeType': '0', 'expireTime': '2023-03-30 06:14:05'}
2023-03-29 14:32:25.556 | DEBUG    | lib.create_order1:post:95 - 2023-03-29 14:32:25 发起post请求:下单
2023-03-29 14:32:25.556 | DEBUG    | lib.create_order1:post:96 - 2023-03-29 14:32:25 请求时的入参: /pay/createOrder?amount=20101&currency=IDR&expectPayCodeType=0&merchantId=100119&orderNo=TestOrderNo_1680071545556&payChannel=4&payerName=test&payerPhone=081382826301&productId=2023&subject=TestSubject&version=1.0&sign=3180147fb852082acaed12b245422fcf
2023-03-29 14:32:28.292 | DEBUG    | lib.create_order1:post:100 - 2023-03-29 14:32:28 接口返回值: {'code': '200', 'msg': 'SUCCESS', 'sign': '18b6d54d541388a13681f4efe2fa92e9', 'orderNo': 'TestOrderNo_1680071545556', 'tradeNo': '10012023032913322819100002', 'payCode': '8808999988757038', 'payCodeType': '0', 'expireTime': '2023-03-30 06:14:08'}
2023-03-29 14:32:28.294 | DEBUG    | lib.create_order1:post:95 - 2023-03-29 14:32:28 发起post请求:下单
2023-03-29 14:32:28.294 | DEBUG    | lib.create_order1:post:96 - 2023-03-29 14:32:28 请求时的入参: /pay/createOrder?amount=20101&currency=IDR&expectPayCodeType=0&merchantId=100119&orderNo=TestOrderNo_1680071548294&payChannel=6&payerName=test&payerPhone=081382826301&productId=2023&subject=TestSubject&version=1.0&sign=7772f217bea48b9bda3c27af8ac8ff09
2023-03-29 14:32:29.260 | DEBUG    | lib.create_order1:post:100 - 2023-03-29 14:32:29 接口返回值: {'code': '88011', 'msg': 'this channel is not supported yet', 'sign': 'e5ecde88e5c47f010ffd43aa30f7c64e'}
2023-03-29 14:32:29.261 | DEBUG    | lib.create_order1:post:95 - 2023-03-29 14:32:29 发起post请求:下单
2023-03-29 14:32:29.261 | DEBUG    | lib.create_order1:post:96 - 2023-03-29 14:32:29 请求时的入参: /pay/createOrder?amount=20101&currency=IDR&expectPayCodeType=0&merchantId=100119&orderNo=TestOrderNo_1680071549262&payChannel=8&payerName=test&payerPhone=081382826301&productId=2023&subject=TestSubject&version=1.0&sign=1a29eaa450e7dc88e8a0dab3295aadf0
2023-03-29 14:32:30.695 | DEBUG    | lib.create_order1:post:100 - 2023-03-29 14:32:30 接口返回值: {'code': '200', 'msg': 'SUCCESS', 'sign': '38678db55aec7f6b17ea4bfa4f1c5edf', 'orderNo': 'TestOrderNo_1680071549262', 'tradeNo': '10012023032913323058300006', 'payCode': '889089999753364', 'payCodeType': '0', 'expireTime': '2023-03-30 06:14:10'}
2023-03-29 14:32:30.696 | DEBUG    | lib.create_order1:post:95 - 2023-03-29 14:32:30 发起post请求:下单
2023-03-29 14:32:30.696 | DEBUG    | lib.create_order1:post:96 - 2023-03-29 14:32:30 请求时的入参: /pay/createOrder?amount=20101&currency=IDR&expectPayCodeType=0&merchantId=100119&orderNo=TestOrderNo_1680071550695&payChannel=9&payerName=test&payerPhone=081382826301&productId=2023&subject=TestSubject&version=1.0&sign=89452d528b9013443a32036a6cd0151a
2023-03-29 14:32:33.273 | DEBUG    | lib.create_order1:post:100 - 2023-03-29 14:32:33 接口返回值: {'code': '200', 'msg': 'SUCCESS', 'sign': '40e0f8431bb346f9101d9a109b0b0e6f', 'orderNo': 'TestOrderNo_1680071550695', 'tradeNo': '10012023032913323318000008', 'payCode': '920019999216319', 'payCodeType': '0', 'expireTime': '2023-03-30 06:14:13'}
2023-03-29 14:32:33.274 | DEBUG    | lib.create_order1:post:95 - 2023-03-29 14:32:33 发起post请求:下单
2023-03-29 14:32:33.274 | DEBUG    | lib.create_order1:post:96 - 2023-03-29 14:32:33 请求时的入参: /pay/createOrder?amount=20101&currency=IDR&expectPayCodeType=0&merchantId=100119&orderNo=TestOrderNo_1680071553274&payChannel=12&payerName=test&payerPhone=081382826301&productId=2023&subject=TestSubject&version=1.0&sign=fde35b3e000f87186d27b8501d96f9a4
2023-03-29 14:32:35.546 | DEBUG    | lib.create_order1:post:100 - 2023-03-29 14:32:35 接口返回值: {'code': '200', 'msg': 'SUCCESS', 'sign': '801bfe0ca23f1fc246becc194c865bc4', 'orderNo': 'TestOrderNo_1680071553274', 'tradeNo': '10012023032913323538200008', 'payCode': '929671942', 'payCodeType': '0', 'expireTime': '2023-03-30 13:32:35'}
