2023-11-28 17:22:58.717 | DEBUG    | lib.create_order1:post:93 - 2023-11-28 17:22:58 发起post请求:下单
2023-11-28 17:22:58.717 | DEBUG    | lib.create_order1:post:94 - 2023-11-28 17:22:58 请求时的入参: /pay/createOrder?amount=20110&currency=IDR&expectPayCodeType=0&merchantId=100119&orderNo=TestOrderNo_1701163378717&payChannel=3&payerName=test&payerPhone=081197204238&productId=2023&subject=TestSubject&version=1.0&sign=6578c6dd676c46fecb3dad183b053aa0
2023-11-28 17:23:06.098 | DEBUG    | lib.create_order1:post:93 - 2023-11-28 17:23:06 发起post请求:下单
2023-11-28 17:23:06.098 | DEBUG    | lib.create_order1:post:94 - 2023-11-28 17:23:06 请求时的入参: /pay/createOrder?amount=20110&currency=IDR&expectPayCodeType=0&merchantId=100119&orderNo=TestOrderNo_1701163386098&payChannel=3&payerName=test&payerPhone=081197204238&productId=2023&subject=TestSubject&version=1.0&sign=3244e48ea3d3574e712b4178278f3824
2023-11-28 17:23:08.971 | DEBUG    | lib.create_order1:post:98 - 2023-11-28 17:23:08 接口返回值: {'code': '88005', 'msg': 'channel process error, please try again', 'sign': '7009fbb2ae957f69427f7c8404eed7b1', 'traceId': '3c9c8bf9885547ee8c7c738db08033d8'}
2023-11-28 17:23:08.973 | DEBUG    | lib.create_order1:post:93 - 2023-11-28 17:23:08 发起post请求:下单
2023-11-28 17:23:08.973 | DEBUG    | lib.create_order1:post:94 - 2023-11-28 17:23:08 请求时的入参: /pay/createOrder?amount=20110&currency=IDR&expectPayCodeType=0&merchantId=100119&orderNo=TestOrderNo_1701163388973&payChannel=3&payerName=test&payerPhone=081197204238&productId=2023&subject=TestSubject&version=1.0&sign=d9519186a36b054906b3dede481f987b
2023-11-28 17:23:11.716 | DEBUG    | lib.create_order1:post:98 - 2023-11-28 17:23:11 接口返回值: {'code': '88005', 'msg': 'channel process error, please try again', 'sign': '5cfa26e9bb001621aa8b017b58cf92bf', 'traceId': 'dc2db403c8ff4bc99e17a94e7deb09ea'}
2023-11-28 17:23:11.716 | DEBUG    | lib.create_order1:post:93 - 2023-11-28 17:23:11 发起post请求:下单
2023-11-28 17:23:11.717 | DEBUG    | lib.create_order1:post:94 - 2023-11-28 17:23:11 请求时的入参: /pay/createOrder?amount=20110&currency=IDR&expectPayCodeType=0&merchantId=100119&orderNo=TestOrderNo_1701163391717&payChannel=4&payerName=test&payerPhone=081197204238&productId=2023&subject=TestSubject&version=1.0&sign=d4a7ff888170294ab971990ee0deec65
2023-11-28 17:23:14.707 | DEBUG    | lib.create_order1:post:98 - 2023-11-28 17:23:14 接口返回值: {'code': '200', 'msg': 'SUCCESS', 'sign': '1bb88b9888545d28b9082c2b44896e0c', 'traceId': '14ea73a344754f34961b1eb0be445ac8', 'orderNo': 'TestOrderNo_1701163391717', 'tradeNo': '10012023112816231347600011', 'payCode': '8255600004872536', 'payCodeType': '0', 'expireTime': '2023-11-29 09:04:53'}
2023-11-28 17:23:14.708 | DEBUG    | lib.create_order1:post:93 - 2023-11-28 17:23:14 发起post请求:下单
2023-11-28 17:23:14.708 | DEBUG    | lib.create_order1:post:94 - 2023-11-28 17:23:14 请求时的入参: /pay/createOrder?amount=20101&currency=IDR&expectPayCodeType=0&merchantId=100119&orderNo=TestOrderNo_1701163394709&payChannel=4&payerName=test&payerPhone=081197204238&productId=2023&subject=TestSubject&version=1.0&sign=c517ca4fcd1d79057699e1ac8a5ba4a9
2023-11-28 17:23:17.697 | DEBUG    | lib.create_order1:post:98 - 2023-11-28 17:23:17 接口返回值: {'code': '200', 'msg': 'SUCCESS', 'sign': 'b7bc28a404140eb99c179881e8582733', 'traceId': 'ab747a45516149ffb05665ad1383c1f4', 'orderNo': 'TestOrderNo_1701163394709', 'tradeNo': '10012023112816231653400014', 'payCode': '8255600004872538', 'payCodeType': '0', 'expireTime': '2023-11-29 09:04:56'}
2023-11-28 17:23:17.698 | DEBUG    | lib.create_order1:post:93 - 2023-11-28 17:23:17 发起post请求:下单
2023-11-28 17:23:17.698 | DEBUG    | lib.create_order1:post:94 - 2023-11-28 17:23:17 请求时的入参: /pay/createOrder?amount=20110&currency=IDR&expectPayCodeType=0&merchantId=100119&orderNo=TestOrderNo_1701163397698&payChannel=5&payerName=test&payerPhone=081197204238&productId=2023&subject=TestSubject&version=1.0&sign=8dba237961b513378db000dee84b20c3
2023-11-28 17:23:20.228 | DEBUG    | lib.create_order1:post:98 - 2023-11-28 17:23:20 接口返回值: {'code': '88005', 'msg': 'channel process error, please try again', 'sign': 'fe893edb2d53a739e9268987c8b7af89', 'traceId': 'a9a79fdddc31487183b8ecbdb832673a'}
2023-11-28 17:23:20.229 | DEBUG    | lib.create_order1:post:93 - 2023-11-28 17:23:20 发起post请求:下单
2023-11-28 17:23:20.229 | DEBUG    | lib.create_order1:post:94 - 2023-11-28 17:23:20 请求时的入参: /pay/createOrder?amount=20101&currency=IDR&expectPayCodeType=0&merchantId=100119&orderNo=TestOrderNo_1701163400229&payChannel=5&payerName=test&payerPhone=081197204238&productId=2023&subject=TestSubject&version=1.0&sign=59105a5f732814e0399e6f998557c135
2023-11-28 17:23:22.844 | DEBUG    | lib.create_order1:post:98 - 2023-11-28 17:23:22 接口返回值: {'code': '88005', 'msg': 'channel process error, please try again', 'sign': '5c4358bdaf672b381f4bd896e6dce105', 'traceId': '6e4fb171bbc2446997ca9693e9d5cb9f'}
2023-11-28 17:23:22.845 | DEBUG    | lib.create_order1:post:93 - 2023-11-28 17:23:22 发起post请求:下单
2023-11-28 17:23:22.846 | DEBUG    | lib.create_order1:post:94 - 2023-11-28 17:23:22 请求时的入参: /pay/createOrder?amount=20110&currency=IDR&expectPayCodeType=0&merchantId=100119&orderNo=TestOrderNo_1701163402846&payChannel=6&payerName=test&payerPhone=081197204238&productId=2023&subject=TestSubject&version=1.0&sign=32006d31fc1b5eba144e3933e9825cc2
2023-11-28 17:23:25.617 | DEBUG    | lib.create_order1:post:98 - 2023-11-28 17:23:25 接口返回值: {'code': '200', 'msg': 'SUCCESS', 'sign': '08997a99f2561862151e57bed793ffbf', 'traceId': 'addd3ac5c0b74e90b4d1cec6b55ee276', 'orderNo': 'TestOrderNo_1701163402846', 'tradeNo': '10012023112816232462600018', 'payCode': '23096000003855811', 'payCodeType': '0', 'expireTime': '2023-11-29 09:05:04'}
2023-11-28 17:23:25.618 | DEBUG    | lib.create_order1:post:93 - 2023-11-28 17:23:25 发起post请求:下单
2023-11-28 17:23:25.619 | DEBUG    | lib.create_order1:post:94 - 2023-11-28 17:23:25 请求时的入参: /pay/createOrder?amount=20101&currency=IDR&expectPayCodeType=0&merchantId=100119&orderNo=TestOrderNo_1701163405618&payChannel=6&payerName=test&payerPhone=081197204238&productId=2023&subject=TestSubject&version=1.0&sign=fa3cf48a6b95b2d41278ca46bce14b41
2023-11-28 17:23:31.135 | DEBUG    | lib.create_order1:post:98 - 2023-11-28 17:23:31 接口返回值: {'code': '200', 'msg': 'SUCCESS', 'sign': '3829973b3f2b90e2bf7995b97d5fc8f8', 'traceId': 'becb478406ed413e8f9b247d3f95826d', 'orderNo': 'TestOrderNo_1701163405618', 'tradeNo': '10012023112816232896900018', 'payCode': '23096000003855813', 'payCodeType': '0', 'expireTime': '2023-11-29 09:05:08'}
2023-11-28 17:23:31.137 | DEBUG    | lib.create_order1:post:93 - 2023-11-28 17:23:31 发起post请求:下单
2023-11-28 17:23:31.137 | DEBUG    | lib.create_order1:post:94 - 2023-11-28 17:23:31 请求时的入参: /pay/createOrder?amount=20110&currency=IDR&expectPayCodeType=0&merchantId=100119&orderNo=TestOrderNo_1701163411137&payChannel=9&payerName=test&payerPhone=081197204238&productId=2023&subject=TestSubject&version=1.0&sign=5ffcf50cf9f008187f7859ff4e0e24c2
2023-11-28 17:23:34.517 | DEBUG    | lib.create_order1:post:98 - 2023-11-28 17:23:34 接口返回值: {'code': '200', 'msg': 'SUCCESS', 'sign': '90d9114b9d96d08bc41a3b8a31b18a49', 'traceId': 'c2c0c9fd1373488cb83fc06860cc3497', 'orderNo': 'TestOrderNo_1701163411137', 'tradeNo': '10012023112816233283300010', 'payCode': '103406000014385412', 'payCodeType': '0', 'expireTime': '2023-11-29 09:05:12'}
2023-11-28 17:23:34.518 | DEBUG    | lib.create_order1:post:93 - 2023-11-28 17:23:34 发起post请求:下单
2023-11-28 17:23:34.519 | DEBUG    | lib.create_order1:post:94 - 2023-11-28 17:23:34 请求时的入参: /pay/createOrder?amount=20101&currency=IDR&expectPayCodeType=0&merchantId=100119&orderNo=TestOrderNo_1701163414519&payChannel=9&payerName=test&payerPhone=081197204238&productId=2023&subject=TestSubject&version=1.0&sign=9759d575aa4f9862acf0417beb3250ac
2023-11-28 17:23:36.555 | DEBUG    | lib.create_order1:post:98 - 2023-11-28 17:23:36 接口返回值: {'code': '200', 'msg': 'SUCCESS', 'sign': '821dd12476b6f500e36717add1371086', 'traceId': '2040a5aea8ca4d4ca69ae96ebc27dc4d', 'orderNo': 'TestOrderNo_1701163414519', 'tradeNo': '10012023112816233556200012', 'payCode': '103406000014385414', 'payCodeType': '0', 'expireTime': '2023-11-29 09:05:15'}
2023-11-28 17:23:36.556 | DEBUG    | lib.create_order1:post:93 - 2023-11-28 17:23:36 发起post请求:下单
2023-11-28 17:23:36.557 | DEBUG    | lib.create_order1:post:94 - 2023-11-28 17:23:36 请求时的入参: /pay/createOrder?amount=20101&currency=IDR&expectPayCodeType=0&merchantId=100119&orderNo=TestOrderNo_1701163416557&payChannel=8&payerName=test&payerPhone=081197204238&productId=2023&subject=TestSubject&version=1.0&sign=cef3cb232141e7beefa9adaa359f2e11
2023-11-28 17:23:39.387 | DEBUG    | lib.create_order1:post:98 - 2023-11-28 17:23:39 接口返回值: {'code': '200', 'msg': 'SUCCESS', 'sign': '9fdb8f80fa8f0a715e0b06a958bcffac', 'traceId': '74ba39ec411a409facb52c976a42bc98', 'orderNo': 'TestOrderNo_1701163416557', 'tradeNo': '10012023112816233840300016', 'payCode': '8932560005977775', 'payCodeType': '0', 'expireTime': '2023-11-29 09:05:18'}
2023-11-28 17:23:39.388 | DEBUG    | lib.create_order1:post:93 - 2023-11-28 17:23:39 发起post请求:下单
2023-11-28 17:23:39.389 | DEBUG    | lib.create_order1:post:94 - 2023-11-28 17:23:39 请求时的入参: /pay/createOrder?amount=20110&currency=IDR&expectPayCodeType=0&merchantId=100119&orderNo=TestOrderNo_1701163419388&payChannel=8&payerName=test&payerPhone=081197204238&productId=2023&subject=TestSubject&version=1.0&sign=42903a20dbf3970755c237e696da2d3e
2023-11-28 17:23:42.143 | DEBUG    | lib.create_order1:post:98 - 2023-11-28 17:23:42 接口返回值: {'code': '200', 'msg': 'SUCCESS', 'sign': '239e72b6103f8bc70cfd9cd532ababc3', 'traceId': '1c8105032c9a422a98044ac2eadd56c9', 'orderNo': 'TestOrderNo_1701163419388', 'tradeNo': '10012023112816234120600018', 'payCode': '8932560005977776', 'payCodeType': '0', 'expireTime': '2023-11-29 09:05:21'}
2023-11-28 17:23:45.151 | DEBUG    | lib.create_order1:post:93 - 2023-11-28 17:23:45 发起post请求:下单
2023-11-28 17:23:45.151 | DEBUG    | lib.create_order1:post:94 - 2023-11-28 17:23:45 请求时的入参: /pay/createOrder?amount=20110&currency=IDR&expectPayCodeType=0&merchantId=100119&orderNo=TestOrderNo_1701163425151&payChannel=3&payerName=test&payerPhone=081382826302&productId=2023&subject=TestSubject&version=1.0&sign=ff528fd4391e2f00fc436af8d891ec44
2023-11-28 17:23:49.411 | DEBUG    | lib.create_order1:post:98 - 2023-11-28 17:23:49 接口返回值: {'code': '200', 'msg': 'SUCCESS', 'sign': 'a0816a8827dca21c9b6d20d550860eda', 'traceId': '7e3792eb64104c0897a691995d6e3bbf', 'orderNo': 'TestOrderNo_1701163425151', 'tradeNo': '10012023112816234691600017', 'payCode': '82149999296116', 'payCodeType': '0', 'expireTime': '2023-11-29 09:05:26'}
2023-11-28 17:23:49.412 | DEBUG    | lib.create_order1:post:93 - 2023-11-28 17:23:49 发起post请求:下单
2023-11-28 17:23:49.413 | DEBUG    | lib.create_order1:post:94 - 2023-11-28 17:23:49 请求时的入参: /pay/createOrder?amount=20101&currency=IDR&expectPayCodeType=0&merchantId=100119&orderNo=TestOrderNo_1701163429413&payChannel=3&payerName=test&payerPhone=081382826302&productId=2023&subject=TestSubject&version=1.0&sign=c21bf0aa15a88702f4a2d334e72b095c
2023-11-28 17:23:51.147 | DEBUG    | lib.create_order1:post:98 - 2023-11-28 17:23:51 接口返回值: {'code': '200', 'msg': 'SUCCESS', 'sign': '657afdd5a17f927bc30dffd756a40e46', 'traceId': 'e586de2d23c74b3a8264d46fb9330fed', 'orderNo': 'TestOrderNo_1701163429413', 'tradeNo': '10012023112816235030400019', 'payCode': '82149999918070', 'payCodeType': '0', 'expireTime': '2023-11-29 09:05:30'}
2023-11-28 17:23:51.149 | DEBUG    | lib.create_order1:post:93 - 2023-11-28 17:23:51 发起post请求:下单
2023-11-28 17:23:51.149 | DEBUG    | lib.create_order1:post:94 - 2023-11-28 17:23:51 请求时的入参: /pay/createOrder?amount=20110&currency=IDR&expectPayCodeType=0&merchantId=100119&orderNo=TestOrderNo_1701163431148&payChannel=4&payerName=test&payerPhone=081382826302&productId=2023&subject=TestSubject&version=1.0&sign=d96e47807860c4860b21f1442b1dec77
2023-11-28 17:23:53.892 | DEBUG    | lib.create_order1:post:98 - 2023-11-28 17:23:53 接口返回值: {'code': '200', 'msg': 'SUCCESS', 'sign': 'f55b9ec8b3fa102e123e6c88c79c1400', 'traceId': '4d278c184d07449ca9b811ed8692b766', 'orderNo': 'TestOrderNo_1701163431148', 'tradeNo': '10012023112816235281800016', 'payCode': '8808999964885486', 'payCodeType': '0', 'expireTime': '2023-11-29 09:05:32'}
2023-11-28 17:23:53.893 | DEBUG    | lib.create_order1:post:93 - 2023-11-28 17:23:53 发起post请求:下单
2023-11-28 17:23:53.894 | DEBUG    | lib.create_order1:post:94 - 2023-11-28 17:23:53 请求时的入参: /pay/createOrder?amount=20101&currency=IDR&expectPayCodeType=0&merchantId=100119&orderNo=TestOrderNo_1701163433894&payChannel=4&payerName=test&payerPhone=081382826302&productId=2023&subject=TestSubject&version=1.0&sign=65306dd4d49786e54128c28e02d0bca0
2023-11-28 17:23:57.477 | DEBUG    | lib.create_order1:post:98 - 2023-11-28 17:23:57 接口返回值: {'code': '200', 'msg': 'SUCCESS', 'sign': '8bfc459cf1a522959eca3e5319981cfd', 'traceId': '0f2775992bf145eaa937f6bdbb8ef7b9', 'orderNo': 'TestOrderNo_1701163433894', 'tradeNo': '10012023112816235566200015', 'payCode': '8808999943061105', 'payCodeType': '0', 'expireTime': '2023-11-29 09:05:35'}
2023-11-28 17:23:57.478 | DEBUG    | lib.create_order1:post:93 - 2023-11-28 17:23:57 发起post请求:下单
2023-11-28 17:23:57.479 | DEBUG    | lib.create_order1:post:94 - 2023-11-28 17:23:57 请求时的入参: /pay/createOrder?amount=20110&currency=IDR&expectPayCodeType=0&merchantId=100119&orderNo=TestOrderNo_1701163437478&payChannel=15&payerName=test&payerPhone=081382826302&productId=2023&subject=TestSubject&version=1.0&sign=e75fc9f49449cb4ffc10bd65099d19cf
2023-11-28 17:23:59.278 | DEBUG    | lib.create_order1:post:98 - 2023-11-28 17:23:59 接口返回值: {'code': '88011', 'msg': 'this channel is not supported yet', 'sign': '411ec7909e0ca62a908e815847137547', 'traceId': '2d9cf2041b5140da9d24738ebc540f86'}
2023-11-28 17:23:59.279 | DEBUG    | lib.create_order1:post:93 - 2023-11-28 17:23:59 发起post请求:下单
2023-11-28 17:23:59.280 | DEBUG    | lib.create_order1:post:94 - 2023-11-28 17:23:59 请求时的入参: /pay/createOrder?amount=20101&currency=IDR&expectPayCodeType=0&merchantId=100119&orderNo=TestOrderNo_1701163439280&payChannel=15&payerName=test&payerPhone=081382826302&productId=2023&subject=TestSubject&version=1.0&sign=f89777292fb7474e971bdc325aeda80a
2023-11-28 17:24:01.299 | DEBUG    | lib.create_order1:post:98 - 2023-11-28 17:24:01 接口返回值: {'code': '200', 'msg': 'SUCCESS', 'sign': '22925f63d26800e6790be3ff344c2943', 'traceId': '9644698d46c3483390d9a6311697ced9', 'orderNo': 'TestOrderNo_1701163439280', 'tradeNo': '10012023112816240106700011', 'payCode': 'http://localhost:8080/walletPay?orderInfo=wU3NFGwK4395KeELxFzSVfIUOLJ8eyjkmh%2BrAesa2lhMFsjtsVAYa0C6cUMqogZzSlmaOkEJu7g0iKrSm%2F9WovgsM3UZ2SS5%2F%2BF1QkhdPpAD8IlksAXb9x0GCYV1r29ctNGL0hs1d7dGt%2Flzhy9WXUN4QKbjhAXs3VIQQ0YguXA%3D', 'payCodeType': '1', 'expireTime': '2023-11-28 17:24:01'}
2023-11-28 17:24:01.300 | DEBUG    | lib.create_order1:post:93 - 2023-11-28 17:24:01 发起post请求:下单
2023-11-28 17:24:01.301 | DEBUG    | lib.create_order1:post:94 - 2023-11-28 17:24:01 请求时的入参: /pay/createOrder?amount=20110&currency=IDR&expectPayCodeType=0&merchantId=100119&orderNo=TestOrderNo_1701163441300&payChannel=6&payerName=test&payerPhone=081382826302&productId=2023&subject=TestSubject&version=1.0&sign=9911f6861ea3afb4b279527939b915cd
2023-11-28 17:24:03.331 | DEBUG    | lib.create_order1:post:98 - 2023-11-28 17:24:03 接口返回值: {'code': '88011', 'msg': 'this channel is not supported yet', 'sign': '09f1bcd1b41d8dbba8abfa4dcb76b776', 'traceId': '60ce3258b468404ba3a03f8590dd9f3a'}
2023-11-28 17:24:03.332 | DEBUG    | lib.create_order1:post:93 - 2023-11-28 17:24:03 发起post请求:下单
2023-11-28 17:24:03.333 | DEBUG    | lib.create_order1:post:94 - 2023-11-28 17:24:03 请求时的入参: /pay/createOrder?amount=20101&currency=IDR&expectPayCodeType=0&merchantId=100119&orderNo=TestOrderNo_1701163443332&payChannel=6&payerName=test&payerPhone=081382826302&productId=2023&subject=TestSubject&version=1.0&sign=45e7b256f186a4f29e56b09e8e0c30bd
2023-11-28 17:24:05.208 | DEBUG    | lib.create_order1:post:98 - 2023-11-28 17:24:05 接口返回值: {'code': '88011', 'msg': 'this channel is not supported yet', 'sign': 'e4bfd32a1753a1fbe5ba5252d271b4cf', 'traceId': '499a9049827c475b814f519cc9e0e029'}
2023-11-28 17:24:05.209 | DEBUG    | lib.create_order1:post:93 - 2023-11-28 17:24:05 发起post请求:下单
2023-11-28 17:24:05.209 | DEBUG    | lib.create_order1:post:94 - 2023-11-28 17:24:05 请求时的入参: /pay/createOrder?amount=20110&currency=IDR&expectPayCodeType=0&merchantId=100119&orderNo=TestOrderNo_1701163445209&payChannel=9&payerName=test&payerPhone=081382826302&productId=2023&subject=TestSubject&version=1.0&sign=9153f7fb8329676557144687f46f7150
2023-11-28 17:24:07.368 | DEBUG    | lib.create_order1:post:98 - 2023-11-28 17:24:07 接口返回值: {'code': '200', 'msg': 'SUCCESS', 'sign': 'e4890121a37c5acf130e25badf826d90', 'traceId': '158db123130748a8bd0456ee0be74c72', 'orderNo': 'TestOrderNo_1701163445209', 'tradeNo': '10012023112816240687600010', 'payCode': '103406000000027443', 'payCodeType': '0', 'expireTime': '2023-11-29 09:05:46'}
2023-11-28 17:24:07.369 | DEBUG    | lib.create_order1:post:93 - 2023-11-28 17:24:07 发起post请求:下单
2023-11-28 17:24:07.370 | DEBUG    | lib.create_order1:post:94 - 2023-11-28 17:24:07 请求时的入参: /pay/createOrder?amount=20101&currency=IDR&expectPayCodeType=0&merchantId=100119&orderNo=TestOrderNo_1701163447369&payChannel=9&payerName=test&payerPhone=081382826302&productId=2023&subject=TestSubject&version=1.0&sign=cfbb9f92ce0d37ec3f4fb3e16aad2bb8
2023-11-28 17:24:09.620 | DEBUG    | lib.create_order1:post:98 - 2023-11-28 17:24:09 接口返回值: {'code': '200', 'msg': 'SUCCESS', 'sign': '6465f6213799af6d2a5ec1a2dc3d5ef0', 'traceId': '2344c50e996c4546acb7f5d8e85f02ec', 'orderNo': 'TestOrderNo_1701163447369', 'tradeNo': '10012023112816240916800019', 'payCode': '103406000000027444', 'payCodeType': '0', 'expireTime': '2023-11-29 09:05:49'}
2023-11-28 17:24:12.627 | DEBUG    | lib.create_order1:post:93 - 2023-11-28 17:24:12 发起post请求:下单
2023-11-28 17:24:12.628 | DEBUG    | lib.create_order1:post:94 - 2023-11-28 17:24:12 请求时的入参: /pay/createOrder?amount=20110&currency=IDR&expectPayCodeType=0&merchantId=100119&orderNo=TestOrderNo_1701163452628&payChannel=15&payerName=test&payerPhone=081382826303&productId=2023&subject=TestSubject&version=1.0&sign=50ec4ba7405ede364acf2e5cfaf24131
2023-11-28 17:24:15.572 | DEBUG    | lib.create_order1:post:98 - 2023-11-28 17:24:15 接口返回值: {'code': '200', 'msg': 'SUCCESS', 'sign': 'd79cdcef21d7e36c47c761c3853c82d1', 'traceId': '3dc8eeec3f3a4a36818042c51e907f5b', 'orderNo': 'TestOrderNo_1701163452628', 'tradeNo': '10012023112816241542100014', 'payCode': 'http://localhost:8080/walletPay?orderInfo=wU3NFGwK4395KeELxFzSVfIUOLJ8eyjkmh%2BrAesa2lhMFsjtsVAYa0C6cUMqogZzWOM%2FuO3zDZge7WcHa67GAfgsM3UZ2SS5%2F%2BF1QkhdPpDUC1E5%2FUsQGUrpmllDXJ%2FSaKi%2FM1wf3iGqovSbTHA5wEN4QKbjhAXs3VIQQ0YguXA%3D', 'payCodeType': '1', 'expireTime': '2023-11-28 17:24:15'}
2023-11-28 17:24:15.573 | DEBUG    | lib.create_order1:post:93 - 2023-11-28 17:24:15 发起post请求:下单
2023-11-28 17:24:15.574 | DEBUG    | lib.create_order1:post:94 - 2023-11-28 17:24:15 请求时的入参: /pay/createOrder?amount=20101&currency=IDR&expectPayCodeType=0&merchantId=100119&orderNo=TestOrderNo_1701163455573&payChannel=15&payerName=test&payerPhone=081382826303&productId=2023&subject=TestSubject&version=1.0&sign=5628be34bdb1755468173be1bdb12317
2023-11-28 17:24:18.991 | DEBUG    | lib.create_order1:post:98 - 2023-11-28 17:24:18 接口返回值: {'code': '200', 'msg': 'SUCCESS', 'sign': '681d5de779ed208b1a186656ee91d407', 'traceId': '50f18f1f97a54b5393808f3a3b449da6', 'orderNo': 'TestOrderNo_1701163455573', 'tradeNo': '10012023112816241885500010', 'payCode': 'http://localhost:8080/walletPay?orderInfo=wU3NFGwK4395KeELxFzSVfIUOLJ8eyjkmh%2BrAesa2lhMFsjtsVAYa0C6cUMqogZzT5pBY3b%2FuCuweyuF1Z8FofgsM3UZ2SS5%2F%2BF1QkhdPpA0nBScfmSOmGmi9R0DqdSktNGL0hs1d7dGt%2Flzhy9WXUN4QKbjhAXs3VIQQ0YguXA%3D', 'payCodeType': '1', 'expireTime': '2023-11-28 17:24:18'}
2023-11-28 17:24:18.992 | DEBUG    | lib.create_order1:post:93 - 2023-11-28 17:24:18 发起post请求:下单
2023-11-28 17:24:18.993 | DEBUG    | lib.create_order1:post:94 - 2023-11-28 17:24:18 请求时的入参: /pay/createOrder?amount=20110&currency=IDR&expectPayCodeType=0&merchantId=100119&orderNo=TestOrderNo_1701163458992&payChannel=16&payerName=test&payerPhone=081382826303&productId=2023&subject=TestSubject&version=1.0&sign=c150ba161432a4ec74ad67efffab1d72
2023-11-28 17:24:21.237 | DEBUG    | lib.create_order1:post:98 - 2023-11-28 17:24:21 接口返回值: {'code': '88005', 'msg': 'channel process error, please try again', 'sign': 'b4a3cf91b99bf11adc1409f7ff7136f7', 'traceId': 'c703674ce532436480eb04074ff0c9f2'}
2023-11-28 17:24:21.238 | DEBUG    | lib.create_order1:post:93 - 2023-11-28 17:24:21 发起post请求:下单
2023-11-28 17:24:21.239 | DEBUG    | lib.create_order1:post:94 - 2023-11-28 17:24:21 请求时的入参: /pay/createOrder?amount=20101&currency=IDR&expectPayCodeType=0&merchantId=100119&orderNo=TestOrderNo_1701163461238&payChannel=16&payerName=test&payerPhone=081382826303&productId=2023&subject=TestSubject&version=1.0&sign=aa71e79def2e466a410cfc1a478ddb65
2023-11-28 17:24:22.565 | DEBUG    | lib.create_order1:post:98 - 2023-11-28 17:24:22 接口返回值: {'code': '88005', 'msg': 'channel process error, please try again', 'sign': 'd3692ca85414cd5d38c6d2ca7cb2bf13', 'traceId': '5c5410d4eb314b929eefe3e07f097901'}
2023-11-28 17:24:22.566 | DEBUG    | lib.create_order1:post:93 - 2023-11-28 17:24:22 发起post请求:下单
2023-11-28 17:24:22.566 | DEBUG    | lib.create_order1:post:94 - 2023-11-28 17:24:22 请求时的入参: /pay/createOrder?amount=20110&currency=IDR&expectPayCodeType=0&merchantId=100119&orderNo=TestOrderNo_1701163462567&payChannel=17&payerName=test&payerPhone=081382826303&productId=2023&subject=TestSubject&version=1.0&sign=009ad6e4e6370cfde5b47be372588c77
2023-11-28 17:24:24.785 | DEBUG    | lib.create_order1:post:98 - 2023-11-28 17:24:24 接口返回值: {'code': '200', 'msg': 'SUCCESS', 'sign': '5a688aa72585ea3eb99d9504a9db9246', 'traceId': 'ad017e0b560a4b949213de6256956bde', 'orderNo': 'TestOrderNo_1701163462567', 'tradeNo': '10012023112816242431300012', 'payCode': 'http://localhost:8080/payResult?orderInfo=IuJ%2Bn%2BVUAnMPzfG%2BgKVcGzq8s%2FicaXsFj7%2BvTmBcmofpW%2Fj%2Fwa%2B5d6UyJSbe6TkK4WQImJICTbFDmncrCm7OhbMY9TJ1hjzEgNcKHadpw9rulToDrqNXWbyE9jjd7Tlau9HLG974bOjujYafNb6oz9A%2B8c2JrHhUYsqX8tuX0biQwWmtMpTVGZiH0rJZF%2BQs3uhLx4bTuQH3Auz7yy%2B66FYiHmb3Jo6S9IYRw6lsIRU%3D', 'payCodeType': '1', 'expireTime': '2023-11-28 17:24:24'}
2023-11-28 17:24:24.786 | DEBUG    | lib.create_order1:post:93 - 2023-11-28 17:24:24 发起post请求:下单
2023-11-28 17:24:24.786 | DEBUG    | lib.create_order1:post:94 - 2023-11-28 17:24:24 请求时的入参: /pay/createOrder?amount=20101&currency=IDR&expectPayCodeType=0&merchantId=100119&orderNo=TestOrderNo_1701163464787&payChannel=17&payerName=test&payerPhone=081382826303&productId=2023&subject=TestSubject&version=1.0&sign=5daa91710862ba25f6fdadf3a50b1580
2023-11-28 17:24:26.234 | DEBUG    | lib.create_order1:post:98 - 2023-11-28 17:24:26 接口返回值: {'code': '200', 'msg': 'SUCCESS', 'sign': '6fc3c37fccca76a40fc5732dff51e780', 'traceId': '0c5df52929a442168d4dc6d89369c28d', 'orderNo': 'TestOrderNo_1701163464787', 'tradeNo': '10012023112816242577100010', 'payCode': 'http://localhost:8080/payResult?orderInfo=IuJ%2Bn%2BVUAnMPzfG%2BgKVcG1ZjE4%2Fm8GfPIovfimijFiJn9APiuUM4v3ybpwt9kry54WQImJICTbFDmncrCm7OhXb2n219cTAIfzFvpcVs2K2h6rKxOACp2V61Sa%2BH5ZpLu9HLG974bOjujYafNb6oz9A%2B8c2JrHhUYsqX8tuX0biHsj9jzos1oEY9HtVxYrkzHpzegM6Eitfof82Kz%2FVocsNl8iSwLWIxlZZrggPM3bg%3D', 'payCodeType': '1', 'expireTime': '2023-11-28 17:24:25'}
2023-11-28 17:24:26.235 | DEBUG    | lib.create_order1:post:93 - 2023-11-28 17:24:26 发起post请求:下单
2023-11-28 17:24:26.235 | DEBUG    | lib.create_order1:post:94 - 2023-11-28 17:24:26 请求时的入参: /pay/createOrder?amount=20110&currency=IDR&expectPayCodeType=0&merchantId=100119&orderNo=TestOrderNo_1701163466235&payChannel=18&payerName=test&payerPhone=081382826303&productId=2023&subject=TestSubject&version=1.0&sign=49ccc85887204b60a83434514f128a5b
2023-11-28 17:24:29.487 | DEBUG    | lib.create_order1:post:98 - 2023-11-28 17:24:29 接口返回值: {'code': '200', 'msg': 'SUCCESS', 'sign': '530756b2bef6f0529dfa7579d687cd59', 'traceId': 'e668218d143e4e579c88f3c6d00f691a', 'orderNo': 'TestOrderNo_1701163466235', 'tradeNo': '10012023112816242901500018', 'payCode': 'http://localhost:8080/payResult?orderInfo=IuJ%2Bn%2BVUAnMPzfG%2BgKVcGwy3KMpq6xkZbKCutLk0aFgrf0oOXLgEsrIu6M1lqzMB4WQImJICTbFDmncrCm7OhXlXjFIx7CF9e%2BOE%2FoYW00HulToDrqNXWbyE9jjd7Tlau9HLG974bOjujYafNb6oz9A%2B8c2JrHhUYsqX8tuX0bhmtVEbktbcqJZUHD5sWq5cgfOZRNpJ5uTcJHjGby2z1rJGe85AvQWnCEZb1mK7xTw%3D', 'payCodeType': '1', 'expireTime': '2023-11-28 17:24:29'}
2023-11-28 17:24:29.488 | DEBUG    | lib.create_order1:post:93 - 2023-11-28 17:24:29 发起post请求:下单
2023-11-28 17:24:29.488 | DEBUG    | lib.create_order1:post:94 - 2023-11-28 17:24:29 请求时的入参: /pay/createOrder?amount=20101&currency=IDR&expectPayCodeType=0&merchantId=100119&orderNo=TestOrderNo_1701163469489&payChannel=18&payerName=test&payerPhone=081382826303&productId=2023&subject=TestSubject&version=1.0&sign=24b4145bd636b655afd38642de20bb1a
2023-11-28 17:24:32.279 | DEBUG    | lib.create_order1:post:98 - 2023-11-28 17:24:32 接口返回值: {'code': '200', 'msg': 'SUCCESS', 'sign': '717d912ea39672eb9eae3f2a2af3a9e2', 'traceId': '39b843dce68240759bf8be0a0e06ce47', 'orderNo': 'TestOrderNo_1701163469489', 'tradeNo': '10012023112816243187000012', 'payCode': 'http://localhost:8080/payResult?orderInfo=IuJ%2Bn%2BVUAnMPzfG%2BgKVcG08tMZbZ51PjAHN9gAKnhd%2FpW%2Fj%2Fwa%2B5d6UyJSbe6TkK4WQImJICTbFDmncrCm7OhY81lY8IYvlb%2BdyzSfZA%2FoGh6rKxOACp2V61Sa%2BH5ZpLu9HLG974bOjujYafNb6oz9A%2B8c2JrHhUYsqX8tuX0bgI3oyi17Gvlr8FiLw3%2Bdi6xNguu1nOiJq%2BVDk3TO4i%2Fl4BKYZYR50j3b9FO9JV87U%3D', 'payCodeType': '1', 'expireTime': '2023-11-28 17:24:31'}
2023-11-28 17:24:32.280 | DEBUG    | lib.create_order1:post:93 - 2023-11-28 17:24:32 发起post请求:下单
2023-11-28 17:24:32.281 | DEBUG    | lib.create_order1:post:94 - 2023-11-28 17:24:32 请求时的入参: /pay/createOrder?amount=20110&currency=IDR&expectPayCodeType=0&merchantId=100119&orderNo=TestOrderNo_1701163472280&payChannel=19&payerName=test&payerPhone=081382826303&productId=2023&subject=TestSubject&version=1.0&sign=15f7a3309e7de90b0358fc4e3ff2b082
2023-11-28 17:24:33.659 | DEBUG    | lib.create_order1:post:98 - 2023-11-28 17:24:33 接口返回值: {'code': '200', 'msg': 'SUCCESS', 'sign': '69eddfee3b4923dc3a39031db2702426', 'traceId': '4a60ff4e02274c119eb657671b69daae', 'orderNo': 'TestOrderNo_1701163472280', 'tradeNo': '10012023112816243315600014', 'payCode': 'http://localhost:8080/payResult?orderInfo=IuJ%2Bn%2BVUAnMPzfG%2BgKVcG2etY3ftAmND6E8Ebyb4hOgw4QfiScAcu5TFGLEMS7jzwY7UiQeAcnx4Q4mO7Q3E0YOvx%2FLKWKUlQk1gzNzjtFzulToDrqNXWbyE9jjd7Tlau9HLG974bOjujYafNb6oz9A%2B8c2JrHhUYsqX8tuX0bgI9nvgeFiP1GcA771EvWTVG7f1DyT%2B3sqaHHOmyf%2FENFxzBIn0gqVvYEbZ3ttIphU%3D', 'payCodeType': '1', 'expireTime': '2023-11-28 17:24:33'}
2023-11-28 17:24:33.661 | DEBUG    | lib.create_order1:post:93 - 2023-11-28 17:24:33 发起post请求:下单
2023-11-28 17:24:33.661 | DEBUG    | lib.create_order1:post:94 - 2023-11-28 17:24:33 请求时的入参: /pay/createOrder?amount=20101&currency=IDR&expectPayCodeType=0&merchantId=100119&orderNo=TestOrderNo_1701163473662&payChannel=19&payerName=test&payerPhone=081382826303&productId=2023&subject=TestSubject&version=1.0&sign=368b65c308e6f84d687dad03e784c74d
2023-11-28 17:24:35.114 | DEBUG    | lib.create_order1:post:98 - 2023-11-28 17:24:35 接口返回值: {'code': '200', 'msg': 'SUCCESS', 'sign': '4bf0e398027311d42dc78e1712c9343d', 'traceId': '5e38e695cb77449988a151b521e071e9', 'orderNo': 'TestOrderNo_1701163473662', 'tradeNo': '10012023112816243463300011', 'payCode': 'http://localhost:8080/payResult?orderInfo=IuJ%2Bn%2BVUAnMPzfG%2BgKVcGyi1i%2FBMC9p9SA4GgzDaVsZGmZe1knarhYemzJmopWZuwY7UiQeAcnx4Q4mO7Q3E0TRjHkhbUJwzyO64BUPX1Myh6rKxOACp2V61Sa%2BH5ZpLu9HLG974bOjujYafNb6oz9A%2B8c2JrHhUYsqX8tuX0bjzqSLqShTMWOIWPiSf48O0wdHuvHdIWliEO1%2FiTUzdjDf%2FN42m5u8Qr3lJi1TIfJE%3D', 'payCodeType': '1', 'expireTime': '2023-11-28 17:24:34'}
2023-11-28 17:24:35.115 | DEBUG    | lib.create_order1:post:93 - 2023-11-28 17:24:35 发起post请求:下单
2023-11-28 17:24:35.115 | DEBUG    | lib.create_order1:post:94 - 2023-11-28 17:24:35 请求时的入参: /pay/createOrder?amount=20110&currency=IDR&expectPayCodeType=0&merchantId=100119&orderNo=TestOrderNo_1701163475115&payChannel=3&payerName=test&payerPhone=081382826303&productId=2023&subject=TestSubject&version=1.0&sign=d92d58b6fa100c2a40b53f4cb8dadf34
2023-11-28 17:24:37.529 | DEBUG    | lib.create_order1:post:98 - 2023-11-28 17:24:37 接口返回值: {'code': '200', 'msg': 'SUCCESS', 'sign': '85d7941a5798dc03663d9eb81c2f972a', 'traceId': 'fdc438cabebe44d28bf4cf9953493ef5', 'orderNo': 'TestOrderNo_1701163475115', 'tradeNo': '10012023112816243686300012', 'payCode': '7392600000009794', 'payCodeType': '0', 'expireTime': '2023-11-29 09:06:16'}
2023-11-28 17:24:37.529 | DEBUG    | lib.create_order1:post:93 - 2023-11-28 17:24:37 发起post请求:下单
2023-11-28 17:24:37.529 | DEBUG    | lib.create_order1:post:94 - 2023-11-28 17:24:37 请求时的入参: /pay/createOrder?amount=20101&currency=IDR&expectPayCodeType=0&merchantId=100119&orderNo=TestOrderNo_1701163477530&payChannel=3&payerName=test&payerPhone=081382826303&productId=2023&subject=TestSubject&version=1.0&sign=ebd92bbc78b1240e5aa8e9cc37e86dd4
2023-11-28 17:24:39.767 | DEBUG    | lib.create_order1:post:98 - 2023-11-28 17:24:39 接口返回值: {'code': '200', 'msg': 'SUCCESS', 'sign': 'b1409cee475b0d4c9fa9021dfee6cbe6', 'traceId': '29cfeff93a724463bdd29bd4326bdb56', 'orderNo': 'TestOrderNo_1701163477530', 'tradeNo': '10012023112816243928000016', 'payCode': '7392600000009795', 'payCodeType': '0', 'expireTime': '2023-11-29 09:06:19'}
2023-11-28 17:24:39.768 | DEBUG    | lib.create_order1:post:93 - 2023-11-28 17:24:39 发起post请求:下单
2023-11-28 17:24:39.769 | DEBUG    | lib.create_order1:post:94 - 2023-11-28 17:24:39 请求时的入参: /pay/createOrder?amount=20110&currency=IDR&expectPayCodeType=0&merchantId=100119&orderNo=TestOrderNo_1701163479769&payChannel=4&payerName=test&payerPhone=081382826303&productId=2023&subject=TestSubject&version=1.0&sign=807ab42289ce2c58e8f62fb5ef49578d
2023-11-28 17:24:41.065 | DEBUG    | lib.create_order1:post:98 - 2023-11-28 17:24:41 接口返回值: {'code': '200', 'msg': 'SUCCESS', 'sign': '0b7bb9d69f25fc0f01e98e52ef8d09ce', 'traceId': 'd7bacfb339834673b7464a87918169b4', 'orderNo': 'TestOrderNo_1701163479769', 'tradeNo': '10012023112816244065700012', 'payCode': '8255600000137023', 'payCodeType': '0', 'expireTime': '2023-11-29 09:06:20'}
2023-11-28 17:24:41.066 | DEBUG    | lib.create_order1:post:93 - 2023-11-28 17:24:41 发起post请求:下单
2023-11-28 17:24:41.067 | DEBUG    | lib.create_order1:post:94 - 2023-11-28 17:24:41 请求时的入参: /pay/createOrder?amount=20101&currency=IDR&expectPayCodeType=0&merchantId=100119&orderNo=TestOrderNo_1701163481067&payChannel=4&payerName=test&payerPhone=081382826303&productId=2023&subject=TestSubject&version=1.0&sign=59e5f29ba96f52c520ec08032d169013
2023-11-28 17:24:44.491 | DEBUG    | lib.create_order1:post:98 - 2023-11-28 17:24:44 接口返回值: {'code': '200', 'msg': 'SUCCESS', 'sign': '2a5849a5256a43d1ffc0cb1c9885ac9e', 'traceId': '5ce07444d8bf4644b6d34b020e4760f4', 'orderNo': 'TestOrderNo_1701163481067', 'tradeNo': '10012023112816244393300014', 'payCode': '8255600000137024', 'payCodeType': '0', 'expireTime': '2023-11-29 09:06:23'}
2023-11-28 17:24:44.491 | DEBUG    | lib.create_order1:post:93 - 2023-11-28 17:24:44 发起post请求:下单
2023-11-28 17:24:44.492 | DEBUG    | lib.create_order1:post:94 - 2023-11-28 17:24:44 请求时的入参: /pay/createOrder?amount=20110&currency=IDR&expectPayCodeType=0&merchantId=100119&orderNo=TestOrderNo_1701163484492&payChannel=5&payerName=test&payerPhone=081382826303&productId=2023&subject=TestSubject&version=1.0&sign=baf4755c6f0a735ee881cfa1f842f907
2023-11-28 17:24:46.807 | DEBUG    | lib.create_order1:post:98 - 2023-11-28 17:24:46 接口返回值: {'code': '200', 'msg': 'SUCCESS', 'sign': 'bea7ee59d0e8aec2b9d5963ff30823b7', 'traceId': '85640b436c33483ebdb74311344ed925', 'orderNo': 'TestOrderNo_1701163484492', 'tradeNo': '10012023112816244627600015', 'payCode': '700707760000013499', 'payCodeType': '0', 'expireTime': '2023-11-29 09:06:26'}
2023-11-28 17:24:46.808 | DEBUG    | lib.create_order1:post:93 - 2023-11-28 17:24:46 发起post请求:下单
2023-11-28 17:24:46.809 | DEBUG    | lib.create_order1:post:94 - 2023-11-28 17:24:46 请求时的入参: /pay/createOrder?amount=20101&currency=IDR&expectPayCodeType=0&merchantId=100119&orderNo=TestOrderNo_1701163486809&payChannel=5&payerName=test&payerPhone=081382826303&productId=2023&subject=TestSubject&version=1.0&sign=d7e702d3e4600d7d2ab164e3bbfd6fa0
2023-11-28 17:24:49.165 | DEBUG    | lib.create_order1:post:98 - 2023-11-28 17:24:49 接口返回值: {'code': '200', 'msg': 'SUCCESS', 'sign': '64c293e19c7ebf244fdea3d0b5b4039a', 'traceId': '31950cd819a342e786f706e31f4a6225', 'orderNo': 'TestOrderNo_1701163486809', 'tradeNo': '10012023112816244861200019', 'payCode': '700707760000013500', 'payCodeType': '0', 'expireTime': '2023-11-29 09:06:28'}
2023-11-28 17:24:49.167 | DEBUG    | lib.create_order1:post:93 - 2023-11-28 17:24:49 发起post请求:下单
2023-11-28 17:24:49.167 | DEBUG    | lib.create_order1:post:94 - 2023-11-28 17:24:49 请求时的入参: /pay/createOrder?amount=20110&currency=IDR&expectPayCodeType=0&merchantId=100119&orderNo=TestOrderNo_1701163489166&payChannel=6&payerName=test&payerPhone=081382826303&productId=2023&subject=TestSubject&version=1.0&sign=1ae7d53aadbc34857eac7f6c3c743a16
2023-11-28 17:24:50.676 | DEBUG    | lib.create_order1:post:98 - 2023-11-28 17:24:50 接口返回值: {'code': '200', 'msg': 'SUCCESS', 'sign': '27b82551d1c84b939a45ffe82b5f0193', 'traceId': '674e387f8ff148958b876ff379bcaab5', 'orderNo': 'TestOrderNo_1701163489166', 'tradeNo': '10012023112816245017200019', 'payCode': '23096000000112100', 'payCodeType': '0', 'expireTime': '2023-11-29 09:06:30'}
2023-11-28 17:24:50.677 | DEBUG    | lib.create_order1:post:93 - 2023-11-28 17:24:50 发起post请求:下单
2023-11-28 17:24:50.678 | DEBUG    | lib.create_order1:post:94 - 2023-11-28 17:24:50 请求时的入参: /pay/createOrder?amount=20101&currency=IDR&expectPayCodeType=0&merchantId=100119&orderNo=TestOrderNo_1701163490678&payChannel=6&payerName=test&payerPhone=081382826303&productId=2023&subject=TestSubject&version=1.0&sign=060c2b2ec6ed42f5c91b0b3b7c40f3c9
2023-11-28 17:24:52.152 | DEBUG    | lib.create_order1:post:98 - 2023-11-28 17:24:52 接口返回值: {'code': '200', 'msg': 'SUCCESS', 'sign': 'dbd6d2109762d4fa76b77ec5f690e67a', 'traceId': '38469196c0b04ee9b4a73e96c70c573a', 'orderNo': 'TestOrderNo_1701163490678', 'tradeNo': '10012023112816245167600018', 'payCode': '23096000000112101', 'payCodeType': '0', 'expireTime': '2023-11-29 09:06:31'}
2023-11-28 17:24:52.153 | DEBUG    | lib.create_order1:post:93 - 2023-11-28 17:24:52 发起post请求:下单
2023-11-28 17:24:52.153 | DEBUG    | lib.create_order1:post:94 - 2023-11-28 17:24:52 请求时的入参: /pay/createOrder?amount=20110&currency=IDR&expectPayCodeType=0&merchantId=100119&orderNo=TestOrderNo_1701163492154&payChannel=9&payerName=test&payerPhone=081382826303&productId=2023&subject=TestSubject&version=1.0&sign=0ebc8552531fb411906c6b3f18c9ce48
2023-11-28 17:24:53.596 | DEBUG    | lib.create_order1:post:98 - 2023-11-28 17:24:53 接口返回值: {'code': '200', 'msg': 'SUCCESS', 'sign': '93fc65e7c7ae629277a47d44aa25ceb3', 'traceId': '547070bfd8aa4c78bcfcabb14c581ba0', 'orderNo': 'TestOrderNo_1701163492154', 'tradeNo': '10012023112816245315100010', 'payCode': '103406000000027445', 'payCodeType': '0', 'expireTime': '2023-11-29 09:06:33'}
2023-11-28 17:24:53.597 | DEBUG    | lib.create_order1:post:93 - 2023-11-28 17:24:53 发起post请求:下单
2023-11-28 17:24:53.598 | DEBUG    | lib.create_order1:post:94 - 2023-11-28 17:24:53 请求时的入参: /pay/createOrder?amount=20101&currency=IDR&expectPayCodeType=0&merchantId=100119&orderNo=TestOrderNo_1701163493598&payChannel=9&payerName=test&payerPhone=081382826303&productId=2023&subject=TestSubject&version=1.0&sign=53a0fcd3f81c95ec81a7c67614ebff2e
2023-11-28 17:24:55.887 | DEBUG    | lib.create_order1:post:98 - 2023-11-28 17:24:55 接口返回值: {'code': '200', 'msg': 'SUCCESS', 'sign': '80411dd15f8b906d2d2444ee28fbb41a', 'traceId': '8c6e9f9ef1054c72bd0720154366276d', 'orderNo': 'TestOrderNo_1701163493598', 'tradeNo': '10012023112816245530800014', 'payCode': '103406000000027446', 'payCodeType': '0', 'expireTime': '2023-11-29 09:06:35'}
2023-11-28 17:24:58.899 | DEBUG    | lib.create_order1:post:93 - 2023-11-28 17:24:58 发起post请求:下单
2023-11-28 17:24:58.899 | DEBUG    | lib.create_order1:post:94 - 2023-11-28 17:24:58 请求时的入参: /pay/createOrder?amount=20110&currency=IDR&expectPayCodeType=0&merchantId=100119&orderNo=TestOrderNo_1701163498899&payChannel=15&payerName=test&payerPhone=081382826306&productId=2023&subject=TestSubject&version=1.0&sign=6717cba5798a9889ae864eb39ca20c5e
2023-11-28 17:25:01.276 | DEBUG    | lib.create_order1:post:98 - 2023-11-28 17:25:01 接口返回值: {'code': '200', 'msg': 'SUCCESS', 'sign': '25d772b221bf4c4246268e321cee6492', 'traceId': '94bfc7a9c48940558c12ccfe1568a81f', 'orderNo': 'TestOrderNo_1701163498899', 'tradeNo': '10012023112816250067700017', 'payCode': 'http://localhost:8080/walletPay?orderInfo=wU3NFGwK4395KeELxFzSVfIUOLJ8eyjkmh%2BrAesa2lhMFsjtsVAYa0C6cUMqogZzIpAIjKzzmLswrYSdZbqYofgsM3UZ2SS5%2F%2BF1QkhdPpB15zEb3iP4oUG%2Bj53zS9lOaKi%2FM1wf3iGqovSbTHA5wEN4QKbjhAXs3VIQQ0YguXA%3D', 'payCodeType': '1', 'expireTime': '2023-11-28 17:25:00'}
2023-11-28 17:25:01.277 | DEBUG    | lib.create_order1:post:93 - 2023-11-28 17:25:01 发起post请求:下单
2023-11-28 17:25:01.278 | DEBUG    | lib.create_order1:post:94 - 2023-11-28 17:25:01 请求时的入参: /pay/createOrder?amount=20101&currency=IDR&expectPayCodeType=0&merchantId=100119&orderNo=TestOrderNo_1701163501277&payChannel=15&payerName=test&payerPhone=081382826306&productId=2023&subject=TestSubject&version=1.0&sign=1b4215e3f88cafaa0031377681a04602
2023-11-28 17:25:02.396 | DEBUG    | lib.create_order1:post:98 - 2023-11-28 17:25:02 接口返回值: {'code': '88011', 'msg': 'this channel is not supported yet', 'sign': 'e0a3f38fc4c32e0626ae1b7e80029d73', 'traceId': 'b26102c3b0a644eea42e6d7b0390fed1'}
2023-11-28 17:25:02.397 | DEBUG    | lib.create_order1:post:93 - 2023-11-28 17:25:02 发起post请求:下单
2023-11-28 17:25:02.397 | DEBUG    | lib.create_order1:post:94 - 2023-11-28 17:25:02 请求时的入参: /pay/createOrder?amount=20110&currency=IDR&expectPayCodeType=0&merchantId=100119&orderNo=TestOrderNo_1701163502397&payChannel=16&payerName=test&payerPhone=081382826306&productId=2023&subject=TestSubject&version=1.0&sign=a109455b7886a92b0cac53f086b91935
2023-11-28 17:25:04.843 | DEBUG    | lib.create_order1:post:98 - 2023-11-28 17:25:04 接口返回值: {'code': '200', 'msg': 'SUCCESS', 'sign': '3c44cbc058005b544513685f3e769047', 'traceId': '7997229807d74bacba6dab0cbb099828', 'orderNo': 'TestOrderNo_1701163502397', 'tradeNo': '10012023112816250416100018', 'payCode': 'some-random-qr-string', 'payCodeType': '1', 'expireTime': '2023-11-28 17:25:04'}
2023-11-28 17:25:04.844 | DEBUG    | lib.create_order1:post:93 - 2023-11-28 17:25:04 发起post请求:下单
2023-11-28 17:25:04.844 | DEBUG    | lib.create_order1:post:94 - 2023-11-28 17:25:04 请求时的入参: /pay/createOrder?amount=20101&currency=IDR&expectPayCodeType=0&merchantId=100119&orderNo=TestOrderNo_1701163504845&payChannel=16&payerName=test&payerPhone=081382826306&productId=2023&subject=TestSubject&version=1.0&sign=a89765e2fed7c72ce983caa109886831
2023-11-28 17:25:07.616 | DEBUG    | lib.create_order1:post:98 - 2023-11-28 17:25:07 接口返回值: {'code': '200', 'msg': 'SUCCESS', 'sign': '94e3e0e268d769a1ae02db1a47123d14', 'traceId': '6a0898dd3f3e40cfa99b126d1961b406', 'orderNo': 'TestOrderNo_1701163504845', 'tradeNo': '10012023112816250661000012', 'payCode': 'some-random-qr-string', 'payCodeType': '1', 'expireTime': '2023-11-28 17:25:06'}
2023-11-28 17:25:07.617 | DEBUG    | lib.create_order1:post:93 - 2023-11-28 17:25:07 发起post请求:下单
2023-11-28 17:25:07.617 | DEBUG    | lib.create_order1:post:94 - 2023-11-28 17:25:07 请求时的入参: /pay/createOrder?amount=20110&currency=IDR&expectPayCodeType=0&merchantId=100119&orderNo=TestOrderNo_1701163507617&payChannel=17&payerName=test&payerPhone=081382826306&productId=2023&subject=TestSubject&version=1.0&sign=87fd3d1ac3b25e3d8e3cf5fb7feed94c
2023-11-28 17:25:10.140 | DEBUG    | lib.create_order1:post:98 - 2023-11-28 17:25:10 接口返回值: {'code': '200', 'msg': 'SUCCESS', 'sign': '36437de06654d3e77cb8d9d4421c3676', 'traceId': 'c1e81c60ae2045c0bd6c3a974a11fbc9', 'orderNo': 'TestOrderNo_1701163507617', 'tradeNo': '10012023112816250935600019', 'payCode': 'https://link.dana.id/pay?bizNo=20231128111212800110166846089559152&timestamp=1701163509842&originSourcePlatform=IPG&mid=216620000311085238996&did=216650000569522581995&sign=ED9JF%2F4r%2F5a%2F%2FoWsA5iphuDti1VEKoOsEg1tg2H75g1SMScdbBUlg2yeMgRowkx7DhcwqZhZj2JaTiVJoi4oawSa3e7S%2FfYFH%2FbUr%2B9i9s6r4UWTK9Pdl2delygQLvY7slc05MjaSLJQWnRT2H1CMajKUOpkllWLptv%2FB%2BTZ0XfoSLKhsH4VALpk7vgByv1%2FSeu7Q98Sgajfg16148b89b%2FrB%2FhfOi8rse4KWUW9fTaKMeEgoKrJpTvlwb1FQrLoG2oKKFj4CtJ0F2xEgHg19ChD1JUopinRUpf358oZ5mU4CEb%2Fj1UIHlfj40CmXqmOkqOGx6u12GWs5pIe3XjSyg%3D%3D&forceToH5=false', 'payCodeType': '1', 'expireTime': '2023-11-28 17:25:09'}
2023-11-28 17:25:10.141 | DEBUG    | lib.create_order1:post:93 - 2023-11-28 17:25:10 发起post请求:下单
2023-11-28 17:25:10.141 | DEBUG    | lib.create_order1:post:94 - 2023-11-28 17:25:10 请求时的入参: /pay/createOrder?amount=20101&currency=IDR&expectPayCodeType=0&merchantId=100119&orderNo=TestOrderNo_1701163510142&payChannel=17&payerName=test&payerPhone=081382826306&productId=2023&subject=TestSubject&version=1.0&sign=3fd9ac64cc0ef5a1f8287f480fa77539
2023-11-28 17:25:12.643 | DEBUG    | lib.create_order1:post:98 - 2023-11-28 17:25:12 接口返回值: {'code': '200', 'msg': 'SUCCESS', 'sign': 'aa568b2e4c16b9b812019a75841dc189', 'traceId': 'ba4f31feef6343af97f6f0207563b409', 'orderNo': 'TestOrderNo_1701163510142', 'tradeNo': '10012023112816251191800012', 'payCode': 'https://link.dana.id/pay?bizNo=20231128111212800110166036489844350&timestamp=1701163512336&originSourcePlatform=IPG&mid=216620000311085238996&did=216650000569522581995&sign=FgdlMznKU1G88S6VLFTMKnQAmKShzzfnwaPh1I1hPGecMBKQcb%2FSclbIK%2F0fd33bqFfCruQlzKgBoUNMmBidM9sEJ27MZ%2FTPVyRW5LDYu8arQjnF24Iz0FLZAiQkHFYsoJWCeJxqLsmtPRHtQswdobDHx%2FU2s8uYdCzS4m4cFx24B%2BCfGUHh1c0vBNY6dY7TG5oUk1UzPiZ2MFVilZ0BRGJ14RxXc92QfFfOOzXZPoRqxYiv9KephYEiLuO6G5ofj9rEFfHudsvJlN37w1vvXnOe%2F3wzOEceZIdYEVC709r3KRb%2FfIledHfv8JihX%2BdENXgkRXSUpHbjTNVna68gQQ%3D%3D&forceToH5=false', 'payCodeType': '1', 'expireTime': '2023-11-28 17:25:11'}
2023-11-28 17:25:12.644 | DEBUG    | lib.create_order1:post:93 - 2023-11-28 17:25:12 发起post请求:下单
2023-11-28 17:25:12.645 | DEBUG    | lib.create_order1:post:94 - 2023-11-28 17:25:12 请求时的入参: /pay/createOrder?amount=20110&currency=IDR&expectPayCodeType=0&merchantId=100119&orderNo=TestOrderNo_1701163512645&payChannel=18&payerName=test&payerPhone=081382826306&productId=2023&subject=TestSubject&version=1.0&sign=32eb17a1178eb03ba9e5eb382bf7da71
2023-11-28 17:25:14.784 | DEBUG    | lib.create_order1:post:98 - 2023-11-28 17:25:14 接口返回值: {'code': '200', 'msg': 'SUCCESS', 'sign': '12bf2d6032e85677229d81615c54032d', 'traceId': '6e517ae94dfb4b5e8386ee754fd77b10', 'orderNo': 'TestOrderNo_1701163512645', 'tradeNo': '10012023112816251439400013', 'payCode': 'http://localhost:8080/payResult?orderInfo=IuJ%2Bn%2BVUAnMPzfG%2BgKVcG8dHbtTWf4CmKaynBL3N2d%2FYQ%2Bi4kgrFco%2Bj%2BsidhjLfhHQs1caVSJXS5AJLLttZEM4ZydhTdk7xiI0%2FOBtcXNfulToDrqNXWbyE9jjd7Tlau9HLG974bOjujYafNb6oz9A%2B8c2JrHhUYsqX8tuX0biRUUnYlNC0CJFygK0yP5XbrfCXlyvuWnI%2B8VAi87sWkCIfX2aiUxdw%2BJGoF9vrQko%3D', 'payCodeType': '1', 'expireTime': '2023-11-28 17:25:14'}
2023-11-28 17:25:14.784 | DEBUG    | lib.create_order1:post:93 - 2023-11-28 17:25:14 发起post请求:下单
2023-11-28 17:25:14.784 | DEBUG    | lib.create_order1:post:94 - 2023-11-28 17:25:14 请求时的入参: /pay/createOrder?amount=20101&currency=IDR&expectPayCodeType=0&merchantId=100119&orderNo=TestOrderNo_1701163514784&payChannel=18&payerName=test&payerPhone=081382826306&productId=2023&subject=TestSubject&version=1.0&sign=54c7a9db1a4baa0ef7999c69d97e338e
2023-11-28 17:25:15.879 | DEBUG    | lib.create_order1:post:98 - 2023-11-28 17:25:15 接口返回值: {'code': '200', 'msg': 'SUCCESS', 'sign': 'e4daf7fa3faa182d00ba632e95774728', 'traceId': 'f363b4e9a83e4f27a89e343ab74a7fe5', 'orderNo': 'TestOrderNo_1701163514784', 'tradeNo': '10012023112816251572800011', 'payCode': 'http://localhost:8080/walletPay?orderInfo=wU3NFGwK4395KeELxFzSVbecmLSURWxf2pZTr%2B9WIvepNZmbMBP1HZ0Xw6Szi0DfXWWwV1SfmEiJabBFa1H9jnzNJFQPGDBuom2IXGsSwcMvn%2BbotaFJUQTS8ED0%2BxQ16VlN3v9JDcbDao80dajRDEhntqftyq19u0t6ClCQRjU%3D', 'payCodeType': '1', 'expireTime': '2023-11-28 17:25:15'}
2023-11-28 17:25:15.880 | DEBUG    | lib.create_order1:post:93 - 2023-11-28 17:25:15 发起post请求:下单
2023-11-28 17:25:15.880 | DEBUG    | lib.create_order1:post:94 - 2023-11-28 17:25:15 请求时的入参: /pay/createOrder?amount=20110&currency=IDR&expectPayCodeType=0&merchantId=100119&orderNo=TestOrderNo_1701163515880&payChannel=19&payerName=test&payerPhone=081382826306&productId=2023&subject=TestSubject&version=1.0&sign=1fa3a0f99d0cb6f72980cf7597952ac7
2023-11-28 17:25:17.661 | DEBUG    | lib.create_order1:post:98 - 2023-11-28 17:25:17 接口返回值: {'code': '200', 'msg': 'SUCCESS', 'sign': '7deebfc43cfb471ea81d30191c20896d', 'traceId': '117b0180df884a98a224bd1e68b7225f', 'orderNo': 'TestOrderNo_1701163515880', 'tradeNo': '10012023112816251689700013', 'payCode': 'https://pay.airpay.co.id/h5pay/pay?type=start&medium_index=Um80ZWF4Yk9xZmROEZJQar48KtggfN0oI0ariNuIjFfDrEqwPMgdKXxGb1AhEg&order_key=o0h0F1CrR_EadlwwtMcgiJjNSmZmOqHoFasQ1UUXFdXx5-kSCenhl2AD3uTWAwQqKvnqL6mqEnLy6A&source=web&token=Um80ZWF4Yk9xZmROEZJQar48KtggfN0oI0ariNuIjFfDrEqwPMgdKXxGb1AhEg', 'payCodeType': '1', 'expireTime': '2023-11-28 17:25:16'}
2023-11-28 17:25:17.661 | DEBUG    | lib.create_order1:post:93 - 2023-11-28 17:25:17 发起post请求:下单
2023-11-28 17:25:17.661 | DEBUG    | lib.create_order1:post:94 - 2023-11-28 17:25:17 请求时的入参: /pay/createOrder?amount=20101&currency=IDR&expectPayCodeType=0&merchantId=100119&orderNo=TestOrderNo_1701163517662&payChannel=19&payerName=test&payerPhone=081382826306&productId=2023&subject=TestSubject&version=1.0&sign=2bc61afa87262c83c8fae370469957cf
2023-11-28 17:25:19.354 | DEBUG    | lib.create_order1:post:98 - 2023-11-28 17:25:19 接口返回值: {'code': '200', 'msg': 'SUCCESS', 'sign': '661db07c9f1afef44608b23240c6c38a', 'traceId': '3d5fb30a60834204b19e508fb2faf90f', 'orderNo': 'TestOrderNo_1701163517662', 'tradeNo': '10012023112816251864500014', 'payCode': 'https://ewallet-mock-connector.xendit.co/v1/ewallet_connector/checkouts?token=clir3vje8uudrdm0rv7g', 'payCodeType': '1', 'expireTime': '2023-11-28 17:25:18'}
2023-11-28 17:25:19.355 | DEBUG    | lib.create_order1:post:93 - 2023-11-28 17:25:19 发起post请求:下单
2023-11-28 17:25:19.355 | DEBUG    | lib.create_order1:post:94 - 2023-11-28 17:25:19 请求时的入参: /pay/createOrder?amount=20110&currency=IDR&expectPayCodeType=0&merchantId=100119&orderNo=TestOrderNo_1701163519355&payChannel=3&payerName=test&payerPhone=081382826306&productId=2023&subject=TestSubject&version=1.0&sign=f112185bc12061c0fddfedb2640d96e8
