2023-05-24 10:42:23.190 | DEBUG    | lib.create_payout:post:94 - 2023-05-24 10:42:23 发起post请求:下单
2023-05-24 10:42:23.191 | DEBUG    | lib.create_payout:post:95 - 2023-05-24 10:42:23 请求时的入参: /pay/createOrder?accountHolderName=test&accountNumber=081197204238&amount=20110&bankCode=BCA&currency=IDR&description=TestPayout&merchantId=100119&orderNo=TestOrderNo_1684896143188&productId=2023&version=1.0&sign=d5a5f187d8a741b158abc2dfaea28e29
2023-05-24 10:43:39.080 | DEBUG    | __main__:post:94 - 2023-05-24 10:43:39 发起post请求:模拟xendit dana下单回调成功
2023-05-24 10:43:39.080 | DEBUG    | __main__:post:95 - 2023-05-24 10:43:39 请求时的入参: /pay/payout?accountHolderName=test&accountNumber=081382826301&amount=10000&bankCode=DANA&currency=IDR&description=TestPayout&merchantId=100119&orderNo=TestOrderNo_1684896219080&productId=2023&version=1.0&sign=41b9b2d4bae816d841b5df483637313b
2023-05-24 10:45:54.789 | DEBUG    | __main__:post:94 - 2023-05-24 10:45:54 发起post请求:模拟xendit dana下单回调成功
2023-05-24 10:45:54.789 | DEBUG    | __main__:post:95 - 2023-05-24 10:45:54 请求时的入参: /pay/payout?accountHolderName=test&accountNumber=081382826301&amount=10000&bankCode=DANA&currency=IDR&description=TestPayout&merchantId=100119&orderNo=TestOrderNo_1684896354790&productId=2023&version=1.0&sign=a609d11d6679dfa059b8de04d2cd6dbe
2023-05-24 10:46:20.489 | DEBUG    | __main__:post:94 - 2023-05-24 10:46:20 发起post请求:模拟xendit dana下单回调成功
2023-05-24 10:46:20.489 | DEBUG    | __main__:post:95 - 2023-05-24 10:46:20 请求时的入参: /pay/payout?accountHolderName=test&accountNumber=081382826301&amount=10000&bankCode=DANA&currency=IDR&description=TestPayout&merchantId=100119&orderNo=TestOrderNo_1684896380490&productId=2023&version=1.0&sign=42c899e4fab5640916a1ae6f17eb73dc
2023-05-24 10:49:02.331 | DEBUG    | __main__:post:94 - 2023-05-24 10:49:02 发起post请求:模拟xendit dana下单回调成功
2023-05-24 10:49:02.331 | DEBUG    | __main__:post:95 - 2023-05-24 10:49:02 请求时的入参: /pay/payout?accountHolderName=test&accountNumber=081382826301&amount=10000&bankCode=DANA&currency=IDR&description=TestPayout&merchantId=100119&orderNo=TestOrderNo_1684896542332&productId=2023&version=1.0&sign=6981683b34dcdc3465c27407a4d545ac
2023-05-24 10:49:03.172 | DEBUG    | __main__:post:99 - 2023-05-24 10:49:03 接口返回值: {'code': '200', 'msg': 'SUCCESS', 'sign': 'c3ca05e1304ef4acc334f6a42b504760', 'orderNo': 'TestOrderNo_1684896542332', 'tradeNo': '10042023052409490318300013', 'orderAmount': 10000.0, 'totalAmount': 10000.0, 'fee': 0}
2023-05-24 10:49:13.494 | DEBUG    | lib.create_payout:post:94 - 2023-05-24 10:49:13 发起post请求:下单
2023-05-24 10:49:13.494 | DEBUG    | lib.create_payout:post:95 - 2023-05-24 10:49:13 请求时的入参: /pay/createOrder?accountHolderName=test&accountNumber=081197204238&amount=20110&bankCode=BCA&currency=IDR&description=TestPayout&merchantId=100119&orderNo=TestOrderNo_1684896553495&productId=2023&version=1.0&sign=b809001d9689b573fc174c5cf71a0b7f
2023-05-24 10:49:13.871 | DEBUG    | lib.create_payout:post:99 - 2023-05-24 10:49:13 接口返回值: {'code': '88001', 'msg': 'payChannel can not be blank'}
2023-05-24 10:51:05.692 | DEBUG    | lib.create_payout:post:94 - 2023-05-24 10:51:05 发起post请求:下单
2023-05-24 10:51:05.692 | DEBUG    | lib.create_payout:post:95 - 2023-05-24 10:51:05 请求时的入参: /pay/createOrder?accountHolderName=test&accountNumber=081197204238&amount=20110&bankCode=DANA&currency=IDR&description=TestPayout&merchantId=100119&orderNo=TestOrderNo_1684896665693&productId=2023&version=1.0&sign=1512d2ca5b065099da866bdc1b53b9fe
2023-05-24 10:51:06.435 | DEBUG    | lib.create_payout:post:99 - 2023-05-24 10:51:06 接口返回值: {'code': '88001', 'msg': 'payChannel can not be blank'}
2023-05-24 10:52:44.924 | DEBUG    | lib.create_payout:post:94 - 2023-05-24 10:52:44 发起post请求:下单
2023-05-24 10:52:44.924 | DEBUG    | lib.create_payout:post:95 - 2023-05-24 10:52:44 请求时的入参: /pay/payout?accountHolderName=test&accountNumber=081197204238&amount=20110&bankCode=DANA&currency=IDR&description=TestPayout&merchantId=100119&orderNo=TestOrderNo_1684896764925&productId=2023&version=1.0&sign=7bae68fb4f403321a9e3e977bd140dce
2023-05-24 10:52:45.987 | DEBUG    | lib.create_payout:post:99 - 2023-05-24 10:52:45 接口返回值: {'code': '200', 'msg': 'SUCCESS', 'sign': '19968b658cd0c3d7d0499940519343af', 'orderNo': 'TestOrderNo_1684896764925', 'tradeNo': '10042023052409524601400013', 'orderAmount': 20110.0, 'totalAmount': 20110.0, 'fee': 0}
2023-05-24 16:07:25.216 | DEBUG    | lib.create_order1:post:93 - 2023-05-24 16:07:25 发起post请求:下单
2023-05-24 16:07:25.217 | DEBUG    | lib.create_order1:post:94 - 2023-05-24 16:07:25 请求时的入参: /pay/createOrder?amount=20110&currency=IDR&expectPayCodeType=0&merchantId=100119&orderNo=TestOrderNo_1684915645215&payChannel=3&payerName=test&payerPhone=081197204238&productId=2023&subject=TestSubject&version=1.0&sign=adc2de230fb18efc22d23ceaf4a73d46
2023-05-24 16:07:26.673 | DEBUG    | lib.create_order1:post:98 - 2023-05-24 16:07:26 接口返回值: {'code': '200', 'msg': 'SUCCESS', 'sign': '64f954f90a48d19c703a297d98dfb2d5', 'orderNo': 'TestOrderNo_1684915645215', 'tradeNo': '10012023052415072638900014', 'payCode': '7392600006480722', 'payCodeType': '0', 'expireTime': '2023-05-25 07:49:06'}
2023-05-24 16:07:26.674 | DEBUG    | lib.create_order1:post:93 - 2023-05-24 16:07:26 发起post请求:下单
2023-05-24 16:07:26.674 | DEBUG    | lib.create_order1:post:94 - 2023-05-24 16:07:26 请求时的入参: /pay/createOrder?amount=20101&currency=IDR&expectPayCodeType=0&merchantId=100119&orderNo=TestOrderNo_1684915646674&payChannel=3&payerName=test&payerPhone=081197204238&productId=2023&subject=TestSubject&version=1.0&sign=149b88e59401711a3aeed4054ebcea25
2023-05-24 16:07:27.619 | DEBUG    | lib.create_order1:post:98 - 2023-05-24 16:07:27 接口返回值: {'code': '200', 'msg': 'SUCCESS', 'sign': 'f7c729243d505eb1eaf8466ab6dc80d8', 'orderNo': 'TestOrderNo_1684915646674', 'tradeNo': '10012023052415072759600013', 'payCode': '7392600006480723', 'payCodeType': '0', 'expireTime': '2023-05-25 07:49:07'}
2023-05-24 16:07:27.620 | DEBUG    | lib.create_order1:post:93 - 2023-05-24 16:07:27 发起post请求:下单
2023-05-24 16:07:27.620 | DEBUG    | lib.create_order1:post:94 - 2023-05-24 16:07:27 请求时的入参: /pay/createOrder?amount=20110&currency=IDR&expectPayCodeType=0&merchantId=100119&orderNo=TestOrderNo_1684915647621&payChannel=4&payerName=test&payerPhone=081197204238&productId=2023&subject=TestSubject&version=1.0&sign=c9b43dfa6fc910d41e723df78db7af80
2023-05-24 16:07:29.105 | DEBUG    | lib.create_order1:post:98 - 2023-05-24 16:07:29 接口返回值: {'code': '200', 'msg': 'SUCCESS', 'sign': '1f9e3678ca2968317fe814ece6297aaa', 'orderNo': 'TestOrderNo_1684915647621', 'tradeNo': '10012023052415072853400013', 'payCode': '8255600004363761', 'payCodeType': '0', 'expireTime': '2023-05-25 07:49:08'}
2023-05-24 16:07:29.105 | DEBUG    | lib.create_order1:post:93 - 2023-05-24 16:07:29 发起post请求:下单
2023-05-24 16:07:29.106 | DEBUG    | lib.create_order1:post:94 - 2023-05-24 16:07:29 请求时的入参: /pay/createOrder?amount=20101&currency=IDR&expectPayCodeType=0&merchantId=100119&orderNo=TestOrderNo_1684915649106&payChannel=4&payerName=test&payerPhone=081197204238&productId=2023&subject=TestSubject&version=1.0&sign=26bb1f409c2ff0d86f32647237f4cf7a
2023-05-24 16:07:30.567 | DEBUG    | lib.create_order1:post:98 - 2023-05-24 16:07:30 接口返回值: {'code': '200', 'msg': 'SUCCESS', 'sign': '43987864e2d169a4bc63efce09587fcf', 'orderNo': 'TestOrderNo_1684915649106', 'tradeNo': '10012023052415073035900011', 'payCode': '8255600004363762', 'payCodeType': '0', 'expireTime': '2023-05-25 07:49:10'}
2023-05-24 16:07:30.568 | DEBUG    | lib.create_order1:post:93 - 2023-05-24 16:07:30 发起post请求:下单
2023-05-24 16:07:30.568 | DEBUG    | lib.create_order1:post:94 - 2023-05-24 16:07:30 请求时的入参: /pay/createOrder?amount=20110&currency=IDR&expectPayCodeType=0&merchantId=100119&orderNo=TestOrderNo_1684915650569&payChannel=5&payerName=test&payerPhone=081197204238&productId=2023&subject=TestSubject&version=1.0&sign=0327a5b231375fdf6c86c5af420a8582
2023-05-24 16:07:32.070 | DEBUG    | lib.create_order1:post:98 - 2023-05-24 16:07:32 接口返回值: {'code': '88005', 'msg': 'channel process error, please try again', 'sign': 'dbe789f3423e001fc81b1d8bfb320386'}
2023-05-24 16:07:32.070 | DEBUG    | lib.create_order1:post:93 - 2023-05-24 16:07:32 发起post请求:下单
2023-05-24 16:07:32.071 | DEBUG    | lib.create_order1:post:94 - 2023-05-24 16:07:32 请求时的入参: /pay/createOrder?amount=20101&currency=IDR&expectPayCodeType=0&merchantId=100119&orderNo=TestOrderNo_1684915652071&payChannel=5&payerName=test&payerPhone=081197204238&productId=2023&subject=TestSubject&version=1.0&sign=ed6f794b7255a03069e45ce837c8cdcf
2023-05-24 16:07:32.728 | DEBUG    | lib.create_order1:post:98 - 2023-05-24 16:07:32 接口返回值: {'code': '88005', 'msg': 'channel process error, please try again', 'sign': 'dbe789f3423e001fc81b1d8bfb320386'}
2023-05-24 16:07:32.728 | DEBUG    | lib.create_order1:post:93 - 2023-05-24 16:07:32 发起post请求:下单
2023-05-24 16:07:32.728 | DEBUG    | lib.create_order1:post:94 - 2023-05-24 16:07:32 请求时的入参: /pay/createOrder?amount=20110&currency=IDR&expectPayCodeType=0&merchantId=100119&orderNo=TestOrderNo_1684915652728&payChannel=6&payerName=test&payerPhone=081197204238&productId=2023&subject=TestSubject&version=1.0&sign=3f0f1d00f1f7bb651d78fe0cda8c62ab
2023-05-24 16:07:33.674 | DEBUG    | lib.create_order1:post:98 - 2023-05-24 16:07:33 接口返回值: {'code': '200', 'msg': 'SUCCESS', 'sign': 'e9d59d477c4ad84997b1ef3fb90973d3', 'orderNo': 'TestOrderNo_1684915652728', 'tradeNo': '10012023052415073366700014', 'payCode': '23096000001946336', 'payCodeType': '0', 'expireTime': '2023-05-25 07:49:13'}
2023-05-24 16:07:33.675 | DEBUG    | lib.create_order1:post:93 - 2023-05-24 16:07:33 发起post请求:下单
2023-05-24 16:07:33.675 | DEBUG    | lib.create_order1:post:94 - 2023-05-24 16:07:33 请求时的入参: /pay/createOrder?amount=20101&currency=IDR&expectPayCodeType=0&merchantId=100119&orderNo=TestOrderNo_1684915653675&payChannel=6&payerName=test&payerPhone=081197204238&productId=2023&subject=TestSubject&version=1.0&sign=16ce95976f96c35bd656c18236fcf4b1
2023-05-24 16:07:34.598 | DEBUG    | lib.create_order1:post:98 - 2023-05-24 16:07:34 接口返回值: {'code': '200', 'msg': 'SUCCESS', 'sign': 'e1786b973a4feac4741124bc51799d77', 'orderNo': 'TestOrderNo_1684915653675', 'tradeNo': '10012023052415073459200013', 'payCode': '23096000001946337', 'payCodeType': '0', 'expireTime': '2023-05-25 07:49:14'}
2023-05-24 16:07:34.599 | DEBUG    | lib.create_order1:post:93 - 2023-05-24 16:07:34 发起post请求:下单
2023-05-24 16:07:34.599 | DEBUG    | lib.create_order1:post:94 - 2023-05-24 16:07:34 请求时的入参: /pay/createOrder?amount=20110&currency=IDR&expectPayCodeType=0&merchantId=100119&orderNo=TestOrderNo_1684915654599&payChannel=9&payerName=test&payerPhone=081197204238&productId=2023&subject=TestSubject&version=1.0&sign=662cb4f9a6e46af4a95307be691c27a3
2023-05-24 16:07:35.553 | DEBUG    | lib.create_order1:post:98 - 2023-05-24 16:07:35 接口返回值: {'code': '200', 'msg': 'SUCCESS', 'sign': '39d30d8facd01add451e603e23e77f92', 'orderNo': 'TestOrderNo_1684915654599', 'tradeNo': '10012023052415073553100010', 'payCode': '103406000006799753', 'payCodeType': '0', 'expireTime': '2023-05-25 07:49:15'}
2023-05-24 16:07:35.554 | DEBUG    | lib.create_order1:post:93 - 2023-05-24 16:07:35 发起post请求:下单
2023-05-24 16:07:35.554 | DEBUG    | lib.create_order1:post:94 - 2023-05-24 16:07:35 请求时的入参: /pay/createOrder?amount=20101&currency=IDR&expectPayCodeType=0&merchantId=100119&orderNo=TestOrderNo_1684915655555&payChannel=9&payerName=test&payerPhone=081197204238&productId=2023&subject=TestSubject&version=1.0&sign=523bb183685334b54f693e0ece83f3d5
2023-05-24 16:07:36.744 | DEBUG    | lib.create_order1:post:98 - 2023-05-24 16:07:36 接口返回值: {'code': '200', 'msg': 'SUCCESS', 'sign': '6dcaa4e9035bb1a253bd6f32abe6009c', 'orderNo': 'TestOrderNo_1684915655555', 'tradeNo': '10012023052415073646500010', 'payCode': '103406000006799754', 'payCodeType': '0', 'expireTime': '2023-05-25 07:49:16'}
2023-05-24 16:07:36.745 | DEBUG    | lib.create_order1:post:93 - 2023-05-24 16:07:36 发起post请求:下单
2023-05-24 16:07:36.745 | DEBUG    | lib.create_order1:post:94 - 2023-05-24 16:07:36 请求时的入参: /pay/createOrder?amount=20101&currency=IDR&expectPayCodeType=0&merchantId=100119&orderNo=TestOrderNo_1684915656745&payChannel=8&payerName=test&payerPhone=081197204238&productId=2023&subject=TestSubject&version=1.0&sign=47ed5f92ad7db3c65f30c448fa9b9a41
2023-05-24 16:07:37.817 | DEBUG    | lib.create_order1:post:98 - 2023-05-24 16:07:37 接口返回值: {'code': '200', 'msg': 'SUCCESS', 'sign': 'c936fe9051b2cc7be06a643401d6c231', 'orderNo': 'TestOrderNo_1684915656745', 'tradeNo': '10012023052415073779800013', 'payCode': '8932560003181113', 'payCodeType': '0', 'expireTime': '2023-05-25 07:49:17'}
2023-05-24 16:07:37.819 | DEBUG    | lib.create_order1:post:93 - 2023-05-24 16:07:37 发起post请求:下单
2023-05-24 16:07:37.819 | DEBUG    | lib.create_order1:post:94 - 2023-05-24 16:07:37 请求时的入参: /pay/createOrder?amount=20110&currency=IDR&expectPayCodeType=0&merchantId=100119&orderNo=TestOrderNo_1684915657820&payChannel=8&payerName=test&payerPhone=081197204238&productId=2023&subject=TestSubject&version=1.0&sign=7a1518be9683e3eeac790e8ea588b871
2023-05-24 16:07:38.776 | DEBUG    | lib.create_order1:post:98 - 2023-05-24 16:07:38 接口返回值: {'code': '200', 'msg': 'SUCCESS', 'sign': 'e6481a8c472edd7217ff0d41d852c453', 'orderNo': 'TestOrderNo_1684915657820', 'tradeNo': '10012023052415073875600010', 'payCode': '8932560003181114', 'payCodeType': '0', 'expireTime': '2023-05-25 07:49:18'}
2023-05-24 16:07:41.785 | DEBUG    | lib.create_order1:post:93 - 2023-05-24 16:07:41 发起post请求:下单
2023-05-24 16:07:41.786 | DEBUG    | lib.create_order1:post:94 - 2023-05-24 16:07:41 请求时的入参: /pay/createOrder?amount=20110&currency=IDR&expectPayCodeType=0&merchantId=100119&orderNo=TestOrderNo_1684915661786&payChannel=3&payerName=test&payerPhone=081382826302&productId=2023&subject=TestSubject&version=1.0&sign=b0c1cbc2df850a1464ca24f005b8cbeb
2023-05-24 16:07:43.981 | DEBUG    | lib.create_order1:post:98 - 2023-05-24 16:07:43 接口返回值: {'code': '200', 'msg': 'SUCCESS', 'sign': 'e7d2a48d4ccc53b7529813f360b7d391', 'orderNo': 'TestOrderNo_1684915661786', 'tradeNo': '10012023052415074384200011', 'payCode': '7888001305862131', 'payCodeType': '0', 'expireTime': '2023-05-25 07:49:23'}
2023-05-24 16:07:43.982 | DEBUG    | lib.create_order1:post:93 - 2023-05-24 16:07:43 发起post请求:下单
2023-05-24 16:07:43.982 | DEBUG    | lib.create_order1:post:94 - 2023-05-24 16:07:43 请求时的入参: /pay/createOrder?amount=20101&currency=IDR&expectPayCodeType=0&merchantId=100119&orderNo=TestOrderNo_1684915663982&payChannel=3&payerName=test&payerPhone=081382826302&productId=2023&subject=TestSubject&version=1.0&sign=68a15c757ff9632ab124aeb521d2e2bb
2023-05-24 16:07:44.582 | DEBUG    | lib.create_order1:post:98 - 2023-05-24 16:07:44 接口返回值: {'code': '200', 'msg': 'SUCCESS', 'sign': '7d625ee8125c0b863870b393defdd5c8', 'orderNo': 'TestOrderNo_1684915663982', 'tradeNo': '10012023052415074491700010', 'payCode': '7888001302864751', 'payCodeType': '0', 'expireTime': '2023-05-25 07:49:24'}
2023-05-24 16:07:44.583 | DEBUG    | lib.create_order1:post:93 - 2023-05-24 16:07:44 发起post请求:下单
2023-05-24 16:07:44.583 | DEBUG    | lib.create_order1:post:94 - 2023-05-24 16:07:44 请求时的入参: /pay/createOrder?amount=20110&currency=IDR&expectPayCodeType=0&merchantId=100119&orderNo=TestOrderNo_1684915664583&payChannel=4&payerName=test&payerPhone=081382826302&productId=2023&subject=TestSubject&version=1.0&sign=f396773984ec9ac588507ece9959df47
2023-05-24 16:07:45.306 | DEBUG    | lib.create_order1:post:98 - 2023-05-24 16:07:45 接口返回值: {'code': '200', 'msg': 'SUCCESS', 'sign': '8c691fef225a6c0f6228d537ba3cd635', 'orderNo': 'TestOrderNo_1684915664583', 'tradeNo': '10012023052415074550600010', 'payCode': '7136001302561068', 'payCodeType': '0', 'expireTime': '2023-05-25 07:49:25'}
2023-05-24 16:07:45.307 | DEBUG    | lib.create_order1:post:93 - 2023-05-24 16:07:45 发起post请求:下单
2023-05-24 16:07:45.308 | DEBUG    | lib.create_order1:post:94 - 2023-05-24 16:07:45 请求时的入参: /pay/createOrder?amount=20101&currency=IDR&expectPayCodeType=0&merchantId=100119&orderNo=TestOrderNo_1684915665307&payChannel=4&payerName=test&payerPhone=081382826302&productId=2023&subject=TestSubject&version=1.0&sign=78e63841e836713c33f4c935fe9d0b01
2023-05-24 16:07:45.886 | DEBUG    | lib.create_order1:post:98 - 2023-05-24 16:07:45 接口返回值: {'code': '200', 'msg': 'SUCCESS', 'sign': '679fb14ba08bf16248e0368e1fc77511', 'orderNo': 'TestOrderNo_1684915665307', 'tradeNo': '10012023052415074623300010', 'payCode': '7136001303179184', 'payCodeType': '0', 'expireTime': '2023-05-25 07:49:26'}
2023-05-24 16:07:45.888 | DEBUG    | lib.create_order1:post:93 - 2023-05-24 16:07:45 发起post请求:下单
2023-05-24 16:07:45.888 | DEBUG    | lib.create_order1:post:94 - 2023-05-24 16:07:45 请求时的入参: /pay/createOrder?amount=20110&currency=IDR&expectPayCodeType=0&merchantId=100119&orderNo=TestOrderNo_1684915665888&payChannel=15&payerName=test&payerPhone=081382826302&productId=2023&subject=TestSubject&version=1.0&sign=a331e253f9cdbab162f921c43f98d281
2023-05-24 16:07:46.283 | DEBUG    | lib.create_order1:post:98 - 2023-05-24 16:07:46 接口返回值: {'code': '200', 'msg': 'SUCCESS', 'sign': '643f7b6eac5c80130a8b0a77c2a236b0', 'orderNo': 'TestOrderNo_1684915665888', 'tradeNo': '10012023052415074680400018', 'payCode': 'https://checkouttest.allopayment.com/walletPay?orderInfo=wU3NFGwK4395KeELxFzSVfIUOLJ8eyjkmh%2BrAesa2lgTLKGCBAj%2BLnJ1ymyNAuN3YZIHvScZE7H4tyBAQI9D1vgsM3UZ2SS5%2F%2BF1QkhdPpDZxTlMTIPJcRCO2oiyEiqOaKi%2FM1wf3iGqovSbTHA5wEN4QKbjhAXs3VIQQ0YguXA%3D', 'payCodeType': '1', 'expireTime': '2023-05-24 16:07:46'}
2023-05-24 16:07:46.284 | DEBUG    | lib.create_order1:post:93 - 2023-05-24 16:07:46 发起post请求:下单
2023-05-24 16:07:46.284 | DEBUG    | lib.create_order1:post:94 - 2023-05-24 16:07:46 请求时的入参: /pay/createOrder?amount=20101&currency=IDR&expectPayCodeType=0&merchantId=100119&orderNo=TestOrderNo_1684915666285&payChannel=15&payerName=test&payerPhone=081382826302&productId=2023&subject=TestSubject&version=1.0&sign=d3992af9e001750f31967ed860ae59fc
2023-05-24 16:07:47.064 | DEBUG    | lib.create_order1:post:98 - 2023-05-24 16:07:47 接口返回值: {'code': '200', 'msg': 'SUCCESS', 'sign': '6bf4a1b1ca6ff8d2d0da90f7057202d7', 'orderNo': 'TestOrderNo_1684915666285', 'tradeNo': '10012023052415074723200011', 'payCode': 'https://checkouttest.allopayment.com/walletPay?orderInfo=wU3NFGwK4395KeELxFzSVfIUOLJ8eyjkmh%2BrAesa2lgTLKGCBAj%2BLnJ1ymyNAuN3%2F%2BkHbuavKqvsWzzPVGP9lfgsM3UZ2SS5%2F%2BF1QkhdPpD%2BWwlSBByAzlWFGeEhIB%2BGtNGL0hs1d7dGt%2Flzhy9WXUN4QKbjhAXs3VIQQ0YguXA%3D', 'payCodeType': '1', 'expireTime': '2023-05-24 16:07:47'}
2023-05-24 16:07:47.065 | DEBUG    | lib.create_order1:post:93 - 2023-05-24 16:07:47 发起post请求:下单
2023-05-24 16:07:47.065 | DEBUG    | lib.create_order1:post:94 - 2023-05-24 16:07:47 请求时的入参: /pay/createOrder?amount=20110&currency=IDR&expectPayCodeType=0&merchantId=100119&orderNo=TestOrderNo_1684915667065&payChannel=6&payerName=test&payerPhone=081382826302&productId=2023&subject=TestSubject&version=1.0&sign=4754bd08390fb6f60c6b3cef25ec85da
2023-05-24 16:07:48.819 | DEBUG    | lib.create_order1:post:98 - 2023-05-24 16:07:48 接口返回值: {'code': '200', 'msg': 'SUCCESS', 'sign': '2e5b1ce387246251d06df2bbfb8026f8', 'orderNo': 'TestOrderNo_1684915667065', 'tradeNo': '10012023052415074808100011', 'payCode': '1419001304983043', 'payCodeType': '0', 'expireTime': '2023-05-25 07:49:28'}
2023-05-24 16:07:48.820 | DEBUG    | lib.create_order1:post:93 - 2023-05-24 16:07:48 发起post请求:下单
2023-05-24 16:07:48.821 | DEBUG    | lib.create_order1:post:94 - 2023-05-24 16:07:48 请求时的入参: /pay/createOrder?amount=20101&currency=IDR&expectPayCodeType=0&merchantId=100119&orderNo=TestOrderNo_1684915668820&payChannel=6&payerName=test&payerPhone=081382826302&productId=2023&subject=TestSubject&version=1.0&sign=0aa3125da349864c5a2e3a2304d80cc9
2023-05-24 16:07:49.628 | DEBUG    | lib.create_order1:post:98 - 2023-05-24 16:07:49 接口返回值: {'code': '200', 'msg': 'SUCCESS', 'sign': '4ca0ab99b6a1760dafce8a3c4ea035a4', 'orderNo': 'TestOrderNo_1684915668820', 'tradeNo': '10012023052415074999700017', 'payCode': '1419001305248034', 'payCodeType': '0', 'expireTime': '2023-05-25 07:49:29'}
2023-05-24 16:07:49.629 | DEBUG    | lib.create_order1:post:93 - 2023-05-24 16:07:49 发起post请求:下单
2023-05-24 16:07:49.629 | DEBUG    | lib.create_order1:post:94 - 2023-05-24 16:07:49 请求时的入参: /pay/createOrder?amount=20110&currency=IDR&expectPayCodeType=0&merchantId=100119&orderNo=TestOrderNo_1684915669629&payChannel=9&payerName=test&payerPhone=081382826302&productId=2023&subject=TestSubject&version=1.0&sign=3abf44ccabd9c2398fcc219cabb326f1
2023-05-24 16:07:50.737 | DEBUG    | lib.create_order1:post:98 - 2023-05-24 16:07:50 接口返回值: {'code': '200', 'msg': 'SUCCESS', 'sign': '064fa2adba6a460251667f5d7d6adb97', 'orderNo': 'TestOrderNo_1684915669629', 'tradeNo': '10012023052415075059300010', 'payCode': '1303300130492088', 'payCodeType': '0', 'expireTime': '2023-05-25 07:49:30'}
2023-05-24 16:07:50.739 | DEBUG    | lib.create_order1:post:93 - 2023-05-24 16:07:50 发起post请求:下单
2023-05-24 16:07:50.739 | DEBUG    | lib.create_order1:post:94 - 2023-05-24 16:07:50 请求时的入参: /pay/createOrder?amount=20101&currency=IDR&expectPayCodeType=0&merchantId=100119&orderNo=TestOrderNo_1684915670739&payChannel=9&payerName=test&payerPhone=081382826302&productId=2023&subject=TestSubject&version=1.0&sign=78bc6efc385cf13489b48a9d72cc7f82
2023-05-24 16:07:51.216 | DEBUG    | lib.create_order1:post:98 - 2023-05-24 16:07:51 接口返回值: {'code': '200', 'msg': 'SUCCESS', 'sign': '08ed965f0b48145e9745e4f9250e7e6f', 'orderNo': 'TestOrderNo_1684915670739', 'tradeNo': '10012023052415075167000015', 'payCode': '1303300130448979', 'payCodeType': '0', 'expireTime': '2023-05-25 07:49:31'}
2023-05-24 16:07:54.229 | DEBUG    | lib.create_order1:post:93 - 2023-05-24 16:07:54 发起post请求:下单
2023-05-24 16:07:54.229 | DEBUG    | lib.create_order1:post:94 - 2023-05-24 16:07:54 请求时的入参: /pay/createOrder?amount=20110&currency=IDR&expectPayCodeType=0&merchantId=100119&orderNo=TestOrderNo_1684915674229&payChannel=15&payerName=test&payerPhone=081382826303&productId=2023&subject=TestSubject&version=1.0&sign=8341810626817b58b999d94851f93b5f
2023-05-24 16:07:59.375 | DEBUG    | lib.create_order1:post:98 - 2023-05-24 16:07:59 接口返回值: {'code': '200', 'msg': 'SUCCESS', 'sign': 'cdbd0cc90452fee509b5e34394c6382f', 'orderNo': 'TestOrderNo_1684915674229', 'tradeNo': '10012023052415075739500013', 'payCode': 'https://checkouttest.allopayment.com/walletPay?orderInfo=wU3NFGwK4395KeELxFzSVfIUOLJ8eyjkmh%2BrAesa2lgTLKGCBAj%2BLnJ1ymyNAuN3Gt7VZo2D6thdoiLq2rZCwfgsM3UZ2SS5%2F%2BF1QkhdPpDBBAO6vERfWvxcQnlTO1YAaKi%2FM1wf3iGqovSbTHA5wEN4QKbjhAXs3VIQQ0YguXA%3D', 'payCodeType': '1', 'expireTime': '2023-05-24 16:07:57'}
2023-05-24 16:07:59.376 | DEBUG    | lib.create_order1:post:93 - 2023-05-24 16:07:59 发起post请求:下单
2023-05-24 16:07:59.376 | DEBUG    | lib.create_order1:post:94 - 2023-05-24 16:07:59 请求时的入参: /pay/createOrder?amount=20101&currency=IDR&expectPayCodeType=0&merchantId=100119&orderNo=TestOrderNo_1684915679375&payChannel=15&payerName=test&payerPhone=081382826303&productId=2023&subject=TestSubject&version=1.0&sign=7db082cd19db3770dc7c24c79c0d9e74
2023-05-24 16:07:59.786 | DEBUG    | lib.create_order1:post:98 - 2023-05-24 16:07:59 接口返回值: {'code': '200', 'msg': 'SUCCESS', 'sign': '46a7ea66d1f6b358e245b9ad90fb9702', 'orderNo': 'TestOrderNo_1684915679375', 'tradeNo': '10012023052415080030400012', 'payCode': 'https://checkouttest.allopayment.com/walletPay?orderInfo=wU3NFGwK4395KeELxFzSVfIUOLJ8eyjkmh%2BrAesa2lgTLKGCBAj%2BLnJ1ymyNAuN3OQ5d92IlXl70iJmzDmH6oPgsM3UZ2SS5%2F%2BF1QkhdPpD%2F%2BSdUa4Jpa1EaJDcAJ3ibtNGL0hs1d7dGt%2Flzhy9WXUN4QKbjhAXs3VIQQ0YguXA%3D', 'payCodeType': '1', 'expireTime': '2023-05-24 16:08:00'}
2023-05-24 16:07:59.788 | DEBUG    | lib.create_order1:post:93 - 2023-05-24 16:07:59 发起post请求:下单
2023-05-24 16:07:59.788 | DEBUG    | lib.create_order1:post:94 - 2023-05-24 16:07:59 请求时的入参: /pay/createOrder?amount=20110&currency=IDR&expectPayCodeType=0&merchantId=100119&orderNo=TestOrderNo_1684915679789&payChannel=16&payerName=test&payerPhone=081382826303&productId=2023&subject=TestSubject&version=1.0&sign=f4fac6dc48d414f497b8d62162225e35
2023-05-24 16:08:03.136 | DEBUG    | lib.create_order1:post:98 - 2023-05-24 16:08:03 接口返回值: {'code': '200', 'msg': 'SUCCESS', 'sign': '718abe853f82fc9a2e6d2ea2bac8d7e7', 'orderNo': 'TestOrderNo_1684915679789', 'tradeNo': '10012023052415080130700014', 'payCode': 'http://mock qris qrcode', 'payCodeType': '1', 'expireTime': '2023-05-24 16:08:01'}
2023-05-24 16:08:03.136 | DEBUG    | lib.create_order1:post:93 - 2023-05-24 16:08:03 发起post请求:下单
2023-05-24 16:08:03.137 | DEBUG    | lib.create_order1:post:94 - 2023-05-24 16:08:03 请求时的入参: /pay/createOrder?amount=20101&currency=IDR&expectPayCodeType=0&merchantId=100119&orderNo=TestOrderNo_1684915683137&payChannel=16&payerName=test&payerPhone=081382826303&productId=2023&subject=TestSubject&version=1.0&sign=0abdc557714e497ea8d1f60659d0f848
2023-05-24 16:08:03.919 | DEBUG    | lib.create_order1:post:98 - 2023-05-24 16:08:03 接口返回值: {'code': '200', 'msg': 'SUCCESS', 'sign': '67f375b831eac69eec8081ef1b15be2c', 'orderNo': 'TestOrderNo_1684915683137', 'tradeNo': '10012023052415080409300017', 'payCode': 'http://mock qris qrcode', 'payCodeType': '1', 'expireTime': '2023-05-24 16:08:04'}
2023-05-24 16:08:03.919 | DEBUG    | lib.create_order1:post:93 - 2023-05-24 16:08:03 发起post请求:下单
2023-05-24 16:08:03.920 | DEBUG    | lib.create_order1:post:94 - 2023-05-24 16:08:03 请求时的入参: /pay/createOrder?amount=20110&currency=IDR&expectPayCodeType=0&merchantId=100119&orderNo=TestOrderNo_1684915683920&payChannel=17&payerName=test&payerPhone=081382826303&productId=2023&subject=TestSubject&version=1.0&sign=2ef56723f6f1ab198a51c46ce37d2f62
2023-05-24 16:08:04.614 | DEBUG    | lib.create_order1:post:98 - 2023-05-24 16:08:04 接口返回值: {'code': '200', 'msg': 'SUCCESS', 'sign': 'b0019fa05799ee697bcfdf8a31cf761a', 'orderNo': 'TestOrderNo_1684915683920', 'tradeNo': '10012023052415080484100019', 'payCode': 'https://sit.allopayment.com/payResultRedirect/10012023052415080484100019', 'payCodeType': '1', 'expireTime': '2023-05-24 16:08:04'}
2023-05-24 16:08:04.615 | DEBUG    | lib.create_order1:post:93 - 2023-05-24 16:08:04 发起post请求:下单
2023-05-24 16:08:04.615 | DEBUG    | lib.create_order1:post:94 - 2023-05-24 16:08:04 请求时的入参: /pay/createOrder?amount=20101&currency=IDR&expectPayCodeType=0&merchantId=100119&orderNo=TestOrderNo_1684915684615&payChannel=17&payerName=test&payerPhone=081382826303&productId=2023&subject=TestSubject&version=1.0&sign=89084ec84998ccbb8b6fa2b6b37a136f
2023-05-24 16:08:05.340 | DEBUG    | lib.create_order1:post:98 - 2023-05-24 16:08:05 接口返回值: {'code': '200', 'msg': 'SUCCESS', 'sign': '5ae7ee74f855c9e998c3da624e9f4d3e', 'orderNo': 'TestOrderNo_1684915684615', 'tradeNo': '10012023052415080565100011', 'payCode': 'https://sit.allopayment.com/payResultRedirect/10012023052415080565100011', 'payCodeType': '1', 'expireTime': '2023-05-24 16:08:05'}
2023-05-24 16:08:05.341 | DEBUG    | lib.create_order1:post:93 - 2023-05-24 16:08:05 发起post请求:下单
2023-05-24 16:08:05.341 | DEBUG    | lib.create_order1:post:94 - 2023-05-24 16:08:05 请求时的入参: /pay/createOrder?amount=20110&currency=IDR&expectPayCodeType=0&merchantId=100119&orderNo=TestOrderNo_1684915685342&payChannel=18&payerName=test&payerPhone=081382826303&productId=2023&subject=TestSubject&version=1.0&sign=d664cfa4f97859b3efc081c6eb29b0ee
2023-05-24 16:08:06.001 | DEBUG    | lib.create_order1:post:98 - 2023-05-24 16:08:06 接口返回值: {'code': '200', 'msg': 'SUCCESS', 'sign': 'a1c822297a85ffd83e92f97a6c8d4fe0', 'orderNo': 'TestOrderNo_1684915685342', 'tradeNo': '10012023052415080629000017', 'payCode': 'https://sit.allopayment.com/payResultRedirect/10012023052415080629000017', 'payCodeType': '1', 'expireTime': '2023-05-24 16:08:06'}
2023-05-24 16:08:06.002 | DEBUG    | lib.create_order1:post:93 - 2023-05-24 16:08:06 发起post请求:下单
2023-05-24 16:08:06.002 | DEBUG    | lib.create_order1:post:94 - 2023-05-24 16:08:06 请求时的入参: /pay/createOrder?amount=20101&currency=IDR&expectPayCodeType=0&merchantId=100119&orderNo=TestOrderNo_1684915686003&payChannel=18&payerName=test&payerPhone=081382826303&productId=2023&subject=TestSubject&version=1.0&sign=b6d635f94cf3712494b0702211644a72
2023-05-24 16:08:07.041 | DEBUG    | lib.create_order1:post:98 - 2023-05-24 16:08:07 接口返回值: {'code': '200', 'msg': 'SUCCESS', 'sign': '050c8d6f30b57a7fbe3c4749e96b3336', 'orderNo': 'TestOrderNo_1684915686003', 'tradeNo': '10012023052415080737400018', 'payCode': 'https://sit.allopayment.com/payResultRedirect/10012023052415080737400018', 'payCodeType': '1', 'expireTime': '2023-05-24 16:08:07'}
2023-05-24 16:08:07.042 | DEBUG    | lib.create_order1:post:93 - 2023-05-24 16:08:07 发起post请求:下单
2023-05-24 16:08:07.042 | DEBUG    | lib.create_order1:post:94 - 2023-05-24 16:08:07 请求时的入参: /pay/createOrder?amount=20110&currency=IDR&expectPayCodeType=0&merchantId=100119&orderNo=TestOrderNo_1684915687042&payChannel=19&payerName=test&payerPhone=081382826303&productId=2023&subject=TestSubject&version=1.0&sign=e53a2051c830595b77c266a7dfb7dd9c
2023-05-24 16:08:08.266 | DEBUG    | lib.create_order1:post:98 - 2023-05-24 16:08:08 接口返回值: {'code': '200', 'msg': 'SUCCESS', 'sign': 'b155cbe0b754d74f03fa623800b131d0', 'orderNo': 'TestOrderNo_1684915687042', 'tradeNo': '10012023052415080811200011', 'payCode': 'https://sit.allopayment.com/payResultRedirect/10012023052415080811200011', 'payCodeType': '1', 'expireTime': '2023-05-24 16:08:08'}
2023-05-24 16:08:08.266 | DEBUG    | lib.create_order1:post:93 - 2023-05-24 16:08:08 发起post请求:下单
2023-05-24 16:08:08.267 | DEBUG    | lib.create_order1:post:94 - 2023-05-24 16:08:08 请求时的入参: /pay/createOrder?amount=20101&currency=IDR&expectPayCodeType=0&merchantId=100119&orderNo=TestOrderNo_1684915688267&payChannel=19&payerName=test&payerPhone=081382826303&productId=2023&subject=TestSubject&version=1.0&sign=f13c9c2ece4043a14e85e672752236e5
2023-05-24 16:08:08.880 | DEBUG    | lib.create_order1:post:98 - 2023-05-24 16:08:08 接口返回值: {'code': '200', 'msg': 'SUCCESS', 'sign': '856509f5b988a82135318ffc7e075c0c', 'orderNo': 'TestOrderNo_1684915688267', 'tradeNo': '10012023052415080920500012', 'payCode': 'https://sit.allopayment.com/payResultRedirect/10012023052415080920500012', 'payCodeType': '1', 'expireTime': '2023-05-24 16:08:09'}
2023-05-24 16:08:08.882 | DEBUG    | lib.create_order1:post:93 - 2023-05-24 16:08:08 发起post请求:下单
2023-05-24 16:08:08.882 | DEBUG    | lib.create_order1:post:94 - 2023-05-24 16:08:08 请求时的入参: /pay/createOrder?amount=20110&currency=IDR&expectPayCodeType=0&merchantId=100119&orderNo=TestOrderNo_1684915688882&payChannel=3&payerName=test&payerPhone=081382826303&productId=2023&subject=TestSubject&version=1.0&sign=625ee760c9471b3154866d886d45f8ad
2023-05-24 16:08:09.915 | DEBUG    | lib.create_order1:post:98 - 2023-05-24 16:08:09 接口返回值: {'code': '200', 'msg': 'SUCCESS', 'sign': '7aeae4c6449727fd12b7a0f92bc4f618', 'orderNo': 'TestOrderNo_1684915688882', 'tradeNo': '10012023052415080989200017', 'payCode': '7392600000007579', 'payCodeType': '0', 'expireTime': '2023-05-25 07:49:49'}
2023-05-24 16:08:09.916 | DEBUG    | lib.create_order1:post:93 - 2023-05-24 16:08:09 发起post请求:下单
2023-05-24 16:08:09.917 | DEBUG    | lib.create_order1:post:94 - 2023-05-24 16:08:09 请求时的入参: /pay/createOrder?amount=20101&currency=IDR&expectPayCodeType=0&merchantId=100119&orderNo=TestOrderNo_1684915689916&payChannel=3&payerName=test&payerPhone=081382826303&productId=2023&subject=TestSubject&version=1.0&sign=d141e1b1b11ae0386797e9d0998d3f6e
2023-05-24 16:08:10.554 | DEBUG    | lib.create_order1:post:98 - 2023-05-24 16:08:10 接口返回值: {'code': '200', 'msg': 'SUCCESS', 'sign': '43277970aba36b421598e9efdaee5615', 'orderNo': 'TestOrderNo_1684915689916', 'tradeNo': '10012023052415081084200019', 'payCode': '7392600000007580', 'payCodeType': '0', 'expireTime': '2023-05-25 07:49:50'}
2023-05-24 16:08:10.554 | DEBUG    | lib.create_order1:post:93 - 2023-05-24 16:08:10 发起post请求:下单
2023-05-24 16:08:10.556 | DEBUG    | lib.create_order1:post:94 - 2023-05-24 16:08:10 请求时的入参: /pay/createOrder?amount=20110&currency=IDR&expectPayCodeType=0&merchantId=100119&orderNo=TestOrderNo_1684915690555&payChannel=4&payerName=test&payerPhone=081382826303&productId=2023&subject=TestSubject&version=1.0&sign=08d9b90f6f9a302da919d2ec0ecd805c
2023-05-24 16:08:11.198 | DEBUG    | lib.create_order1:post:98 - 2023-05-24 16:08:11 接口返回值: {'code': '200', 'msg': 'SUCCESS', 'sign': 'b75b8a02f8ca55a35b7630d834de1aef', 'orderNo': 'TestOrderNo_1684915690555', 'tradeNo': '10012023052415081141900015', 'payCode': '8255600000023856', 'payCodeType': '0', 'expireTime': '2023-05-25 07:49:51'}
2023-05-24 16:08:11.199 | DEBUG    | lib.create_order1:post:93 - 2023-05-24 16:08:11 发起post请求:下单
2023-05-24 16:08:11.200 | DEBUG    | lib.create_order1:post:94 - 2023-05-24 16:08:11 请求时的入参: /pay/createOrder?amount=20101&currency=IDR&expectPayCodeType=0&merchantId=100119&orderNo=TestOrderNo_1684915691200&payChannel=4&payerName=test&payerPhone=081382826303&productId=2023&subject=TestSubject&version=1.0&sign=62d2ce60f81dd5d9bdba083bcb016d07
2023-05-24 16:08:11.944 | DEBUG    | lib.create_order1:post:98 - 2023-05-24 16:08:11 接口返回值: {'code': '200', 'msg': 'SUCCESS', 'sign': '50e9aa52aa20fa510a8ee1cb146dc101', 'orderNo': 'TestOrderNo_1684915691200', 'tradeNo': '10012023052415081223000015', 'payCode': '8255600000023857', 'payCodeType': '0', 'expireTime': '2023-05-25 07:49:52'}
2023-05-24 16:08:11.945 | DEBUG    | lib.create_order1:post:93 - 2023-05-24 16:08:11 发起post请求:下单
2023-05-24 16:08:11.945 | DEBUG    | lib.create_order1:post:94 - 2023-05-24 16:08:11 请求时的入参: /pay/createOrder?amount=20110&currency=IDR&expectPayCodeType=0&merchantId=100119&orderNo=TestOrderNo_1684915691946&payChannel=5&payerName=test&payerPhone=081382826303&productId=2023&subject=TestSubject&version=1.0&sign=bb5c76c19862867eeea4f7049390f24b
2023-05-24 16:08:12.726 | DEBUG    | lib.create_order1:post:98 - 2023-05-24 16:08:12 接口返回值: {'code': '200', 'msg': 'SUCCESS', 'sign': '0cb66f8504a56c0117d3f3aad76035fc', 'orderNo': 'TestOrderNo_1684915691946', 'tradeNo': '10012023052415081300300015', 'payCode': '700707760000010374', 'payCodeType': '0', 'expireTime': '2023-05-25 07:49:53'}
2023-05-24 16:08:12.727 | DEBUG    | lib.create_order1:post:93 - 2023-05-24 16:08:12 发起post请求:下单
2023-05-24 16:08:12.728 | DEBUG    | lib.create_order1:post:94 - 2023-05-24 16:08:12 请求时的入参: /pay/createOrder?amount=20101&currency=IDR&expectPayCodeType=0&merchantId=100119&orderNo=TestOrderNo_1684915692727&payChannel=5&payerName=test&payerPhone=081382826303&productId=2023&subject=TestSubject&version=1.0&sign=a2e5cb809373342e9255ff77d17064b8
2023-05-24 16:08:13.839 | DEBUG    | lib.create_order1:post:98 - 2023-05-24 16:08:13 接口返回值: {'code': '200', 'msg': 'SUCCESS', 'sign': '7d14a32ab70ce373c3f6808090259fae', 'orderNo': 'TestOrderNo_1684915692727', 'tradeNo': '10012023052415081364000014', 'payCode': '700707760000010375', 'payCodeType': '0', 'expireTime': '2023-05-25 07:49:53'}
2023-05-24 16:08:13.840 | DEBUG    | lib.create_order1:post:93 - 2023-05-24 16:08:13 发起post请求:下单
2023-05-24 16:08:13.840 | DEBUG    | lib.create_order1:post:94 - 2023-05-24 16:08:13 请求时的入参: /pay/createOrder?amount=20110&currency=IDR&expectPayCodeType=0&merchantId=100119&orderNo=TestOrderNo_1684915693841&payChannel=6&payerName=test&payerPhone=081382826303&productId=2023&subject=TestSubject&version=1.0&sign=39f5f219717b5ec5bbe279c7296ce46f
2023-05-24 16:08:14.823 | DEBUG    | lib.create_order1:post:98 - 2023-05-24 16:08:14 接口返回值: {'code': '200', 'msg': 'SUCCESS', 'sign': '232fb358c883ecfc594708fcc71e05fb', 'orderNo': 'TestOrderNo_1684915693841', 'tradeNo': '10012023052415081511100014', 'payCode': '23096000000108868', 'payCodeType': '0', 'expireTime': '2023-05-25 07:49:55'}
2023-05-24 16:08:14.824 | DEBUG    | lib.create_order1:post:93 - 2023-05-24 16:08:14 发起post请求:下单
2023-05-24 16:08:14.824 | DEBUG    | lib.create_order1:post:94 - 2023-05-24 16:08:14 请求时的入参: /pay/createOrder?amount=20101&currency=IDR&expectPayCodeType=0&merchantId=100119&orderNo=TestOrderNo_1684915694824&payChannel=6&payerName=test&payerPhone=081382826303&productId=2023&subject=TestSubject&version=1.0&sign=9e122836ba9b250ccf90a8617e414563
2023-05-24 16:08:15.560 | DEBUG    | lib.create_order1:post:98 - 2023-05-24 16:08:15 接口返回值: {'code': '200', 'msg': 'SUCCESS', 'sign': '486e09593964380243d1c34a6168c8eb', 'orderNo': 'TestOrderNo_1684915694824', 'tradeNo': '10012023052415081587000015', 'payCode': '23096000000108869', 'payCodeType': '0', 'expireTime': '2023-05-25 07:49:55'}
2023-05-24 16:08:15.561 | DEBUG    | lib.create_order1:post:93 - 2023-05-24 16:08:15 发起post请求:下单
2023-05-24 16:08:15.561 | DEBUG    | lib.create_order1:post:94 - 2023-05-24 16:08:15 请求时的入参: /pay/createOrder?amount=20110&currency=IDR&expectPayCodeType=0&merchantId=100119&orderNo=TestOrderNo_1684915695562&payChannel=9&payerName=test&payerPhone=081382826303&productId=2023&subject=TestSubject&version=1.0&sign=7acba43aebe97a62b6a20196c72af0a2
2023-05-24 16:08:16.151 | DEBUG    | lib.create_order1:post:98 - 2023-05-24 16:08:16 接口返回值: {'code': '200', 'msg': 'SUCCESS', 'sign': '22bfcc961dccdd0b288f1f1df6bcc028', 'orderNo': 'TestOrderNo_1684915695562', 'tradeNo': '10012023052415081645000015', 'payCode': '103406000000021823', 'payCodeType': '0', 'expireTime': '2023-05-25 07:49:56'}
2023-05-24 16:08:16.152 | DEBUG    | lib.create_order1:post:93 - 2023-05-24 16:08:16 发起post请求:下单
2023-05-24 16:08:16.153 | DEBUG    | lib.create_order1:post:94 - 2023-05-24 16:08:16 请求时的入参: /pay/createOrder?amount=20101&currency=IDR&expectPayCodeType=0&merchantId=100119&orderNo=TestOrderNo_1684915696152&payChannel=9&payerName=test&payerPhone=081382826303&productId=2023&subject=TestSubject&version=1.0&sign=5a3ebc3ab78fb84f16dfaaaaac236f27
2023-05-24 16:08:17.107 | DEBUG    | lib.create_order1:post:98 - 2023-05-24 16:08:17 接口返回值: {'code': '200', 'msg': 'SUCCESS', 'sign': 'ea4462df189340cc62fe35623f3a12b0', 'orderNo': 'TestOrderNo_1684915696152', 'tradeNo': '10012023052415081740600016', 'payCode': '103406000000021824', 'payCodeType': '0', 'expireTime': '2023-05-25 07:49:57'}
2023-05-24 16:08:20.114 | DEBUG    | lib.create_order1:post:93 - 2023-05-24 16:08:20 发起post请求:下单
2023-05-24 16:08:20.115 | DEBUG    | lib.create_order1:post:94 - 2023-05-24 16:08:20 请求时的入参: /pay/createOrder?amount=20110&currency=IDR&expectPayCodeType=0&merchantId=100119&orderNo=TestOrderNo_1684915700115&payChannel=15&payerName=test&payerPhone=081382826306&productId=2023&subject=TestSubject&version=1.0&sign=b498a99429d0131e942385b31cf0cd71
2023-05-24 16:08:20.858 | DEBUG    | lib.create_order1:post:98 - 2023-05-24 16:08:20 接口返回值: {'code': '200', 'msg': 'SUCCESS', 'sign': '1b6dd8b7f8aa454db262b5754b5ae38d', 'orderNo': 'TestOrderNo_1684915700115', 'tradeNo': '10012023052415082103800011', 'payCode': 'https://checkouttest.allopayment.com/walletPay?orderInfo=wU3NFGwK4395KeELxFzSVfIUOLJ8eyjkmh%2BrAesa2lgTLKGCBAj%2BLnJ1ymyNAuN3JCn%2B5OT7JZcKnF4KfEoGafgsM3UZ2SS5%2F%2BF1QkhdPpBtz9mSB9jqsJLctgAH1uGSaKi%2FM1wf3iGqovSbTHA5wEN4QKbjhAXs3VIQQ0YguXA%3D', 'payCodeType': '1', 'expireTime': '2023-05-24 16:08:21'}
2023-05-24 16:08:20.859 | DEBUG    | lib.create_order1:post:93 - 2023-05-24 16:08:20 发起post请求:下单
2023-05-24 16:08:20.859 | DEBUG    | lib.create_order1:post:94 - 2023-05-24 16:08:20 请求时的入参: /pay/createOrder?amount=20101&currency=IDR&expectPayCodeType=0&merchantId=100119&orderNo=TestOrderNo_1684915700860&payChannel=15&payerName=test&payerPhone=081382826306&productId=2023&subject=TestSubject&version=1.0&sign=840d8ef8ee49eb5c4e0dc10b121e6df9
2023-05-24 16:08:21.300 | DEBUG    | lib.create_order1:post:98 - 2023-05-24 16:08:21 接口返回值: {'code': '200', 'msg': 'SUCCESS', 'sign': '0fa1b769964a4c890cf72a7176f98abd', 'orderNo': 'TestOrderNo_1684915700860', 'tradeNo': '10012023052415082184000010', 'payCode': 'https://checkouttest.allopayment.com/walletPay?orderInfo=wU3NFGwK4395KeELxFzSVfIUOLJ8eyjkmh%2BrAesa2lgTLKGCBAj%2BLnJ1ymyNAuN3pQrF89LseKh3Wdq%2FtSvTMfgsM3UZ2SS5%2F%2BF1QkhdPpDSiaeWSEsVv6LsX9k3OM4xtNGL0hs1d7dGt%2Flzhy9WXUN4QKbjhAXs3VIQQ0YguXA%3D', 'payCodeType': '1', 'expireTime': '2023-05-24 16:08:21'}
2023-05-24 16:08:21.301 | DEBUG    | lib.create_order1:post:93 - 2023-05-24 16:08:21 发起post请求:下单
2023-05-24 16:08:21.301 | DEBUG    | lib.create_order1:post:94 - 2023-05-24 16:08:21 请求时的入参: /pay/createOrder?amount=20110&currency=IDR&expectPayCodeType=0&merchantId=100119&orderNo=TestOrderNo_1684915701301&payChannel=16&payerName=test&payerPhone=081382826306&productId=2023&subject=TestSubject&version=1.0&sign=30df6bc37b41a82333b1e33e01a2aaf8
2023-05-24 16:08:22.798 | DEBUG    | lib.create_order1:post:98 - 2023-05-24 16:08:22 接口返回值: {'code': '200', 'msg': 'SUCCESS', 'sign': 'ad93d4d4662efc18659f4c934ec9ee92', 'orderNo': 'TestOrderNo_1684915701301', 'tradeNo': '10012023052415082220300010', 'payCode': '00020101021226670016COM.NOBUBANK.WWW01189360050300000841110214029138203072420303UKE51440014ID.CO.QRIS.WWW0215ID20232545908540303UKE5204549953033605405201105802ID5909digitopup6013Jakarta Barat61051021062510114052400745117520614240523534191450703A010804POSP6304CB17', 'payCodeType': '1', 'expireTime': '2023-05-24 16:08:22'}
2023-05-24 16:08:22.799 | DEBUG    | lib.create_order1:post:93 - 2023-05-24 16:08:22 发起post请求:下单
2023-05-24 16:08:22.799 | DEBUG    | lib.create_order1:post:94 - 2023-05-24 16:08:22 请求时的入参: /pay/createOrder?amount=20101&currency=IDR&expectPayCodeType=0&merchantId=100119&orderNo=TestOrderNo_1684915702800&payChannel=16&payerName=test&payerPhone=081382826306&productId=2023&subject=TestSubject&version=1.0&sign=c19fba84e1c5f3114f74a02f3b184ab9
2023-05-24 16:08:23.881 | DEBUG    | lib.create_order1:post:98 - 2023-05-24 16:08:23 接口返回值: {'code': '200', 'msg': 'SUCCESS', 'sign': '4320270a09c1c5cd0189bdd24b9e2f24', 'orderNo': 'TestOrderNo_1684915702800', 'tradeNo': '10012023052415082371400015', 'payCode': '00020101021226670016COM.NOBUBANK.WWW01189360050300000841110214029138203072420303UKE51440014ID.CO.QRIS.WWW0215ID20232545908540303UKE5204549953033605405201015802ID5909digitopup6013Jakarta Barat61051021062510114052400745117590614240523693591860703A010804POSP6304B805', 'payCodeType': '1', 'expireTime': '2023-05-24 16:08:23'}
2023-05-24 16:08:23.881 | DEBUG    | lib.create_order1:post:93 - 2023-05-24 16:08:23 发起post请求:下单
2023-05-24 16:08:23.882 | DEBUG    | lib.create_order1:post:94 - 2023-05-24 16:08:23 请求时的入参: /pay/createOrder?amount=20110&currency=IDR&expectPayCodeType=0&merchantId=100119&orderNo=TestOrderNo_1684915703881&payChannel=17&payerName=test&payerPhone=081382826306&productId=2023&subject=TestSubject&version=1.0&sign=770f5b2d8bdd5962a4a676fc4de1eb5a
2023-05-24 16:08:24.906 | DEBUG    | lib.create_order1:post:98 - 2023-05-24 16:08:24 接口返回值: {'code': '200', 'msg': 'SUCCESS', 'sign': '041b03e840d35ed75366028543f30907', 'orderNo': 'TestOrderNo_1684915703881', 'tradeNo': '10012023052415082480200017', 'payCode': 'https://link.dana.id/pay?bizNo=20230524111212800110166116179881411&timestamp=1684915705267&originSourcePlatform=IPG&mid=216620000311085238996&did=216650000552544219991&sign=jOmofSzsTR2nHRs76%2F150AeFmxC6wy9xaTDgFG3kGjJGuzicLSMhJiSkw8unwT9ZmM17EDjIKzgFH4ZdXRj9ZqiFPWYCvVc0BILWNG%2BsvBenih3nZAvbjoiCL2FXejTg8iZUmcAt3UDVmCbPNH9jfA%2BJYujXWvrJe0uG43itubpNVbJ9u1MDuEQ1eMTcPnIFRLz5fwRkkgrGPfmoVtM9yKJGFXcP%2FQoKWmsEV15J6p%2BwlkgG9eI6nXEMzRT%2F84N6V0NqDkcHq4yAAqSjF3f2LDe%2BgLrjSj97gzhkLO6SBZzlI%2B1nv8iJUHw4MpitdgNx48xXMeR2sT1QB8euELg03g%3D%3D&forceToH5=false', 'payCodeType': '1', 'expireTime': '2023-05-24 16:08:24'}
2023-05-24 16:08:24.907 | DEBUG    | lib.create_order1:post:93 - 2023-05-24 16:08:24 发起post请求:下单
2023-05-24 16:08:24.907 | DEBUG    | lib.create_order1:post:94 - 2023-05-24 16:08:24 请求时的入参: /pay/createOrder?amount=20101&currency=IDR&expectPayCodeType=0&merchantId=100119&orderNo=TestOrderNo_1684915704907&payChannel=17&payerName=test&payerPhone=081382826306&productId=2023&subject=TestSubject&version=1.0&sign=923e743f329e0c7152433c78022db040
2023-05-24 16:08:25.859 | DEBUG    | lib.create_order1:post:98 - 2023-05-24 16:08:25 接口返回值: {'code': '200', 'msg': 'SUCCESS', 'sign': '7c0aed5cb19df6cc74708aa97fe53f32', 'orderNo': 'TestOrderNo_1684915704907', 'tradeNo': '10012023052415082577900016', 'payCode': 'https://link.dana.id/pay?bizNo=20230524111212800110166832179909874&timestamp=1684915706200&originSourcePlatform=IPG&mid=216620000311085238996&did=216650000552544219991&sign=iejzDnHG1y5mwJ%2F0FLdjbGb5VYI5%2FPwRfW0uuaBGkYWAp3fDcsaNynaKSOmiR9osyjbg4Er9yV1T6bIeNDYydIfCk8Hp%2Bwrmcsrw24nnqAe0JM8vUPzBgj24OKZS51R4keD69IThJggnBqql3yYJlTHeoNVA6Pmrcfsoe0SG%2BikskegJ3fwP5bF50M56BPbbxEh6S%2BC5n7NE37rn8ZccbCsUQAeXVyJL2IhPrU31fl2uRr%2BxOrOaF8Sy%2BrM1SpEYDPzwl3qKXghSKzCYu14Edm7en2rnVzwZaecUekyXanbUIaGX6W1QEgLucc9dzgcJgXbJ4af9dwmGKUIAmUKBfw%3D%3D&forceToH5=false', 'payCodeType': '1', 'expireTime': '2023-05-24 16:08:25'}
2023-05-24 16:08:25.860 | DEBUG    | lib.create_order1:post:93 - 2023-05-24 16:08:25 发起post请求:下单
2023-05-24 16:08:25.861 | DEBUG    | lib.create_order1:post:94 - 2023-05-24 16:08:25 请求时的入参: /pay/createOrder?amount=20110&currency=IDR&expectPayCodeType=0&merchantId=100119&orderNo=TestOrderNo_1684915705860&payChannel=18&payerName=test&payerPhone=081382826306&productId=2023&subject=TestSubject&version=1.0&sign=d0facd531465808e3639ae9055baffc3
2023-05-24 16:08:26.202 | DEBUG    | lib.create_order1:post:98 - 2023-05-24 16:08:26 接口返回值: {'code': '88011', 'msg': 'this channel is not supported yet', 'sign': 'e5ecde88e5c47f010ffd43aa30f7c64e'}
2023-05-24 16:08:26.203 | DEBUG    | lib.create_order1:post:93 - 2023-05-24 16:08:26 发起post请求:下单
2023-05-24 16:08:26.204 | DEBUG    | lib.create_order1:post:94 - 2023-05-24 16:08:26 请求时的入参: /pay/createOrder?amount=20101&currency=IDR&expectPayCodeType=0&merchantId=100119&orderNo=TestOrderNo_1684915706203&payChannel=18&payerName=test&payerPhone=081382826306&productId=2023&subject=TestSubject&version=1.0&sign=96b7d56f4c11c0c002db492b21c0f989
2023-05-24 16:08:26.577 | DEBUG    | lib.create_order1:post:98 - 2023-05-24 16:08:26 接口返回值: {'code': '88011', 'msg': 'this channel is not supported yet', 'sign': 'e5ecde88e5c47f010ffd43aa30f7c64e'}
2023-05-24 16:08:26.577 | DEBUG    | lib.create_order1:post:93 - 2023-05-24 16:08:26 发起post请求:下单
2023-05-24 16:08:26.578 | DEBUG    | lib.create_order1:post:94 - 2023-05-24 16:08:26 请求时的入参: /pay/createOrder?amount=20110&currency=IDR&expectPayCodeType=0&merchantId=100119&orderNo=TestOrderNo_1684915706578&payChannel=19&payerName=test&payerPhone=081382826306&productId=2023&subject=TestSubject&version=1.0&sign=a906beb147118611fc1593906bad8a1d
2023-05-24 16:08:27.475 | DEBUG    | lib.create_order1:post:98 - 2023-05-24 16:08:27 接口返回值: {'code': '200', 'msg': 'SUCCESS', 'sign': '0462be3ec15f56d247814fd6e9afb22b', 'orderNo': 'TestOrderNo_1684915706578', 'tradeNo': '10012023052415082750500013', 'payCode': 'https://wsa.wallet.airpay.co.id/universal-link/wallet/pay?deep_and_deferred=1&token=Um80ZWF4Yk9xZmROU8AZAJFbNu9ECoZXUtJS3yQKe6AFr6YnpSu2vg', 'payCodeType': '1', 'expireTime': '2023-05-24 16:08:27'}
2023-05-24 16:08:27.477 | DEBUG    | lib.create_order1:post:93 - 2023-05-24 16:08:27 发起post请求:下单
2023-05-24 16:08:27.477 | DEBUG    | lib.create_order1:post:94 - 2023-05-24 16:08:27 请求时的入参: /pay/createOrder?amount=20101&currency=IDR&expectPayCodeType=0&merchantId=100119&orderNo=TestOrderNo_1684915707478&payChannel=19&payerName=test&payerPhone=081382826306&productId=2023&subject=TestSubject&version=1.0&sign=2f658c3fbc2391f34ea3e6189981647d
2023-05-24 16:08:28.473 | DEBUG    | lib.create_order1:post:98 - 2023-05-24 16:08:28 接口返回值: {'code': '200', 'msg': 'SUCCESS', 'sign': '82c8f1d88ebaa976646b51df9c430feb', 'orderNo': 'TestOrderNo_1684915707478', 'tradeNo': '10012023052415082840700011', 'payCode': 'https://wsa.wallet.airpay.co.id/universal-link/wallet/pay?deep_and_deferred=1&token=Um80ZWF4Yk9xZmROU8AZAI5WNeRSfv453N76yRRrtR_OkeP7tmoAvw', 'payCodeType': '1', 'expireTime': '2023-05-24 16:08:28'}
2023-05-24 16:08:28.475 | DEBUG    | lib.create_order1:post:93 - 2023-05-24 16:08:28 发起post请求:下单
2023-05-24 16:08:28.475 | DEBUG    | lib.create_order1:post:94 - 2023-05-24 16:08:28 请求时的入参: /pay/createOrder?amount=20110&currency=IDR&expectPayCodeType=0&merchantId=100119&orderNo=TestOrderNo_1684915708475&payChannel=3&payerName=test&payerPhone=081382826306&productId=2023&subject=TestSubject&version=1.0&sign=7074054a59a7e8c51de0a676d2cb1fc2
2023-05-24 16:08:29.245 | DEBUG    | lib.create_order1:post:98 - 2023-05-24 16:08:29 接口返回值: {'code': '200', 'msg': 'SUCCESS', 'sign': '819ff26db8cc3042144037a1238f09a9', 'orderNo': 'TestOrderNo_1684915708475', 'tradeNo': '10012023052415082935700017', 'payCode': '7392600006480745', 'payCodeType': '0', 'expireTime': '2023-05-25 07:50:09'}
2023-05-24 16:08:29.246 | DEBUG    | lib.create_order1:post:93 - 2023-05-24 16:08:29 发起post请求:下单
2023-05-24 16:08:29.246 | DEBUG    | lib.create_order1:post:94 - 2023-05-24 16:08:29 请求时的入参: /pay/createOrder?amount=20101&currency=IDR&expectPayCodeType=0&merchantId=100119&orderNo=TestOrderNo_1684915709247&payChannel=3&payerName=test&payerPhone=081382826306&productId=2023&subject=TestSubject&version=1.0&sign=010fddc022b9009725c339b7679d80b4
2023-05-24 16:08:30.041 | DEBUG    | lib.create_order1:post:98 - 2023-05-24 16:08:30 接口返回值: {'code': '200', 'msg': 'SUCCESS', 'sign': 'e269d4a7da5edef11e4772948e3380f6', 'orderNo': 'TestOrderNo_1684915709247', 'tradeNo': '10012023052415083016700017', 'payCode': '7392600006480747', 'payCodeType': '0', 'expireTime': '2023-05-25 07:50:10'}
2023-05-24 16:08:30.043 | DEBUG    | lib.create_order1:post:93 - 2023-05-24 16:08:30 发起post请求:下单
2023-05-24 16:08:30.043 | DEBUG    | lib.create_order1:post:94 - 2023-05-24 16:08:30 请求时的入参: /pay/createOrder?amount=20110&currency=IDR&expectPayCodeType=0&merchantId=100119&orderNo=TestOrderNo_1684915710043&payChannel=4&payerName=test&payerPhone=081382826306&productId=2023&subject=TestSubject&version=1.0&sign=3cc132b78a08a93f69a607fd76ef6749
2023-05-24 16:08:31.170 | DEBUG    | lib.create_order1:post:98 - 2023-05-24 16:08:31 接口返回值: {'code': '200', 'msg': 'SUCCESS', 'sign': '01deb9bd816d349bd694cc7b67043a56', 'orderNo': 'TestOrderNo_1684915710043', 'tradeNo': '10012023052415083099200018', 'payCode': '9888739961981426', 'payCodeType': '0', 'expireTime': '2023-05-25 07:50:10'}
2023-05-24 16:08:31.170 | DEBUG    | lib.create_order1:post:93 - 2023-05-24 16:08:31 发起post请求:下单
2023-05-24 16:08:31.171 | DEBUG    | lib.create_order1:post:94 - 2023-05-24 16:08:31 请求时的入参: /pay/createOrder?amount=20101&currency=IDR&expectPayCodeType=0&merchantId=100119&orderNo=TestOrderNo_1684915711170&payChannel=4&payerName=test&payerPhone=081382826306&productId=2023&subject=TestSubject&version=1.0&sign=d0a40c058c22f2602898b80db517a6e8
2023-05-24 16:08:33.202 | DEBUG    | lib.create_order1:post:98 - 2023-05-24 16:08:33 接口返回值: {'code': '200', 'msg': 'SUCCESS', 'sign': '5974281aab2788fd166549592a8575e4', 'orderNo': 'TestOrderNo_1684915711170', 'tradeNo': '10012023052415083243900018', 'payCode': '9888739961981427', 'payCodeType': '0', 'expireTime': '2023-05-25 07:50:12'}
2023-05-24 16:08:33.203 | DEBUG    | lib.create_order1:post:93 - 2023-05-24 16:08:33 发起post请求:下单
2023-05-24 16:08:33.203 | DEBUG    | lib.create_order1:post:94 - 2023-05-24 16:08:33 请求时的入参: /pay/createOrder?amount=20110&currency=IDR&expectPayCodeType=0&merchantId=100119&orderNo=TestOrderNo_1684915713203&payChannel=5&payerName=test&payerPhone=081382826306&productId=2023&subject=TestSubject&version=1.0&sign=adc8e94d836115df8f533a767fca558c
2023-05-24 16:08:33.734 | DEBUG    | lib.create_order1:post:98 - 2023-05-24 16:08:33 接口返回值: {'code': '200', 'msg': 'SUCCESS', 'sign': '2fe01cc3127338c7c748636d6481f729', 'orderNo': 'TestOrderNo_1684915713203', 'tradeNo': '10012023052415083413200017', 'payCode': '1457148013299', 'payCodeType': '0', 'expireTime': '2023-05-25 07:50:14'}
2023-05-24 16:08:33.735 | DEBUG    | lib.create_order1:post:93 - 2023-05-24 16:08:33 发起post请求:下单
2023-05-24 16:08:33.736 | DEBUG    | lib.create_order1:post:94 - 2023-05-24 16:08:33 请求时的入参: /pay/createOrder?amount=20101&currency=IDR&expectPayCodeType=0&merchantId=100119&orderNo=TestOrderNo_1684915713736&payChannel=5&payerName=test&payerPhone=081382826306&productId=2023&subject=TestSubject&version=1.0&sign=0356782f6e0c9711b1a7013c065d3011
2023-05-24 16:08:34.204 | DEBUG    | lib.create_order1:post:98 - 2023-05-24 16:08:34 接口返回值: {'code': '200', 'msg': 'SUCCESS', 'sign': '7966ad70b6ea16c0169ff61247766570', 'orderNo': 'TestOrderNo_1684915713736', 'tradeNo': '10012023052415083460600010', 'payCode': '1457167391869', 'payCodeType': '0', 'expireTime': '2023-05-25 07:50:14'}
2023-05-24 16:08:34.205 | DEBUG    | lib.create_order1:post:93 - 2023-05-24 16:08:34 发起post请求:下单
2023-05-24 16:08:34.206 | DEBUG    | lib.create_order1:post:94 - 2023-05-24 16:08:34 请求时的入参: /pay/createOrder?amount=20110&currency=IDR&expectPayCodeType=0&merchantId=100119&orderNo=TestOrderNo_1684915714206&payChannel=6&payerName=test&payerPhone=081382826306&productId=2023&subject=TestSubject&version=1.0&sign=8387c038c3e53a103acfdc4aeb5a3b82
2023-05-24 16:08:35.943 | DEBUG    | lib.create_order1:post:98 - 2023-05-24 16:08:35 接口返回值: {'code': '200', 'msg': 'SUCCESS', 'sign': 'f68fd7e010056e48cb29c5aa4b2d1dce', 'orderNo': 'TestOrderNo_1684915714206', 'tradeNo': '10012023052415083534300019', 'payCode': '23096000001946352', 'payCodeType': '0', 'expireTime': '2023-05-25 07:50:15'}
2023-05-24 16:08:35.944 | DEBUG    | lib.create_order1:post:93 - 2023-05-24 16:08:35 发起post请求:下单
2023-05-24 16:08:35.945 | DEBUG    | lib.create_order1:post:94 - 2023-05-24 16:08:35 请求时的入参: /pay/createOrder?amount=20101&currency=IDR&expectPayCodeType=0&merchantId=100119&orderNo=TestOrderNo_1684915715944&payChannel=6&payerName=test&payerPhone=081382826306&productId=2023&subject=TestSubject&version=1.0&sign=13a862b152886e8096496b61bd56ab0a
2023-05-24 16:08:36.734 | DEBUG    | lib.create_order1:post:98 - 2023-05-24 16:08:36 接口返回值: {'code': '200', 'msg': 'SUCCESS', 'sign': 'f10c9f56b9ac113cc1c3876c28106788', 'orderNo': 'TestOrderNo_1684915715944', 'tradeNo': '10012023052415083687000010', 'payCode': '23096000001946353', 'payCodeType': '0', 'expireTime': '2023-05-25 07:50:16'}
2023-05-24 16:08:36.736 | DEBUG    | lib.create_order1:post:93 - 2023-05-24 16:08:36 发起post请求:下单
2023-05-24 16:08:36.736 | DEBUG    | lib.create_order1:post:94 - 2023-05-24 16:08:36 请求时的入参: /pay/createOrder?amount=20110&currency=IDR&expectPayCodeType=0&merchantId=100119&orderNo=TestOrderNo_1684915716737&payChannel=9&payerName=test&payerPhone=081382826306&productId=2023&subject=TestSubject&version=1.0&sign=8f68efeb0c8382e95887ad8688058ece
2023-05-24 16:08:37.571 | DEBUG    | lib.create_order1:post:98 - 2023-05-24 16:08:37 接口返回值: {'code': '200', 'msg': 'SUCCESS', 'sign': '79fb2bb2462f4eeb15bb2b157ed16300', 'orderNo': 'TestOrderNo_1684915716737', 'tradeNo': '10012023052415083766300018', 'payCode': '135036000006799777', 'payCodeType': '0', 'expireTime': '2023-05-25 07:50:17'}
2023-05-24 16:08:37.573 | DEBUG    | lib.create_order1:post:93 - 2023-05-24 16:08:37 发起post请求:下单
2023-05-24 16:08:37.573 | DEBUG    | lib.create_order1:post:94 - 2023-05-24 16:08:37 请求时的入参: /pay/createOrder?amount=20101&currency=IDR&expectPayCodeType=0&merchantId=100119&orderNo=TestOrderNo_1684915717573&payChannel=9&payerName=test&payerPhone=081382826306&productId=2023&subject=TestSubject&version=1.0&sign=40336d265b75fc127947d5d7390717f4
2023-05-24 16:08:38.904 | DEBUG    | lib.create_order1:post:98 - 2023-05-24 16:08:38 接口返回值: {'code': '200', 'msg': 'SUCCESS', 'sign': '00807c3bde7ac8c2ec12b951a6f3851e', 'orderNo': 'TestOrderNo_1684915717573', 'tradeNo': '10012023052415083848800019', 'payCode': '135036000006799778', 'payCodeType': '0', 'expireTime': '2023-05-25 07:50:18'}
2023-05-24 16:08:41.919 | DEBUG    | lib.create_order1:post:93 - 2023-05-24 16:08:41 发起post请求:下单
2023-05-24 16:08:41.919 | DEBUG    | lib.create_order1:post:94 - 2023-05-24 16:08:41 请求时的入参: /pay/createOrder?amount=20110&currency=IDR&expectPayCodeType=0&merchantId=100119&orderNo=TestOrderNo_1684915721919&payChannel=17&payerName=test&payerPhone=081382826304&productId=2023&subject=TestSubject&version=1.0&sign=bb0e9a54b3679168646a01bbd6801350
2023-05-24 16:08:42.749 | DEBUG    | lib.create_order1:post:98 - 2023-05-24 16:08:42 接口返回值: {'code': '88005', 'msg': 'channel process error, please try again', 'sign': 'dbe789f3423e001fc81b1d8bfb320386'}
2023-05-24 16:08:42.750 | DEBUG    | lib.create_order1:post:93 - 2023-05-24 16:08:42 发起post请求:下单
2023-05-24 16:08:42.750 | DEBUG    | lib.create_order1:post:94 - 2023-05-24 16:08:42 请求时的入参: /pay/createOrder?amount=20101&currency=IDR&expectPayCodeType=0&merchantId=100119&orderNo=TestOrderNo_1684915722750&payChannel=17&payerName=test&payerPhone=081382826304&productId=2023&subject=TestSubject&version=1.0&sign=8096557267246321403d9fbfd02740ee
2023-05-24 16:08:43.377 | DEBUG    | lib.create_order1:post:98 - 2023-05-24 16:08:43 接口返回值: {'code': '88005', 'msg': 'channel process error, please try again', 'sign': 'dbe789f3423e001fc81b1d8bfb320386'}
2023-05-24 16:08:43.378 | DEBUG    | lib.create_order1:post:93 - 2023-05-24 16:08:43 发起post请求:下单
2023-05-24 16:08:43.378 | DEBUG    | lib.create_order1:post:94 - 2023-05-24 16:08:43 请求时的入参: /pay/createOrder?amount=20110&currency=IDR&expectPayCodeType=0&merchantId=100119&orderNo=TestOrderNo_1684915723378&payChannel=18&payerName=test&payerPhone=081382826304&productId=2023&subject=TestSubject&version=1.0&sign=a595225bf0d2a462076bcd1c088b27f3
2023-05-24 16:08:44.377 | DEBUG    | lib.create_order1:post:98 - 2023-05-24 16:08:44 接口返回值: {'code': '200', 'msg': 'SUCCESS', 'sign': 'fbf4cce10ba64b0fd714dcd65b0bdfe5', 'orderNo': 'TestOrderNo_1684915723378', 'tradeNo': '10012023052415084429500010', 'payCode': 'https://debit-sandbox.faspay.co.id/pws/100003/0830000010100000/26d0dec23b962dc178cf9680b7fd5d73be02fd23?trx_id=3444230272446248&merchant_id=34442&bill_no=10012023052415084429500010', 'payCodeType': '1', 'expireTime': '2023-05-24 16:08:44'}
2023-05-24 16:08:44.378 | DEBUG    | lib.create_order1:post:93 - 2023-05-24 16:08:44 发起post请求:下单
2023-05-24 16:08:44.379 | DEBUG    | lib.create_order1:post:94 - 2023-05-24 16:08:44 请求时的入参: /pay/createOrder?amount=20101&currency=IDR&expectPayCodeType=0&merchantId=100119&orderNo=TestOrderNo_1684915724379&payChannel=18&payerName=test&payerPhone=081382826304&productId=2023&subject=TestSubject&version=1.0&sign=eacd4ae71e2a33b8197b29040f45d2b1
2023-05-24 16:08:44.998 | DEBUG    | lib.create_order1:post:98 - 2023-05-24 16:08:44 接口返回值: {'code': '200', 'msg': 'SUCCESS', 'sign': '1d4f9979d5c23517d7184cdb9ca80587', 'orderNo': 'TestOrderNo_1684915724379', 'tradeNo': '10012023052415084530400019', 'payCode': 'https://debit-sandbox.faspay.co.id/pws/100003/0830000010100000/e7b52cc5b0b297090f0bbb98931a25f91c010efe?trx_id=3444230272545859&merchant_id=34442&bill_no=10012023052415084530400019', 'payCodeType': '1', 'expireTime': '2023-05-24 16:08:45'}
2023-05-24 16:08:44.999 | DEBUG    | lib.create_order1:post:93 - 2023-05-24 16:08:44 发起post请求:下单
2023-05-24 16:08:44.999 | DEBUG    | lib.create_order1:post:94 - 2023-05-24 16:08:44 请求时的入参: /pay/createOrder?amount=20110&currency=IDR&expectPayCodeType=0&merchantId=100119&orderNo=TestOrderNo_1684915724999&payChannel=18&payerName=test&payerPhone=081382826304&productId=2023&subject=TestSubject&version=1.0&sign=05b8b261ccf7c390e018a1dd4e4ffaca
2023-05-24 16:08:45.567 | DEBUG    | lib.create_order1:post:98 - 2023-05-24 16:08:45 接口返回值: {'code': '200', 'msg': 'SUCCESS', 'sign': 'c18208aa38c651c30e13aa7f5286ddeb', 'orderNo': 'TestOrderNo_1684915724999', 'tradeNo': '10012023052415084588100016', 'payCode': 'https://debit-sandbox.faspay.co.id/pws/100003/0830000010100000/9744f5ebb3076ede081b569eb241e5c25baf6b62?trx_id=3444230272603180&merchant_id=34442&bill_no=10012023052415084588100016', 'payCodeType': '1', 'expireTime': '2023-05-24 16:08:45'}
2023-05-24 16:08:45.567 | DEBUG    | lib.create_order1:post:93 - 2023-05-24 16:08:45 发起post请求:下单
2023-05-24 16:08:45.567 | DEBUG    | lib.create_order1:post:94 - 2023-05-24 16:08:45 请求时的入参: /pay/createOrder?amount=20101&currency=IDR&expectPayCodeType=0&merchantId=100119&orderNo=TestOrderNo_1684915725567&payChannel=18&payerName=test&payerPhone=081382826304&productId=2023&subject=TestSubject&version=1.0&sign=84cacf8fcbd6882929d91484d8041c89
2023-05-24 16:08:46.226 | DEBUG    | lib.create_order1:post:98 - 2023-05-24 16:08:46 接口返回值: {'code': '200', 'msg': 'SUCCESS', 'sign': '3a7b5d44f7cf2db2424cc1c9efab8b72', 'orderNo': 'TestOrderNo_1684915725567', 'tradeNo': '10012023052415084653100016', 'payCode': 'https://debit-sandbox.faspay.co.id/pws/100003/0830000010100000/877cec65733f7e4e535b274b0a0134f1cf2904a9?trx_id=3444230272667911&merchant_id=34442&bill_no=10012023052415084653100016', 'payCodeType': '1', 'expireTime': '2023-05-24 16:08:46'}
2023-05-24 16:08:46.227 | DEBUG    | lib.create_order1:post:93 - 2023-05-24 16:08:46 发起post请求:下单
2023-05-24 16:08:46.227 | DEBUG    | lib.create_order1:post:94 - 2023-05-24 16:08:46 请求时的入参: /pay/createOrder?amount=20110&currency=IDR&expectPayCodeType=0&merchantId=100119&orderNo=TestOrderNo_1684915726228&payChannel=18&payerName=test&payerPhone=081382826304&productId=2023&subject=TestSubject&version=1.0&sign=429e23f25a45217e22ada0b515e8e3a8
2023-05-24 16:08:46.858 | DEBUG    | lib.create_order1:post:98 - 2023-05-24 16:08:46 接口返回值: {'code': '200', 'msg': 'SUCCESS', 'sign': '3d2910991a9d16d3c568e335fb8c9ca4', 'orderNo': 'TestOrderNo_1684915726228', 'tradeNo': '10012023052415084716400015', 'payCode': 'https://debit-sandbox.faspay.co.id/pws/100003/0830000010100000/f9fd9eec14b282666d890a66a3eebbf01b09505c?trx_id=3444230257273212&merchant_id=34442&bill_no=10012023052415084716400015', 'payCodeType': '1', 'expireTime': '2023-05-24 16:08:47'}
2023-05-24 16:08:46.859 | DEBUG    | lib.create_order1:post:93 - 2023-05-24 16:08:46 发起post请求:下单
2023-05-24 16:08:46.859 | DEBUG    | lib.create_order1:post:94 - 2023-05-24 16:08:46 请求时的入参: /pay/createOrder?amount=20101&currency=IDR&expectPayCodeType=0&merchantId=100119&orderNo=TestOrderNo_1684915726859&payChannel=18&payerName=test&payerPhone=081382826304&productId=2023&subject=TestSubject&version=1.0&sign=41a19677ddd1ff02b92783d38dea26fb
2023-05-24 16:08:47.460 | DEBUG    | lib.create_order1:post:98 - 2023-05-24 16:08:47 接口返回值: {'code': '200', 'msg': 'SUCCESS', 'sign': 'db5f8833c4e5fb53ac9c40382e0b81af', 'orderNo': 'TestOrderNo_1684915726859', 'tradeNo': '10012023052415084778000018', 'payCode': 'https://debit-sandbox.faspay.co.id/pws/100003/0830000010100000/55be004f1a337b2b262de0cd7eb24b3ba12b2059?trx_id=3444230272793063&merchant_id=34442&bill_no=10012023052415084778000018', 'payCodeType': '1', 'expireTime': '2023-05-24 16:08:47'}
2023-05-24 16:08:47.461 | DEBUG    | lib.create_order1:post:93 - 2023-05-24 16:08:47 发起post请求:下单
2023-05-24 16:08:47.461 | DEBUG    | lib.create_order1:post:94 - 2023-05-24 16:08:47 请求时的入参: /pay/createOrder?amount=20110&currency=IDR&expectPayCodeType=0&merchantId=100119&orderNo=TestOrderNo_1684915727461&payChannel=38&payerName=test&payerPhone=081382826304&productId=2023&subject=TestSubject&version=1.0&sign=22d61853dcdeca2cc8150309f65c00d6
2023-05-24 16:08:47.824 | DEBUG    | lib.create_order1:post:98 - 2023-05-24 16:08:47 接口返回值: {'code': '88011', 'msg': 'this channel is not supported yet', 'sign': 'e5ecde88e5c47f010ffd43aa30f7c64e'}
2023-05-24 16:08:47.826 | DEBUG    | lib.create_order1:post:93 - 2023-05-24 16:08:47 发起post请求:下单
2023-05-24 16:08:47.826 | DEBUG    | lib.create_order1:post:94 - 2023-05-24 16:08:47 请求时的入参: /pay/createOrder?amount=20101&currency=IDR&expectPayCodeType=0&merchantId=100119&orderNo=TestOrderNo_1684915727827&payChannel=38&payerName=test&payerPhone=081382826304&productId=2023&subject=TestSubject&version=1.0&sign=4d7c54c311792a5ee80c15ca8beec719
2023-05-24 16:08:48.383 | DEBUG    | lib.create_order1:post:98 - 2023-05-24 16:08:48 接口返回值: {'code': '88011', 'msg': 'this channel is not supported yet', 'sign': 'e5ecde88e5c47f010ffd43aa30f7c64e'}
2023-05-24 16:08:48.383 | DEBUG    | lib.create_order1:post:93 - 2023-05-24 16:08:48 发起post请求:下单
2023-05-24 16:08:48.383 | DEBUG    | lib.create_order1:post:94 - 2023-05-24 16:08:48 请求时的入参: /pay/createOrder?amount=20110&currency=IDR&expectPayCodeType=0&merchantId=100119&orderNo=TestOrderNo_1684915728384&payChannel=38&payerName=test&payerPhone=081382826304&productId=2023&subject=TestSubject&version=1.0&sign=38e9f4fbbe977668eae52b0235c0c2d9
2023-05-24 16:08:48.688 | DEBUG    | lib.create_order1:post:98 - 2023-05-24 16:08:48 接口返回值: {'code': '88011', 'msg': 'this channel is not supported yet', 'sign': 'e5ecde88e5c47f010ffd43aa30f7c64e'}
2023-05-24 16:08:48.689 | DEBUG    | lib.create_order1:post:93 - 2023-05-24 16:08:48 发起post请求:下单
2023-05-24 16:08:48.690 | DEBUG    | lib.create_order1:post:94 - 2023-05-24 16:08:48 请求时的入参: /pay/createOrder?amount=20101&currency=IDR&expectPayCodeType=0&merchantId=100119&orderNo=TestOrderNo_1684915728690&payChannel=38&payerName=test&payerPhone=081382826304&productId=2023&subject=TestSubject&version=1.0&sign=23effa20e4d6566970e1c67f3f4f5d19
2023-05-24 16:08:49.068 | DEBUG    | lib.create_order1:post:98 - 2023-05-24 16:08:49 接口返回值: {'code': '88011', 'msg': 'this channel is not supported yet', 'sign': 'e5ecde88e5c47f010ffd43aa30f7c64e'}
2023-05-24 16:08:52.073 | DEBUG    | lib.create_order1:post:93 - 2023-05-24 16:08:52 发起post请求:下单
2023-05-24 16:08:52.073 | DEBUG    | lib.create_order1:post:94 - 2023-05-24 16:08:52 请求时的入参: /pay/createOrder?amount=20110&currency=IDR&expectPayCodeType=0&merchantId=100119&orderNo=TestOrderNo_1684915732073&payChannel=15&payerName=test&payerPhone=081382826301&productId=2023&subject=TestSubject&version=1.0&sign=3c4eeaaa05323476b06cf1bfd50bc759
2023-05-24 16:08:52.469 | DEBUG    | lib.create_order1:post:98 - 2023-05-24 16:08:52 接口返回值: {'code': '200', 'msg': 'SUCCESS', 'sign': '55be16fda7d8248735d346918a01b74e', 'orderNo': 'TestOrderNo_1684915732073', 'tradeNo': '10012023052415085300000012', 'payCode': 'https://checkouttest.allopayment.com/walletPay?orderInfo=wU3NFGwK4395KeELxFzSVfIUOLJ8eyjkmh%2BrAesa2lgTLKGCBAj%2BLnJ1ymyNAuN3UqI5MRtBkjDpuoeGF4MfbfgsM3UZ2SS5%2F%2BF1QkhdPpBl0jRQ4Gahdr8P8R%2FtXR7eaKi%2FM1wf3iGqovSbTHA5wEN4QKbjhAXs3VIQQ0YguXA%3D', 'payCodeType': '1', 'expireTime': '2023-05-24 16:08:53'}
2023-05-24 16:08:52.470 | DEBUG    | lib.create_order1:post:93 - 2023-05-24 16:08:52 发起post请求:下单
2023-05-24 16:08:52.471 | DEBUG    | lib.create_order1:post:94 - 2023-05-24 16:08:52 请求时的入参: /pay/createOrder?amount=20101&currency=IDR&expectPayCodeType=0&merchantId=100119&orderNo=TestOrderNo_1684915732470&payChannel=15&payerName=test&payerPhone=081382826301&productId=2023&subject=TestSubject&version=1.0&sign=c11bf7b06463cad25f18d6af1fb137d2
2023-05-24 16:08:52.968 | DEBUG    | lib.create_order1:post:98 - 2023-05-24 16:08:52 接口返回值: {'code': '200', 'msg': 'SUCCESS', 'sign': '0ccb3d974c35fbf054c15f9a6a441891', 'orderNo': 'TestOrderNo_1684915732470', 'tradeNo': '10012023052415085343500010', 'payCode': 'https://checkouttest.allopayment.com/walletPay?orderInfo=wU3NFGwK4395KeELxFzSVfIUOLJ8eyjkmh%2BrAesa2lgTLKGCBAj%2BLnJ1ymyNAuN3PaOHf2pLRPX9c720WBAKI%2FgsM3UZ2SS5%2F%2BF1QkhdPpDX%2FziCaIvQRmHc2S2eGXgstNGL0hs1d7dGt%2Flzhy9WXUN4QKbjhAXs3VIQQ0YguXA%3D', 'payCodeType': '1', 'expireTime': '2023-05-24 16:08:53'}
2023-05-24 16:08:52.968 | DEBUG    | lib.create_order1:post:93 - 2023-05-24 16:08:52 发起post请求:下单
2023-05-24 16:08:52.969 | DEBUG    | lib.create_order1:post:94 - 2023-05-24 16:08:52 请求时的入参: /pay/createOrder?amount=20110&currency=IDR&expectPayCodeType=0&merchantId=100119&orderNo=TestOrderNo_1684915732968&payChannel=16&payerName=test&payerPhone=081382826301&productId=2023&subject=TestSubject&version=1.0&sign=eb1ec671c44ae8d7592ec85821651cc6
2023-05-24 16:08:54.385 | DEBUG    | lib.create_order1:post:98 - 2023-05-24 16:08:54 接口返回值: {'code': '200', 'msg': 'SUCCESS', 'sign': 'a2e6b8803d94f06279cb0e1f2e35b2aa', 'orderNo': 'TestOrderNo_1684915732968', 'tradeNo': '10012023052415085383500011', 'payCode': 'some-random-qr-string', 'payCodeType': '1', 'expireTime': '2023-05-24 16:08:53'}
2023-05-24 16:08:54.385 | DEBUG    | lib.create_order1:post:93 - 2023-05-24 16:08:54 发起post请求:下单
2023-05-24 16:08:54.386 | DEBUG    | lib.create_order1:post:94 - 2023-05-24 16:08:54 请求时的入参: /pay/createOrder?amount=20101&currency=IDR&expectPayCodeType=0&merchantId=100119&orderNo=TestOrderNo_1684915734386&payChannel=16&payerName=test&payerPhone=081382826301&productId=2023&subject=TestSubject&version=1.0&sign=0a3be32c6568592961480b391e6468e2
2023-05-24 16:08:55.852 | DEBUG    | lib.create_order1:post:98 - 2023-05-24 16:08:55 接口返回值: {'code': '200', 'msg': 'SUCCESS', 'sign': '81f6d24e673a29886974cf53d8bd1fa9', 'orderNo': 'TestOrderNo_1684915734386', 'tradeNo': '10012023052415085530900015', 'payCode': 'some-random-qr-string', 'payCodeType': '1', 'expireTime': '2023-05-24 16:08:55'}
2023-05-24 16:08:55.853 | DEBUG    | lib.create_order1:post:93 - 2023-05-24 16:08:55 发起post请求:下单
2023-05-24 16:08:55.854 | DEBUG    | lib.create_order1:post:94 - 2023-05-24 16:08:55 请求时的入参: /pay/createOrder?amount=20110&currency=IDR&expectPayCodeType=0&merchantId=100119&orderNo=TestOrderNo_1684915735853&payChannel=17&payerName=test&payerPhone=081382826301&productId=2023&subject=TestSubject&version=1.0&sign=d46a52b7d250844102546fa3722df4bb
2023-05-24 16:08:57.311 | DEBUG    | lib.create_order1:post:98 - 2023-05-24 16:08:57 接口返回值: {'code': '200', 'msg': 'SUCCESS', 'sign': 'f1b53099af22b90ff4cb488ab5a21bf0', 'orderNo': 'TestOrderNo_1684915735853', 'tradeNo': '10012023052415085677500016', 'payCode': 'https://ewallet-mock-connector.xendit.co/v1/ewallet_connector/checkouts?token=chmsc6eq253m3qdbja10', 'payCodeType': '1', 'expireTime': '2023-05-24 16:08:56'}
2023-05-24 16:08:57.312 | DEBUG    | lib.create_order1:post:93 - 2023-05-24 16:08:57 发起post请求:下单
2023-05-24 16:08:57.312 | DEBUG    | lib.create_order1:post:94 - 2023-05-24 16:08:57 请求时的入参: /pay/createOrder?amount=20101&currency=IDR&expectPayCodeType=0&merchantId=100119&orderNo=TestOrderNo_1684915737313&payChannel=17&payerName=test&payerPhone=081382826301&productId=2023&subject=TestSubject&version=1.0&sign=f93cc6ad286f39c36e8fccb63369a685
2023-05-24 16:08:58.784 | DEBUG    | lib.create_order1:post:98 - 2023-05-24 16:08:58 接口返回值: {'code': '200', 'msg': 'SUCCESS', 'sign': 'bec836eaeddaf2cdfaa553e2dbf61960', 'orderNo': 'TestOrderNo_1684915737313', 'tradeNo': '10012023052415085825900019', 'payCode': 'https://ewallet-mock-connector.xendit.co/v1/ewallet_connector/checkouts?token=chmsc6vrj8mug55pqe8g', 'payCodeType': '1', 'expireTime': '2023-05-24 16:08:58'}
2023-05-24 16:08:58.785 | DEBUG    | lib.create_order1:post:93 - 2023-05-24 16:08:58 发起post请求:下单
2023-05-24 16:08:58.786 | DEBUG    | lib.create_order1:post:94 - 2023-05-24 16:08:58 请求时的入参: /pay/createOrder?amount=20110&currency=IDR&expectPayCodeType=0&merchantId=100119&orderNo=TestOrderNo_1684915738785&payChannel=18&payerName=test&payerPhone=081382826301&productId=2023&subject=TestSubject&version=1.0&sign=a7762934c2894f82fe26077d47be75c8
2023-05-24 16:08:59.165 | DEBUG    | lib.create_order1:post:98 - 2023-05-24 16:08:59 接口返回值: {'code': '200', 'msg': 'SUCCESS', 'sign': '02f44d296d3b8f3f0e2bfae25085a9f3', 'orderNo': 'TestOrderNo_1684915738785', 'tradeNo': '10012023052415085965600015', 'payCode': 'https://checkouttest.allopayment.com/walletPay?orderInfo=wU3NFGwK4395KeELxFzSVbecmLSURWxf2pZTr%2B9WIveQR9ozZs%2FBuL8Ts7jZHRuPrdMMjqFJiP4jymJRfwjnoHzNJFQPGDBuom2IXGsSwcM0x9pj39NVu5VY8YSVJ7QTqWL%2B05GQVCKYN4NObDh8DEhntqftyq19u0t6ClCQRjU%3D', 'payCodeType': '1', 'expireTime': '2023-05-24 16:08:59'}
2023-05-24 16:08:59.165 | DEBUG    | lib.create_order1:post:93 - 2023-05-24 16:08:59 发起post请求:下单
2023-05-24 16:08:59.166 | DEBUG    | lib.create_order1:post:94 - 2023-05-24 16:08:59 请求时的入参: /pay/createOrder?amount=20101&currency=IDR&expectPayCodeType=0&merchantId=100119&orderNo=TestOrderNo_1684915739166&payChannel=18&payerName=test&payerPhone=081382826301&productId=2023&subject=TestSubject&version=1.0&sign=8b4c48290b73e28e81e2d65988d53109
2023-05-24 16:08:59.577 | DEBUG    | lib.create_order1:post:98 - 2023-05-24 16:08:59 接口返回值: {'code': '200', 'msg': 'SUCCESS', 'sign': 'b69595092308c5d657c901d2baf7d1d1', 'orderNo': 'TestOrderNo_1684915739166', 'tradeNo': '10012023052415090009900017', 'payCode': 'https://checkouttest.allopayment.com/walletPay?orderInfo=wU3NFGwK4395KeELxFzSVbecmLSURWxf2pZTr%2B9WIveQR9ozZs%2FBuL8Ts7jZHRuPtM3URXo1xx3wpeJTDKRoAXzNJFQPGDBuom2IXGsSwcPKiHpvZxPhR3V3%2BkHtYaRw8ty8iuQ0X0SBzbk1j1CfS0hntqftyq19u0t6ClCQRjU%3D', 'payCodeType': '1', 'expireTime': '2023-05-24 16:09:00'}
2023-05-24 16:08:59.579 | DEBUG    | lib.create_order1:post:93 - 2023-05-24 16:08:59 发起post请求:下单
2023-05-24 16:08:59.580 | DEBUG    | lib.create_order1:post:94 - 2023-05-24 16:08:59 请求时的入参: /pay/createOrder?amount=20110&currency=IDR&expectPayCodeType=0&merchantId=100119&orderNo=TestOrderNo_1684915739580&payChannel=19&payerName=test&payerPhone=081382826301&productId=2023&subject=TestSubject&version=1.0&sign=8223b1c7a3662d497268f95b4225f98e
2023-05-24 16:09:01.457 | DEBUG    | lib.create_order1:post:98 - 2023-05-24 16:09:01 接口返回值: {'code': '200', 'msg': 'SUCCESS', 'sign': '3c877cbd88e4513f716b93c705649543', 'orderNo': 'TestOrderNo_1684915739580', 'tradeNo': '10012023052415090051500012', 'payCode': 'https://ewallet-mock-connector.xendit.co/v1/ewallet_connector/checkouts?token=chmsc7eq253m3qdbja1g', 'payCodeType': '1', 'expireTime': '2023-05-24 16:09:00'}
2023-05-24 16:09:01.458 | DEBUG    | lib.create_order1:post:93 - 2023-05-24 16:09:01 发起post请求:下单
2023-05-24 16:09:01.458 | DEBUG    | lib.create_order1:post:94 - 2023-05-24 16:09:01 请求时的入参: /pay/createOrder?amount=20101&currency=IDR&expectPayCodeType=0&merchantId=100119&orderNo=TestOrderNo_1684915741458&payChannel=19&payerName=test&payerPhone=081382826301&productId=2023&subject=TestSubject&version=1.0&sign=8096fb5ceebc75015dfc9360049045b7
2023-05-24 16:09:02.912 | DEBUG    | lib.create_order1:post:98 - 2023-05-24 16:09:02 接口返回值: {'code': '200', 'msg': 'SUCCESS', 'sign': '5f481267ce6a4bfaf3137bca3c081f23', 'orderNo': 'TestOrderNo_1684915741458', 'tradeNo': '10012023052415090240000015', 'payCode': 'https://ewallet-mock-connector.xendit.co/v1/ewallet_connector/checkouts?token=chmsc7vrj8mug55pqe90', 'payCodeType': '1', 'expireTime': '2023-05-24 16:09:02'}
2023-05-24 16:09:02.913 | DEBUG    | lib.create_order1:post:93 - 2023-05-24 16:09:02 发起post请求:下单
2023-05-24 16:09:02.913 | DEBUG    | lib.create_order1:post:94 - 2023-05-24 16:09:02 请求时的入参: /pay/createOrder?amount=20110&currency=IDR&expectPayCodeType=0&merchantId=100119&orderNo=TestOrderNo_1684915742913&payChannel=12&payerName=test&payerPhone=081382826301&productId=2023&subject=TestSubject&version=1.0&sign=0592a9f3d5bf22f0d5cb4566614716d4
2023-05-24 16:09:04.805 | DEBUG    | lib.create_order1:post:98 - 2023-05-24 16:09:04 接口返回值: {'code': '200', 'msg': 'SUCCESS', 'sign': '66020121657be684f524b83d4a8a1248', 'orderNo': 'TestOrderNo_1684915742913', 'tradeNo': '10012023052415090497000015', 'payCode': '929637841', 'payCodeType': '0', 'expireTime': '2023-05-25 15:09:04'}
2023-05-24 16:09:04.806 | DEBUG    | lib.create_order1:post:93 - 2023-05-24 16:09:04 发起post请求:下单
2023-05-24 16:09:04.806 | DEBUG    | lib.create_order1:post:94 - 2023-05-24 16:09:04 请求时的入参: /pay/createOrder?amount=20101&currency=IDR&expectPayCodeType=0&merchantId=100119&orderNo=TestOrderNo_1684915744806&payChannel=12&payerName=test&payerPhone=081382826301&productId=2023&subject=TestSubject&version=1.0&sign=29b6e2cca115f7b9a7461612071d2a83
2023-05-24 16:09:05.617 | DEBUG    | lib.create_order1:post:98 - 2023-05-24 16:09:05 接口返回值: {'code': '200', 'msg': 'SUCCESS', 'sign': '0194f34e671182ad741043b1dfc753f2', 'orderNo': 'TestOrderNo_1684915744806', 'tradeNo': '10012023052415090572900014', 'payCode': '929294528', 'payCodeType': '0', 'expireTime': '2023-05-25 15:09:05'}
2023-05-24 16:09:05.618 | DEBUG    | lib.create_order1:post:93 - 2023-05-24 16:09:05 发起post请求:下单
2023-05-24 16:09:05.619 | DEBUG    | lib.create_order1:post:94 - 2023-05-24 16:09:05 请求时的入参: /pay/createOrder?amount=20110&currency=IDR&expectPayCodeType=0&merchantId=100119&orderNo=TestOrderNo_1684915745618&payChannel=1&payerName=test&payerPhone=081382826301&productId=2023&subject=TestSubject&version=1.0&sign=848759c42aa8fd46ff827bd6d89a1b5f
2023-05-24 16:09:05.965 | DEBUG    | lib.create_order1:post:98 - 2023-05-24 16:09:05 接口返回值: {'code': '200', 'msg': 'SUCCESS', 'sign': 'ca7a1e4a4f15f47530e377d5e3d56b77', 'orderNo': 'TestOrderNo_1684915745618', 'tradeNo': '10012023052415090649800015', 'payCode': 'https://checkouttest.allopayment.com/cardPay?orderInfo=wU3NFGwK4395KeELxFzSVftAPWe%2Fawqt6m6eTf%2BxuK4i4n6f5VQCcw%2FN8b6ApVwbyTbaj6KinPTLxF1nmYFkkSC0WC9QhNbswSPw96Ovll96eZQGJdYauV2kpwQYw7s9A2sCmrOVnYG2LIp63wwE3HrlKH7n2TLHTOTrC7j%2F9TU%3D', 'payCodeType': '1', 'expireTime': '2023-05-25 15:09:06'}
2023-05-24 16:09:05.966 | DEBUG    | lib.create_order1:post:93 - 2023-05-24 16:09:05 发起post请求:下单
2023-05-24 16:09:05.966 | DEBUG    | lib.create_order1:post:94 - 2023-05-24 16:09:05 请求时的入参: /pay/createOrder?amount=20101&currency=IDR&expectPayCodeType=0&merchantId=100119&orderNo=TestOrderNo_1684915745967&payChannel=1&payerName=test&payerPhone=081382826301&productId=2023&subject=TestSubject&version=1.0&sign=020d61c28881859d20f89a31d0294630
2023-05-24 16:09:06.295 | DEBUG    | lib.create_order1:post:98 - 2023-05-24 16:09:06 接口返回值: {'code': '200', 'msg': 'SUCCESS', 'sign': 'cf4083bba84591d5098e5b0390d9e9ae', 'orderNo': 'TestOrderNo_1684915745967', 'tradeNo': '10012023052415090682700015', 'payCode': 'https://checkouttest.allopayment.com/cardPay?orderInfo=wU3NFGwK4395KeELxFzSVftAPWe%2Fawqt6m6eTf%2BxuK4i4n6f5VQCcw%2FN8b6ApVwbaE1QWYj64yhFqiE3PjsFNSC0WC9QhNbswSPw96Ovll96eZQGJdYauV2kpwQYw7s9PBwvA9lrqyhNuxztSA23U3rlKH7n2TLHTOTrC7j%2F9TU%3D', 'payCodeType': '1', 'expireTime': '2023-05-25 15:09:06'}
2023-05-24 16:09:06.295 | DEBUG    | lib.create_order1:post:93 - 2023-05-24 16:09:06 发起post请求:下单
2023-05-24 16:09:06.296 | DEBUG    | lib.create_order1:post:94 - 2023-05-24 16:09:06 请求时的入参: /pay/createOrder?amount=20110&currency=IDR&expectPayCodeType=0&merchantId=100119&orderNo=TestOrderNo_1684915746296&payChannel=3&payerName=test&payerPhone=081382826301&productId=2023&subject=TestSubject&version=1.0&sign=7148ab7a5b12acd486d1704c18798ea6
2023-05-24 16:09:08.115 | DEBUG    | lib.create_order1:post:98 - 2023-05-24 16:09:08 接口返回值: {'code': '200', 'msg': 'SUCCESS', 'sign': 'f1fdd908e324a9c9aa246b44680e0ea7', 'orderNo': 'TestOrderNo_1684915746296', 'tradeNo': '10012023052415090721100011', 'payCode': '72939999886030', 'payCodeType': '0', 'expireTime': '2023-05-25 07:50:47'}
2023-05-24 16:09:08.116 | DEBUG    | lib.create_order1:post:93 - 2023-05-24 16:09:08 发起post请求:下单
2023-05-24 16:09:08.116 | DEBUG    | lib.create_order1:post:94 - 2023-05-24 16:09:08 请求时的入参: /pay/createOrder?amount=20101&currency=IDR&expectPayCodeType=0&merchantId=100119&orderNo=TestOrderNo_1684915748117&payChannel=3&payerName=test&payerPhone=081382826301&productId=2023&subject=TestSubject&version=1.0&sign=e806cc64347468e779b7a141dd7774a6
2023-05-24 16:09:09.906 | DEBUG    | lib.create_order1:post:98 - 2023-05-24 16:09:09 接口返回值: {'code': '200', 'msg': 'SUCCESS', 'sign': '35148a655f65b9f50af6946299e1a510', 'orderNo': 'TestOrderNo_1684915748117', 'tradeNo': '10012023052415090903200019', 'payCode': '72939999293588', 'payCodeType': '0', 'expireTime': '2023-05-25 07:50:49'}
2023-05-24 16:09:09.907 | DEBUG    | lib.create_order1:post:93 - 2023-05-24 16:09:09 发起post请求:下单
2023-05-24 16:09:09.907 | DEBUG    | lib.create_order1:post:94 - 2023-05-24 16:09:09 请求时的入参: /pay/createOrder?amount=20110&currency=IDR&expectPayCodeType=0&merchantId=100119&orderNo=TestOrderNo_1684915749907&payChannel=4&payerName=test&payerPhone=081382826301&productId=2023&subject=TestSubject&version=1.0&sign=a0f68ece52d9c36a9075b81c83c010bb
2023-05-24 16:09:10.712 | DEBUG    | lib.create_order1:post:98 - 2023-05-24 16:09:10 接口返回值: {'code': '200', 'msg': 'SUCCESS', 'sign': '2d98699a6a417ae6b5779fce51c6eb3c', 'orderNo': 'TestOrderNo_1684915749907', 'tradeNo': '10012023052415091082600011', 'payCode': '8808999980463355', 'payCodeType': '0', 'expireTime': '2023-05-25 07:50:50'}
2023-05-24 16:09:10.712 | DEBUG    | lib.create_order1:post:93 - 2023-05-24 16:09:10 发起post请求:下单
2023-05-24 16:09:10.712 | DEBUG    | lib.create_order1:post:94 - 2023-05-24 16:09:10 请求时的入参: /pay/createOrder?amount=20101&currency=IDR&expectPayCodeType=0&merchantId=100119&orderNo=TestOrderNo_1684915750713&payChannel=4&payerName=test&payerPhone=081382826301&productId=2023&subject=TestSubject&version=1.0&sign=ce5b4da174af2ebf5b20ca706a681582
2023-05-24 16:09:11.528 | DEBUG    | lib.create_order1:post:98 - 2023-05-24 16:09:11 接口返回值: {'code': '200', 'msg': 'SUCCESS', 'sign': 'e0154fe57617e582031eefb0c83082c8', 'orderNo': 'TestOrderNo_1684915750713', 'tradeNo': '10012023052415091164600012', 'payCode': '8808999962884832', 'payCodeType': '0', 'expireTime': '2023-05-25 07:50:51'}
2023-05-24 16:09:11.529 | DEBUG    | lib.create_order1:post:93 - 2023-05-24 16:09:11 发起post请求:下单
2023-05-24 16:09:11.529 | DEBUG    | lib.create_order1:post:94 - 2023-05-24 16:09:11 请求时的入参: /pay/createOrder?amount=20110&currency=IDR&expectPayCodeType=0&merchantId=100119&orderNo=TestOrderNo_1684915751529&payChannel=5&payerName=test&payerPhone=081382826301&productId=2023&subject=TestSubject&version=1.0&sign=f91499808721870b10b1c3ded39939dc
2023-05-24 16:09:11.985 | DEBUG    | lib.create_order1:post:98 - 2023-05-24 16:09:11 接口返回值: {'code': '88011', 'msg': 'this channel is not supported yet', 'sign': 'e5ecde88e5c47f010ffd43aa30f7c64e'}
2023-05-24 16:09:11.986 | DEBUG    | lib.create_order1:post:93 - 2023-05-24 16:09:11 发起post请求:下单
2023-05-24 16:09:11.986 | DEBUG    | lib.create_order1:post:94 - 2023-05-24 16:09:11 请求时的入参: /pay/createOrder?amount=20101&currency=IDR&expectPayCodeType=0&merchantId=100119&orderNo=TestOrderNo_1684915751987&payChannel=5&payerName=test&payerPhone=081382826301&productId=2023&subject=TestSubject&version=1.0&sign=bb990bed825d5446458d93797138cca4
2023-05-24 16:09:12.685 | DEBUG    | lib.create_order1:post:98 - 2023-05-24 16:09:12 接口返回值: {'code': '88011', 'msg': 'this channel is not supported yet', 'sign': 'e5ecde88e5c47f010ffd43aa30f7c64e'}
2023-05-24 16:09:12.685 | DEBUG    | lib.create_order1:post:93 - 2023-05-24 16:09:12 发起post请求:下单
2023-05-24 16:09:12.686 | DEBUG    | lib.create_order1:post:94 - 2023-05-24 16:09:12 请求时的入参: /pay/createOrder?amount=20110&currency=IDR&expectPayCodeType=0&merchantId=100119&orderNo=TestOrderNo_1684915752686&payChannel=6&payerName=test&payerPhone=081382826301&productId=2023&subject=TestSubject&version=1.0&sign=dd2af09a3fad11e811006d3656a205c2
2023-05-24 16:09:13.117 | DEBUG    | lib.create_order1:post:98 - 2023-05-24 16:09:13 接口返回值: {'code': '88011', 'msg': 'this channel is not supported yet', 'sign': 'e5ecde88e5c47f010ffd43aa30f7c64e'}
2023-05-24 16:09:13.118 | DEBUG    | lib.create_order1:post:93 - 2023-05-24 16:09:13 发起post请求:下单
2023-05-24 16:09:13.118 | DEBUG    | lib.create_order1:post:94 - 2023-05-24 16:09:13 请求时的入参: /pay/createOrder?amount=20101&currency=IDR&expectPayCodeType=0&merchantId=100119&orderNo=TestOrderNo_1684915753118&payChannel=6&payerName=test&payerPhone=081382826301&productId=2023&subject=TestSubject&version=1.0&sign=6c2b0214dc55f6e72069e866d890d5bb
2023-05-24 16:09:13.514 | DEBUG    | lib.create_order1:post:98 - 2023-05-24 16:09:13 接口返回值: {'code': '88011', 'msg': 'this channel is not supported yet', 'sign': 'e5ecde88e5c47f010ffd43aa30f7c64e'}
2023-05-24 16:09:13.515 | DEBUG    | lib.create_order1:post:93 - 2023-05-24 16:09:13 发起post请求:下单
2023-05-24 16:09:13.515 | DEBUG    | lib.create_order1:post:94 - 2023-05-24 16:09:13 请求时的入参: /pay/createOrder?amount=20110&currency=IDR&expectPayCodeType=0&merchantId=100119&orderNo=TestOrderNo_1684915753515&payChannel=9&payerName=test&payerPhone=081382826301&productId=2023&subject=TestSubject&version=1.0&sign=91220fdfb40882f970689829b859de82
2023-05-24 16:09:14.724 | DEBUG    | lib.create_order1:post:98 - 2023-05-24 16:09:14 接口返回值: {'code': '200', 'msg': 'SUCCESS', 'sign': '44c48c66e0f81efddb9152c11fc1e5b1', 'orderNo': 'TestOrderNo_1684915753515', 'tradeNo': '10012023052415091476600015', 'payCode': '920019999852494', 'payCodeType': '0', 'expireTime': '2023-05-25 07:50:54'}
2023-05-24 16:09:14.725 | DEBUG    | lib.create_order1:post:93 - 2023-05-24 16:09:14 发起post请求:下单
2023-05-24 16:09:14.725 | DEBUG    | lib.create_order1:post:94 - 2023-05-24 16:09:14 请求时的入参: /pay/createOrder?amount=20101&currency=IDR&expectPayCodeType=0&merchantId=100119&orderNo=TestOrderNo_1684915754724&payChannel=9&payerName=test&payerPhone=081382826301&productId=2023&subject=TestSubject&version=1.0&sign=71cc4f277dcd21747a220acea96941b3
2023-05-24 16:09:15.897 | DEBUG    | lib.create_order1:post:98 - 2023-05-24 16:09:15 接口返回值: {'code': '200', 'msg': 'SUCCESS', 'sign': '3394f28233091f6d80f6a8690684a0c6', 'orderNo': 'TestOrderNo_1684915754724', 'tradeNo': '10012023052415091603000014', 'payCode': '920019999400900', 'payCodeType': '0', 'expireTime': '2023-05-25 07:50:56'}
