2023-09-25 10:52:55.473 | DEBUG    | lib.create_order1:post:93 - 2023-09-25 10:52:55 发起post请求:下单
2023-09-25 10:52:55.473 | DEBUG    | lib.create_order1:post:94 - 2023-09-25 10:52:55 请求时的入参: /pay/createOrder?amount=20110&currency=IDR&expectPayCodeType=0&merchantId=100119&orderNo=TestOrderNo_1695610375473&payChannel=15&payerName=test&payerPhone=081382826303&productId=2023&subject=TestSubject&version=1.0&sign=a6bcb85b2d5aaead658bb4490d1b8f5f
2023-09-25 10:53:19.067 | DEBUG    | lib.create_order1:post:93 - 2023-09-25 10:53:19 发起post请求:下单
2023-09-25 10:53:19.068 | DEBUG    | lib.create_order1:post:94 - 2023-09-25 10:53:19 请求时的入参: /pay/createOrder?amount=20110&currency=IDR&expectPayCodeType=0&merchantId=100119&orderNo=TestOrderNo_1695610399067&payChannel=15&payerName=test&payerPhone=081382826303&productId=2023&subject=TestSubject&version=1.0&sign=12d2a49ff5388d82816c476e5276630e
2023-09-25 10:55:01.988 | DEBUG    | lib.create_order1:post:93 - 2023-09-25 10:55:01 发起post请求:下单
2023-09-25 10:55:01.988 | DEBUG    | lib.create_order1:post:94 - 2023-09-25 10:55:01 请求时的入参: /pay/createOrder?amount=20110&currency=IDR&expectPayCodeType=0&merchantId=100119&orderNo=TestOrderNo_1695610501988&payChannel=15&payerName=test&payerPhone=081382826303&productId=2023&subject=TestSubject&version=1.0&sign=c7b96d564a659321f9aaece8c0855e0a
2023-09-25 10:55:23.024 | DEBUG    | lib.create_order1:post:93 - 2023-09-25 10:55:23 发起post请求:下单
2023-09-25 10:55:23.024 | DEBUG    | lib.create_order1:post:94 - 2023-09-25 10:55:23 请求时的入参: /pay/createOrder?amount=20110&currency=IDR&expectPayCodeType=0&merchantId=100119&orderNo=TestOrderNo_1695610523025&payChannel=3&payerName=test&payerPhone=081197204238&productId=2023&subject=TestSubject&version=1.0&sign=74fba10004b9525a474f409331fa5205
2023-09-25 10:57:14.439 | DEBUG    | __main__:post:93 - 2023-09-25 10:57:14 发起post请求:模拟xendit dana下单回调成功
2023-09-25 10:57:14.439 | DEBUG    | __main__:post:94 - 2023-09-25 10:57:14 请求时的入参: /pay/createOrder?amount=10000&currency=IDR&expectPayCodeType=0&merchantId=100119&orderNo=TestOrderNo_1695610634439&payChannel=17&payerName=test&payerPhone=081382826301&productId=2023&subject=TestSubject&version=1.0&sign=07e8c212d18888a608ff0797c9c153a9
2023-09-25 10:57:18.072 | DEBUG    | __main__:post:93 - 2023-09-25 10:57:18 发起post请求:模拟xendit dana下单回调成功
2023-09-25 10:57:18.072 | DEBUG    | __main__:post:94 - 2023-09-25 10:57:18 请求时的入参: /pay/createOrder?amount=10000&currency=IDR&expectPayCodeType=0&merchantId=100119&orderNo=TestOrderNo_1695610638073&payChannel=17&payerName=test&payerPhone=081382826301&productId=2023&subject=TestSubject&version=1.0&sign=112f1417bf8e0464375be9e8faa571b3
2023-09-25 10:58:52.837 | DEBUG    | __main__:post:93 - 2023-09-25 10:58:52 发起post请求:模拟xendit dana下单回调成功
2023-09-25 10:58:52.838 | DEBUG    | __main__:post:94 - 2023-09-25 10:58:52 请求时的入参: /pay/createOrder?amount=10000&currency=IDR&expectPayCodeType=0&merchantId=100119&orderNo=TestOrderNo_1695610732838&payChannel=17&payerName=test&payerPhone=081382826301&productId=2023&subject=TestSubject&version=1.0&sign=70ff267d4c2929a9061836746935af20
2023-09-25 10:58:57.567 | DEBUG    | __main__:post:98 - 2023-09-25 10:58:57 接口返回值: {'code': '200', 'msg': 'SUCCESS', 'sign': 'b3159cf44ca825dc9927c1f5746f5b98', 'orderNo': 'TestOrderNo_1695610732838', 'tradeNo': '10012023092509585685100009', 'payCode': 'https://checkouttest.lipperpay.com/mock?orderInfo=PkKE5VRzA2NqiSDiRdeoWcJqXuh%2Bj%2F2hYuisPUMTDpMyX5n6Ay1yQTNpw04vKJ6Z53REbrRfIjPu2FcD7k4PPw%3D%3D', 'payCodeType': '1', 'expireTime': '2023-09-25 10:58:56'}
2023-09-25 11:04:15.588 | DEBUG    | lib.create_order1:post:93 - 2023-09-25 11:04:15 发起post请求:下单
2023-09-25 11:04:15.588 | DEBUG    | lib.create_order1:post:94 - 2023-09-25 11:04:15 请求时的入参: /pay/createOrder?amount=20110&currency=IDR&expectPayCodeType=0&merchantId=100119&orderNo=TestOrderNo_1695611055589&payChannel=3&payerName=test&payerPhone=081197204238&productId=2023&subject=TestSubject&version=1.0&sign=b990f36735d48ce53eefb88c944dbdc6
2023-09-25 11:04:17.959 | DEBUG    | lib.create_order1:post:98 - 2023-09-25 11:04:17 接口返回值: {'code': '200', 'msg': 'SUCCESS', 'sign': '9aed728140048a292e8e851d5f8284e6', 'orderNo': 'TestOrderNo_1695611055589', 'tradeNo': '10012023092510041748600004', 'payCode': '8625026760431843', 'payCodeType': '0', 'expireTime': '2023-09-26 02:45:57'}
2023-09-25 11:04:17.962 | DEBUG    | lib.create_order1:post:93 - 2023-09-25 11:04:17 发起post请求:下单
2023-09-25 11:04:17.963 | DEBUG    | lib.create_order1:post:94 - 2023-09-25 11:04:17 请求时的入参: /pay/createOrder?amount=20110&currency=IDR&expectPayCodeType=0&merchantId=100119&orderNo=TestOrderNo_1695611057963&payChannel=3&payerName=test&payerPhone=081197204238&productId=2023&subject=TestSubject&version=1.0&sign=e52234cd3a3f1634d84f7e2fc9b454c7
2023-09-25 11:04:20.248 | DEBUG    | lib.create_order1:post:98 - 2023-09-25 11:04:20 接口返回值: {'code': '200', 'msg': 'SUCCESS', 'sign': '405aa8dfd32339180988d90f388bef9c', 'orderNo': 'TestOrderNo_1695611057963', 'tradeNo': '10012023092510041979800000', 'payCode': '8625026760431844', 'payCodeType': '0', 'expireTime': '2023-09-26 02:45:59'}
2023-09-25 11:04:20.248 | DEBUG    | lib.create_order1:post:93 - 2023-09-25 11:04:20 发起post请求:下单
2023-09-25 11:04:20.249 | DEBUG    | lib.create_order1:post:94 - 2023-09-25 11:04:20 请求时的入参: /pay/createOrder?amount=20110&currency=IDR&expectPayCodeType=0&merchantId=100119&orderNo=TestOrderNo_1695611060248&payChannel=4&payerName=test&payerPhone=081197204238&productId=2023&subject=TestSubject&version=1.0&sign=c6060aba37e5154f0df42c8e950807d5
2023-09-25 11:04:22.622 | DEBUG    | lib.create_order1:post:98 - 2023-09-25 11:04:22 接口返回值: {'code': '200', 'msg': 'SUCCESS', 'sign': 'e4db68d5226bd77cd070a11e6e8465f9', 'orderNo': 'TestOrderNo_1695611060248', 'tradeNo': '10012023092510042214300004', 'payCode': '8255600004728762', 'payCodeType': '0', 'expireTime': '2023-09-26 02:46:02'}
2023-09-25 11:04:22.622 | DEBUG    | lib.create_order1:post:93 - 2023-09-25 11:04:22 发起post请求:下单
2023-09-25 11:04:22.622 | DEBUG    | lib.create_order1:post:94 - 2023-09-25 11:04:22 请求时的入参: /pay/createOrder?amount=20101&currency=IDR&expectPayCodeType=0&merchantId=100119&orderNo=TestOrderNo_1695611062622&payChannel=4&payerName=test&payerPhone=081197204238&productId=2023&subject=TestSubject&version=1.0&sign=51c00ffeb1b91882fbd0a90affc40281
2023-09-25 11:04:24.835 | DEBUG    | lib.create_order1:post:98 - 2023-09-25 11:04:24 接口返回值: {'code': '200', 'msg': 'SUCCESS', 'sign': '84620665c1329971c4d4e21e6e619824', 'orderNo': 'TestOrderNo_1695611062622', 'tradeNo': '10012023092510042451200008', 'payCode': '8255600004728763', 'payCodeType': '0', 'expireTime': '2023-09-26 02:46:04'}
2023-09-25 11:04:24.836 | DEBUG    | lib.create_order1:post:93 - 2023-09-25 11:04:24 发起post请求:下单
2023-09-25 11:04:24.836 | DEBUG    | lib.create_order1:post:94 - 2023-09-25 11:04:24 请求时的入参: /pay/createOrder?amount=20110&currency=IDR&expectPayCodeType=0&merchantId=100119&orderNo=TestOrderNo_1695611064836&payChannel=5&payerName=test&payerPhone=081197204238&productId=2023&subject=TestSubject&version=1.0&sign=f49da8a741c631cdb1a2c3a14c04159a
2023-09-25 11:04:26.758 | DEBUG    | lib.create_order1:post:98 - 2023-09-25 11:04:26 接口返回值: {'code': '88005', 'msg': 'channel process error, please try again', 'sign': 'dbe789f3423e001fc81b1d8bfb320386'}
2023-09-25 11:04:26.759 | DEBUG    | lib.create_order1:post:93 - 2023-09-25 11:04:26 发起post请求:下单
2023-09-25 11:04:26.759 | DEBUG    | lib.create_order1:post:94 - 2023-09-25 11:04:26 请求时的入参: /pay/createOrder?amount=20101&currency=IDR&expectPayCodeType=0&merchantId=100119&orderNo=TestOrderNo_1695611066760&payChannel=5&payerName=test&payerPhone=081197204238&productId=2023&subject=TestSubject&version=1.0&sign=652024804e34d6177f21f7a7f968d4ad
2023-09-25 11:04:28.646 | DEBUG    | lib.create_order1:post:98 - 2023-09-25 11:04:28 接口返回值: {'code': '88005', 'msg': 'channel process error, please try again', 'sign': 'dbe789f3423e001fc81b1d8bfb320386'}
2023-09-25 11:04:28.647 | DEBUG    | lib.create_order1:post:93 - 2023-09-25 11:04:28 发起post请求:下单
2023-09-25 11:04:28.647 | DEBUG    | lib.create_order1:post:94 - 2023-09-25 11:04:28 请求时的入参: /pay/createOrder?amount=20110&currency=IDR&expectPayCodeType=0&merchantId=100119&orderNo=TestOrderNo_1695611068648&payChannel=6&payerName=test&payerPhone=081197204238&productId=2023&subject=TestSubject&version=1.0&sign=17b34d9ecea0e5ca1cf28c74b2b1aaee
2023-09-25 11:04:30.722 | DEBUG    | lib.create_order1:post:98 - 2023-09-25 11:04:30 接口返回值: {'code': '200', 'msg': 'SUCCESS', 'sign': 'd5d4e1a4f1b371fc69e9058941be9e73', 'orderNo': 'TestOrderNo_1695611068648', 'tradeNo': '10012023092510043052700008', 'payCode': '23096000003294687', 'payCodeType': '0', 'expireTime': '2023-09-26 02:46:10'}
2023-09-25 11:04:30.722 | DEBUG    | lib.create_order1:post:93 - 2023-09-25 11:04:30 发起post请求:下单
2023-09-25 11:04:30.723 | DEBUG    | lib.create_order1:post:94 - 2023-09-25 11:04:30 请求时的入参: /pay/createOrder?amount=20101&currency=IDR&expectPayCodeType=0&merchantId=100119&orderNo=TestOrderNo_1695611070722&payChannel=6&payerName=test&payerPhone=081197204238&productId=2023&subject=TestSubject&version=1.0&sign=02d00bf6778f5ddb962302c227fde575
2023-09-25 11:04:33.170 | DEBUG    | lib.create_order1:post:98 - 2023-09-25 11:04:33 接口返回值: {'code': '200', 'msg': 'SUCCESS', 'sign': '13589d43f5b26ef326e28c13c94187da', 'orderNo': 'TestOrderNo_1695611070722', 'tradeNo': '10012023092510043300400005', 'payCode': '23096000003294689', 'payCodeType': '0', 'expireTime': '2023-09-26 02:46:13'}
2023-09-25 11:04:33.171 | DEBUG    | lib.create_order1:post:93 - 2023-09-25 11:04:33 发起post请求:下单
2023-09-25 11:04:33.171 | DEBUG    | lib.create_order1:post:94 - 2023-09-25 11:04:33 请求时的入参: /pay/createOrder?amount=20110&currency=IDR&expectPayCodeType=0&merchantId=100119&orderNo=TestOrderNo_1695611073172&payChannel=9&payerName=test&payerPhone=081197204238&productId=2023&subject=TestSubject&version=1.0&sign=a123f6c8a69df8be44ab56031f3d2f5c
2023-09-25 11:04:35.350 | DEBUG    | lib.create_order1:post:98 - 2023-09-25 11:04:35 接口返回值: {'code': '200', 'msg': 'SUCCESS', 'sign': '3225f97372c9c539ad0b1e107c556370', 'orderNo': 'TestOrderNo_1695611073172', 'tradeNo': '10012023092510043504600004', 'payCode': '103406000011802024', 'payCodeType': '0', 'expireTime': '2023-09-26 02:46:15'}
2023-09-25 11:04:35.351 | DEBUG    | lib.create_order1:post:93 - 2023-09-25 11:04:35 发起post请求:下单
2023-09-25 11:04:35.351 | DEBUG    | lib.create_order1:post:94 - 2023-09-25 11:04:35 请求时的入参: /pay/createOrder?amount=20101&currency=IDR&expectPayCodeType=0&merchantId=100119&orderNo=TestOrderNo_1695611075352&payChannel=9&payerName=test&payerPhone=081197204238&productId=2023&subject=TestSubject&version=1.0&sign=e002cba4c9458b0ff46973b62354ac82
2023-09-25 11:04:37.488 | DEBUG    | lib.create_order1:post:98 - 2023-09-25 11:04:37 接口返回值: {'code': '200', 'msg': 'SUCCESS', 'sign': 'cfcb1d09cbb4c26e9b98dc2126f84a1a', 'orderNo': 'TestOrderNo_1695611075352', 'tradeNo': '10012023092510043722900004', 'payCode': '103406000011802025', 'payCodeType': '0', 'expireTime': '2023-09-26 02:46:17'}
2023-09-25 11:04:37.489 | DEBUG    | lib.create_order1:post:93 - 2023-09-25 11:04:37 发起post请求:下单
2023-09-25 11:04:37.489 | DEBUG    | lib.create_order1:post:94 - 2023-09-25 11:04:37 请求时的入参: /pay/createOrder?amount=20101&currency=IDR&expectPayCodeType=0&merchantId=100119&orderNo=TestOrderNo_1695611077489&payChannel=8&payerName=test&payerPhone=081197204238&productId=2023&subject=TestSubject&version=1.0&sign=d93bee0a7648f622cf865ebfcdd1345e
2023-09-25 11:04:39.512 | DEBUG    | lib.create_order1:post:98 - 2023-09-25 11:04:39 接口返回值: {'code': '200', 'msg': 'SUCCESS', 'sign': '57ed7024688c2ed5d27145caa83cdfcd', 'orderNo': 'TestOrderNo_1695611077489', 'tradeNo': '10012023092510043934100005', 'payCode': '8932560004940694', 'payCodeType': '0', 'expireTime': '2023-09-26 02:46:19'}
2023-09-25 11:04:39.513 | DEBUG    | lib.create_order1:post:93 - 2023-09-25 11:04:39 发起post请求:下单
2023-09-25 11:04:39.514 | DEBUG    | lib.create_order1:post:94 - 2023-09-25 11:04:39 请求时的入参: /pay/createOrder?amount=20110&currency=IDR&expectPayCodeType=0&merchantId=100119&orderNo=TestOrderNo_1695611079513&payChannel=8&payerName=test&payerPhone=081197204238&productId=2023&subject=TestSubject&version=1.0&sign=bf84acaaf51ec42e5e6ed53e49876dd9
2023-09-25 11:04:41.021 | DEBUG    | lib.create_order1:post:98 - 2023-09-25 11:04:41 接口返回值: {'code': '200', 'msg': 'SUCCESS', 'sign': 'd2de34062e44dba25d52b900863c5ec7', 'orderNo': 'TestOrderNo_1695611079513', 'tradeNo': '10012023092510044081800009', 'payCode': '8932560004940697', 'payCodeType': '0', 'expireTime': '2023-09-26 02:46:20'}
2023-09-25 11:05:23.686 | DEBUG    | lib.create_order1:post:93 - 2023-09-25 11:05:23 发起post请求:下单
2023-09-25 11:05:23.686 | DEBUG    | lib.create_order1:post:94 - 2023-09-25 11:05:23 请求时的入参: /pay/createOrder?amount=20110&currency=IDR&expectPayCodeType=0&merchantId=100119&orderNo=TestOrderNo_1695611123687&payChannel=15&payerName=test&payerPhone=081382826306&productId=2023&subject=TestSubject&version=1.0&sign=5e2e6f228fb81868ded4b0117a8cd4c1
2023-09-25 11:05:25.113 | DEBUG    | lib.create_order1:post:98 - 2023-09-25 11:05:25 接口返回值: {'code': '200', 'msg': 'SUCCESS', 'sign': 'df8bc316304d7b2f8f586c72d2d596fb', 'orderNo': 'TestOrderNo_1695611123687', 'tradeNo': '10012023092510052556000005', 'payCode': 'https://checkouttest.lipperpay.com/walletPay?orderInfo=wU3NFGwK4395KeELxFzSVfIUOLJ8eyjkmh%2BrAesa2lgVdX4E2MG6l4rkqc5rGTbX0q%2FXnsL%2Bt7itF6lAKEcZJPgsM3UZ2SS5%2F%2BF1QkhdPpDy5CcK840Hvc6quhpY03lQaKi%2FM1wf3iGqovSbTHA5wEN4QKbjhAXs3VIQQ0YguXA%3D', 'payCodeType': '1', 'expireTime': '2023-09-25 11:05:25'}
2023-09-25 11:05:46.739 | DEBUG    | lib.create_order1:post:93 - 2023-09-25 11:05:46 发起post请求:下单
2023-09-25 11:05:46.739 | DEBUG    | lib.create_order1:post:94 - 2023-09-25 11:05:46 请求时的入参: /pay/createOrder?amount=20110&currency=IDR&expectPayCodeType=0&merchantId=100119&orderNo=TestOrderNo_1695611146739&payChannel=17&payerName=test&payerPhone=081382826304&productId=2023&subject=TestSubject&version=1.0&sign=59ec3ec6635275925775da5e2bd95541
2023-09-25 11:05:48.551 | DEBUG    | lib.create_order1:post:98 - 2023-09-25 11:05:48 接口返回值: {'code': '200', 'msg': 'SUCCESS', 'sign': '0a28e44a69ed5a3fc4a8d3525be66e7a', 'orderNo': 'TestOrderNo_1695611146739', 'tradeNo': '10012023092510054862800003', 'payCode': 'https://checkouttest.lipperpay.com/mock?orderInfo=PkKE5VRzA2NqiSDiRdeoWcJqXuh%2Bj%2F2hYuisPUMTDpNNqCWZdV%2FU39UovybD0xoj53REbrRfIjPu2FcD7k4PPw%3D%3D', 'payCodeType': '1', 'expireTime': '2023-09-25 11:05:48'}
2023-09-25 11:05:48.552 | DEBUG    | lib.create_order1:post:93 - 2023-09-25 11:05:48 发起post请求:下单
2023-09-25 11:05:48.552 | DEBUG    | lib.create_order1:post:94 - 2023-09-25 11:05:48 请求时的入参: /pay/createOrder?amount=20101&currency=IDR&expectPayCodeType=0&merchantId=100119&orderNo=TestOrderNo_1695611148552&payChannel=17&payerName=test&payerPhone=081382826304&productId=2023&subject=TestSubject&version=1.0&sign=cb9f1c96b2184465e5efec3713b4b306
2023-09-25 11:05:50.368 | DEBUG    | lib.create_order1:post:98 - 2023-09-25 11:05:50 接口返回值: {'code': '200', 'msg': 'SUCCESS', 'sign': '6a3af5da4d6693ac88459efde6ac1257', 'orderNo': 'TestOrderNo_1695611148552', 'tradeNo': '10012023092510055039600002', 'payCode': 'https://checkouttest.lipperpay.com/mock?orderInfo=PkKE5VRzA2NqiSDiRdeoWcJqXuh%2Bj%2F2hYuisPUMTDpMxzW2PahsRWmay3%2FmYLcQu53REbrRfIjPu2FcD7k4PPw%3D%3D', 'payCodeType': '1', 'expireTime': '2023-09-25 11:05:50'}
2023-09-25 11:06:02.719 | DEBUG    | lib.create_order2:post:93 - 2023-09-25 11:06:02 发起post请求:下单
2023-09-25 11:06:02.719 | DEBUG    | lib.create_order2:post:94 - 2023-09-25 11:06:02 请求时的入参: /pay/createOrder?amount=20110&currency=IDR&expectPayCodeType=0&merchantId=100119&orderNo=TestOrderNo_1695611162719&payChannel=15&payerName=test&payerPhone=081382826301&productId=2023&subject=TestSubject&version=1.0&sign=b51f420b8ce86047a137870a64ee1b00
2023-09-25 11:06:04.688 | DEBUG    | lib.create_order2:post:98 - 2023-09-25 11:06:04 接口返回值: {'code': '200', 'msg': 'SUCCESS', 'sign': 'bc913f431e51b551d5908a2fafc8f188', 'orderNo': 'TestOrderNo_1695611162719', 'tradeNo': '10012023092510060514800002', 'payCode': 'https://checkouttest.lipperpay.com/walletPay?orderInfo=wU3NFGwK4395KeELxFzSVfIUOLJ8eyjkmh%2BrAesa2lgVdX4E2MG6l4rkqc5rGTbXc5F013QiR%2FCsPY8VvSH3LPgsM3UZ2SS5%2F%2BF1QkhdPpCDqHDTfzmiKr3v8BkNG3CwaKi%2FM1wf3iGqovSbTHA5wEN4QKbjhAXs3VIQQ0YguXA%3D', 'payCodeType': '1', 'expireTime': '2023-09-25 11:06:05'}
2023-09-25 11:06:04.689 | DEBUG    | lib.create_order2:post:93 - 2023-09-25 11:06:04 发起post请求:下单
2023-09-25 11:06:04.690 | DEBUG    | lib.create_order2:post:94 - 2023-09-25 11:06:04 请求时的入参: /pay/createOrder?amount=20101&currency=IDR&expectPayCodeType=0&merchantId=100119&orderNo=TestOrderNo_1695611164689&payChannel=15&payerName=test&payerPhone=081382826301&productId=2023&subject=TestSubject&version=1.0&sign=5efc0d57023d6823984931a633f11aed
2023-09-25 11:06:06.085 | DEBUG    | lib.create_order2:post:98 - 2023-09-25 11:06:06 接口返回值: {'code': '200', 'msg': 'SUCCESS', 'sign': 'c9efa512a8851c99785befefcfb0c605', 'orderNo': 'TestOrderNo_1695611164689', 'tradeNo': '10012023092510060655000008', 'payCode': 'https://checkouttest.lipperpay.com/walletPay?orderInfo=wU3NFGwK4395KeELxFzSVfIUOLJ8eyjkmh%2BrAesa2lgVdX4E2MG6l4rkqc5rGTbXw7BBfmH1fjBaBiZVp7aiFvgsM3UZ2SS5%2F%2BF1QkhdPpDmNZTKeBPkoMA6nimitOnDtNGL0hs1d7dGt%2Flzhy9WXUN4QKbjhAXs3VIQQ0YguXA%3D', 'payCodeType': '1', 'expireTime': '2023-09-25 11:06:06'}
2023-09-25 11:06:06.086 | DEBUG    | lib.create_order2:post:93 - 2023-09-25 11:06:06 发起post请求:下单
2023-09-25 11:06:06.087 | DEBUG    | lib.create_order2:post:94 - 2023-09-25 11:06:06 请求时的入参: /pay/createOrder?amount=20110&currency=IDR&expectPayCodeType=0&merchantId=100119&orderNo=TestOrderNo_1695611166086&payChannel=16&payerName=test&payerPhone=081382826301&productId=2023&subject=TestSubject&version=1.0&sign=6e67b4ae5dc84f71d0a312dad9ea7195
2023-09-25 11:06:08.110 | DEBUG    | lib.create_order2:post:98 - 2023-09-25 11:06:08 接口返回值: {'code': '200', 'msg': 'SUCCESS', 'sign': 'dbced11cbae933b6e91c151983ce7531', 'orderNo': 'TestOrderNo_1695611166086', 'tradeNo': '10012023092510060797600004', 'payCode': 'some-random-qr-string', 'payCodeType': '1', 'expireTime': '2023-09-25 11:06:07'}
2023-09-25 11:06:08.110 | DEBUG    | lib.create_order2:post:93 - 2023-09-25 11:06:08 发起post请求:下单
2023-09-25 11:06:08.110 | DEBUG    | lib.create_order2:post:94 - 2023-09-25 11:06:08 请求时的入参: /pay/createOrder?amount=20101&currency=IDR&expectPayCodeType=0&merchantId=100119&orderNo=TestOrderNo_1695611168110&payChannel=16&payerName=test&payerPhone=081382826301&productId=2023&subject=TestSubject&version=1.0&sign=a160dcf33024d61ef440fe3880c55cab
2023-09-25 11:06:10.070 | DEBUG    | lib.create_order2:post:98 - 2023-09-25 11:06:10 接口返回值: {'code': '200', 'msg': 'SUCCESS', 'sign': '2c8aecac5cb8c28e4ef09cc54074098c', 'orderNo': 'TestOrderNo_1695611168110', 'tradeNo': '10012023092510060999500002', 'payCode': 'some-random-qr-string', 'payCodeType': '1', 'expireTime': '2023-09-25 11:06:09'}
2023-09-25 11:06:10.071 | DEBUG    | lib.create_order2:post:93 - 2023-09-25 11:06:10 发起post请求:下单
2023-09-25 11:06:10.071 | DEBUG    | lib.create_order2:post:94 - 2023-09-25 11:06:10 请求时的入参: /pay/createOrder?amount=20110&currency=IDR&expectPayCodeType=0&merchantId=100119&orderNo=TestOrderNo_1695611170071&payChannel=17&payerName=test&payerPhone=081382826301&productId=2023&subject=TestSubject&version=1.0&sign=7ab94808d8d280d4e446a264cacb507d
2023-09-25 11:06:12.859 | DEBUG    | lib.create_order2:post:98 - 2023-09-25 11:06:12 接口返回值: {'code': '200', 'msg': 'SUCCESS', 'sign': 'bbdfe05052062f7a89cee86c033e190d', 'orderNo': 'TestOrderNo_1695611170071', 'tradeNo': '10012023092510061222500009', 'payCode': 'https://checkouttest.lipperpay.com/mock?orderInfo=PkKE5VRzA2NqiSDiRdeoWcJqXuh%2Bj%2F2hYuisPUMTDpOAKs6wmznVP1r7qr5Dhnq953REbrRfIjPu2FcD7k4PPw%3D%3D', 'payCodeType': '1', 'expireTime': '2023-09-25 11:06:12'}
2023-09-25 11:06:12.859 | DEBUG    | lib.create_order2:post:93 - 2023-09-25 11:06:12 发起post请求:下单
2023-09-25 11:06:12.859 | DEBUG    | lib.create_order2:post:94 - 2023-09-25 11:06:12 请求时的入参: /pay/createOrder?amount=20101&currency=IDR&expectPayCodeType=0&merchantId=100119&orderNo=TestOrderNo_1695611172860&payChannel=17&payerName=test&payerPhone=081382826301&productId=2023&subject=TestSubject&version=1.0&sign=b24658310ebe19e6e18400c52ffe642a
2023-09-25 11:06:15.350 | DEBUG    | lib.create_order2:post:98 - 2023-09-25 11:06:15 接口返回值: {'code': '200', 'msg': 'SUCCESS', 'sign': '9c0dc30959cee84bef55181420d471e5', 'orderNo': 'TestOrderNo_1695611172860', 'tradeNo': '10012023092510061472100005', 'payCode': 'https://checkouttest.lipperpay.com/mock?orderInfo=PkKE5VRzA2NqiSDiRdeoWcJqXuh%2Bj%2F2hYuisPUMTDpMC416IgHmb5wD3VaRKc1%2Bv53REbrRfIjPu2FcD7k4PPw%3D%3D', 'payCodeType': '1', 'expireTime': '2023-09-25 11:06:14'}
2023-09-25 11:06:15.351 | DEBUG    | lib.create_order2:post:93 - 2023-09-25 11:06:15 发起post请求:下单
2023-09-25 11:06:15.352 | DEBUG    | lib.create_order2:post:94 - 2023-09-25 11:06:15 请求时的入参: /pay/createOrder?amount=20110&currency=IDR&expectPayCodeType=0&merchantId=100119&orderNo=TestOrderNo_1695611175352&payChannel=18&payerName=test&payerPhone=081382826301&productId=2023&subject=TestSubject&version=1.0&sign=8d2e56fbfe1b9a924d35e6d98ec666be
2023-09-25 11:06:16.804 | DEBUG    | lib.create_order2:post:98 - 2023-09-25 11:06:16 接口返回值: {'code': '200', 'msg': 'SUCCESS', 'sign': 'f8e549043972dfef3572601e01879b8e', 'orderNo': 'TestOrderNo_1695611175352', 'tradeNo': '10012023092510061726100009', 'payCode': 'https://checkouttest.lipperpay.com/mock?orderInfo=PkKE5VRzA2NqiSDiRdeoWcJqXuh%2Bj%2F2hYuisPUMTDpNG1lD84loJzxtmaz4Kalav53REbrRfIjPu2FcD7k4PPw%3D%3D', 'payCodeType': '1', 'expireTime': '2023-09-25 11:06:17'}
2023-09-25 11:06:16.804 | DEBUG    | lib.create_order2:post:93 - 2023-09-25 11:06:16 发起post请求:下单
2023-09-25 11:06:16.804 | DEBUG    | lib.create_order2:post:94 - 2023-09-25 11:06:16 请求时的入参: /pay/createOrder?amount=20101&currency=IDR&expectPayCodeType=0&merchantId=100119&orderNo=TestOrderNo_1695611176805&payChannel=18&payerName=test&payerPhone=081382826301&productId=2023&subject=TestSubject&version=1.0&sign=808a5bea491a2d8a18208a03f7f13942
2023-09-25 11:06:18.271 | DEBUG    | lib.create_order2:post:98 - 2023-09-25 11:06:18 接口返回值: {'code': '200', 'msg': 'SUCCESS', 'sign': '6dafbe228a6e7b0a58b55d70faff92f2', 'orderNo': 'TestOrderNo_1695611176805', 'tradeNo': '10012023092510061872400005', 'payCode': 'https://checkouttest.lipperpay.com/mock?orderInfo=PkKE5VRzA2NqiSDiRdeoWcJqXuh%2Bj%2F2hYuisPUMTDpMBQQtZ%2FqnemOctq6BHHIWO53REbrRfIjPu2FcD7k4PPw%3D%3D', 'payCodeType': '1', 'expireTime': '2023-09-25 11:06:18'}
2023-09-25 11:06:18.271 | DEBUG    | lib.create_order2:post:93 - 2023-09-25 11:06:18 发起post请求:下单
2023-09-25 11:06:18.272 | DEBUG    | lib.create_order2:post:94 - 2023-09-25 11:06:18 请求时的入参: /pay/createOrder?amount=20110&currency=IDR&expectPayCodeType=0&merchantId=100119&orderNo=TestOrderNo_1695611178272&payChannel=19&payerName=test&payerPhone=081382826301&productId=2023&subject=TestSubject&version=1.0&sign=0d03a8d55842e6e3cf6347aa665ee483
2023-09-25 11:06:20.834 | DEBUG    | lib.create_order2:post:98 - 2023-09-25 11:06:20 接口返回值: {'code': '200', 'msg': 'SUCCESS', 'sign': '21f20c4ff5053128a38b1f3073ed5aa5', 'orderNo': 'TestOrderNo_1695611178272', 'tradeNo': '10012023092510062014700005', 'payCode': 'https://checkouttest.lipperpay.com/mock?orderInfo=PkKE5VRzA2NqiSDiRdeoWcJqXuh%2Bj%2F2hYuisPUMTDpPet2PRJtnDzmmMmHwdr%2FsB53REbrRfIjPu2FcD7k4PPw%3D%3D', 'payCodeType': '1', 'expireTime': '2023-09-25 11:06:20'}
2023-09-25 11:06:20.835 | DEBUG    | lib.create_order2:post:93 - 2023-09-25 11:06:20 发起post请求:下单
2023-09-25 11:06:20.835 | DEBUG    | lib.create_order2:post:94 - 2023-09-25 11:06:20 请求时的入参: /pay/createOrder?amount=20101&currency=IDR&expectPayCodeType=0&merchantId=100119&orderNo=TestOrderNo_1695611180836&payChannel=19&payerName=test&payerPhone=081382826301&productId=2023&subject=TestSubject&version=1.0&sign=d4adf78f3f17a0bc4b664b87a3df07be
2023-09-25 11:06:23.345 | DEBUG    | lib.create_order2:post:98 - 2023-09-25 11:06:23 接口返回值: {'code': '200', 'msg': 'SUCCESS', 'sign': '3bfc81766bcf5a840f821ab47fd75d33', 'orderNo': 'TestOrderNo_1695611180836', 'tradeNo': '10012023092510062269400004', 'payCode': 'https://checkouttest.lipperpay.com/mock?orderInfo=PkKE5VRzA2NqiSDiRdeoWcJqXuh%2Bj%2F2hYuisPUMTDpM9%2FO%2BiKgWLzo7U7YDNAYYw53REbrRfIjPu2FcD7k4PPw%3D%3D', 'payCodeType': '1', 'expireTime': '2023-09-25 11:06:22'}
2023-09-25 11:06:23.346 | DEBUG    | lib.create_order2:post:93 - 2023-09-25 11:06:23 发起post请求:下单
2023-09-25 11:06:23.346 | DEBUG    | lib.create_order2:post:94 - 2023-09-25 11:06:23 请求时的入参: /pay/createOrder?amount=20110&currency=IDR&expectPayCodeType=0&merchantId=100119&orderNo=TestOrderNo_1695611183346&payChannel=12&payerName=test&payerPhone=081382826301&productId=2023&subject=TestSubject&version=1.0&sign=ed11bd3fdd18f7b3f8563b5243770fe1
2023-09-25 11:06:25.425 | DEBUG    | lib.create_order2:post:98 - 2023-09-25 11:06:25 接口返回值: {'code': '88005', 'msg': 'channel process error, please try again', 'sign': 'dbe789f3423e001fc81b1d8bfb320386'}
2023-09-25 11:06:25.426 | DEBUG    | lib.create_order2:post:93 - 2023-09-25 11:06:25 发起post请求:下单
2023-09-25 11:06:25.427 | DEBUG    | lib.create_order2:post:94 - 2023-09-25 11:06:25 请求时的入参: /pay/createOrder?amount=20101&currency=IDR&expectPayCodeType=0&merchantId=100119&orderNo=TestOrderNo_1695611185427&payChannel=12&payerName=test&payerPhone=081382826301&productId=2023&subject=TestSubject&version=1.0&sign=de5755493114581b5636c30b626cb4c5
2023-09-25 11:06:27.333 | DEBUG    | lib.create_order2:post:98 - 2023-09-25 11:06:27 接口返回值: {'code': '88005', 'msg': 'channel process error, please try again', 'sign': 'dbe789f3423e001fc81b1d8bfb320386'}
2023-09-25 11:06:27.334 | DEBUG    | lib.create_order2:post:93 - 2023-09-25 11:06:27 发起post请求:下单
2023-09-25 11:06:27.334 | DEBUG    | lib.create_order2:post:94 - 2023-09-25 11:06:27 请求时的入参: /pay/createOrder?amount=20110&currency=IDR&expectPayCodeType=0&merchantId=100119&orderNo=TestOrderNo_1695611187335&payChannel=1&payerName=test&payerPhone=081382826301&productId=2023&subject=TestSubject&version=1.0&sign=ad0a48f1924fed39cbcbea924e6ab812
2023-09-25 11:06:28.764 | DEBUG    | lib.create_order2:post:98 - 2023-09-25 11:06:28 接口返回值: {'code': '200', 'msg': 'SUCCESS', 'sign': 'b8e1bbd4e46e0348be6485c9a8606e69', 'orderNo': 'TestOrderNo_1695611187335', 'tradeNo': '10012023092510062921000002', 'payCode': 'https://checkouttest.lipperpay.com/cardPay?orderInfo=wU3NFGwK4395KeELxFzSVftAPWe%2Fawqt6m6eTf%2BxuK4i4n6f5VQCcw%2FN8b6ApVwb6Uqf8xiaJkUeHA5X6EefmG%2Fz9ivmJqZYj09EugaYGA3ECa50dzQ35AzuyXwHTs9hbxIyr1zKWjgORvCD4PaMYHrlKH7n2TLHTOTrC7j%2F9TU%3D', 'payCodeType': '1', 'expireTime': '2023-09-26 10:06:29'}
2023-09-25 11:06:28.764 | DEBUG    | lib.create_order2:post:93 - 2023-09-25 11:06:28 发起post请求:下单
2023-09-25 11:06:28.766 | DEBUG    | lib.create_order2:post:94 - 2023-09-25 11:06:28 请求时的入参: /pay/createOrder?amount=20101&currency=IDR&expectPayCodeType=0&merchantId=100119&orderNo=TestOrderNo_1695611188765&payChannel=1&payerName=test&payerPhone=081382826301&productId=2023&subject=TestSubject&version=1.0&sign=714ca00e5ee56f9f31fbbb9257581cf1
2023-09-25 11:06:30.147 | DEBUG    | lib.create_order2:post:98 - 2023-09-25 11:06:30 接口返回值: {'code': '200', 'msg': 'SUCCESS', 'sign': 'ff1456729c4ef95886e0e4672715ed23', 'orderNo': 'TestOrderNo_1695611188765', 'tradeNo': '10012023092510063061200006', 'payCode': 'https://checkouttest.lipperpay.com/cardPay?orderInfo=wU3NFGwK4395KeELxFzSVftAPWe%2Fawqt6m6eTf%2BxuK4i4n6f5VQCcw%2FN8b6ApVwbYBlqSZD1OEBQ6IX8YN2hNHOMC9kL%2BwjKRznf0%2BXbpebECa50dzQ35AzuyXwHTs9huMgz6xzDkKD8%2FGDRuPcponrlKH7n2TLHTOTrC7j%2F9TU%3D', 'payCodeType': '1', 'expireTime': '2023-09-26 10:06:30'}
2023-09-25 11:06:30.149 | DEBUG    | lib.create_order2:post:93 - 2023-09-25 11:06:30 发起post请求:下单
2023-09-25 11:06:30.149 | DEBUG    | lib.create_order2:post:94 - 2023-09-25 11:06:30 请求时的入参: /pay/createOrder?amount=20110&currency=IDR&expectPayCodeType=0&merchantId=100119&orderNo=TestOrderNo_1695611190149&payChannel=3&payerName=test&payerPhone=081382826301&productId=2023&subject=TestSubject&version=1.0&sign=af96954fe18840b401080ac156de672b
2023-09-25 11:06:33.067 | DEBUG    | lib.create_order2:post:98 - 2023-09-25 11:06:33 接口返回值: {'code': '200', 'msg': 'SUCCESS', 'sign': '7dba243666283edcabe5387e77666b69', 'orderNo': 'TestOrderNo_1695611190149', 'tradeNo': '10012023092510063147200004', 'payCode': '82149999908648', 'payCodeType': '0', 'expireTime': '2023-09-26 02:48:11'}
2023-09-25 11:06:33.069 | DEBUG    | lib.create_order2:post:93 - 2023-09-25 11:06:33 发起post请求:下单
2023-09-25 11:06:33.069 | DEBUG    | lib.create_order2:post:94 - 2023-09-25 11:06:33 请求时的入参: /pay/createOrder?amount=20101&currency=IDR&expectPayCodeType=0&merchantId=100119&orderNo=TestOrderNo_1695611193070&payChannel=3&payerName=test&payerPhone=081382826301&productId=2023&subject=TestSubject&version=1.0&sign=b4afdbf31cb27a5e98d5c0e6f1b7f910
2023-09-25 11:06:36.004 | DEBUG    | lib.create_order2:post:98 - 2023-09-25 11:06:36 接口返回值: {'code': '200', 'msg': 'SUCCESS', 'sign': '384b33e8d3b76a12807cdd688993a7e9', 'orderNo': 'TestOrderNo_1695611193070', 'tradeNo': '10012023092510063493000008', 'payCode': '82149999178160', 'payCodeType': '0', 'expireTime': '2023-09-26 02:48:14'}
2023-09-25 11:06:36.005 | DEBUG    | lib.create_order2:post:93 - 2023-09-25 11:06:36 发起post请求:下单
2023-09-25 11:06:36.006 | DEBUG    | lib.create_order2:post:94 - 2023-09-25 11:06:36 请求时的入参: /pay/createOrder?amount=20110&currency=IDR&expectPayCodeType=0&merchantId=100119&orderNo=TestOrderNo_1695611196006&payChannel=4&payerName=test&payerPhone=081382826301&productId=2023&subject=TestSubject&version=1.0&sign=a51f6411464447d454b70a6549f6dba7
2023-09-25 11:06:37.360 | DEBUG    | lib.create_order2:post:98 - 2023-09-25 11:06:37 接口返回值: {'code': '200', 'msg': 'SUCCESS', 'sign': '98a81ddb3b11f4c58bbeff0a40def6a8', 'orderNo': 'TestOrderNo_1695611196006', 'tradeNo': '10012023092510063733300002', 'payCode': '8808999923138755', 'payCodeType': '0', 'expireTime': '2023-09-26 02:48:17'}
2023-09-25 11:06:37.360 | DEBUG    | lib.create_order2:post:93 - 2023-09-25 11:06:37 发起post请求:下单
2023-09-25 11:06:37.361 | DEBUG    | lib.create_order2:post:94 - 2023-09-25 11:06:37 请求时的入参: /pay/createOrder?amount=20101&currency=IDR&expectPayCodeType=0&merchantId=100119&orderNo=TestOrderNo_1695611197360&payChannel=4&payerName=test&payerPhone=081382826301&productId=2023&subject=TestSubject&version=1.0&sign=73bb39cc3539d4b39a678419f499b960
2023-09-25 11:06:39.238 | DEBUG    | lib.create_order2:post:98 - 2023-09-25 11:06:39 接口返回值: {'code': '200', 'msg': 'SUCCESS', 'sign': 'f600c79767b7f699da110abff24b7d2d', 'orderNo': 'TestOrderNo_1695611197360', 'tradeNo': '10012023092510063920000001', 'payCode': '8808999978289338', 'payCodeType': '0', 'expireTime': '2023-09-26 02:48:19'}
2023-09-25 11:06:39.239 | DEBUG    | lib.create_order2:post:93 - 2023-09-25 11:06:39 发起post请求:下单
2023-09-25 11:06:39.239 | DEBUG    | lib.create_order2:post:94 - 2023-09-25 11:06:39 请求时的入参: /pay/createOrder?amount=20110&currency=IDR&expectPayCodeType=0&merchantId=100119&orderNo=TestOrderNo_1695611199240&payChannel=5&payerName=test&payerPhone=081382826301&productId=2023&subject=TestSubject&version=1.0&sign=86d1ed60d8553128a95b2637b9b09a1a
2023-09-25 11:06:40.657 | DEBUG    | lib.create_order2:post:98 - 2023-09-25 11:06:40 接口返回值: {'code': '88011', 'msg': 'this channel is not supported yet', 'sign': 'e5ecde88e5c47f010ffd43aa30f7c64e'}
2023-09-25 11:06:40.658 | DEBUG    | lib.create_order2:post:93 - 2023-09-25 11:06:40 发起post请求:下单
2023-09-25 11:06:40.658 | DEBUG    | lib.create_order2:post:94 - 2023-09-25 11:06:40 请求时的入参: /pay/createOrder?amount=20101&currency=IDR&expectPayCodeType=0&merchantId=100119&orderNo=TestOrderNo_1695611200658&payChannel=5&payerName=test&payerPhone=081382826301&productId=2023&subject=TestSubject&version=1.0&sign=1377591d4a5ecd6f2930c54586b0c284
2023-09-25 11:06:42.698 | DEBUG    | lib.create_order2:post:98 - 2023-09-25 11:06:42 接口返回值: {'code': '88011', 'msg': 'this channel is not supported yet', 'sign': 'e5ecde88e5c47f010ffd43aa30f7c64e'}
2023-09-25 11:06:42.699 | DEBUG    | lib.create_order2:post:93 - 2023-09-25 11:06:42 发起post请求:下单
2023-09-25 11:06:42.699 | DEBUG    | lib.create_order2:post:94 - 2023-09-25 11:06:42 请求时的入参: /pay/createOrder?amount=20110&currency=IDR&expectPayCodeType=0&merchantId=100119&orderNo=TestOrderNo_1695611202699&payChannel=6&payerName=test&payerPhone=081382826301&productId=2023&subject=TestSubject&version=1.0&sign=1924fa8d26cd0e8451662abe75dcc921
2023-09-25 11:06:44.579 | DEBUG    | lib.create_order2:post:98 - 2023-09-25 11:06:44 接口返回值: {'code': '88011', 'msg': 'this channel is not supported yet', 'sign': 'e5ecde88e5c47f010ffd43aa30f7c64e'}
2023-09-25 11:06:44.580 | DEBUG    | lib.create_order2:post:93 - 2023-09-25 11:06:44 发起post请求:下单
2023-09-25 11:06:44.580 | DEBUG    | lib.create_order2:post:94 - 2023-09-25 11:06:44 请求时的入参: /pay/createOrder?amount=20101&currency=IDR&expectPayCodeType=0&merchantId=100119&orderNo=TestOrderNo_1695611204580&payChannel=6&payerName=test&payerPhone=081382826301&productId=2023&subject=TestSubject&version=1.0&sign=2fd37dbafaded45f4d9043f9788973cf
2023-09-25 11:06:45.952 | DEBUG    | lib.create_order2:post:98 - 2023-09-25 11:06:45 接口返回值: {'code': '88011', 'msg': 'this channel is not supported yet', 'sign': 'e5ecde88e5c47f010ffd43aa30f7c64e'}
2023-09-25 11:06:45.954 | DEBUG    | lib.create_order2:post:93 - 2023-09-25 11:06:45 发起post请求:下单
2023-09-25 11:06:45.954 | DEBUG    | lib.create_order2:post:94 - 2023-09-25 11:06:45 请求时的入参: /pay/createOrder?amount=20110&currency=IDR&expectPayCodeType=0&merchantId=100119&orderNo=TestOrderNo_1695611205954&payChannel=9&payerName=test&payerPhone=081382826301&productId=2023&subject=TestSubject&version=1.0&sign=2258b4d66e4cfec20b3845142cbafa59
2023-09-25 11:06:48.369 | DEBUG    | lib.create_order2:post:98 - 2023-09-25 11:06:48 接口返回值: {'code': '200', 'msg': 'SUCCESS', 'sign': '2e94f13ad9ccd5a974957d19b2c1c35e', 'orderNo': 'TestOrderNo_1695611205954', 'tradeNo': '10012023092510064785000003', 'payCode': '262159999178160', 'payCodeType': '0', 'expireTime': '2023-09-26 02:48:27'}
2023-09-25 11:06:48.370 | DEBUG    | lib.create_order2:post:93 - 2023-09-25 11:06:48 发起post请求:下单
2023-09-25 11:06:48.370 | DEBUG    | lib.create_order2:post:94 - 2023-09-25 11:06:48 请求时的入参: /pay/createOrder?amount=20101&currency=IDR&expectPayCodeType=0&merchantId=100119&orderNo=TestOrderNo_1695611208371&payChannel=9&payerName=test&payerPhone=081382826301&productId=2023&subject=TestSubject&version=1.0&sign=972dec9ee0c256aeca561aa17753d443
2023-09-25 11:06:50.591 | DEBUG    | lib.create_order2:post:98 - 2023-09-25 11:06:50 接口返回值: {'code': '200', 'msg': 'SUCCESS', 'sign': 'c827d308b12ea7030618dc511805718e', 'orderNo': 'TestOrderNo_1695611208371', 'tradeNo': '10012023092510065022900004', 'payCode': '262159999329921', 'payCodeType': '0', 'expireTime': '2023-09-26 02:48:30'}
2023-09-25 11:12:38.116 | DEBUG    | lib.create_order1:post:93 - 2023-09-25 11:12:38 发起post请求:下单
2023-09-25 11:12:38.117 | DEBUG    | lib.create_order1:post:94 - 2023-09-25 11:12:38 请求时的入参: /pay/createOrder?amount=20110&currency=IDR&expectPayCodeType=0&merchantId=100119&orderNo=TestOrderNo_1695611558116&payChannel=3&payerName=test&payerPhone=081197204238&productId=2023&subject=TestSubject&version=1.0&sign=fd752da25efbf46511e3abc387b14c1c
2023-09-25 11:12:40.834 | DEBUG    | lib.create_order1:post:98 - 2023-09-25 11:12:40 接口返回值: {'code': '200', 'msg': 'SUCCESS', 'sign': 'c2a303a0dee1de12f0d9b5ec32407c0f', 'orderNo': 'TestOrderNo_1695611558116', 'tradeNo': '10012023092510124016100004', 'payCode': '8625026760431854', 'payCodeType': '0', 'expireTime': '2023-09-26 02:54:20'}
2023-09-25 11:12:40.835 | DEBUG    | lib.create_order1:post:93 - 2023-09-25 11:12:40 发起post请求:下单
2023-09-25 11:12:40.835 | DEBUG    | lib.create_order1:post:94 - 2023-09-25 11:12:40 请求时的入参: /pay/createOrder?amount=20110&currency=IDR&expectPayCodeType=0&merchantId=100119&orderNo=TestOrderNo_1695611560835&payChannel=3&payerName=test&payerPhone=081197204238&productId=2023&subject=TestSubject&version=1.0&sign=d01fe8a3de5c30451e604c8417bbdfd9
2023-09-25 11:12:42.910 | DEBUG    | lib.create_order1:post:98 - 2023-09-25 11:12:42 接口返回值: {'code': '200', 'msg': 'SUCCESS', 'sign': '4859cba4cf46b421c94eb697c567eec2', 'orderNo': 'TestOrderNo_1695611560835', 'tradeNo': '10012023092510124270300001', 'payCode': '8625026760431855', 'payCodeType': '0', 'expireTime': '2023-09-26 02:54:22'}
2023-09-25 11:12:42.911 | DEBUG    | lib.create_order1:post:93 - 2023-09-25 11:12:42 发起post请求:下单
2023-09-25 11:12:42.911 | DEBUG    | lib.create_order1:post:94 - 2023-09-25 11:12:42 请求时的入参: /pay/createOrder?amount=20110&currency=IDR&expectPayCodeType=0&merchantId=100119&orderNo=TestOrderNo_1695611562911&payChannel=4&payerName=test&payerPhone=081197204238&productId=2023&subject=TestSubject&version=1.0&sign=b65e7d05c03f42069951a7074bb846d2
2023-09-25 11:12:45.235 | DEBUG    | lib.create_order1:post:98 - 2023-09-25 11:12:45 接口返回值: {'code': '200', 'msg': 'SUCCESS', 'sign': 'bcc5b88a74522474a01a72fbec4c352a', 'orderNo': 'TestOrderNo_1695611562911', 'tradeNo': '10012023092510124479300000', 'payCode': '8255600004728776', 'payCodeType': '0', 'expireTime': '2023-09-26 02:54:24'}
2023-09-25 11:12:45.236 | DEBUG    | lib.create_order1:post:93 - 2023-09-25 11:12:45 发起post请求:下单
2023-09-25 11:12:45.236 | DEBUG    | lib.create_order1:post:94 - 2023-09-25 11:12:45 请求时的入参: /pay/createOrder?amount=20101&currency=IDR&expectPayCodeType=0&merchantId=100119&orderNo=TestOrderNo_1695611565236&payChannel=4&payerName=test&payerPhone=081197204238&productId=2023&subject=TestSubject&version=1.0&sign=2bb213096c1ad46211fbd842163b712a
2023-09-25 11:12:47.508 | DEBUG    | lib.create_order1:post:98 - 2023-09-25 11:12:47 接口返回值: {'code': '200', 'msg': 'SUCCESS', 'sign': 'a7e84a8f21483dbbfcd7b0d0d1245e22', 'orderNo': 'TestOrderNo_1695611565236', 'tradeNo': '10012023092510124709900009', 'payCode': '8255600004728777', 'payCodeType': '0', 'expireTime': '2023-09-26 02:54:27'}
2023-09-25 11:12:47.508 | DEBUG    | lib.create_order1:post:93 - 2023-09-25 11:12:47 发起post请求:下单
2023-09-25 11:12:47.508 | DEBUG    | lib.create_order1:post:94 - 2023-09-25 11:12:47 请求时的入参: /pay/createOrder?amount=20110&currency=IDR&expectPayCodeType=0&merchantId=100119&orderNo=TestOrderNo_1695611567508&payChannel=5&payerName=test&payerPhone=081197204238&productId=2023&subject=TestSubject&version=1.0&sign=f4cb480735db41a011b6da4f5e04c5c8
2023-09-25 11:12:49.421 | DEBUG    | lib.create_order1:post:98 - 2023-09-25 11:12:49 接口返回值: {'code': '88005', 'msg': 'channel process error, please try again', 'sign': 'dbe789f3423e001fc81b1d8bfb320386'}
2023-09-25 11:12:49.423 | DEBUG    | lib.create_order1:post:93 - 2023-09-25 11:12:49 发起post请求:下单
2023-09-25 11:12:49.423 | DEBUG    | lib.create_order1:post:94 - 2023-09-25 11:12:49 请求时的入参: /pay/createOrder?amount=20101&currency=IDR&expectPayCodeType=0&merchantId=100119&orderNo=TestOrderNo_1695611569423&payChannel=5&payerName=test&payerPhone=081197204238&productId=2023&subject=TestSubject&version=1.0&sign=39103d3901e367d9f39fb581750f24fc
2023-09-25 11:12:51.357 | DEBUG    | lib.create_order1:post:98 - 2023-09-25 11:12:51 接口返回值: {'code': '88005', 'msg': 'channel process error, please try again', 'sign': 'dbe789f3423e001fc81b1d8bfb320386'}
2023-09-25 11:12:51.358 | DEBUG    | lib.create_order1:post:93 - 2023-09-25 11:12:51 发起post请求:下单
2023-09-25 11:12:51.358 | DEBUG    | lib.create_order1:post:94 - 2023-09-25 11:12:51 请求时的入参: /pay/createOrder?amount=20110&currency=IDR&expectPayCodeType=0&merchantId=100119&orderNo=TestOrderNo_1695611571358&payChannel=6&payerName=test&payerPhone=081197204238&productId=2023&subject=TestSubject&version=1.0&sign=0713aaa69fba81edeb85d6716b0979ae
2023-09-25 11:12:54.333 | DEBUG    | lib.create_order1:post:98 - 2023-09-25 11:12:54 接口返回值: {'code': '200', 'msg': 'SUCCESS', 'sign': 'bc5d5f75cb13cedb70f1b89ea967584b', 'orderNo': 'TestOrderNo_1695611571358', 'tradeNo': '10012023092510125415600007', 'payCode': '23096000003294780', 'payCodeType': '0', 'expireTime': '2023-09-26 02:54:34'}
2023-09-25 11:12:54.334 | DEBUG    | lib.create_order1:post:93 - 2023-09-25 11:12:54 发起post请求:下单
2023-09-25 11:12:54.334 | DEBUG    | lib.create_order1:post:94 - 2023-09-25 11:12:54 请求时的入参: /pay/createOrder?amount=20101&currency=IDR&expectPayCodeType=0&merchantId=100119&orderNo=TestOrderNo_1695611574334&payChannel=6&payerName=test&payerPhone=081197204238&productId=2023&subject=TestSubject&version=1.0&sign=a73bd3f80ede5df0e389c0c224258e46
2023-09-25 11:12:56.367 | DEBUG    | lib.create_order1:post:98 - 2023-09-25 11:12:56 接口返回值: {'code': '200', 'msg': 'SUCCESS', 'sign': '7cf6ed4c095a2a351bb4748ded7a58f0', 'orderNo': 'TestOrderNo_1695611574334', 'tradeNo': '10012023092510125620900002', 'payCode': '23096000003294781', 'payCodeType': '0', 'expireTime': '2023-09-26 02:54:36'}
2023-09-25 11:12:56.368 | DEBUG    | lib.create_order1:post:93 - 2023-09-25 11:12:56 发起post请求:下单
2023-09-25 11:12:56.368 | DEBUG    | lib.create_order1:post:94 - 2023-09-25 11:12:56 请求时的入参: /pay/createOrder?amount=20110&currency=IDR&expectPayCodeType=0&merchantId=100119&orderNo=TestOrderNo_1695611576368&payChannel=9&payerName=test&payerPhone=081197204238&productId=2023&subject=TestSubject&version=1.0&sign=574cf32fea75dee3d6e9e077505928e9
2023-09-25 11:12:59.112 | DEBUG    | lib.create_order1:post:98 - 2023-09-25 11:12:59 接口返回值: {'code': '200', 'msg': 'SUCCESS', 'sign': 'fb8bdf8de758805fb1f35cb00e482692', 'orderNo': 'TestOrderNo_1695611576368', 'tradeNo': '10012023092510125822900008', 'payCode': '103406000011802290', 'payCodeType': '0', 'expireTime': '2023-09-26 02:54:38'}
2023-09-25 11:12:59.114 | DEBUG    | lib.create_order1:post:93 - 2023-09-25 11:12:59 发起post请求:下单
2023-09-25 11:12:59.114 | DEBUG    | lib.create_order1:post:94 - 2023-09-25 11:12:59 请求时的入参: /pay/createOrder?amount=20101&currency=IDR&expectPayCodeType=0&merchantId=100119&orderNo=TestOrderNo_1695611579113&payChannel=9&payerName=test&payerPhone=081197204238&productId=2023&subject=TestSubject&version=1.0&sign=1876395d20210842323cd30ca9a36d87
2023-09-25 11:13:01.791 | DEBUG    | lib.create_order1:post:98 - 2023-09-25 11:13:01 接口返回值: {'code': '200', 'msg': 'SUCCESS', 'sign': 'ce9c3607c8640e64329c6c892ce93084', 'orderNo': 'TestOrderNo_1695611579113', 'tradeNo': '10012023092510130099900004', 'payCode': '103406000011802293', 'payCodeType': '0', 'expireTime': '2023-09-26 02:54:40'}
2023-09-25 11:13:01.791 | DEBUG    | lib.create_order1:post:93 - 2023-09-25 11:13:01 发起post请求:下单
2023-09-25 11:13:01.791 | DEBUG    | lib.create_order1:post:94 - 2023-09-25 11:13:01 请求时的入参: /pay/createOrder?amount=20101&currency=IDR&expectPayCodeType=0&merchantId=100119&orderNo=TestOrderNo_1695611581792&payChannel=8&payerName=test&payerPhone=081197204238&productId=2023&subject=TestSubject&version=1.0&sign=5e0d99ca0172b1368decba0958e685f3
2023-09-25 11:13:04.831 | DEBUG    | lib.create_order1:post:98 - 2023-09-25 11:13:04 接口返回值: {'code': '200', 'msg': 'SUCCESS', 'sign': 'dd1f1596ee64f114243ad1508306b880', 'orderNo': 'TestOrderNo_1695611581792', 'tradeNo': '10012023092510130364800004', 'payCode': '8932560004940807', 'payCodeType': '0', 'expireTime': '2023-09-26 02:54:43'}
2023-09-25 11:13:04.832 | DEBUG    | lib.create_order1:post:93 - 2023-09-25 11:13:04 发起post请求:下单
2023-09-25 11:13:04.832 | DEBUG    | lib.create_order1:post:94 - 2023-09-25 11:13:04 请求时的入参: /pay/createOrder?amount=20110&currency=IDR&expectPayCodeType=0&merchantId=100119&orderNo=TestOrderNo_1695611584832&payChannel=8&payerName=test&payerPhone=081197204238&productId=2023&subject=TestSubject&version=1.0&sign=c633bfab1dc38eb53371d1161ad02936
2023-09-25 11:13:06.729 | DEBUG    | lib.create_order1:post:98 - 2023-09-25 11:13:06 接口返回值: {'code': '200', 'msg': 'SUCCESS', 'sign': '18c35f185511e738a34cbb7594c5ecd4', 'orderNo': 'TestOrderNo_1695611584832', 'tradeNo': '10012023092510130613300004', 'payCode': '8932560004940808', 'payCodeType': '0', 'expireTime': '2023-09-26 02:54:46'}
