2023-06-28 10:52:11.749 | DEBUG    | __main__:post:94 - 2023-06-28 10:52:11 发起post请求:模拟xendit dana下单回调成功
2023-06-28 10:52:11.749 | DEBUG    | __main__:post:95 - 2023-06-28 10:52:11 请求时的入参: /pay/payout?accountHolderName=test&accountNumber=081382826301&amount=10000&bankCode=DANA&currency=IDR&description=TestPayout&merchantId=100119&orderNo=TestOrderNo_1687920731749&productId=2023&version=1.0&sign=5ed9b6c06749b531a01cc81cc38fadd8
2023-06-28 10:52:15.231 | DEBUG    | __main__:post:99 - 2023-06-28 10:52:15 接口返回值: {'code': '200', 'msg': 'SUCCESS', 'sign': '926449d0ea9a617de6a72c58ff9dd6b2', 'orderNo': 'TestOrderNo_1687920731749', 'tradeNo': '10042023062809521378300017', 'orderAmount': 10000.0, 'totalAmount': 10000.0, 'fee': 0}
2023-06-28 10:53:36.387 | DEBUG    | lib.create_payout:post:94 - 2023-06-28 10:53:36 发起post请求:下单
2023-06-28 10:53:36.387 | DEBUG    | lib.create_payout:post:95 - 2023-06-28 10:53:36 请求时的入参: /pay/payout?accountHolderName=test&accountNumber=0888888881&amount=20110&bankCode=DANA&currency=IDR&description=TestPayout&merchantId=100119&orderNo=TestOrderNo_1687920816388&productId=2023&version=1.0&sign=f99c00d30f61de29ff33cbafc81f8583
2023-06-28 10:53:39.205 | DEBUG    | lib.create_payout:post:99 - 2023-06-28 10:53:39 接口返回值: {'code': '200', 'msg': 'SUCCESS', 'sign': 'b303a3303cde7adcb51f18c03ade3003', 'orderNo': 'TestOrderNo_1687920816388', 'tradeNo': '10042023062809533810000014', 'orderAmount': 20110.0, 'totalAmount': 20110.0, 'fee': 0}
2023-06-28 10:53:39.205 | DEBUG    | lib.create_payout:post:94 - 2023-06-28 10:53:39 发起post请求:下单
2023-06-28 10:53:39.205 | DEBUG    | lib.create_payout:post:95 - 2023-06-28 10:53:39 请求时的入参: /pay/payout?accountHolderName=test&accountNumber=0888888882&amount=20110&bankCode=DANA&currency=IDR&description=TestPayout&merchantId=100119&orderNo=TestOrderNo_1687920819206&productId=2023&version=1.0&sign=2a8140700451057ec13d2e5de8ee0786
2023-06-28 10:53:42.107 | DEBUG    | lib.create_payout:post:99 - 2023-06-28 10:53:42 接口返回值: {'code': '200', 'msg': 'SUCCESS', 'sign': 'd0d85d678e507dd10d14bbe414c3d366', 'orderNo': 'TestOrderNo_1687920819206', 'tradeNo': '10042023062809534097700011', 'orderAmount': 20110.0, 'totalAmount': 20110.0, 'fee': 0}
2023-06-28 10:53:42.108 | DEBUG    | lib.create_payout:post:94 - 2023-06-28 10:53:42 发起post请求:下单
2023-06-28 10:53:42.108 | DEBUG    | lib.create_payout:post:95 - 2023-06-28 10:53:42 请求时的入参: /pay/payout?accountHolderName=test&accountNumber=0888888883&amount=20110&bankCode=DANA&currency=IDR&description=TestPayout&merchantId=100119&orderNo=TestOrderNo_1687920822108&productId=2023&version=1.0&sign=131f0e234c9bd581820dd06e7f8e59b5
2023-06-28 10:53:43.584 | DEBUG    | lib.create_payout:post:99 - 2023-06-28 10:53:43 接口返回值: {'code': '88011', 'msg': 'this channel is not supported yet', 'sign': 'e5ecde88e5c47f010ffd43aa30f7c64e'}
2023-06-28 10:53:43.584 | DEBUG    | lib.create_payout:post:94 - 2023-06-28 10:53:43 发起post请求:下单
2023-06-28 10:53:43.584 | DEBUG    | lib.create_payout:post:95 - 2023-06-28 10:53:43 请求时的入参: /pay/payout?accountHolderName=test&accountNumber=0888888884&amount=20110&bankCode=DANA&currency=IDR&description=TestPayout&merchantId=100119&orderNo=TestOrderNo_1687920823584&productId=2023&version=1.0&sign=75e374b5e2b4eff96a3e88de531a8aca
2023-06-28 10:53:46.644 | DEBUG    | lib.create_payout:post:99 - 2023-06-28 10:53:46 接口返回值: {'code': '200', 'msg': 'SUCCESS', 'sign': '11a264acd1d5b750c55baf332e92ff83', 'orderNo': 'TestOrderNo_1687920823584', 'tradeNo': '10042023062809534535900017', 'orderAmount': 20110.0, 'totalAmount': 20110.0, 'fee': 0}
2023-06-28 10:53:46.645 | DEBUG    | lib.create_payout:post:94 - 2023-06-28 10:53:46 发起post请求:下单
2023-06-28 10:53:46.645 | DEBUG    | lib.create_payout:post:95 - 2023-06-28 10:53:46 请求时的入参: /pay/payout?accountHolderName=test&accountNumber=0888888885&amount=20110&bankCode=DANA&currency=IDR&description=TestPayout&merchantId=100119&orderNo=TestOrderNo_1687920826644&productId=2023&version=1.0&sign=74ba10fc11b2fea44ca359d539b8ae94
2023-06-28 10:53:49.650 | DEBUG    | lib.create_payout:post:99 - 2023-06-28 10:53:49 接口返回值: {'code': '200', 'msg': 'SUCCESS', 'sign': 'd3420c2756131a71f51383dddfca86fa', 'orderNo': 'TestOrderNo_1687920826644', 'tradeNo': '10042023062809534835700018', 'orderAmount': 20110.0, 'totalAmount': 20110.0, 'fee': 0}
2023-06-28 10:53:49.651 | DEBUG    | lib.create_payout:post:94 - 2023-06-28 10:53:49 发起post请求:下单
2023-06-28 10:53:49.651 | DEBUG    | lib.create_payout:post:95 - 2023-06-28 10:53:49 请求时的入参: /pay/payout?accountHolderName=test&accountNumber=0888888886&amount=20110&bankCode=DANA&currency=IDR&description=TestPayout&merchantId=100119&orderNo=TestOrderNo_1687920829652&productId=2023&version=1.0&sign=c85844e5d52fccd0188009a99f5d7c5b
2023-06-28 10:53:52.703 | DEBUG    | lib.create_payout:post:99 - 2023-06-28 10:53:52 接口返回值: {'code': '200', 'msg': 'SUCCESS', 'sign': 'fc87ddbec6b15318a99537bf198e5e70', 'orderNo': 'TestOrderNo_1687920829652', 'tradeNo': '10042023062809535141400011', 'orderAmount': 20110.0, 'totalAmount': 20110.0, 'fee': 0}
2023-06-28 10:53:52.704 | DEBUG    | lib.create_payout:post:94 - 2023-06-28 10:53:52 发起post请求:下单
2023-06-28 10:53:52.704 | DEBUG    | lib.create_payout:post:95 - 2023-06-28 10:53:52 请求时的入参: /pay/payout?accountHolderName=test&accountNumber=0888888887&amount=20110&bankCode=DANA&currency=IDR&description=TestPayout&merchantId=100119&orderNo=TestOrderNo_1687920832705&productId=2023&version=1.0&sign=fe3ac00b8120b22a88816b9fb01745be
2023-06-28 10:53:55.822 | DEBUG    | lib.create_payout:post:99 - 2023-06-28 10:53:55 接口返回值: {'code': '200', 'msg': 'SUCCESS', 'sign': '447fead1a272c7481eb81108678440ed', 'orderNo': 'TestOrderNo_1687920832705', 'tradeNo': '10042023062809535446400013', 'orderAmount': 20110.0, 'totalAmount': 20110.0, 'fee': 0}
