2023-03-24 11:06:11.474 | DEBUG    | lib.create_order1:post:95 - 2023-03-24 11:06:11 发起post请求:下单
2023-03-24 11:06:11.475 | DEBUG    | lib.create_order1:post:96 - 2023-03-24 11:06:11 请求时的入参: /pay/createOrder?amount=10000&currency=IDR&expectPayCodeType=0&merchantId=100119&orderNo=TestOrderNo_1679627171473&payChannel=15&payerName=test&payerPhone=081382826301&productId=2023&subject=TestSubject&version=1.0&sign=2099a371969df9feddae66e3a8199034
2023-03-24 11:06:13.143 | DEBUG    | lib.create_order1:post:100 - 2023-03-24 11:06:13 接口返回值: {'code': '200', 'msg': 'SUCCESS', 'sign': '28481da2c6fbf26ed41e4590d395a9a0', 'orderNo': 'TestOrderNo_1679627171473', 'tradeNo': '10012023032410061321700002', 'payCode': 'https://checkouttest.allopayment.com/walletPay?orderInfo=wU3NFGwK4395KeELxFzSVfIUOLJ8eyjkmh%2BrAesa2lix0ez7pYyYcYAudvHD5z7E1xXNrvPq%2BLZKOTbTpsWDevgsM3UZ2SS5%2F%2BF1QkhdPpA2iZrlSu6pPcbByWEEi%2B2ElSlpMW2%2Bd8Lpw4HdwFtT5EN4QKbjhAXs3VIQQ0YguXA%3D', 'payCodeType': '1', 'expireTime': '2023-03-24 11:06:13'}
2023-03-24 11:06:13.145 | DEBUG    | lib.create_order1:post:95 - 2023-03-24 11:06:13 发起post请求:下单
2023-03-24 11:06:13.145 | DEBUG    | lib.create_order1:post:96 - 2023-03-24 11:06:13 请求时的入参: /pay/createOrder?amount=20101&currency=IDR&expectPayCodeType=0&merchantId=100119&orderNo=TestOrderNo_1679627173145&payChannel=15&payerName=test&payerPhone=081382826301&productId=2023&subject=TestSubject&version=1.0&sign=d5955b94d45e5f2eb351841ea5eaed8b
2023-03-24 11:06:14.520 | DEBUG    | lib.create_order1:post:100 - 2023-03-24 11:06:14 接口返回值: {'code': '200', 'msg': 'SUCCESS', 'sign': '87d6403efc3b81cfbb424ba2209f8aaa', 'orderNo': 'TestOrderNo_1679627173145', 'tradeNo': '10012023032410061464000004', 'payCode': 'https://checkouttest.allopayment.com/walletPay?orderInfo=wU3NFGwK4395KeELxFzSVfIUOLJ8eyjkmh%2BrAesa2lix0ez7pYyYcYAudvHD5z7E04GVhsI9i1BslNKTn40EkPgsM3UZ2SS5%2F%2BF1QkhdPpANt5uahpIfQ7y34aUksOrKtNGL0hs1d7dGt%2Flzhy9WXUN4QKbjhAXs3VIQQ0YguXA%3D', 'payCodeType': '1', 'expireTime': '2023-03-24 11:06:14'}
2023-03-24 11:06:14.521 | DEBUG    | lib.create_order1:post:95 - 2023-03-24 11:06:14 发起post请求:下单
2023-03-24 11:06:14.522 | DEBUG    | lib.create_order1:post:96 - 2023-03-24 11:06:14 请求时的入参: /pay/createOrder?amount=10000&currency=IDR&expectPayCodeType=0&merchantId=100119&orderNo=TestOrderNo_1679627174522&payChannel=16&payerName=test&payerPhone=081382826301&productId=2023&subject=TestSubject&version=1.0&sign=b7858f4152bb0b461ba94fd568439469
2023-03-24 11:06:17.141 | DEBUG    | lib.create_order1:post:100 - 2023-03-24 11:06:17 接口返回值: {'code': '200', 'msg': 'SUCCESS', 'sign': '96c133961f731d4789265e094836972d', 'orderNo': 'TestOrderNo_1679627174522', 'tradeNo': '10012023032410061600800002', 'payCode': 'some-random-qr-string', 'payCodeType': '1', 'expireTime': '2023-03-24 11:06:16'}
2023-03-24 11:06:17.141 | DEBUG    | lib.create_order1:post:95 - 2023-03-24 11:06:17 发起post请求:下单
2023-03-24 11:06:17.141 | DEBUG    | lib.create_order1:post:96 - 2023-03-24 11:06:17 请求时的入参: /pay/createOrder?amount=10000&currency=IDR&expectPayCodeType=0&merchantId=100119&orderNo=TestOrderNo_1679627177141&payChannel=17&payerName=test&payerPhone=081382826301&productId=2023&subject=TestSubject&version=1.0&sign=106da7fc80e3d7920fd8f25c682f0e0b
2023-03-24 11:06:18.995 | DEBUG    | lib.create_order1:post:100 - 2023-03-24 11:06:18 接口返回值: {'code': '200', 'msg': 'SUCCESS', 'sign': 'f0e1bc78e7eb6287326fc1b1525f80d6', 'orderNo': 'TestOrderNo_1679627177141', 'tradeNo': '10012023032410061805300006', 'payCode': 'https://checkouttest.allopayment.com/mock?orderInfo=PkKE5VRzA2NqiSDiRdeoWYtBkI2a5NC8XsXmB2n2BGJZaOWSSwZrwGGpSIJEQMv253REbrRfIjPu2FcD7k4PPw%3D%3D', 'payCodeType': '1', 'expireTime': '2023-03-24 11:06:18'}
2023-03-24 11:06:18.996 | DEBUG    | lib.create_order1:post:95 - 2023-03-24 11:06:18 发起post请求:下单
2023-03-24 11:06:18.996 | DEBUG    | lib.create_order1:post:96 - 2023-03-24 11:06:18 请求时的入参: /pay/createOrder?amount=10000&currency=IDR&expectPayCodeType=0&merchantId=100119&orderNo=TestOrderNo_1679627178997&payChannel=18&payerName=test&payerPhone=081382826301&productId=2023&subject=TestSubject&version=1.0&sign=a40c53db3f536f2f2ba777084112df8e
2023-03-24 11:06:20.924 | DEBUG    | lib.create_order1:post:100 - 2023-03-24 11:06:20 接口返回值: {'code': '200', 'msg': 'SUCCESS', 'sign': '5febbbdf55da3d9c55cd3f33d77b6187', 'orderNo': 'TestOrderNo_1679627178997', 'tradeNo': '10012023032410062103600006', 'payCode': 'https://checkouttest.allopayment.com/mock?orderInfo=PkKE5VRzA2NqiSDiRdeoWYtBkI2a5NC8XsXmB2n2BGKno%2BT8yPJDMQmrMLBXXyJE53REbrRfIjPu2FcD7k4PPw%3D%3D', 'payCodeType': '1', 'expireTime': '2023-03-24 11:06:21'}
2023-03-24 11:06:20.925 | DEBUG    | lib.create_order1:post:95 - 2023-03-24 11:06:20 发起post请求:下单
2023-03-24 11:06:20.926 | DEBUG    | lib.create_order1:post:96 - 2023-03-24 11:06:20 请求时的入参: /pay/createOrder?amount=10000&currency=IDR&expectPayCodeType=0&merchantId=100119&orderNo=TestOrderNo_1679627180926&payChannel=19&payerName=test&payerPhone=081382826301&productId=2023&subject=TestSubject&version=1.0&sign=2a5349c1290cfc23c5e54d3a39bc29ee
2023-03-24 11:06:23.728 | DEBUG    | lib.create_order1:post:100 - 2023-03-24 11:06:23 接口返回值: {'code': '200', 'msg': 'SUCCESS', 'sign': '4aff93299899c014d447fe527d3b9075', 'orderNo': 'TestOrderNo_1679627180926', 'tradeNo': '10012023032410062282300006', 'payCode': 'https://checkouttest.allopayment.com/mock?orderInfo=PkKE5VRzA2NqiSDiRdeoWYtBkI2a5NC8XsXmB2n2BGLPbD1liXoRKJFCyaCWmXCy53REbrRfIjPu2FcD7k4PPw%3D%3D', 'payCodeType': '1', 'expireTime': '2023-03-24 11:06:22'}
2023-03-24 11:06:23.729 | DEBUG    | lib.create_order1:post:95 - 2023-03-24 11:06:23 发起post请求:下单
2023-03-24 11:06:23.730 | DEBUG    | lib.create_order1:post:96 - 2023-03-24 11:06:23 请求时的入参: /pay/createOrder?amount=10000&currency=IDR&expectPayCodeType=0&merchantId=100119&orderNo=TestOrderNo_1679627183730&payChannel=1&payerName=test&payerPhone=081382826301&productId=2023&subject=TestSubject&version=1.0&sign=ea69bf1f940a10eaeb2ab28090075f69
2023-03-24 11:06:25.056 | DEBUG    | lib.create_order1:post:100 - 2023-03-24 11:06:25 接口返回值: {'code': '200', 'msg': 'SUCCESS', 'sign': 'f220d40027498c93ed146ad7b3fb9278', 'orderNo': 'TestOrderNo_1679627183730', 'tradeNo': '10012023032410062517100007', 'payCode': 'https://checkouttest.allopayment.com/cardPay?orderInfo=wU3NFGwK4395KeELxFzSVftAPWe%2Fawqt6m6eTf%2BxuK4i4n6f5VQCcw%2FN8b6ApVwbxwfjsxaBaXa9leFM2yYFv8xESoHCy9iSgGDZnkFiwTbClBRnVTqXeNbjmCfeCq3DQl4k6GROrGAhjTOgGNjLAHrlKH7n2TLHTOTrC7j%2F9TU%3D', 'payCodeType': '1', 'expireTime': '2023-03-25 10:06:25'}
2023-03-24 11:06:25.056 | DEBUG    | lib.create_order1:post:95 - 2023-03-24 11:06:25 发起post请求:下单
2023-03-24 11:06:25.056 | DEBUG    | lib.create_order1:post:96 - 2023-03-24 11:06:25 请求时的入参: /pay/createOrder?amount=10000&currency=IDR&expectPayCodeType=0&merchantId=100119&orderNo=TestOrderNo_1679627185057&payChannel=3&payerName=test&payerPhone=081382826301&productId=2023&subject=TestSubject&version=1.0&sign=b4938e3dd05cb19fa64f1fd2ceb3bf06
2023-03-24 11:06:27.883 | DEBUG    | lib.create_order1:post:100 - 2023-03-24 11:06:27 接口返回值: {'code': '200', 'msg': 'SUCCESS', 'sign': '56f1146a1f0bae059348a61b290ceacd', 'orderNo': 'TestOrderNo_1679627185057', 'tradeNo': '10012023032410062659500006', 'payCode': '72939999401434', 'payCodeType': '0', 'expireTime': '2023-03-25 02:48:06'}
2023-03-24 11:06:27.884 | DEBUG    | lib.create_order1:post:95 - 2023-03-24 11:06:27 发起post请求:下单
2023-03-24 11:06:27.886 | DEBUG    | lib.create_order1:post:96 - 2023-03-24 11:06:27 请求时的入参: /pay/createOrder?amount=10000&currency=IDR&expectPayCodeType=0&merchantId=100119&orderNo=TestOrderNo_1679627187885&payChannel=4&payerName=test&payerPhone=081382826301&productId=2023&subject=TestSubject&version=1.0&sign=bb3244076fe318fedf441b10f4fa7d5e
2023-03-24 11:06:30.655 | DEBUG    | lib.create_order1:post:100 - 2023-03-24 11:06:30 接口返回值: {'code': '200', 'msg': 'SUCCESS', 'sign': '6d063ad9ecbe5d1372ed66c7527426c3', 'orderNo': 'TestOrderNo_1679627187885', 'tradeNo': '10012023032410062937300005', 'payCode': '8808999980236723', 'payCodeType': '0', 'expireTime': '2023-03-25 02:48:09'}
2023-03-24 11:06:30.656 | DEBUG    | lib.create_order1:post:95 - 2023-03-24 11:06:30 发起post请求:下单
2023-03-24 11:06:30.656 | DEBUG    | lib.create_order1:post:96 - 2023-03-24 11:06:30 请求时的入参: /pay/createOrder?amount=10000&currency=IDR&expectPayCodeType=0&merchantId=100119&orderNo=TestOrderNo_1679627190656&payChannel=6&payerName=test&payerPhone=081382826301&productId=2023&subject=TestSubject&version=1.0&sign=4bba8ea1237fd5ef5d0c5b1dd3ece588
2023-03-24 11:06:32.025 | DEBUG    | lib.create_order1:post:100 - 2023-03-24 11:06:32 接口返回值: {'code': '88011', 'msg': 'this channel is not supported yet', 'sign': 'e5ecde88e5c47f010ffd43aa30f7c64e'}
2023-03-24 11:06:32.026 | DEBUG    | lib.create_order1:post:95 - 2023-03-24 11:06:32 发起post请求:下单
2023-03-24 11:06:32.026 | DEBUG    | lib.create_order1:post:96 - 2023-03-24 11:06:32 请求时的入参: /pay/createOrder?amount=10000&currency=IDR&expectPayCodeType=0&merchantId=100119&orderNo=TestOrderNo_1679627192026&payChannel=8&payerName=test&payerPhone=081382826301&productId=2023&subject=TestSubject&version=1.0&sign=77f6258ebf39c4ce2bcadd7615c7a419
2023-03-24 11:06:33.380 | DEBUG    | lib.create_order1:post:100 - 2023-03-24 11:06:33 接口返回值: {'code': '200', 'msg': 'SUCCESS', 'sign': 'c11624c88346743cc27340b853d8bdf2', 'orderNo': 'TestOrderNo_1679627192026', 'tradeNo': '10012023032410063297500002', 'payCode': '889089999759991', 'payCodeType': '0', 'expireTime': '2023-03-25 02:48:12'}
2023-03-24 11:06:33.381 | DEBUG    | lib.create_order1:post:95 - 2023-03-24 11:06:33 发起post请求:下单
2023-03-24 11:06:33.381 | DEBUG    | lib.create_order1:post:96 - 2023-03-24 11:06:33 请求时的入参: /pay/createOrder?amount=10000&currency=IDR&expectPayCodeType=0&merchantId=100119&orderNo=TestOrderNo_1679627193382&payChannel=9&payerName=test&payerPhone=081382826301&productId=2023&subject=TestSubject&version=1.0&sign=37b4650d0c30deb63c4cff150a5451c2
2023-03-24 11:06:34.558 | DEBUG    | lib.create_order1:post:100 - 2023-03-24 11:06:34 接口返回值: {'code': '200', 'msg': 'SUCCESS', 'sign': '031005c8bee742d54cf1038f8cf84b68', 'orderNo': 'TestOrderNo_1679627193382', 'tradeNo': '10012023032410063427300000', 'payCode': '920019999720400', 'payCodeType': '0', 'expireTime': '2023-03-25 02:48:14'}
2023-03-24 11:06:34.560 | DEBUG    | lib.create_order1:post:95 - 2023-03-24 11:06:34 发起post请求:下单
2023-03-24 11:06:34.561 | DEBUG    | lib.create_order1:post:96 - 2023-03-24 11:06:34 请求时的入参: /pay/createOrder?amount=10000&currency=IDR&expectPayCodeType=0&merchantId=100119&orderNo=TestOrderNo_1679627194560&payChannel=12&payerName=test&payerPhone=081382826301&productId=2023&subject=TestSubject&version=1.0&sign=90cf91f5ac6068cf8ad1824ea182bd9b
2023-03-24 11:06:36.363 | DEBUG    | lib.create_order1:post:100 - 2023-03-24 11:06:36 接口返回值: {'code': '200', 'msg': 'SUCCESS', 'sign': '6a14a70273b6c003fbd9fc5d59e950e5', 'orderNo': 'TestOrderNo_1679627194560', 'tradeNo': '10012023032410063608700002', 'payCode': '929100703', 'payCodeType': '0', 'expireTime': '2023-03-25 10:06:36'}
2023-03-24 11:06:36.364 | DEBUG    | lib.create_order1:post:95 - 2023-03-24 11:06:36 发起post请求:下单
2023-03-24 11:06:36.365 | DEBUG    | lib.create_order1:post:96 - 2023-03-24 11:06:36 请求时的入参: /pay/createOrder?amount=10000&currency=IDR&expectPayCodeType=0&merchantId=100119&orderNo=TestOrderNo_1679627196364&payChannel=21&payerName=test&payerPhone=081382826301&productId=2023&subject=TestSubject&version=1.0&sign=ee01c01e92cbeeebeb2953e55130b9a6
2023-03-24 11:06:37.732 | DEBUG    | lib.create_order1:post:100 - 2023-03-24 11:06:37 接口返回值: {'code': '200', 'msg': 'SUCCESS', 'sign': '53b23c5cff7b2cf3ecc3108ccc1003aa', 'orderNo': 'TestOrderNo_1679627196364', 'tradeNo': '10012023032410063783700009', 'payCode': 'https://checkouttest.allopayment.com/id/debitPay?orderInfo=wU3NFGwK4395KeELxFzSVbc%2BoFIp%2FUwSF8eLyuo0c9eE0YE6SCOhV63dq4qu86%2Bjc5nA1KlkOjn9zVYeKy3p78oh02WCvtlCasOFZMyzJIzWauffbtYHfENlQCA9NXu9E3h3RKY34HulVPcu2Jh4goD74DoKS9Q4O%2Bf33mYsNWw%3D', 'payCodeType': '1', 'expireTime': '2023-03-31 10:06:37'}
gDaMruxB59jFYjtdqUtSmR52eNU+g0RVzMaEMNBbNtdB57QJc+yrTue6m2XFXWJL9msiINs6XXBmnCLLmJHd8YqCD4CuiD7rUl25EJc2h6eP2vVs+X9HlKVQmyTeMBDSG4VtPkrhwflQ7g99WksoIIS7o+6sW0NlIz8+JE6c+CNnx7at8NmmSZAQO26Egh01IZ/KFZ73ohSeQntmhPgSod4aejkFtq5N+Wf3n+o8s+UF20XdYRjCp4stCxY7Y/n6WqaDkIx6L95Ycr+9L8yVgH2RYuVErLVGD0KA7zVCcTyiTndIJzJ8J1rSh9xH7silzYOH1aBalw7SFt8lMqQjYw==
r0SX5+gmppGc2Qk4oo4QqeWyuK8PuBR9BsCD5ib3jBfc4TTTLqEwbvMRmCUTyTGuAj5xeMEH5xYxRDHeoIwgPgQZOufdonenl3Ll/qYIndFBZtz0Dj0cdUBrBcUWEToztbvdUamoYZe42Kn6L32SZkYLyQtJsxJ4XPoA/6B0ztnLxHVUhRtQkBn3qVERbD3pkkELm8+TcUrhq+UCRCMNUjNo1z77VcWHcc5hPJAEkNvJ1OdSNWnMJoBXJp/Qb/zISkinrLVSClwSvc8cT9RKl+QF4jECA8eD004JtBMQ2SS9dC15vKA3nT0CI8EqIIP/yzCjr9/LSPSm4Sp2ZvHTUg==