2023-05-23 17:10:27.536 | DEBUG    | lib.create_order1:post:93 - 2023-05-23 17:10:27 发起post请求:下单
2023-05-23 17:10:27.538 | DEBUG    | lib.create_order1:post:94 - 2023-05-23 17:10:27 请求时的入参: /pay/createOrder?amount=20110&currency=IDR&expectPayCodeType=0&merchantId=100119&orderNo=TestOrderNo_1684833027536&payChannel=3&payerName=test&payerPhone=081197204238&productId=2023&subject=TestSubject&version=1.0&sign=0ac9e1ce2e646fa1c947a7ce3cdc2536
2023-05-23 17:10:29.954 | DEBUG    | lib.create_order1:post:98 - 2023-05-23 17:10:29 接口返回值: {'code': '200', 'msg': 'SUCCESS', 'sign': '0dc1da4ab922b5639bd2c0ef59ff1942', 'orderNo': 'TestOrderNo_1684833027536', 'tradeNo': '10012023052316102928500016', 'payCode': '7392600006469997', 'payCodeType': '0', 'expireTime': '2023-05-24 08:52:09'}
2023-05-23 17:10:29.955 | DEBUG    | lib.create_order1:post:93 - 2023-05-23 17:10:29 发起post请求:下单
2023-05-23 17:10:29.955 | DEBUG    | lib.create_order1:post:94 - 2023-05-23 17:10:29 请求时的入参: /pay/createOrder?amount=20101&currency=IDR&expectPayCodeType=0&merchantId=100119&orderNo=TestOrderNo_1684833029956&payChannel=3&payerName=test&payerPhone=081197204238&productId=2023&subject=TestSubject&version=1.0&sign=8efd97d51597300e8f936f2008e741f2
2023-05-23 17:10:31.979 | DEBUG    | lib.create_order1:post:98 - 2023-05-23 17:10:31 接口返回值: {'code': '200', 'msg': 'SUCCESS', 'sign': '713f23f2eb6e7a2e26f0e5df80caa753', 'orderNo': 'TestOrderNo_1684833029956', 'tradeNo': '10012023052316103148400011', 'payCode': '7392600006469998', 'payCodeType': '0', 'expireTime': '2023-05-24 08:52:11'}
2023-05-23 17:10:31.979 | DEBUG    | lib.create_order1:post:93 - 2023-05-23 17:10:31 发起post请求:下单
2023-05-23 17:10:31.979 | DEBUG    | lib.create_order1:post:94 - 2023-05-23 17:10:31 请求时的入参: /pay/createOrder?amount=20110&currency=IDR&expectPayCodeType=0&merchantId=100119&orderNo=TestOrderNo_1684833031980&payChannel=4&payerName=test&payerPhone=081197204238&productId=2023&subject=TestSubject&version=1.0&sign=33eb903a77c90014ab436b9228d8156c
2023-05-23 17:10:34.226 | DEBUG    | lib.create_order1:post:98 - 2023-05-23 17:10:34 接口返回值: {'code': '200', 'msg': 'SUCCESS', 'sign': 'b92f38dcb8fff5fdb1951c14495f2f98', 'orderNo': 'TestOrderNo_1684833031980', 'tradeNo': '10012023052316103348000017', 'payCode': '8255600004358513', 'payCodeType': '0', 'expireTime': '2023-05-24 08:52:13'}
2023-05-23 17:10:34.227 | DEBUG    | lib.create_order1:post:93 - 2023-05-23 17:10:34 发起post请求:下单
2023-05-23 17:10:34.227 | DEBUG    | lib.create_order1:post:94 - 2023-05-23 17:10:34 请求时的入参: /pay/createOrder?amount=20101&currency=IDR&expectPayCodeType=0&merchantId=100119&orderNo=TestOrderNo_1684833034227&payChannel=4&payerName=test&payerPhone=081197204238&productId=2023&subject=TestSubject&version=1.0&sign=4feac230c2e0b676d77cf7c88331c07c
2023-05-23 17:10:36.453 | DEBUG    | lib.create_order1:post:98 - 2023-05-23 17:10:36 接口返回值: {'code': '200', 'msg': 'SUCCESS', 'sign': 'ebfd4cfe61cb5f060b664d663aef7a46', 'orderNo': 'TestOrderNo_1684833034227', 'tradeNo': '10012023052316103575700016', 'payCode': '8255600004358514', 'payCodeType': '0', 'expireTime': '2023-05-24 08:52:15'}
2023-05-23 17:10:36.454 | DEBUG    | lib.create_order1:post:93 - 2023-05-23 17:10:36 发起post请求:下单
2023-05-23 17:10:36.454 | DEBUG    | lib.create_order1:post:94 - 2023-05-23 17:10:36 请求时的入参: /pay/createOrder?amount=20110&currency=IDR&expectPayCodeType=0&merchantId=100119&orderNo=TestOrderNo_1684833036454&payChannel=5&payerName=test&payerPhone=081197204238&productId=2023&subject=TestSubject&version=1.0&sign=2682db1a66ec265889fc803fd035dbce
2023-05-23 17:10:38.119 | DEBUG    | lib.create_order1:post:98 - 2023-05-23 17:10:38 接口返回值: {'code': '88005', 'msg': 'channel process error, please try again', 'sign': 'dbe789f3423e001fc81b1d8bfb320386'}
2023-05-23 17:10:38.119 | DEBUG    | lib.create_order1:post:93 - 2023-05-23 17:10:38 发起post请求:下单
2023-05-23 17:10:38.119 | DEBUG    | lib.create_order1:post:94 - 2023-05-23 17:10:38 请求时的入参: /pay/createOrder?amount=20101&currency=IDR&expectPayCodeType=0&merchantId=100119&orderNo=TestOrderNo_1684833038119&payChannel=5&payerName=test&payerPhone=081197204238&productId=2023&subject=TestSubject&version=1.0&sign=c198d5822e1d2b124d32fbd227393e0e
2023-05-23 17:10:39.835 | DEBUG    | lib.create_order1:post:98 - 2023-05-23 17:10:39 接口返回值: {'code': '88005', 'msg': 'channel process error, please try again', 'sign': 'dbe789f3423e001fc81b1d8bfb320386'}
2023-05-23 17:10:39.835 | DEBUG    | lib.create_order1:post:93 - 2023-05-23 17:10:39 发起post请求:下单
2023-05-23 17:10:39.835 | DEBUG    | lib.create_order1:post:94 - 2023-05-23 17:10:39 请求时的入参: /pay/createOrder?amount=20110&currency=IDR&expectPayCodeType=0&merchantId=100119&orderNo=TestOrderNo_1684833039836&payChannel=6&payerName=test&payerPhone=081197204238&productId=2023&subject=TestSubject&version=1.0&sign=c6fff6a9fabe0050a93f06f782602e7f
2023-05-23 17:10:41.870 | DEBUG    | lib.create_order1:post:98 - 2023-05-23 17:10:41 接口返回值: {'code': '200', 'msg': 'SUCCESS', 'sign': '164ee14d737e7390b06e305a2b59e326', 'orderNo': 'TestOrderNo_1684833039836', 'tradeNo': '10012023052316104136800014', 'payCode': '23096000001935368', 'payCodeType': '0', 'expireTime': '2023-05-24 08:52:21'}
2023-05-23 17:10:41.871 | DEBUG    | lib.create_order1:post:93 - 2023-05-23 17:10:41 发起post请求:下单
2023-05-23 17:10:41.871 | DEBUG    | lib.create_order1:post:94 - 2023-05-23 17:10:41 请求时的入参: /pay/createOrder?amount=20101&currency=IDR&expectPayCodeType=0&merchantId=100119&orderNo=TestOrderNo_1684833041871&payChannel=6&payerName=test&payerPhone=081197204238&productId=2023&subject=TestSubject&version=1.0&sign=6f989a3a451e7095f680347602440fb5
2023-05-23 17:10:43.785 | DEBUG    | lib.create_order1:post:98 - 2023-05-23 17:10:43 接口返回值: {'code': '200', 'msg': 'SUCCESS', 'sign': 'da35276f452174ef0c808344bc4d867b', 'orderNo': 'TestOrderNo_1684833041871', 'tradeNo': '10012023052316104331800017', 'payCode': '23096000001935369', 'payCodeType': '0', 'expireTime': '2023-05-24 08:52:23'}
2023-05-23 17:10:43.785 | DEBUG    | lib.create_order1:post:93 - 2023-05-23 17:10:43 发起post请求:下单
2023-05-23 17:10:43.785 | DEBUG    | lib.create_order1:post:94 - 2023-05-23 17:10:43 请求时的入参: /pay/createOrder?amount=20110&currency=IDR&expectPayCodeType=0&merchantId=100119&orderNo=TestOrderNo_1684833043786&payChannel=9&payerName=test&payerPhone=081197204238&productId=2023&subject=TestSubject&version=1.0&sign=29f197e13c148573feeb0576e1ab5e47
2023-05-23 17:10:45.852 | DEBUG    | lib.create_order1:post:98 - 2023-05-23 17:10:45 接口返回值: {'code': '200', 'msg': 'SUCCESS', 'sign': 'fcd1a93c49cce51ec790ce4bb98fea19', 'orderNo': 'TestOrderNo_1684833043786', 'tradeNo': '10012023052316104530000013', 'payCode': '103406000006777226', 'payCodeType': '0', 'expireTime': '2023-05-24 08:52:25'}
2023-05-23 17:10:45.852 | DEBUG    | lib.create_order1:post:93 - 2023-05-23 17:10:45 发起post请求:下单
2023-05-23 17:10:45.852 | DEBUG    | lib.create_order1:post:94 - 2023-05-23 17:10:45 请求时的入参: /pay/createOrder?amount=20101&currency=IDR&expectPayCodeType=0&merchantId=100119&orderNo=TestOrderNo_1684833045852&payChannel=9&payerName=test&payerPhone=081197204238&productId=2023&subject=TestSubject&version=1.0&sign=49dd0a92d1f5c271ece94251a6d576d3
2023-05-23 17:10:47.850 | DEBUG    | lib.create_order1:post:98 - 2023-05-23 17:10:47 接口返回值: {'code': '200', 'msg': 'SUCCESS', 'sign': '54e1690d7daa25acc1c971d7d0b0a3b4', 'orderNo': 'TestOrderNo_1684833045852', 'tradeNo': '10012023052316104730300015', 'payCode': '103406000006777230', 'payCodeType': '0', 'expireTime': '2023-05-24 08:52:27'}
2023-05-23 17:10:50.866 | DEBUG    | lib.create_order1:post:93 - 2023-05-23 17:10:50 发起post请求:下单
2023-05-23 17:10:50.867 | DEBUG    | lib.create_order1:post:94 - 2023-05-23 17:10:50 请求时的入参: /pay/createOrder?amount=20110&currency=IDR&expectPayCodeType=0&merchantId=100119&orderNo=TestOrderNo_1684833050867&payChannel=3&payerName=test&payerPhone=081382826302&productId=2023&subject=TestSubject&version=1.0&sign=f87d9183c41fc3465744ace18c2c258b
2023-05-23 17:10:52.606 | DEBUG    | lib.create_order1:post:98 - 2023-05-23 17:10:52 接口返回值: {'code': '200', 'msg': 'SUCCESS', 'sign': '1b12ac6f9a93a26515618a35ee3ddf49', 'orderNo': 'TestOrderNo_1684833050867', 'tradeNo': '10012023052316105239400016', 'payCode': '7888001302486181', 'payCodeType': '0', 'expireTime': '2023-05-24 08:52:32'}
2023-05-23 17:10:52.607 | DEBUG    | lib.create_order1:post:93 - 2023-05-23 17:10:52 发起post请求:下单
2023-05-23 17:10:52.607 | DEBUG    | lib.create_order1:post:94 - 2023-05-23 17:10:52 请求时的入参: /pay/createOrder?amount=20101&currency=IDR&expectPayCodeType=0&merchantId=100119&orderNo=TestOrderNo_1684833052607&payChannel=3&payerName=test&payerPhone=081382826302&productId=2023&subject=TestSubject&version=1.0&sign=b9618c0936954c899db224ea2c691986
2023-05-23 17:10:54.209 | DEBUG    | lib.create_order1:post:98 - 2023-05-23 17:10:54 接口返回值: {'code': '200', 'msg': 'SUCCESS', 'sign': 'e051cea35f101d3bbb49b602751489ec', 'orderNo': 'TestOrderNo_1684833052607', 'tradeNo': '10012023052316105415300014', 'payCode': '7888001301083367', 'payCodeType': '0', 'expireTime': '2023-05-24 08:52:34'}
2023-05-23 17:10:54.209 | DEBUG    | lib.create_order1:post:93 - 2023-05-23 17:10:54 发起post请求:下单
2023-05-23 17:10:54.209 | DEBUG    | lib.create_order1:post:94 - 2023-05-23 17:10:54 请求时的入参: /pay/createOrder?amount=20110&currency=IDR&expectPayCodeType=0&merchantId=100119&orderNo=TestOrderNo_1684833054209&payChannel=4&payerName=test&payerPhone=081382826302&productId=2023&subject=TestSubject&version=1.0&sign=1ca9287beabe67fc7de827ac14a53390
2023-05-23 17:10:56.576 | DEBUG    | lib.create_order1:post:98 - 2023-05-23 17:10:56 接口返回值: {'code': '200', 'msg': 'SUCCESS', 'sign': '0a8fcfc490d9aee5991a220b4adedf09', 'orderNo': 'TestOrderNo_1684833054209', 'tradeNo': '10012023052316105570000011', 'payCode': '7136001304607510', 'payCodeType': '0', 'expireTime': '2023-05-24 08:52:35'}
2023-05-23 17:10:56.576 | DEBUG    | lib.create_order1:post:93 - 2023-05-23 17:10:56 发起post请求:下单
2023-05-23 17:10:56.577 | DEBUG    | lib.create_order1:post:94 - 2023-05-23 17:10:56 请求时的入参: /pay/createOrder?amount=20101&currency=IDR&expectPayCodeType=0&merchantId=100119&orderNo=TestOrderNo_1684833056576&payChannel=4&payerName=test&payerPhone=081382826302&productId=2023&subject=TestSubject&version=1.0&sign=40aa081c8a50b139fa5a6535098a85ac
2023-05-23 17:10:58.215 | DEBUG    | lib.create_order1:post:98 - 2023-05-23 17:10:58 接口返回值: {'code': '200', 'msg': 'SUCCESS', 'sign': '2be3f86dcdbb59a1ccece3fc2f2efbc3', 'orderNo': 'TestOrderNo_1684833056576', 'tradeNo': '10012023052316105810400013', 'payCode': '7136001305096317', 'payCodeType': '0', 'expireTime': '2023-05-24 08:52:38'}
2023-05-23 17:10:58.216 | DEBUG    | lib.create_order1:post:93 - 2023-05-23 17:10:58 发起post请求:下单
2023-05-23 17:10:58.216 | DEBUG    | lib.create_order1:post:94 - 2023-05-23 17:10:58 请求时的入参: /pay/createOrder?amount=20110&currency=IDR&expectPayCodeType=0&merchantId=100119&orderNo=TestOrderNo_1684833058217&payChannel=15&payerName=test&payerPhone=081382826302&productId=2023&subject=TestSubject&version=1.0&sign=4d53e51a3d837b8ec07f97a03b6e3409
2023-05-23 17:10:59.128 | DEBUG    | lib.create_order1:post:98 - 2023-05-23 17:10:59 接口返回值: {'code': '200', 'msg': 'SUCCESS', 'sign': 'f0ec7a2b402dc0beedff34b7b3d08ac6', 'orderNo': 'TestOrderNo_1684833058217', 'tradeNo': '10012023052316105917400015', 'payCode': 'https://checkouttest.allopayment.com/walletPay?orderInfo=wU3NFGwK4395KeELxFzSVfIUOLJ8eyjkmh%2BrAesa2lg6dtEFx28snqOPdrFtcFv%2BH2%2Bg2XWAFcmiDRgIBZ8PXfgsM3UZ2SS5%2F%2BF1QkhdPpDcVhj2Z0jYYgFb5MbOkR0maKi%2FM1wf3iGqovSbTHA5wEN4QKbjhAXs3VIQQ0YguXA%3D', 'payCodeType': '1', 'expireTime': '2023-05-23 17:10:59'}
2023-05-23 17:10:59.128 | DEBUG    | lib.create_order1:post:93 - 2023-05-23 17:10:59 发起post请求:下单
2023-05-23 17:10:59.129 | DEBUG    | lib.create_order1:post:94 - 2023-05-23 17:10:59 请求时的入参: /pay/createOrder?amount=20101&currency=IDR&expectPayCodeType=0&merchantId=100119&orderNo=TestOrderNo_1684833059128&payChannel=15&payerName=test&payerPhone=081382826302&productId=2023&subject=TestSubject&version=1.0&sign=5ad35fdd08851b5b8ff89f9739fbaf4f
2023-05-23 17:11:00.630 | DEBUG    | lib.create_order1:post:98 - 2023-05-23 17:11:00 接口返回值: {'code': '200', 'msg': 'SUCCESS', 'sign': '23d82598fee2b505c6ae6e90b9701252', 'orderNo': 'TestOrderNo_1684833059128', 'tradeNo': '10012023052316110067800014', 'payCode': 'https://checkouttest.allopayment.com/walletPay?orderInfo=wU3NFGwK4395KeELxFzSVfIUOLJ8eyjkmh%2BrAesa2lg6dtEFx28snqOPdrFtcFv%2BdOlLcX3fcQK%2FSt6VdaTyufgsM3UZ2SS5%2F%2BF1QkhdPpAeINGbA2%2FHVWS%2FCCIRFnEFtNGL0hs1d7dGt%2Flzhy9WXUN4QKbjhAXs3VIQQ0YguXA%3D', 'payCodeType': '1', 'expireTime': '2023-05-23 17:11:00'}
2023-05-23 17:11:00.631 | DEBUG    | lib.create_order1:post:93 - 2023-05-23 17:11:00 发起post请求:下单
2023-05-23 17:11:00.631 | DEBUG    | lib.create_order1:post:94 - 2023-05-23 17:11:00 请求时的入参: /pay/createOrder?amount=20110&currency=IDR&expectPayCodeType=0&merchantId=100119&orderNo=TestOrderNo_1684833060632&payChannel=6&payerName=test&payerPhone=081382826302&productId=2023&subject=TestSubject&version=1.0&sign=7d71a1857851ebf0d7d913d94d33d997
2023-05-23 17:11:02.231 | DEBUG    | lib.create_order1:post:98 - 2023-05-23 17:11:02 接口返回值: {'code': '200', 'msg': 'SUCCESS', 'sign': '91e0612b8207c0f187f9ff4077e92674', 'orderNo': 'TestOrderNo_1684833060632', 'tradeNo': '10012023052316110210300011', 'payCode': '1419001303195939', 'payCodeType': '0', 'expireTime': '2023-05-24 08:52:42'}
2023-05-23 17:11:02.231 | DEBUG    | lib.create_order1:post:93 - 2023-05-23 17:11:02 发起post请求:下单
2023-05-23 17:11:02.231 | DEBUG    | lib.create_order1:post:94 - 2023-05-23 17:11:02 请求时的入参: /pay/createOrder?amount=20101&currency=IDR&expectPayCodeType=0&merchantId=100119&orderNo=TestOrderNo_1684833062231&payChannel=6&payerName=test&payerPhone=081382826302&productId=2023&subject=TestSubject&version=1.0&sign=9d77518667e8d438a2a24b6e472f06bf
2023-05-23 17:11:04.052 | DEBUG    | lib.create_order1:post:98 - 2023-05-23 17:11:04 接口返回值: {'code': '200', 'msg': 'SUCCESS', 'sign': '891ffaa2af48d830b81c928a83420418', 'orderNo': 'TestOrderNo_1684833062231', 'tradeNo': '10012023052316110404200019', 'payCode': '1419001301246443', 'payCodeType': '0', 'expireTime': '2023-05-24 08:52:44'}
2023-05-23 17:11:04.053 | DEBUG    | lib.create_order1:post:93 - 2023-05-23 17:11:04 发起post请求:下单
2023-05-23 17:11:04.053 | DEBUG    | lib.create_order1:post:94 - 2023-05-23 17:11:04 请求时的入参: /pay/createOrder?amount=20110&currency=IDR&expectPayCodeType=0&merchantId=100119&orderNo=TestOrderNo_1684833064053&payChannel=9&payerName=test&payerPhone=081382826302&productId=2023&subject=TestSubject&version=1.0&sign=3c8528010f6dad182cad727156adda24
2023-05-23 17:11:05.718 | DEBUG    | lib.create_order1:post:98 - 2023-05-23 17:11:05 接口返回值: {'code': '200', 'msg': 'SUCCESS', 'sign': '1e8ea3e552f7d2fd987e763db52878db', 'orderNo': 'TestOrderNo_1684833064053', 'tradeNo': '10012023052316110560000013', 'payCode': '1303300130598221', 'payCodeType': '0', 'expireTime': '2023-05-24 08:52:45'}
2023-05-23 17:11:05.718 | DEBUG    | lib.create_order1:post:93 - 2023-05-23 17:11:05 发起post请求:下单
2023-05-23 17:11:05.718 | DEBUG    | lib.create_order1:post:94 - 2023-05-23 17:11:05 请求时的入参: /pay/createOrder?amount=20101&currency=IDR&expectPayCodeType=0&merchantId=100119&orderNo=TestOrderNo_1684833065718&payChannel=9&payerName=test&payerPhone=081382826302&productId=2023&subject=TestSubject&version=1.0&sign=58e5b47f0d2458df2367939d8f0db559
2023-05-23 17:11:07.934 | DEBUG    | lib.create_order1:post:98 - 2023-05-23 17:11:07 接口返回值: {'code': '200', 'msg': 'SUCCESS', 'sign': 'f306abd7262b453d933dde96a69886b2', 'orderNo': 'TestOrderNo_1684833065718', 'tradeNo': '10012023052316110727300017', 'payCode': '1303300130124558', 'payCodeType': '0', 'expireTime': '2023-05-24 08:52:47'}
2023-05-23 17:11:10.942 | DEBUG    | lib.create_order1:post:93 - 2023-05-23 17:11:10 发起post请求:下单
2023-05-23 17:11:10.943 | DEBUG    | lib.create_order1:post:94 - 2023-05-23 17:11:10 请求时的入参: /pay/createOrder?amount=20110&currency=IDR&expectPayCodeType=0&merchantId=100119&orderNo=TestOrderNo_1684833070943&payChannel=15&payerName=test&payerPhone=081382826303&productId=2023&subject=TestSubject&version=1.0&sign=74eb2994ac35660481ddaf56bdf6e781
2023-05-23 17:11:11.833 | DEBUG    | lib.create_order1:post:98 - 2023-05-23 17:11:11 接口返回值: {'code': '200', 'msg': 'SUCCESS', 'sign': '9cb00136774f7e2c24bdfff3bdbf3d7f', 'orderNo': 'TestOrderNo_1684833070943', 'tradeNo': '10012023052316111190100017', 'payCode': 'https://checkouttest.allopayment.com/walletPay?orderInfo=wU3NFGwK4395KeELxFzSVfIUOLJ8eyjkmh%2BrAesa2lg6dtEFx28snqOPdrFtcFv%2BIBvrShbCNCnbiHvOERn7w%2FgsM3UZ2SS5%2F%2BF1QkhdPpDovkSl2xq4aX2DnfNCWmwkaKi%2FM1wf3iGqovSbTHA5wEN4QKbjhAXs3VIQQ0YguXA%3D', 'payCodeType': '1', 'expireTime': '2023-05-23 17:11:11'}
2023-05-23 17:11:11.833 | DEBUG    | lib.create_order1:post:93 - 2023-05-23 17:11:11 发起post请求:下单
2023-05-23 17:11:11.834 | DEBUG    | lib.create_order1:post:94 - 2023-05-23 17:11:11 请求时的入参: /pay/createOrder?amount=20101&currency=IDR&expectPayCodeType=0&merchantId=100119&orderNo=TestOrderNo_1684833071834&payChannel=15&payerName=test&payerPhone=081382826303&productId=2023&subject=TestSubject&version=1.0&sign=2bfdb348b6028c93a110373046efea3f
2023-05-23 17:11:13.333 | DEBUG    | lib.create_order1:post:98 - 2023-05-23 17:11:13 接口返回值: {'code': '200', 'msg': 'SUCCESS', 'sign': 'f7ddd2d4e5714a4130d9414d0721b4c6', 'orderNo': 'TestOrderNo_1684833071834', 'tradeNo': '10012023052316111339200017', 'payCode': 'https://checkouttest.allopayment.com/walletPay?orderInfo=wU3NFGwK4395KeELxFzSVfIUOLJ8eyjkmh%2BrAesa2lg6dtEFx28snqOPdrFtcFv%2BQFBThbvZp1Qw4iOdFQIEh%2FgsM3UZ2SS5%2F%2BF1QkhdPpDlPfplWnIeQud3xVe8hm%2FxtNGL0hs1d7dGt%2Flzhy9WXUN4QKbjhAXs3VIQQ0YguXA%3D', 'payCodeType': '1', 'expireTime': '2023-05-23 17:11:13'}
2023-05-23 17:11:13.334 | DEBUG    | lib.create_order1:post:93 - 2023-05-23 17:11:13 发起post请求:下单
2023-05-23 17:11:13.335 | DEBUG    | lib.create_order1:post:94 - 2023-05-23 17:11:13 请求时的入参: /pay/createOrder?amount=20110&currency=IDR&expectPayCodeType=0&merchantId=100119&orderNo=TestOrderNo_1684833073335&payChannel=16&payerName=test&payerPhone=081382826303&productId=2023&subject=TestSubject&version=1.0&sign=064951c6d4b9221d9881b58f76159f92
2023-05-23 17:11:16.204 | DEBUG    | lib.create_order1:post:98 - 2023-05-23 17:11:16 接口返回值: {'code': '200', 'msg': 'SUCCESS', 'sign': 'd234db937672de95e285b4b0f456f402', 'orderNo': 'TestOrderNo_1684833073335', 'tradeNo': '10012023052316111429100010', 'payCode': 'http://mock qris qrcode', 'payCodeType': '1', 'expireTime': '2023-05-23 17:11:14'}
2023-05-23 17:11:16.204 | DEBUG    | lib.create_order1:post:93 - 2023-05-23 17:11:16 发起post请求:下单
2023-05-23 17:11:16.204 | DEBUG    | lib.create_order1:post:94 - 2023-05-23 17:11:16 请求时的入参: /pay/createOrder?amount=20101&currency=IDR&expectPayCodeType=0&merchantId=100119&orderNo=TestOrderNo_1684833076205&payChannel=16&payerName=test&payerPhone=081382826303&productId=2023&subject=TestSubject&version=1.0&sign=85cb1afd4bd2d642b48e11e03bcd8d65
2023-05-23 17:11:17.906 | DEBUG    | lib.create_order1:post:98 - 2023-05-23 17:11:17 接口返回值: {'code': '200', 'msg': 'SUCCESS', 'sign': '8b53e97a1d7e5798c98b80ef76cdd2ff', 'orderNo': 'TestOrderNo_1684833076205', 'tradeNo': '10012023052316111768800014', 'payCode': 'http://mock qris qrcode', 'payCodeType': '1', 'expireTime': '2023-05-23 17:11:17'}
2023-05-23 17:11:17.906 | DEBUG    | lib.create_order1:post:93 - 2023-05-23 17:11:17 发起post请求:下单
2023-05-23 17:11:17.906 | DEBUG    | lib.create_order1:post:94 - 2023-05-23 17:11:17 请求时的入参: /pay/createOrder?amount=20110&currency=IDR&expectPayCodeType=0&merchantId=100119&orderNo=TestOrderNo_1684833077907&payChannel=17&payerName=test&payerPhone=081382826303&productId=2023&subject=TestSubject&version=1.0&sign=ff52f95d791fe91944dc3b0a5c9c9e73
2023-05-23 17:11:19.605 | DEBUG    | lib.create_order1:post:98 - 2023-05-23 17:11:19 接口返回值: {'code': '200', 'msg': 'SUCCESS', 'sign': 'eb0c391662618ff0ce7a117a63f4ee11', 'orderNo': 'TestOrderNo_1684833077907', 'tradeNo': '10012023052316111943900010', 'payCode': 'https://sit.allopayment.com/payResultRedirect/10012023052316111943900010', 'payCodeType': '1', 'expireTime': '2023-05-23 17:11:19'}
2023-05-23 17:11:19.605 | DEBUG    | lib.create_order1:post:93 - 2023-05-23 17:11:19 发起post请求:下单
2023-05-23 17:11:19.606 | DEBUG    | lib.create_order1:post:94 - 2023-05-23 17:11:19 请求时的入参: /pay/createOrder?amount=20101&currency=IDR&expectPayCodeType=0&merchantId=100119&orderNo=TestOrderNo_1684833079606&payChannel=17&payerName=test&payerPhone=081382826303&productId=2023&subject=TestSubject&version=1.0&sign=1cb27be973036831faacaf0b33acf2f1
2023-05-23 17:11:21.285 | DEBUG    | lib.create_order1:post:98 - 2023-05-23 17:11:21 接口返回值: {'code': '200', 'msg': 'SUCCESS', 'sign': '06fb7f1c8feb1b8d6e18df4f19a68547', 'orderNo': 'TestOrderNo_1684833079606', 'tradeNo': '10012023052316112111900014', 'payCode': 'https://sit.allopayment.com/payResultRedirect/10012023052316112111900014', 'payCodeType': '1', 'expireTime': '2023-05-23 17:11:21'}
2023-05-23 17:11:21.286 | DEBUG    | lib.create_order1:post:93 - 2023-05-23 17:11:21 发起post请求:下单
2023-05-23 17:11:21.286 | DEBUG    | lib.create_order1:post:94 - 2023-05-23 17:11:21 请求时的入参: /pay/createOrder?amount=20110&currency=IDR&expectPayCodeType=0&merchantId=100119&orderNo=TestOrderNo_1684833081287&payChannel=18&payerName=test&payerPhone=081382826303&productId=2023&subject=TestSubject&version=1.0&sign=4a6ba32fbb94ae2f903a061ca09b35cd
2023-05-23 17:11:22.920 | DEBUG    | lib.create_order1:post:98 - 2023-05-23 17:11:22 接口返回值: {'code': '200', 'msg': 'SUCCESS', 'sign': '422b91682ffb0fcbd532e183ff03aa83', 'orderNo': 'TestOrderNo_1684833081287', 'tradeNo': '10012023052316112275300019', 'payCode': 'https://sit.allopayment.com/payResultRedirect/10012023052316112275300019', 'payCodeType': '1', 'expireTime': '2023-05-23 17:11:22'}
2023-05-23 17:11:22.921 | DEBUG    | lib.create_order1:post:93 - 2023-05-23 17:11:22 发起post请求:下单
2023-05-23 17:11:22.921 | DEBUG    | lib.create_order1:post:94 - 2023-05-23 17:11:22 请求时的入参: /pay/createOrder?amount=20101&currency=IDR&expectPayCodeType=0&merchantId=100119&orderNo=TestOrderNo_1684833082921&payChannel=18&payerName=test&payerPhone=081382826303&productId=2023&subject=TestSubject&version=1.0&sign=38da0f73b946cfe96824d724d3b1ee4c
2023-05-23 17:11:24.614 | DEBUG    | lib.create_order1:post:98 - 2023-05-23 17:11:24 接口返回值: {'code': '200', 'msg': 'SUCCESS', 'sign': '61073c896083a98e1f260c0ccf6bb34c', 'orderNo': 'TestOrderNo_1684833082921', 'tradeNo': '10012023052316112444200017', 'payCode': 'https://sit.allopayment.com/payResultRedirect/10012023052316112444200017', 'payCodeType': '1', 'expireTime': '2023-05-23 17:11:24'}
2023-05-23 17:11:24.615 | DEBUG    | lib.create_order1:post:93 - 2023-05-23 17:11:24 发起post请求:下单
2023-05-23 17:11:24.615 | DEBUG    | lib.create_order1:post:94 - 2023-05-23 17:11:24 请求时的入参: /pay/createOrder?amount=20110&currency=IDR&expectPayCodeType=0&merchantId=100119&orderNo=TestOrderNo_1684833084615&payChannel=19&payerName=test&payerPhone=081382826303&productId=2023&subject=TestSubject&version=1.0&sign=78f4381f7fc09b6038574957aee896c7
2023-05-23 17:11:25.733 | DEBUG    | lib.create_order1:post:98 - 2023-05-23 17:11:25 接口返回值: {'code': '200', 'msg': 'SUCCESS', 'sign': '04ea92359942c5279ec60034a64cff4c', 'orderNo': 'TestOrderNo_1684833084615', 'tradeNo': '10012023052316112558300017', 'payCode': 'https://sit.allopayment.com/payResultRedirect/10012023052316112558300017', 'payCodeType': '1', 'expireTime': '2023-05-23 17:11:25'}
2023-05-23 17:11:25.734 | DEBUG    | lib.create_order1:post:93 - 2023-05-23 17:11:25 发起post请求:下单
2023-05-23 17:11:25.734 | DEBUG    | lib.create_order1:post:94 - 2023-05-23 17:11:25 请求时的入参: /pay/createOrder?amount=20101&currency=IDR&expectPayCodeType=0&merchantId=100119&orderNo=TestOrderNo_1684833085735&payChannel=19&payerName=test&payerPhone=081382826303&productId=2023&subject=TestSubject&version=1.0&sign=79a1e390c5713659bb08b6c1838bc051
2023-05-23 17:11:29.455 | DEBUG    | lib.create_order1:post:98 - 2023-05-23 17:11:29 接口返回值: {'code': '200', 'msg': 'SUCCESS', 'sign': '35561ad558ad1f5ddc24c73c3d6cdbdc', 'orderNo': 'TestOrderNo_1684833085735', 'tradeNo': '10012023052316112932200016', 'payCode': 'https://sit.allopayment.com/payResultRedirect/10012023052316112932200016', 'payCodeType': '1', 'expireTime': '2023-05-23 17:11:29'}
2023-05-23 17:11:29.456 | DEBUG    | lib.create_order1:post:93 - 2023-05-23 17:11:29 发起post请求:下单
2023-05-23 17:11:29.456 | DEBUG    | lib.create_order1:post:94 - 2023-05-23 17:11:29 请求时的入参: /pay/createOrder?amount=20110&currency=IDR&expectPayCodeType=0&merchantId=100119&orderNo=TestOrderNo_1684833089457&payChannel=3&payerName=test&payerPhone=081382826303&productId=2023&subject=TestSubject&version=1.0&sign=b3096f86c08b6ed3012e8807965089dc
2023-05-23 17:11:31.100 | DEBUG    | lib.create_order1:post:98 - 2023-05-23 17:11:31 接口返回值: {'code': '200', 'msg': 'SUCCESS', 'sign': '14ce13cb39ac42c91d5111a83c26b0fd', 'orderNo': 'TestOrderNo_1684833089457', 'tradeNo': '10012023052316113092800017', 'payCode': '7392600000007566', 'payCodeType': '0', 'expireTime': '2023-05-24 08:53:10'}
2023-05-23 17:11:31.101 | DEBUG    | lib.create_order1:post:93 - 2023-05-23 17:11:31 发起post请求:下单
2023-05-23 17:11:31.101 | DEBUG    | lib.create_order1:post:94 - 2023-05-23 17:11:31 请求时的入参: /pay/createOrder?amount=20101&currency=IDR&expectPayCodeType=0&merchantId=100119&orderNo=TestOrderNo_1684833091102&payChannel=3&payerName=test&payerPhone=081382826303&productId=2023&subject=TestSubject&version=1.0&sign=0aad84038b8b830e4addd9aff1980513
2023-05-23 17:11:32.753 | DEBUG    | lib.create_order1:post:98 - 2023-05-23 17:11:32 接口返回值: {'code': '200', 'msg': 'SUCCESS', 'sign': 'c69d79c0c6c2435ee30d0c0df7ea9560', 'orderNo': 'TestOrderNo_1684833091102', 'tradeNo': '10012023052316113259300017', 'payCode': '7392600000007567', 'payCodeType': '0', 'expireTime': '2023-05-24 08:53:12'}
2023-05-23 17:11:32.753 | DEBUG    | lib.create_order1:post:93 - 2023-05-23 17:11:32 发起post请求:下单
2023-05-23 17:11:32.753 | DEBUG    | lib.create_order1:post:94 - 2023-05-23 17:11:32 请求时的入参: /pay/createOrder?amount=20110&currency=IDR&expectPayCodeType=0&merchantId=100119&orderNo=TestOrderNo_1684833092754&payChannel=4&payerName=test&payerPhone=081382826303&productId=2023&subject=TestSubject&version=1.0&sign=09ce691d7db3251b2938ddae9763277c
2023-05-23 17:11:34.407 | DEBUG    | lib.create_order1:post:98 - 2023-05-23 17:11:34 接口返回值: {'code': '200', 'msg': 'SUCCESS', 'sign': '972c6223f5c7055015f5d0a106958302', 'orderNo': 'TestOrderNo_1684833092754', 'tradeNo': '10012023052316113420800010', 'payCode': '8255600000023812', 'payCodeType': '0', 'expireTime': '2023-05-24 08:53:14'}
2023-05-23 17:11:34.408 | DEBUG    | lib.create_order1:post:93 - 2023-05-23 17:11:34 发起post请求:下单
2023-05-23 17:11:34.408 | DEBUG    | lib.create_order1:post:94 - 2023-05-23 17:11:34 请求时的入参: /pay/createOrder?amount=20101&currency=IDR&expectPayCodeType=0&merchantId=100119&orderNo=TestOrderNo_1684833094408&payChannel=4&payerName=test&payerPhone=081382826303&productId=2023&subject=TestSubject&version=1.0&sign=caacbd4ef9157da42724d780d572a808
2023-05-23 17:11:35.528 | DEBUG    | lib.create_order1:post:98 - 2023-05-23 17:11:35 接口返回值: {'code': '200', 'msg': 'SUCCESS', 'sign': 'a57c402bcc7a1ca936d4e986cf7b5c0f', 'orderNo': 'TestOrderNo_1684833094408', 'tradeNo': '10012023052316113533900012', 'payCode': '8255600000023813', 'payCodeType': '0', 'expireTime': '2023-05-24 08:53:15'}
2023-05-23 17:11:35.528 | DEBUG    | lib.create_order1:post:93 - 2023-05-23 17:11:35 发起post请求:下单
2023-05-23 17:11:35.529 | DEBUG    | lib.create_order1:post:94 - 2023-05-23 17:11:35 请求时的入参: /pay/createOrder?amount=20110&currency=IDR&expectPayCodeType=0&merchantId=100119&orderNo=TestOrderNo_1684833095528&payChannel=5&payerName=test&payerPhone=081382826303&productId=2023&subject=TestSubject&version=1.0&sign=f2e72deea1a0e51418bd17b403160ec4
2023-05-23 17:11:38.268 | DEBUG    | lib.create_order1:post:98 - 2023-05-23 17:11:38 接口返回值: {'code': '200', 'msg': 'SUCCESS', 'sign': '769520bee21acafdd53fe139b65a5af5', 'orderNo': 'TestOrderNo_1684833095528', 'tradeNo': '10012023052316113802900016', 'payCode': '700707760000010357', 'payCodeType': '0', 'expireTime': '2023-05-24 08:53:18'}
2023-05-23 17:11:38.268 | DEBUG    | lib.create_order1:post:93 - 2023-05-23 17:11:38 发起post请求:下单
2023-05-23 17:11:38.269 | DEBUG    | lib.create_order1:post:94 - 2023-05-23 17:11:38 请求时的入参: /pay/createOrder?amount=20101&currency=IDR&expectPayCodeType=0&merchantId=100119&orderNo=TestOrderNo_1684833098268&payChannel=5&payerName=test&payerPhone=081382826303&productId=2023&subject=TestSubject&version=1.0&sign=722bfb3b43be024908bf0d38a20bad1a
2023-05-23 17:11:39.869 | DEBUG    | lib.create_order1:post:98 - 2023-05-23 17:11:39 接口返回值: {'code': '200', 'msg': 'SUCCESS', 'sign': 'e5ffe2db693c82bc0e732e0958c95479', 'orderNo': 'TestOrderNo_1684833098268', 'tradeNo': '10012023052316113971100018', 'payCode': '700707760000010358', 'payCodeType': '0', 'expireTime': '2023-05-24 08:53:19'}
2023-05-23 17:11:39.871 | DEBUG    | lib.create_order1:post:93 - 2023-05-23 17:11:39 发起post请求:下单
2023-05-23 17:11:39.871 | DEBUG    | lib.create_order1:post:94 - 2023-05-23 17:11:39 请求时的入参: /pay/createOrder?amount=20110&currency=IDR&expectPayCodeType=0&merchantId=100119&orderNo=TestOrderNo_1684833099872&payChannel=6&payerName=test&payerPhone=081382826303&productId=2023&subject=TestSubject&version=1.0&sign=dc1f5cbf92cca09808f364e77251c813
2023-05-23 17:11:41.560 | DEBUG    | lib.create_order1:post:98 - 2023-05-23 17:11:41 接口返回值: {'code': '200', 'msg': 'SUCCESS', 'sign': '581b829d80702553414ae5fd0ba61a9e', 'orderNo': 'TestOrderNo_1684833099872', 'tradeNo': '10012023052316114140500013', 'payCode': '23096000000108820', 'payCodeType': '0', 'expireTime': '2023-05-24 08:53:21'}
2023-05-23 17:11:41.561 | DEBUG    | lib.create_order1:post:93 - 2023-05-23 17:11:41 发起post请求:下单
2023-05-23 17:11:41.562 | DEBUG    | lib.create_order1:post:94 - 2023-05-23 17:11:41 请求时的入参: /pay/createOrder?amount=20101&currency=IDR&expectPayCodeType=0&merchantId=100119&orderNo=TestOrderNo_1684833101561&payChannel=6&payerName=test&payerPhone=081382826303&productId=2023&subject=TestSubject&version=1.0&sign=6954ca1eb3fa0728bc4e1432f1c49477
2023-05-23 17:11:43.218 | DEBUG    | lib.create_order1:post:98 - 2023-05-23 17:11:43 接口返回值: {'code': '200', 'msg': 'SUCCESS', 'sign': 'a6a739ea0bb68c7f52666e7d6373a6c4', 'orderNo': 'TestOrderNo_1684833101561', 'tradeNo': '10012023052316114307500012', 'payCode': '23096000000108821', 'payCodeType': '0', 'expireTime': '2023-05-24 08:53:23'}
2023-05-23 17:11:43.219 | DEBUG    | lib.create_order1:post:93 - 2023-05-23 17:11:43 发起post请求:下单
2023-05-23 17:11:43.219 | DEBUG    | lib.create_order1:post:94 - 2023-05-23 17:11:43 请求时的入参: /pay/createOrder?amount=20110&currency=IDR&expectPayCodeType=0&merchantId=100119&orderNo=TestOrderNo_1684833103219&payChannel=9&payerName=test&payerPhone=081382826303&productId=2023&subject=TestSubject&version=1.0&sign=3b93cf8db3c4cd4cc6113bd74b2ed7d4
2023-05-23 17:11:44.834 | DEBUG    | lib.create_order1:post:98 - 2023-05-23 17:11:44 接口返回值: {'code': '200', 'msg': 'SUCCESS', 'sign': '2d7027a6401671e824ccb28c62d61735', 'orderNo': 'TestOrderNo_1684833103219', 'tradeNo': '10012023052316114467200015', 'payCode': '103406000000021763', 'payCodeType': '0', 'expireTime': '2023-05-24 08:53:24'}
2023-05-23 17:11:44.835 | DEBUG    | lib.create_order1:post:93 - 2023-05-23 17:11:44 发起post请求:下单
2023-05-23 17:11:44.836 | DEBUG    | lib.create_order1:post:94 - 2023-05-23 17:11:44 请求时的入参: /pay/createOrder?amount=20101&currency=IDR&expectPayCodeType=0&merchantId=100119&orderNo=TestOrderNo_1684833104835&payChannel=9&payerName=test&payerPhone=081382826303&productId=2023&subject=TestSubject&version=1.0&sign=d2d5ff35afdfee5cd93e2d0f3aae3b16
2023-05-23 17:11:47.081 | DEBUG    | lib.create_order1:post:98 - 2023-05-23 17:11:47 接口返回值: {'code': '200', 'msg': 'SUCCESS', 'sign': 'fdc95a3d381b9cf3e833113b64675be3', 'orderNo': 'TestOrderNo_1684833104835', 'tradeNo': '10012023052316114676200012', 'payCode': '103406000000021764', 'payCodeType': '0', 'expireTime': '2023-05-24 08:53:26'}
2023-05-23 17:11:50.096 | DEBUG    | lib.create_order1:post:93 - 2023-05-23 17:11:50 发起post请求:下单
2023-05-23 17:11:50.097 | DEBUG    | lib.create_order1:post:94 - 2023-05-23 17:11:50 请求时的入参: /pay/createOrder?amount=20110&currency=IDR&expectPayCodeType=0&merchantId=100119&orderNo=TestOrderNo_1684833110097&payChannel=15&payerName=test&payerPhone=081382826306&productId=2023&subject=TestSubject&version=1.0&sign=b5776869166dacf5e436a754fea298b0
2023-05-23 17:11:51.655 | DEBUG    | lib.create_order1:post:98 - 2023-05-23 17:11:51 接口返回值: {'code': '200', 'msg': 'SUCCESS', 'sign': '75ba90275b2e6a7fea5ee6ad77ce0bf9', 'orderNo': 'TestOrderNo_1684833110097', 'tradeNo': '10012023052316115171700018', 'payCode': 'https://checkouttest.allopayment.com/walletPay?orderInfo=wU3NFGwK4395KeELxFzSVfIUOLJ8eyjkmh%2BrAesa2lg6dtEFx28snqOPdrFtcFv%2BmFl6x7gOYSIlyx9G53FZZfgsM3UZ2SS5%2F%2BF1QkhdPpD%2FILVOZ2PXpPEbwiYpiBydaKi%2FM1wf3iGqovSbTHA5wEN4QKbjhAXs3VIQQ0YguXA%3D', 'payCodeType': '1', 'expireTime': '2023-05-23 17:11:51'}
2023-05-23 17:11:51.656 | DEBUG    | lib.create_order1:post:93 - 2023-05-23 17:11:51 发起post请求:下单
2023-05-23 17:11:51.657 | DEBUG    | lib.create_order1:post:94 - 2023-05-23 17:11:51 请求时的入参: /pay/createOrder?amount=20101&currency=IDR&expectPayCodeType=0&merchantId=100119&orderNo=TestOrderNo_1684833111657&payChannel=15&payerName=test&payerPhone=081382826306&productId=2023&subject=TestSubject&version=1.0&sign=3c7fc4c07e1dea05bbd946b77cfb0985
2023-05-23 17:11:54.014 | DEBUG    | lib.create_order1:post:98 - 2023-05-23 17:11:54 接口返回值: {'code': '200', 'msg': 'SUCCESS', 'sign': 'cf8bf324660e4e878149883fcef74f55', 'orderNo': 'TestOrderNo_1684833111657', 'tradeNo': '10012023052316115318900018', 'payCode': 'https://checkouttest.allopayment.com/walletPay?orderInfo=wU3NFGwK4395KeELxFzSVfIUOLJ8eyjkmh%2BrAesa2lg6dtEFx28snqOPdrFtcFv%2BT%2BLUCqccQM%2F6v9aeCUaW3vgsM3UZ2SS5%2F%2BF1QkhdPpD1upF2%2BY3ueoKjDp5BWVBQtNGL0hs1d7dGt%2Flzhy9WXUN4QKbjhAXs3VIQQ0YguXA%3D', 'payCodeType': '1', 'expireTime': '2023-05-23 17:11:53'}
2023-05-23 17:11:54.016 | DEBUG    | lib.create_order1:post:93 - 2023-05-23 17:11:54 发起post请求:下单
2023-05-23 17:11:54.016 | DEBUG    | lib.create_order1:post:94 - 2023-05-23 17:11:54 请求时的入参: /pay/createOrder?amount=20110&currency=IDR&expectPayCodeType=0&merchantId=100119&orderNo=TestOrderNo_1684833114016&payChannel=16&payerName=test&payerPhone=081382826306&productId=2023&subject=TestSubject&version=1.0&sign=60023fc38daaa0b48ae5c7c45ddbdf4c
2023-05-23 17:11:55.873 | DEBUG    | lib.create_order1:post:98 - 2023-05-23 17:11:55 接口返回值: {'code': '88005', 'msg': 'channel process error, please try again', 'sign': 'dbe789f3423e001fc81b1d8bfb320386'}
2023-05-23 17:11:55.875 | DEBUG    | lib.create_order1:post:93 - 2023-05-23 17:11:55 发起post请求:下单
2023-05-23 17:11:55.876 | DEBUG    | lib.create_order1:post:94 - 2023-05-23 17:11:55 请求时的入参: /pay/createOrder?amount=20101&currency=IDR&expectPayCodeType=0&merchantId=100119&orderNo=TestOrderNo_1684833115876&payChannel=16&payerName=test&payerPhone=081382826306&productId=2023&subject=TestSubject&version=1.0&sign=58931895f4d6b6f1ca492c3e4a7f7f3d
2023-05-23 17:11:58.066 | DEBUG    | lib.create_order1:post:98 - 2023-05-23 17:11:58 接口返回值: {'code': '200', 'msg': 'SUCCESS', 'sign': 'ea82fd18dca48d11e5da42c82ebfa838', 'orderNo': 'TestOrderNo_1684833115876', 'tradeNo': '10012023052316115738200015', 'payCode': '00020101021226670016COM.NOBUBANK.WWW01189360050300000841110214029138203072420303UKE51440014ID.CO.QRIS.WWW0215ID20232545908540303UKE5204549953033605405201015802ID5909digitopup6013Jakarta Barat61051021062510114052300741906310614230523673584930703A010804POSP6304D850', 'payCodeType': '1', 'expireTime': '2023-05-23 17:11:57'}
2023-05-23 17:11:58.067 | DEBUG    | lib.create_order1:post:93 - 2023-05-23 17:11:58 发起post请求:下单
2023-05-23 17:11:58.067 | DEBUG    | lib.create_order1:post:94 - 2023-05-23 17:11:58 请求时的入参: /pay/createOrder?amount=20110&currency=IDR&expectPayCodeType=0&merchantId=100119&orderNo=TestOrderNo_1684833118068&payChannel=17&payerName=test&payerPhone=081382826306&productId=2023&subject=TestSubject&version=1.0&sign=9c43e4de018a9c72388b4edd2f0d9ca1
2023-05-23 17:12:00.131 | DEBUG    | lib.create_order1:post:98 - 2023-05-23 17:12:00 接口返回值: {'code': '200', 'msg': 'SUCCESS', 'sign': 'aa97d37cf5ac240a0b5654c7225ac646', 'orderNo': 'TestOrderNo_1684833118068', 'tradeNo': '10012023052316115956200010', 'payCode': 'https://link.dana.id/pay?bizNo=20230523111212800110166978479861504&timestamp=1684833119993&originSourcePlatform=IPG&mid=216620000311085238996&did=216650000552544219991&sign=suFw0ZLysaDhutmxhrqtLF3ZCvc4cQ%2BnbpVLOomFm63eWVCjDbjAN3jHXc%2BNlEdjAxYCvgjLCCE4gliRuRCzrAyCgYaQp2qwPSCfWhfYZ89tyNuv8JD9ncmVrdp%2B2Q443ix6tjNEnuNnRdf5YGQULSGToFblGhpbs8EBH7pTNm%2BJEe5US4bnWXSiXRkOMMz3sjAz34kKeyXiBMT7Vm0lhtiIfPOXMHCD0GCL%2FdKyBvd38MWmmbLyZNFAqmu8jhDuylDiN6%2B7xZf6qARcpoaGwapd%2Bi3WWxG7mOiIOkJtplVeJskTj%2BQIiRknu7qr1jYpif6JZIQwLHDhwbDLShylMw%3D%3D&forceToH5=false', 'payCodeType': '1', 'expireTime': '2023-05-23 17:11:59'}
2023-05-23 17:12:00.132 | DEBUG    | lib.create_order1:post:93 - 2023-05-23 17:12:00 发起post请求:下单
2023-05-23 17:12:00.133 | DEBUG    | lib.create_order1:post:94 - 2023-05-23 17:12:00 请求时的入参: /pay/createOrder?amount=20101&currency=IDR&expectPayCodeType=0&merchantId=100119&orderNo=TestOrderNo_1684833120133&payChannel=17&payerName=test&payerPhone=081382826306&productId=2023&subject=TestSubject&version=1.0&sign=d670df7b52f8974d6ea3643321edddd3
2023-05-23 17:12:02.357 | DEBUG    | lib.create_order1:post:98 - 2023-05-23 17:12:02 接口返回值: {'code': '200', 'msg': 'SUCCESS', 'sign': '996fe831d5c8b6784410bbdca7a6ef4f', 'orderNo': 'TestOrderNo_1684833120133', 'tradeNo': '10012023052316120169800010', 'payCode': 'https://link.dana.id/pay?bizNo=20230523111212800110166845079923983&timestamp=1684833122213&originSourcePlatform=IPG&mid=216620000311085238996&did=216650000552544219991&sign=PRgPJvYIEI999btw%2FhpE%2BJBYsCp1SFViQrwOycGmZLEacReU79bJWuyBkxsUjMeTeZscLw3vvTfjY8j0IMCrv39HPgyI7niXPQyyJ90Y8Es%2BjLjOVNEM8NL5R4ffNz59rN%2Fb1zFdjzyketbrEXqt229zMA9H2YM0HhWTADzlt1sK5ykXrxU5bqi61%2FxwlE0wjnDr7ZTIJHKgGomNUXfxBof%2FM%2BDXg%2FWkr95m2m663S52gQkAKAXQnFWfRBzCBpmEjhFkcKFdA4%2Fb21zJ4B70e6COIpa3W%2BVKG6eQklph0yw52SDqu78NvshEZol0lgTqiUxV%2FWjrXohv1xfEtFZ6XA%3D%3D&forceToH5=false', 'payCodeType': '1', 'expireTime': '2023-05-23 17:12:01'}
2023-05-23 17:12:02.358 | DEBUG    | lib.create_order1:post:93 - 2023-05-23 17:12:02 发起post请求:下单
2023-05-23 17:12:02.358 | DEBUG    | lib.create_order1:post:94 - 2023-05-23 17:12:02 请求时的入参: /pay/createOrder?amount=20110&currency=IDR&expectPayCodeType=0&merchantId=100119&orderNo=TestOrderNo_1684833122358&payChannel=18&payerName=test&payerPhone=081382826306&productId=2023&subject=TestSubject&version=1.0&sign=3cc96b5d366188b4ed9d4a531c8df8f6
2023-05-23 17:12:05.075 | DEBUG    | lib.create_order1:post:98 - 2023-05-23 17:12:05 接口返回值: {'code': '88011', 'msg': 'this channel is not supported yet', 'sign': 'e5ecde88e5c47f010ffd43aa30f7c64e'}
2023-05-23 17:12:05.076 | DEBUG    | lib.create_order1:post:93 - 2023-05-23 17:12:05 发起post请求:下单
2023-05-23 17:12:05.076 | DEBUG    | lib.create_order1:post:94 - 2023-05-23 17:12:05 请求时的入参: /pay/createOrder?amount=20101&currency=IDR&expectPayCodeType=0&merchantId=100119&orderNo=TestOrderNo_1684833125075&payChannel=18&payerName=test&payerPhone=081382826306&productId=2023&subject=TestSubject&version=1.0&sign=432d4329dcb886090312f9b19840ecce
2023-05-23 17:12:06.497 | DEBUG    | lib.create_order1:post:98 - 2023-05-23 17:12:06 接口返回值: {'code': '88011', 'msg': 'this channel is not supported yet', 'sign': 'e5ecde88e5c47f010ffd43aa30f7c64e'}
2023-05-23 17:12:06.498 | DEBUG    | lib.create_order1:post:93 - 2023-05-23 17:12:06 发起post请求:下单
2023-05-23 17:12:06.498 | DEBUG    | lib.create_order1:post:94 - 2023-05-23 17:12:06 请求时的入参: /pay/createOrder?amount=20110&currency=IDR&expectPayCodeType=0&merchantId=100119&orderNo=TestOrderNo_1684833126499&payChannel=19&payerName=test&payerPhone=081382826306&productId=2023&subject=TestSubject&version=1.0&sign=d06642a07d069bcf3e36cb859655aa52
2023-05-23 17:12:07.881 | DEBUG    | lib.create_order1:post:98 - 2023-05-23 17:12:07 接口返回值: {'code': '200', 'msg': 'SUCCESS', 'sign': 'b9c9943f0508be509d37181d7d06b3db', 'orderNo': 'TestOrderNo_1684833126499', 'tradeNo': '10012023052316120741600011', 'payCode': 'https://wsa.wallet.airpay.co.id/universal-link/wallet/pay?deep_and_deferred=1&token=Um80ZWF4Yk9xZmROU8AZAIBBOv0ibOJZSBT5yn3CknoQwnv2BilIjA', 'payCodeType': '1', 'expireTime': '2023-05-23 17:12:07'}
2023-05-23 17:12:07.882 | DEBUG    | lib.create_order1:post:93 - 2023-05-23 17:12:07 发起post请求:下单
2023-05-23 17:12:07.882 | DEBUG    | lib.create_order1:post:94 - 2023-05-23 17:12:07 请求时的入参: /pay/createOrder?amount=20101&currency=IDR&expectPayCodeType=0&merchantId=100119&orderNo=TestOrderNo_1684833127882&payChannel=19&payerName=test&payerPhone=081382826306&productId=2023&subject=TestSubject&version=1.0&sign=c139c06e5106dd9466fbbcfb30020c94
2023-05-23 17:12:09.773 | DEBUG    | lib.create_order1:post:98 - 2023-05-23 17:12:09 接口返回值: {'code': '200', 'msg': 'SUCCESS', 'sign': 'cba2fd1bcd0daaea2645e15da94aeb8f', 'orderNo': 'TestOrderNo_1684833127882', 'tradeNo': '10012023052316120935700015', 'payCode': 'https://wsa.wallet.airpay.co.id/universal-link/wallet/pay?deep_and_deferred=1&token=Um80ZWF4Yk9xZmROU8AZAJ1dM-Eja-8tZdhAO_pZSXD6VVl9A746ag', 'payCodeType': '1', 'expireTime': '2023-05-23 17:12:09'}
2023-05-23 17:12:09.774 | DEBUG    | lib.create_order1:post:93 - 2023-05-23 17:12:09 发起post请求:下单
2023-05-23 17:12:09.774 | DEBUG    | lib.create_order1:post:94 - 2023-05-23 17:12:09 请求时的入参: /pay/createOrder?amount=20110&currency=IDR&expectPayCodeType=0&merchantId=100119&orderNo=TestOrderNo_1684833129775&payChannel=3&payerName=test&payerPhone=081382826306&productId=2023&subject=TestSubject&version=1.0&sign=f187c853035cce84401daa92e05d6312
2023-05-23 17:12:12.612 | DEBUG    | lib.create_order1:post:98 - 2023-05-23 17:12:12 接口返回值: {'code': '200', 'msg': 'SUCCESS', 'sign': 'ab99a182e4257763a874131942b99da0', 'orderNo': 'TestOrderNo_1684833129775', 'tradeNo': '10012023052316121126100015', 'payCode': '7392600006470002', 'payCodeType': '0', 'expireTime': '2023-05-24 08:53:51'}
2023-05-23 17:12:12.614 | DEBUG    | lib.create_order1:post:93 - 2023-05-23 17:12:12 发起post请求:下单
2023-05-23 17:12:12.614 | DEBUG    | lib.create_order1:post:94 - 2023-05-23 17:12:12 请求时的入参: /pay/createOrder?amount=20101&currency=IDR&expectPayCodeType=0&merchantId=100119&orderNo=TestOrderNo_1684833132614&payChannel=3&payerName=test&payerPhone=081382826306&productId=2023&subject=TestSubject&version=1.0&sign=d645a392c2c12129be931601ed73168b
2023-05-23 17:12:14.431 | DEBUG    | lib.create_order1:post:98 - 2023-05-23 17:12:14 接口返回值: {'code': '200', 'msg': 'SUCCESS', 'sign': '5964a23a204e846a5a05af42f0934df5', 'orderNo': 'TestOrderNo_1684833132614', 'tradeNo': '10012023052316121409100013', 'payCode': '7392600006470003', 'payCodeType': '0', 'expireTime': '2023-05-24 08:53:54'}
2023-05-23 17:12:14.432 | DEBUG    | lib.create_order1:post:93 - 2023-05-23 17:12:14 发起post请求:下单
2023-05-23 17:12:14.432 | DEBUG    | lib.create_order1:post:94 - 2023-05-23 17:12:14 请求时的入参: /pay/createOrder?amount=20110&currency=IDR&expectPayCodeType=0&merchantId=100119&orderNo=TestOrderNo_1684833134433&payChannel=4&payerName=test&payerPhone=081382826306&productId=2023&subject=TestSubject&version=1.0&sign=47a2e3672b10899eb35d8c4651a1ec9b
2023-05-23 17:12:16.441 | DEBUG    | lib.create_order1:post:98 - 2023-05-23 17:12:16 接口返回值: {'code': '200', 'msg': 'SUCCESS', 'sign': '63c515b0e23f0d10dbc0b74dea00b22d', 'orderNo': 'TestOrderNo_1684833134433', 'tradeNo': '10012023052316121591900014', 'payCode': '9888739961968181', 'payCodeType': '0', 'expireTime': '2023-05-24 08:53:55'}
2023-05-23 17:12:16.442 | DEBUG    | lib.create_order1:post:93 - 2023-05-23 17:12:16 发起post请求:下单
2023-05-23 17:12:16.442 | DEBUG    | lib.create_order1:post:94 - 2023-05-23 17:12:16 请求时的入参: /pay/createOrder?amount=20101&currency=IDR&expectPayCodeType=0&merchantId=100119&orderNo=TestOrderNo_1684833136443&payChannel=4&payerName=test&payerPhone=081382826306&productId=2023&subject=TestSubject&version=1.0&sign=9c980f1fd1fd3c96a80b325a2d1d3863
2023-05-23 17:12:18.473 | DEBUG    | lib.create_order1:post:98 - 2023-05-23 17:12:18 接口返回值: {'code': '200', 'msg': 'SUCCESS', 'sign': 'ee8724a6f241e5c4348840049a2e0a37', 'orderNo': 'TestOrderNo_1684833136443', 'tradeNo': '10012023052316121792800013', 'payCode': '9888739961968182', 'payCodeType': '0', 'expireTime': '2023-05-24 08:53:57'}
2023-05-23 17:12:18.475 | DEBUG    | lib.create_order1:post:93 - 2023-05-23 17:12:18 发起post请求:下单
2023-05-23 17:12:18.475 | DEBUG    | lib.create_order1:post:94 - 2023-05-23 17:12:18 请求时的入参: /pay/createOrder?amount=20110&currency=IDR&expectPayCodeType=0&merchantId=100119&orderNo=TestOrderNo_1684833138475&payChannel=5&payerName=test&payerPhone=081382826306&productId=2023&subject=TestSubject&version=1.0&sign=a912d3364531d03087e5f35e0a432aa1
2023-05-23 17:12:19.522 | DEBUG    | lib.create_order1:post:98 - 2023-05-23 17:12:19 接口返回值: {'code': '200', 'msg': 'SUCCESS', 'sign': '16418cafd48429f689e280e47ec07e54', 'orderNo': 'TestOrderNo_1684833138475', 'tradeNo': '10012023052316121943500017', 'payCode': '1457192640767', 'payCodeType': '0', 'expireTime': '2023-05-24 08:53:59'}
2023-05-23 17:12:19.523 | DEBUG    | lib.create_order1:post:93 - 2023-05-23 17:12:19 发起post请求:下单
2023-05-23 17:12:19.524 | DEBUG    | lib.create_order1:post:94 - 2023-05-23 17:12:19 请求时的入参: /pay/createOrder?amount=20101&currency=IDR&expectPayCodeType=0&merchantId=100119&orderNo=TestOrderNo_1684833139524&payChannel=5&payerName=test&payerPhone=081382826306&productId=2023&subject=TestSubject&version=1.0&sign=4da5d68fbc127af159cb42a05ca2c38b
2023-05-23 17:12:21.107 | DEBUG    | lib.create_order1:post:98 - 2023-05-23 17:12:21 接口返回值: {'code': '200', 'msg': 'SUCCESS', 'sign': 'a0b66a5f5dd4d73f8abdd8d2a6c7ccb6', 'orderNo': 'TestOrderNo_1684833139524', 'tradeNo': '10012023052316122102700018', 'payCode': '1457118470666', 'payCodeType': '0', 'expireTime': '2023-05-24 08:54:01'}
2023-05-23 17:12:21.108 | DEBUG    | lib.create_order1:post:93 - 2023-05-23 17:12:21 发起post请求:下单
2023-05-23 17:12:21.109 | DEBUG    | lib.create_order1:post:94 - 2023-05-23 17:12:21 请求时的入参: /pay/createOrder?amount=20110&currency=IDR&expectPayCodeType=0&merchantId=100119&orderNo=TestOrderNo_1684833141108&payChannel=6&payerName=test&payerPhone=081382826306&productId=2023&subject=TestSubject&version=1.0&sign=2af7de376ee756df44331b7fa3075d7c
2023-05-23 17:12:23.904 | DEBUG    | lib.create_order1:post:98 - 2023-05-23 17:12:23 接口返回值: {'code': '200', 'msg': 'SUCCESS', 'sign': '72ba8af13bbb9d7350d2bbd890ca5688', 'orderNo': 'TestOrderNo_1684833141108', 'tradeNo': '10012023052316122354100016', 'payCode': '23096000001935392', 'payCodeType': '0', 'expireTime': '2023-05-24 08:54:03'}
2023-05-23 17:12:23.905 | DEBUG    | lib.create_order1:post:93 - 2023-05-23 17:12:23 发起post请求:下单
2023-05-23 17:12:23.905 | DEBUG    | lib.create_order1:post:94 - 2023-05-23 17:12:23 请求时的入参: /pay/createOrder?amount=20101&currency=IDR&expectPayCodeType=0&merchantId=100119&orderNo=TestOrderNo_1684833143905&payChannel=6&payerName=test&payerPhone=081382826306&productId=2023&subject=TestSubject&version=1.0&sign=b70813fde7332e285fc9704b1205232d
2023-05-23 17:12:25.792 | DEBUG    | lib.create_order1:post:98 - 2023-05-23 17:12:25 接口返回值: {'code': '200', 'msg': 'SUCCESS', 'sign': '523d0c59dd2996374669d9494d4ce04a', 'orderNo': 'TestOrderNo_1684833143905', 'tradeNo': '10012023052316122538900018', 'payCode': '23096000001935393', 'payCodeType': '0', 'expireTime': '2023-05-24 08:54:05'}
2023-05-23 17:12:25.793 | DEBUG    | lib.create_order1:post:93 - 2023-05-23 17:12:25 发起post请求:下单
2023-05-23 17:12:25.794 | DEBUG    | lib.create_order1:post:94 - 2023-05-23 17:12:25 请求时的入参: /pay/createOrder?amount=20110&currency=IDR&expectPayCodeType=0&merchantId=100119&orderNo=TestOrderNo_1684833145794&payChannel=9&payerName=test&payerPhone=081382826306&productId=2023&subject=TestSubject&version=1.0&sign=2dbfd9b17e6361ce9afd5603a80f944a
2023-05-23 17:12:27.677 | DEBUG    | lib.create_order1:post:98 - 2023-05-23 17:12:27 接口返回值: {'code': '200', 'msg': 'SUCCESS', 'sign': '9cdd2e49966dcac9bc4a5006324c05c4', 'orderNo': 'TestOrderNo_1684833145794', 'tradeNo': '10012023052316122732000011', 'payCode': '135036000006777270', 'payCodeType': '0', 'expireTime': '2023-05-24 08:54:07'}
2023-05-23 17:12:27.679 | DEBUG    | lib.create_order1:post:93 - 2023-05-23 17:12:27 发起post请求:下单
2023-05-23 17:12:27.679 | DEBUG    | lib.create_order1:post:94 - 2023-05-23 17:12:27 请求时的入参: /pay/createOrder?amount=20101&currency=IDR&expectPayCodeType=0&merchantId=100119&orderNo=TestOrderNo_1684833147679&payChannel=9&payerName=test&payerPhone=081382826306&productId=2023&subject=TestSubject&version=1.0&sign=66a32ab56255fb03a12112e437d65cfe
2023-05-23 17:12:28.991 | DEBUG    | lib.create_order1:post:98 - 2023-05-23 17:12:28 接口返回值: {'code': '200', 'msg': 'SUCCESS', 'sign': '83cdbc5e3b7c21ab574d19ae1e83220c', 'orderNo': 'TestOrderNo_1684833147679', 'tradeNo': '10012023052316122863600019', 'payCode': '135036000006777271', 'payCodeType': '0', 'expireTime': '2023-05-24 08:54:08'}
2023-05-23 17:12:32.004 | DEBUG    | lib.create_order1:post:93 - 2023-05-23 17:12:32 发起post请求:下单
2023-05-23 17:12:32.004 | DEBUG    | lib.create_order1:post:94 - 2023-05-23 17:12:32 请求时的入参: /pay/createOrder?amount=20110&currency=IDR&expectPayCodeType=0&merchantId=100119&orderNo=TestOrderNo_1684833152004&payChannel=17&payerName=test&payerPhone=081382826304&productId=2023&subject=TestSubject&version=1.0&sign=ae9dd07402fa10b5bfe70f44f22a6130
2023-05-23 17:12:33.714 | DEBUG    | lib.create_order1:post:98 - 2023-05-23 17:12:33 接口返回值: {'code': '88005', 'msg': 'channel process error, please try again', 'sign': 'dbe789f3423e001fc81b1d8bfb320386'}
2023-05-23 17:12:33.715 | DEBUG    | lib.create_order1:post:93 - 2023-05-23 17:12:33 发起post请求:下单
2023-05-23 17:12:33.715 | DEBUG    | lib.create_order1:post:94 - 2023-05-23 17:12:33 请求时的入参: /pay/createOrder?amount=20101&currency=IDR&expectPayCodeType=0&merchantId=100119&orderNo=TestOrderNo_1684833153715&payChannel=17&payerName=test&payerPhone=081382826304&productId=2023&subject=TestSubject&version=1.0&sign=7da34cba857a0600c9822ff36fd94964
2023-05-23 17:12:35.337 | DEBUG    | lib.create_order1:post:98 - 2023-05-23 17:12:35 接口返回值: {'code': '88005', 'msg': 'channel process error, please try again', 'sign': 'dbe789f3423e001fc81b1d8bfb320386'}
2023-05-23 17:12:35.337 | DEBUG    | lib.create_order1:post:93 - 2023-05-23 17:12:35 发起post请求:下单
2023-05-23 17:12:35.337 | DEBUG    | lib.create_order1:post:94 - 2023-05-23 17:12:35 请求时的入参: /pay/createOrder?amount=20110&currency=IDR&expectPayCodeType=0&merchantId=100119&orderNo=TestOrderNo_1684833155338&payChannel=18&payerName=test&payerPhone=081382826304&productId=2023&subject=TestSubject&version=1.0&sign=289302864d0f69c14d932ab95ef5260d
2023-05-23 17:12:36.458 | DEBUG    | lib.create_order1:post:98 - 2023-05-23 17:12:36 接口返回值: {'code': '200', 'msg': 'SUCCESS', 'sign': 'a253ecac0d4354019a67592a56226f86', 'orderNo': 'TestOrderNo_1684833155338', 'tradeNo': '10012023052316123629300019', 'payCode': 'https://debit-sandbox.faspay.co.id/pws/100003/0830000010100000/ac2a4ba0bb8d9915ebdab21f03db365e57958c99?trx_id=3444230215644132&merchant_id=34442&bill_no=10012023052316123629300019', 'payCodeType': '1', 'expireTime': '2023-05-23 17:12:36'}
2023-05-23 17:12:36.459 | DEBUG    | lib.create_order1:post:93 - 2023-05-23 17:12:36 发起post请求:下单
2023-05-23 17:12:36.459 | DEBUG    | lib.create_order1:post:94 - 2023-05-23 17:12:36 请求时的入参: /pay/createOrder?amount=20101&currency=IDR&expectPayCodeType=0&merchantId=100119&orderNo=TestOrderNo_1684833156459&payChannel=18&payerName=test&payerPhone=081382826304&productId=2023&subject=TestSubject&version=1.0&sign=eade832cc02e84a9d7428cae097aa0c2
2023-05-23 17:12:38.088 | DEBUG    | lib.create_order1:post:98 - 2023-05-23 17:12:38 接口返回值: {'code': '200', 'msg': 'SUCCESS', 'sign': 'f7aa10340c2dfbd82ab200b572fbacca', 'orderNo': 'TestOrderNo_1684833156459', 'tradeNo': '10012023052316123794200010', 'payCode': 'https://debit-sandbox.faspay.co.id/pws/100003/0830000010100000/f078f71a972b1d1028269a31d6cf66b7168a6cfc?trx_id=3444230215808463&merchant_id=34442&bill_no=10012023052316123794200010', 'payCodeType': '1', 'expireTime': '2023-05-23 17:12:37'}
2023-05-23 17:12:38.089 | DEBUG    | lib.create_order1:post:93 - 2023-05-23 17:12:38 发起post请求:下单
2023-05-23 17:12:38.089 | DEBUG    | lib.create_order1:post:94 - 2023-05-23 17:12:38 请求时的入参: /pay/createOrder?amount=20110&currency=IDR&expectPayCodeType=0&merchantId=100119&orderNo=TestOrderNo_1684833158090&payChannel=18&payerName=test&payerPhone=081382826304&productId=2023&subject=TestSubject&version=1.0&sign=c198f130a42dc5df009c9e953c60900f
2023-05-23 17:12:40.233 | DEBUG    | lib.create_order1:post:98 - 2023-05-23 17:12:40 接口返回值: {'code': '200', 'msg': 'SUCCESS', 'sign': '475e1d6de087eb6c59d9b2303ce85ed2', 'orderNo': 'TestOrderNo_1684833158090', 'tradeNo': '10012023052316124009500012', 'payCode': 'https://debit-sandbox.faspay.co.id/pws/100003/0830000010100000/62e79563079c97244785d98a00137ae5f4afc6ac?trx_id=3444230216024294&merchant_id=34442&bill_no=10012023052316124009500012', 'payCodeType': '1', 'expireTime': '2023-05-23 17:12:40'}
2023-05-23 17:12:40.233 | DEBUG    | lib.create_order1:post:93 - 2023-05-23 17:12:40 发起post请求:下单
2023-05-23 17:12:40.234 | DEBUG    | lib.create_order1:post:94 - 2023-05-23 17:12:40 请求时的入参: /pay/createOrder?amount=20101&currency=IDR&expectPayCodeType=0&merchantId=100119&orderNo=TestOrderNo_1684833160233&payChannel=18&payerName=test&payerPhone=081382826304&productId=2023&subject=TestSubject&version=1.0&sign=f136a0788f80059c569b63160b72445a
2023-05-23 17:12:41.295 | DEBUG    | lib.create_order1:post:98 - 2023-05-23 17:12:41 接口返回值: {'code': '200', 'msg': 'SUCCESS', 'sign': '90eb30fb48496b88434818587baeda92', 'orderNo': 'TestOrderNo_1684833160233', 'tradeNo': '10012023052316124115800017', 'payCode': 'https://debit-sandbox.faspay.co.id/pws/100003/0830000010100000/c74171b55dff970f7075f41b294009e292f0b04c?trx_id=3444230216130685&merchant_id=34442&bill_no=10012023052316124115800017', 'payCodeType': '1', 'expireTime': '2023-05-23 17:12:41'}
2023-05-23 17:12:41.295 | DEBUG    | lib.create_order1:post:93 - 2023-05-23 17:12:41 发起post请求:下单
2023-05-23 17:12:41.295 | DEBUG    | lib.create_order1:post:94 - 2023-05-23 17:12:41 请求时的入参: /pay/createOrder?amount=20110&currency=IDR&expectPayCodeType=0&merchantId=100119&orderNo=TestOrderNo_1684833161295&payChannel=18&payerName=test&payerPhone=081382826304&productId=2023&subject=TestSubject&version=1.0&sign=c99d78516daf3c770d094650339dcb56
2023-05-23 17:12:42.953 | DEBUG    | lib.create_order1:post:98 - 2023-05-23 17:12:42 接口返回值: {'code': '200', 'msg': 'SUCCESS', 'sign': '3fd115a16d2f09ae783ca96447b2db28', 'orderNo': 'TestOrderNo_1684833161295', 'tradeNo': '10012023052316124281900013', 'payCode': 'https://debit-sandbox.faspay.co.id/pws/100003/0830000010100000/9e3b65a84158ad0c78d2566623848af1dbb8f14c?trx_id=3444230216296126&merchant_id=34442&bill_no=10012023052316124281900013', 'payCodeType': '1', 'expireTime': '2023-05-23 17:12:42'}
2023-05-23 17:12:42.954 | DEBUG    | lib.create_order1:post:93 - 2023-05-23 17:12:42 发起post请求:下单
2023-05-23 17:12:42.954 | DEBUG    | lib.create_order1:post:94 - 2023-05-23 17:12:42 请求时的入参: /pay/createOrder?amount=20101&currency=IDR&expectPayCodeType=0&merchantId=100119&orderNo=TestOrderNo_1684833162954&payChannel=18&payerName=test&payerPhone=081382826304&productId=2023&subject=TestSubject&version=1.0&sign=7741afa535282947b8ec3e0b53056fbd
2023-05-23 17:12:44.550 | DEBUG    | lib.create_order1:post:98 - 2023-05-23 17:12:44 接口返回值: {'code': '200', 'msg': 'SUCCESS', 'sign': 'e373eb6d04e6e3c9aa8bc0ae3f4ba547', 'orderNo': 'TestOrderNo_1684833162954', 'tradeNo': '10012023052316124440600017', 'payCode': 'https://debit-sandbox.faspay.co.id/pws/100003/0830000010100000/ab55a7897c62bdf7dc066c98689498d9aed3e1be?trx_id=3444230216455137&merchant_id=34442&bill_no=10012023052316124440600017', 'payCodeType': '1', 'expireTime': '2023-05-23 17:12:44'}
2023-05-23 17:12:44.551 | DEBUG    | lib.create_order1:post:93 - 2023-05-23 17:12:44 发起post请求:下单
2023-05-23 17:12:44.553 | DEBUG    | lib.create_order1:post:94 - 2023-05-23 17:12:44 请求时的入参: /pay/createOrder?amount=20110&currency=IDR&expectPayCodeType=0&merchantId=100119&orderNo=TestOrderNo_1684833164551&payChannel=38&payerName=test&payerPhone=081382826304&productId=2023&subject=TestSubject&version=1.0&sign=1f916c82efcc02e7ee2bd941a200c4d1
2023-05-23 17:12:45.952 | DEBUG    | lib.create_order1:post:98 - 2023-05-23 17:12:45 接口返回值: {'code': '88011', 'msg': 'this channel is not supported yet', 'sign': 'e5ecde88e5c47f010ffd43aa30f7c64e'}
2023-05-23 17:12:45.953 | DEBUG    | lib.create_order1:post:93 - 2023-05-23 17:12:45 发起post请求:下单
2023-05-23 17:12:45.953 | DEBUG    | lib.create_order1:post:94 - 2023-05-23 17:12:45 请求时的入参: /pay/createOrder?amount=20101&currency=IDR&expectPayCodeType=0&merchantId=100119&orderNo=TestOrderNo_1684833165953&payChannel=38&payerName=test&payerPhone=081382826304&productId=2023&subject=TestSubject&version=1.0&sign=89033f44a4201d41a1b11846b17ba6d0
2023-05-23 17:12:47.408 | DEBUG    | lib.create_order1:post:98 - 2023-05-23 17:12:47 接口返回值: {'code': '88011', 'msg': 'this channel is not supported yet', 'sign': 'e5ecde88e5c47f010ffd43aa30f7c64e'}
2023-05-23 17:12:47.409 | DEBUG    | lib.create_order1:post:93 - 2023-05-23 17:12:47 发起post请求:下单
2023-05-23 17:12:47.409 | DEBUG    | lib.create_order1:post:94 - 2023-05-23 17:12:47 请求时的入参: /pay/createOrder?amount=20110&currency=IDR&expectPayCodeType=0&merchantId=100119&orderNo=TestOrderNo_1684833167410&payChannel=38&payerName=test&payerPhone=081382826304&productId=2023&subject=TestSubject&version=1.0&sign=2ff4feffd64a43e52a7f4244d1e2cbe8
2023-05-23 17:12:48.285 | DEBUG    | lib.create_order1:post:98 - 2023-05-23 17:12:48 接口返回值: {'code': '88011', 'msg': 'this channel is not supported yet', 'sign': 'e5ecde88e5c47f010ffd43aa30f7c64e'}
2023-05-23 17:12:48.286 | DEBUG    | lib.create_order1:post:93 - 2023-05-23 17:12:48 发起post请求:下单
2023-05-23 17:12:48.286 | DEBUG    | lib.create_order1:post:94 - 2023-05-23 17:12:48 请求时的入参: /pay/createOrder?amount=20101&currency=IDR&expectPayCodeType=0&merchantId=100119&orderNo=TestOrderNo_1684833168286&payChannel=38&payerName=test&payerPhone=081382826304&productId=2023&subject=TestSubject&version=1.0&sign=2fbcc05940e6e958827109aa82469fe1
2023-05-23 17:12:49.659 | DEBUG    | lib.create_order1:post:98 - 2023-05-23 17:12:49 接口返回值: {'code': '88011', 'msg': 'this channel is not supported yet', 'sign': 'e5ecde88e5c47f010ffd43aa30f7c64e'}
2023-05-23 17:12:52.665 | DEBUG    | lib.create_order1:post:93 - 2023-05-23 17:12:52 发起post请求:下单
2023-05-23 17:12:52.665 | DEBUG    | lib.create_order1:post:94 - 2023-05-23 17:12:52 请求时的入参: /pay/createOrder?amount=20110&currency=IDR&expectPayCodeType=0&merchantId=100119&orderNo=TestOrderNo_1684833172665&payChannel=15&payerName=test&payerPhone=081382826301&productId=2023&subject=TestSubject&version=1.0&sign=c715f3314cd8f4b3f1e4a976f3d6a69e
2023-05-23 17:12:54.066 | DEBUG    | lib.create_order1:post:98 - 2023-05-23 17:12:54 接口返回值: {'code': '200', 'msg': 'SUCCESS', 'sign': '535a653a0bf062a0fe35b9378119f71f', 'orderNo': 'TestOrderNo_1684833172665', 'tradeNo': '10012023052316125412400013', 'payCode': 'https://checkouttest.allopayment.com/walletPay?orderInfo=wU3NFGwK4395KeELxFzSVfIUOLJ8eyjkmh%2BrAesa2lg6dtEFx28snqOPdrFtcFv%2B%2BL%2BNpFThdi1hrMZb17%2F%2FMfgsM3UZ2SS5%2F%2BF1QkhdPpCj9HLgrs047v4lMfCWTOu2aKi%2FM1wf3iGqovSbTHA5wEN4QKbjhAXs3VIQQ0YguXA%3D', 'payCodeType': '1', 'expireTime': '2023-05-23 17:12:54'}
2023-05-23 17:12:54.066 | DEBUG    | lib.create_order1:post:93 - 2023-05-23 17:12:54 发起post请求:下单
2023-05-23 17:12:54.066 | DEBUG    | lib.create_order1:post:94 - 2023-05-23 17:12:54 请求时的入参: /pay/createOrder?amount=20101&currency=IDR&expectPayCodeType=0&merchantId=100119&orderNo=TestOrderNo_1684833174067&payChannel=15&payerName=test&payerPhone=081382826301&productId=2023&subject=TestSubject&version=1.0&sign=d35d1f5c71b23233cd892e49e09e74bf
2023-05-23 17:12:55.473 | DEBUG    | lib.create_order1:post:98 - 2023-05-23 17:12:55 接口返回值: {'code': '200', 'msg': 'SUCCESS', 'sign': 'c17125ace439a53fdab1e8514cc243cf', 'orderNo': 'TestOrderNo_1684833174067', 'tradeNo': '10012023052316125554200015', 'payCode': 'https://checkouttest.allopayment.com/walletPay?orderInfo=wU3NFGwK4395KeELxFzSVfIUOLJ8eyjkmh%2BrAesa2lg6dtEFx28snqOPdrFtcFv%2BslWv5AXYqJ7j6tsvI0GBBfgsM3UZ2SS5%2F%2BF1QkhdPpAjQuCQejf9GWuw6r1J9Yy2tNGL0hs1d7dGt%2Flzhy9WXUN4QKbjhAXs3VIQQ0YguXA%3D', 'payCodeType': '1', 'expireTime': '2023-05-23 17:12:55'}
2023-05-23 17:12:55.473 | DEBUG    | lib.create_order1:post:93 - 2023-05-23 17:12:55 发起post请求:下单
2023-05-23 17:12:55.473 | DEBUG    | lib.create_order1:post:94 - 2023-05-23 17:12:55 请求时的入参: /pay/createOrder?amount=20110&currency=IDR&expectPayCodeType=0&merchantId=100119&orderNo=TestOrderNo_1684833175473&payChannel=16&payerName=test&payerPhone=081382826301&productId=2023&subject=TestSubject&version=1.0&sign=cad759673ff88c9abaad77d1f00d1005
2023-05-23 17:12:57.520 | DEBUG    | lib.create_order1:post:98 - 2023-05-23 17:12:57 接口返回值: {'code': '200', 'msg': 'SUCCESS', 'sign': '62293fe9bc8769dbae0016e23a5e9eb1', 'orderNo': 'TestOrderNo_1684833175473', 'tradeNo': '10012023052316125642300017', 'payCode': 'some-random-qr-string', 'payCodeType': '1', 'expireTime': '2023-05-23 17:12:56'}
2023-05-23 17:12:57.522 | DEBUG    | lib.create_order1:post:93 - 2023-05-23 17:12:57 发起post请求:下单
2023-05-23 17:12:57.522 | DEBUG    | lib.create_order1:post:94 - 2023-05-23 17:12:57 请求时的入参: /pay/createOrder?amount=20101&currency=IDR&expectPayCodeType=0&merchantId=100119&orderNo=TestOrderNo_1684833177522&payChannel=16&payerName=test&payerPhone=081382826301&productId=2023&subject=TestSubject&version=1.0&sign=ff9efd30e3dc4caec13515e9a7047e67
2023-05-23 17:13:00.123 | DEBUG    | lib.create_order1:post:98 - 2023-05-23 17:13:00 接口返回值: {'code': '200', 'msg': 'SUCCESS', 'sign': 'bfb3338b3c4d5fc551de8819fd15d404', 'orderNo': 'TestOrderNo_1684833177522', 'tradeNo': '10012023052316125906200010', 'payCode': 'some-random-qr-string', 'payCodeType': '1', 'expireTime': '2023-05-23 17:12:59'}
2023-05-23 17:13:00.124 | DEBUG    | lib.create_order1:post:93 - 2023-05-23 17:13:00 发起post请求:下单
2023-05-23 17:13:00.124 | DEBUG    | lib.create_order1:post:94 - 2023-05-23 17:13:00 请求时的入参: /pay/createOrder?amount=20110&currency=IDR&expectPayCodeType=0&merchantId=100119&orderNo=TestOrderNo_1684833180125&payChannel=17&payerName=test&payerPhone=081382826301&productId=2023&subject=TestSubject&version=1.0&sign=18823a163bf962b865a7803f25192d27
2023-05-23 17:13:02.980 | DEBUG    | lib.create_order1:post:98 - 2023-05-23 17:13:02 接口返回值: {'code': '200', 'msg': 'SUCCESS', 'sign': 'deff0388f5d5b7068384c8bfd7036bff', 'orderNo': 'TestOrderNo_1684833180125', 'tradeNo': '10012023052316130160100013', 'payCode': 'https://ewallet-mock-connector.xendit.co/v1/ewallet_connector/checkouts?token=chm877nrj8mug55porp0', 'payCodeType': '1', 'expireTime': '2023-05-23 17:13:01'}
2023-05-23 17:13:02.981 | DEBUG    | lib.create_order1:post:93 - 2023-05-23 17:13:02 发起post请求:下单
2023-05-23 17:13:02.981 | DEBUG    | lib.create_order1:post:94 - 2023-05-23 17:13:02 请求时的入参: /pay/createOrder?amount=20101&currency=IDR&expectPayCodeType=0&merchantId=100119&orderNo=TestOrderNo_1684833182982&payChannel=17&payerName=test&payerPhone=081382826301&productId=2023&subject=TestSubject&version=1.0&sign=a9de423541c42fbdc6c8f6c2efa8767b
2023-05-23 17:13:06.038 | DEBUG    | lib.create_order1:post:98 - 2023-05-23 17:13:06 接口返回值: {'code': '200', 'msg': 'SUCCESS', 'sign': '06c87471bc3ef720280f41132f7fbb8a', 'orderNo': 'TestOrderNo_1684833182982', 'tradeNo': '10012023052316130493700018', 'payCode': 'https://ewallet-mock-connector.xendit.co/v1/ewallet_connector/checkouts?token=chm878frj8mug55porpg', 'payCodeType': '1', 'expireTime': '2023-05-23 17:13:04'}
2023-05-23 17:13:06.038 | DEBUG    | lib.create_order1:post:93 - 2023-05-23 17:13:06 发起post请求:下单
2023-05-23 17:13:06.039 | DEBUG    | lib.create_order1:post:94 - 2023-05-23 17:13:06 请求时的入参: /pay/createOrder?amount=20110&currency=IDR&expectPayCodeType=0&merchantId=100119&orderNo=TestOrderNo_1684833186038&payChannel=18&payerName=test&payerPhone=081382826301&productId=2023&subject=TestSubject&version=1.0&sign=d0ee51195fdb469b1b51189c45239543
2023-05-23 17:13:06.929 | DEBUG    | lib.create_order1:post:98 - 2023-05-23 17:13:06 接口返回值: {'code': '200', 'msg': 'SUCCESS', 'sign': 'a9dc1b83ac30de843f019dcdf3c73236', 'orderNo': 'TestOrderNo_1684833186038', 'tradeNo': '10012023052316130699600012', 'payCode': 'https://checkouttest.allopayment.com/walletPay?orderInfo=wU3NFGwK4395KeELxFzSVbecmLSURWxf2pZTr%2B9WIveQR9ozZs%2FBuL8Ts7jZHRuPPIudUWnFkyxUJ4mUBVYzNXzNJFQPGDBuom2IXGsSwcM9BjakkpeTVVP%2FO4DQE7fP8twINB7U7ubib2GNYX1LAUhntqftyq19u0t6ClCQRjU%3D', 'payCodeType': '1', 'expireTime': '2023-05-23 17:13:06'}
2023-05-23 17:13:06.931 | DEBUG    | lib.create_order1:post:93 - 2023-05-23 17:13:06 发起post请求:下单
2023-05-23 17:13:06.931 | DEBUG    | lib.create_order1:post:94 - 2023-05-23 17:13:06 请求时的入参: /pay/createOrder?amount=20101&currency=IDR&expectPayCodeType=0&merchantId=100119&orderNo=TestOrderNo_1684833186931&payChannel=18&payerName=test&payerPhone=081382826301&productId=2023&subject=TestSubject&version=1.0&sign=bc69da3c46f94d5076c062a34f36cde1
2023-05-23 17:13:08.370 | DEBUG    | lib.create_order1:post:98 - 2023-05-23 17:13:08 接口返回值: {'code': '200', 'msg': 'SUCCESS', 'sign': 'a2fb81a4dd44e8f93fc130f582e75b18', 'orderNo': 'TestOrderNo_1684833186931', 'tradeNo': '10012023052316130837700013', 'payCode': 'https://checkouttest.allopayment.com/walletPay?orderInfo=wU3NFGwK4395KeELxFzSVbecmLSURWxf2pZTr%2B9WIveQR9ozZs%2FBuL8Ts7jZHRuPgilRH4qwsVJhT5M4uQ5GRnzNJFQPGDBuom2IXGsSwcOplAU4Xm2SXpfi71a7oR5kPl6e9hTzzODGY4Wo34cQJ0hntqftyq19u0t6ClCQRjU%3D', 'payCodeType': '1', 'expireTime': '2023-05-23 17:13:08'}
2023-05-23 17:13:08.370 | DEBUG    | lib.create_order1:post:93 - 2023-05-23 17:13:08 发起post请求:下单
2023-05-23 17:13:08.371 | DEBUG    | lib.create_order1:post:94 - 2023-05-23 17:13:08 请求时的入参: /pay/createOrder?amount=20110&currency=IDR&expectPayCodeType=0&merchantId=100119&orderNo=TestOrderNo_1684833188371&payChannel=19&payerName=test&payerPhone=081382826301&productId=2023&subject=TestSubject&version=1.0&sign=391fc9ab65fcb39ff8cf34e6e2a6d2bb
2023-05-23 17:13:11.159 | DEBUG    | lib.create_order1:post:98 - 2023-05-23 17:13:11 接口返回值: {'code': '200', 'msg': 'SUCCESS', 'sign': '8c0922b2b823ed9753cf6731fba1dfc2', 'orderNo': 'TestOrderNo_1684833188371', 'tradeNo': '10012023052316130992900010', 'payCode': 'https://ewallet-mock-connector.xendit.co/v1/ewallet_connector/checkouts?token=chm879nrj8mug55porq0', 'payCodeType': '1', 'expireTime': '2023-05-23 17:13:09'}
2023-05-23 17:13:11.160 | DEBUG    | lib.create_order1:post:93 - 2023-05-23 17:13:11 发起post请求:下单
2023-05-23 17:13:11.161 | DEBUG    | lib.create_order1:post:94 - 2023-05-23 17:13:11 请求时的入参: /pay/createOrder?amount=20101&currency=IDR&expectPayCodeType=0&merchantId=100119&orderNo=TestOrderNo_1684833191161&payChannel=19&payerName=test&payerPhone=081382826301&productId=2023&subject=TestSubject&version=1.0&sign=7c809ac64eebe6c0f07896b7a51e3d64
2023-05-23 17:13:13.199 | DEBUG    | lib.create_order1:post:98 - 2023-05-23 17:13:13 接口返回值: {'code': '200', 'msg': 'SUCCESS', 'sign': '0cdfeafbb44bce9d2c810de5cc9f8f96', 'orderNo': 'TestOrderNo_1684833191161', 'tradeNo': '10012023052316131211800015', 'payCode': 'https://ewallet-mock-connector.xendit.co/v1/ewallet_connector/checkouts?token=chm87a6q253m3qdbi9ug', 'payCodeType': '1', 'expireTime': '2023-05-23 17:13:12'}
2023-05-23 17:13:13.200 | DEBUG    | lib.create_order1:post:93 - 2023-05-23 17:13:13 发起post请求:下单
2023-05-23 17:13:13.200 | DEBUG    | lib.create_order1:post:94 - 2023-05-23 17:13:13 请求时的入参: /pay/createOrder?amount=20110&currency=IDR&expectPayCodeType=0&merchantId=100119&orderNo=TestOrderNo_1684833193201&payChannel=12&payerName=test&payerPhone=081382826301&productId=2023&subject=TestSubject&version=1.0&sign=d17368806028e80a171e75630a74c6ab
2023-05-23 17:13:15.487 | DEBUG    | lib.create_order1:post:98 - 2023-05-23 17:13:15 接口返回值: {'code': '200', 'msg': 'SUCCESS', 'sign': 'db6cd9a57c2795af0b1c13c1cd06ac45', 'orderNo': 'TestOrderNo_1684833193201', 'tradeNo': '10012023052316131415000016', 'payCode': '929706902', 'payCodeType': '0', 'expireTime': '2023-05-24 16:13:14'}
2023-05-23 17:13:15.487 | DEBUG    | lib.create_order1:post:93 - 2023-05-23 17:13:15 发起post请求:下单
2023-05-23 17:13:15.488 | DEBUG    | lib.create_order1:post:94 - 2023-05-23 17:13:15 请求时的入参: /pay/createOrder?amount=20101&currency=IDR&expectPayCodeType=0&merchantId=100119&orderNo=TestOrderNo_1684833195488&payChannel=12&payerName=test&payerPhone=081382826301&productId=2023&subject=TestSubject&version=1.0&sign=71332e4effbfe2dc17381d3986b77b98
2023-05-23 17:13:17.604 | DEBUG    | lib.create_order1:post:98 - 2023-05-23 17:13:17 接口返回值: {'code': '200', 'msg': 'SUCCESS', 'sign': 'de2a550d58f501dddd912fbc949fb31d', 'orderNo': 'TestOrderNo_1684833195488', 'tradeNo': '10012023052316131698300018', 'payCode': '929305094', 'payCodeType': '0', 'expireTime': '2023-05-24 16:13:16'}
2023-05-23 17:13:17.605 | DEBUG    | lib.create_order1:post:93 - 2023-05-23 17:13:17 发起post请求:下单
2023-05-23 17:13:17.606 | DEBUG    | lib.create_order1:post:94 - 2023-05-23 17:13:17 请求时的入参: /pay/createOrder?amount=20110&currency=IDR&expectPayCodeType=0&merchantId=100119&orderNo=TestOrderNo_1684833197605&payChannel=1&payerName=test&payerPhone=081382826301&productId=2023&subject=TestSubject&version=1.0&sign=3d1b5ed728f98d0929b05200915a9ccb
2023-05-23 17:13:19.024 | DEBUG    | lib.create_order1:post:98 - 2023-05-23 17:13:19 接口返回值: {'code': '200', 'msg': 'SUCCESS', 'sign': 'e73a8a74381651c45649ebfa3546a111', 'orderNo': 'TestOrderNo_1684833197605', 'tradeNo': '10012023052316131908400012', 'payCode': 'https://checkouttest.allopayment.com/cardPay?orderInfo=wU3NFGwK4395KeELxFzSVftAPWe%2Fawqt6m6eTf%2BxuK4i4n6f5VQCcw%2FN8b6ApVwbXKPyGzpoaULmH7TJk0AjMOlb%2BP%2FBr7l3pTIlJt7pOQpTBC2p8P2MzZf5EeAe2XWDnJ%2FxYs1S33qeucDSE6iFxXrlKH7n2TLHTOTrC7j%2F9TU%3D', 'payCodeType': '1', 'expireTime': '2023-05-24 16:13:19'}
2023-05-23 17:13:19.025 | DEBUG    | lib.create_order1:post:93 - 2023-05-23 17:13:19 发起post请求:下单
2023-05-23 17:13:19.025 | DEBUG    | lib.create_order1:post:94 - 2023-05-23 17:13:19 请求时的入参: /pay/createOrder?amount=20101&currency=IDR&expectPayCodeType=0&merchantId=100119&orderNo=TestOrderNo_1684833199025&payChannel=1&payerName=test&payerPhone=081382826301&productId=2023&subject=TestSubject&version=1.0&sign=52e7da163f6abc06dba01c13a415d953
2023-05-23 17:13:20.457 | DEBUG    | lib.create_order1:post:98 - 2023-05-23 17:13:20 接口返回值: {'code': '200', 'msg': 'SUCCESS', 'sign': 'f1b8c26137aa9e3a944533e9f2e0d01a', 'orderNo': 'TestOrderNo_1684833199025', 'tradeNo': '10012023052316132052900013', 'payCode': 'https://checkouttest.allopayment.com/cardPay?orderInfo=wU3NFGwK4395KeELxFzSVftAPWe%2Fawqt6m6eTf%2BxuK4i4n6f5VQCcw%2FN8b6ApVwb9RPETRBKOzIYycf%2FeaMB5thD6LiSCsVyj6P6yJ2GMt9TBC2p8P2MzZf5EeAe2XWDOj%2BbYMyNABUUcS9Sp5P4QnrlKH7n2TLHTOTrC7j%2F9TU%3D', 'payCodeType': '1', 'expireTime': '2023-05-24 16:13:20'}
2023-05-23 17:13:20.459 | DEBUG    | lib.create_order1:post:93 - 2023-05-23 17:13:20 发起post请求:下单
2023-05-23 17:13:20.459 | DEBUG    | lib.create_order1:post:94 - 2023-05-23 17:13:20 请求时的入参: /pay/createOrder?amount=20110&currency=IDR&expectPayCodeType=0&merchantId=100119&orderNo=TestOrderNo_1684833200459&payChannel=3&payerName=test&payerPhone=081382826301&productId=2023&subject=TestSubject&version=1.0&sign=e0366e85929f780be775540f2fb8065a
2023-05-23 17:13:22.885 | DEBUG    | lib.create_order1:post:98 - 2023-05-23 17:13:22 接口返回值: {'code': '200', 'msg': 'SUCCESS', 'sign': '70925655c2a99cf4a7d41848550a7839', 'orderNo': 'TestOrderNo_1684833200459', 'tradeNo': '10012023052316132140100014', 'payCode': '72939999223899', 'payCodeType': '0', 'expireTime': '2023-05-24 08:55:01'}
2023-05-23 17:13:22.886 | DEBUG    | lib.create_order1:post:93 - 2023-05-23 17:13:22 发起post请求:下单
2023-05-23 17:13:22.886 | DEBUG    | lib.create_order1:post:94 - 2023-05-23 17:13:22 请求时的入参: /pay/createOrder?amount=20101&currency=IDR&expectPayCodeType=0&merchantId=100119&orderNo=TestOrderNo_1684833202887&payChannel=3&payerName=test&payerPhone=081382826301&productId=2023&subject=TestSubject&version=1.0&sign=e66d873cb4feb9fd1b96c3d1b7f5e0d5
2023-05-23 17:13:25.782 | DEBUG    | lib.create_order1:post:98 - 2023-05-23 17:13:25 接口返回值: {'code': '200', 'msg': 'SUCCESS', 'sign': 'e35b879c4ec4d1d847ec2f7719cbb74a', 'orderNo': 'TestOrderNo_1684833202887', 'tradeNo': '10012023052316132439100014', 'payCode': '72939999858618', 'payCodeType': '0', 'expireTime': '2023-05-24 08:55:04'}
2023-05-23 17:13:25.783 | DEBUG    | lib.create_order1:post:93 - 2023-05-23 17:13:25 发起post请求:下单
2023-05-23 17:13:25.783 | DEBUG    | lib.create_order1:post:94 - 2023-05-23 17:13:25 请求时的入参: /pay/createOrder?amount=20110&currency=IDR&expectPayCodeType=0&merchantId=100119&orderNo=TestOrderNo_1684833205784&payChannel=4&payerName=test&payerPhone=081382826301&productId=2023&subject=TestSubject&version=1.0&sign=ca0d7c37d8fc82f8e98229c8179c6b98
2023-05-23 17:13:27.438 | DEBUG    | lib.create_order1:post:98 - 2023-05-23 17:13:27 接口返回值: {'code': '200', 'msg': 'SUCCESS', 'sign': '1471b87352419f5952aa92d34d6215d9', 'orderNo': 'TestOrderNo_1684833205784', 'tradeNo': '10012023052316132672100010', 'payCode': '8808999938580721', 'payCodeType': '0', 'expireTime': '2023-05-24 08:55:06'}
2023-05-23 17:13:27.439 | DEBUG    | lib.create_order1:post:93 - 2023-05-23 17:13:27 发起post请求:下单
2023-05-23 17:13:27.439 | DEBUG    | lib.create_order1:post:94 - 2023-05-23 17:13:27 请求时的入参: /pay/createOrder?amount=20101&currency=IDR&expectPayCodeType=0&merchantId=100119&orderNo=TestOrderNo_1684833207440&payChannel=4&payerName=test&payerPhone=081382826301&productId=2023&subject=TestSubject&version=1.0&sign=0a6ef7dc9395b7870fe0831b748a5620
2023-05-23 17:13:30.365 | DEBUG    | lib.create_order1:post:98 - 2023-05-23 17:13:30 接口返回值: {'code': '200', 'msg': 'SUCCESS', 'sign': '9168cd209c5cfa6e2ffcf9fcda15eda9', 'orderNo': 'TestOrderNo_1684833207440', 'tradeNo': '10012023052316132997600017', 'payCode': '8808999932442677', 'payCodeType': '0', 'expireTime': '2023-05-24 08:55:09'}
2023-05-23 17:13:30.365 | DEBUG    | lib.create_order1:post:93 - 2023-05-23 17:13:30 发起post请求:下单
2023-05-23 17:13:30.366 | DEBUG    | lib.create_order1:post:94 - 2023-05-23 17:13:30 请求时的入参: /pay/createOrder?amount=20110&currency=IDR&expectPayCodeType=0&merchantId=100119&orderNo=TestOrderNo_1684833210366&payChannel=5&payerName=test&payerPhone=081382826301&productId=2023&subject=TestSubject&version=1.0&sign=7177c156fa8cca83f5948c15ee8ef342
2023-05-23 17:13:31.202 | DEBUG    | lib.create_order1:post:98 - 2023-05-23 17:13:31 接口返回值: {'code': '88011', 'msg': 'this channel is not supported yet', 'sign': 'e5ecde88e5c47f010ffd43aa30f7c64e'}
2023-05-23 17:13:31.203 | DEBUG    | lib.create_order1:post:93 - 2023-05-23 17:13:31 发起post请求:下单
2023-05-23 17:13:31.203 | DEBUG    | lib.create_order1:post:94 - 2023-05-23 17:13:31 请求时的入参: /pay/createOrder?amount=20101&currency=IDR&expectPayCodeType=0&merchantId=100119&orderNo=TestOrderNo_1684833211204&payChannel=5&payerName=test&payerPhone=081382826301&productId=2023&subject=TestSubject&version=1.0&sign=033c57555a1f841c15cdd0d43443f973
2023-05-23 17:13:32.615 | DEBUG    | lib.create_order1:post:98 - 2023-05-23 17:13:32 接口返回值: {'code': '88011', 'msg': 'this channel is not supported yet', 'sign': 'e5ecde88e5c47f010ffd43aa30f7c64e'}
2023-05-23 17:13:32.615 | DEBUG    | lib.create_order1:post:93 - 2023-05-23 17:13:32 发起post请求:下单
2023-05-23 17:13:32.615 | DEBUG    | lib.create_order1:post:94 - 2023-05-23 17:13:32 请求时的入参: /pay/createOrder?amount=20110&currency=IDR&expectPayCodeType=0&merchantId=100119&orderNo=TestOrderNo_1684833212615&payChannel=6&payerName=test&payerPhone=081382826301&productId=2023&subject=TestSubject&version=1.0&sign=7b7421588bfa63cc703ce8936003f1c8
2023-05-23 17:13:34.056 | DEBUG    | lib.create_order1:post:98 - 2023-05-23 17:13:34 接口返回值: {'code': '88011', 'msg': 'this channel is not supported yet', 'sign': 'e5ecde88e5c47f010ffd43aa30f7c64e'}
2023-05-23 17:13:34.056 | DEBUG    | lib.create_order1:post:93 - 2023-05-23 17:13:34 发起post请求:下单
2023-05-23 17:13:34.057 | DEBUG    | lib.create_order1:post:94 - 2023-05-23 17:13:34 请求时的入参: /pay/createOrder?amount=20101&currency=IDR&expectPayCodeType=0&merchantId=100119&orderNo=TestOrderNo_1684833214056&payChannel=6&payerName=test&payerPhone=081382826301&productId=2023&subject=TestSubject&version=1.0&sign=c97aef426acc46bc7477df7a52d157ac
2023-05-23 17:13:35.536 | DEBUG    | lib.create_order1:post:98 - 2023-05-23 17:13:35 接口返回值: {'code': '88011', 'msg': 'this channel is not supported yet', 'sign': 'e5ecde88e5c47f010ffd43aa30f7c64e'}
2023-05-23 17:13:35.537 | DEBUG    | lib.create_order1:post:93 - 2023-05-23 17:13:35 发起post请求:下单
2023-05-23 17:13:35.537 | DEBUG    | lib.create_order1:post:94 - 2023-05-23 17:13:35 请求时的入参: /pay/createOrder?amount=20110&currency=IDR&expectPayCodeType=0&merchantId=100119&orderNo=TestOrderNo_1684833215537&payChannel=9&payerName=test&payerPhone=081382826301&productId=2023&subject=TestSubject&version=1.0&sign=686033da9453f692675a1430a2efbba7
2023-05-23 17:13:38.407 | DEBUG    | lib.create_order1:post:98 - 2023-05-23 17:13:38 接口返回值: {'code': '200', 'msg': 'SUCCESS', 'sign': 'aa5ef8fce9dbe3d601d4e38486995fdb', 'orderNo': 'TestOrderNo_1684833215537', 'tradeNo': '10012023052316133707500018', 'payCode': '920019999087454', 'payCodeType': '0', 'expireTime': '2023-05-24 08:55:17'}
2023-05-23 17:13:38.408 | DEBUG    | lib.create_order1:post:93 - 2023-05-23 17:13:38 发起post请求:下单
2023-05-23 17:13:38.408 | DEBUG    | lib.create_order1:post:94 - 2023-05-23 17:13:38 请求时的入参: /pay/createOrder?amount=20101&currency=IDR&expectPayCodeType=0&merchantId=100119&orderNo=TestOrderNo_1684833218408&payChannel=9&payerName=test&payerPhone=081382826301&productId=2023&subject=TestSubject&version=1.0&sign=b4a2e0d342b21c5a9ced9c042ba92207
2023-05-23 17:13:40.359 | DEBUG    | lib.create_order1:post:98 - 2023-05-23 17:13:40 接口返回值: {'code': '200', 'msg': 'SUCCESS', 'sign': '4f8bd707309836d41eacff2e1b41935e', 'orderNo': 'TestOrderNo_1684833218408', 'tradeNo': '10012023052316133992700018', 'payCode': '920019999918175', 'payCodeType': '0', 'expireTime': '2023-05-24 08:55:19'}
2023-05-23 18:05:30.254 | DEBUG    | lib.create_order1:post:93 - 2023-05-23 18:05:30 发起post请求:下单
2023-05-23 18:05:30.254 | DEBUG    | lib.create_order1:post:94 - 2023-05-23 18:05:30 请求时的入参: /pay/createOrder?amount=20110&currency=IDR&expectPayCodeType=0&merchantId=100119&orderNo=TestOrderNo_1684836330255&payChannel=3&payerName=test&payerPhone=081197204238&productId=2023&subject=TestSubject&version=1.0&sign=f7c22e0251572329d5d275dfcbdf887b
2023-05-23 18:05:32.614 | DEBUG    | lib.create_order1:post:98 - 2023-05-23 18:05:32 接口返回值: {'code': '200', 'msg': 'SUCCESS', 'sign': 'db2248d999d912d1f0c6b40620221437', 'orderNo': 'TestOrderNo_1684836330255', 'tradeNo': '10012023052317053194700013', 'payCode': '7392600006470386', 'payCodeType': '0', 'expireTime': '2023-05-24 09:47:11'}
2023-05-23 18:05:32.614 | DEBUG    | lib.create_order1:post:93 - 2023-05-23 18:05:32 发起post请求:下单
2023-05-23 18:05:32.614 | DEBUG    | lib.create_order1:post:94 - 2023-05-23 18:05:32 请求时的入参: /pay/createOrder?amount=20101&currency=IDR&expectPayCodeType=0&merchantId=100119&orderNo=TestOrderNo_1684836332614&payChannel=3&payerName=test&payerPhone=081197204238&productId=2023&subject=TestSubject&version=1.0&sign=fc34547fc49c3498d7e08d1193adc666
2023-05-23 18:05:34.615 | DEBUG    | lib.create_order1:post:98 - 2023-05-23 18:05:34 接口返回值: {'code': '200', 'msg': 'SUCCESS', 'sign': 'bdb109a3a843f40066c0705679fed809', 'orderNo': 'TestOrderNo_1684836332614', 'tradeNo': '10012023052317053412700019', 'payCode': '7392600006470387', 'payCodeType': '0', 'expireTime': '2023-05-24 09:47:14'}
2023-05-23 18:05:34.616 | DEBUG    | lib.create_order1:post:93 - 2023-05-23 18:05:34 发起post请求:下单
2023-05-23 18:05:34.616 | DEBUG    | lib.create_order1:post:94 - 2023-05-23 18:05:34 请求时的入参: /pay/createOrder?amount=20110&currency=IDR&expectPayCodeType=0&merchantId=100119&orderNo=TestOrderNo_1684836334616&payChannel=4&payerName=test&payerPhone=081197204238&productId=2023&subject=TestSubject&version=1.0&sign=b5fbc57addabf3acaf83756827b24cad
2023-05-23 18:05:36.792 | DEBUG    | lib.create_order1:post:98 - 2023-05-23 18:05:36 接口返回值: {'code': '200', 'msg': 'SUCCESS', 'sign': '25e61ae6e855c3ff8c4b227979d0011e', 'orderNo': 'TestOrderNo_1684836334616', 'tradeNo': '10012023052317053611800016', 'payCode': '8255600004358677', 'payCodeType': '0', 'expireTime': '2023-05-24 09:47:16'}
2023-05-23 18:05:36.793 | DEBUG    | lib.create_order1:post:93 - 2023-05-23 18:05:36 发起post请求:下单
2023-05-23 18:05:36.793 | DEBUG    | lib.create_order1:post:94 - 2023-05-23 18:05:36 请求时的入参: /pay/createOrder?amount=20101&currency=IDR&expectPayCodeType=0&merchantId=100119&orderNo=TestOrderNo_1684836336794&payChannel=4&payerName=test&payerPhone=081197204238&productId=2023&subject=TestSubject&version=1.0&sign=53e3704f7732dfcde4c165e4eb72e1f3
2023-05-23 18:05:38.955 | DEBUG    | lib.create_order1:post:98 - 2023-05-23 18:05:38 接口返回值: {'code': '200', 'msg': 'SUCCESS', 'sign': 'dc2b383ef407cb9fe22343024e0f8e75', 'orderNo': 'TestOrderNo_1684836336794', 'tradeNo': '10012023052317053827200019', 'payCode': '8255600004358678', 'payCodeType': '0', 'expireTime': '2023-05-24 09:47:18'}
2023-05-23 18:05:38.956 | DEBUG    | lib.create_order1:post:93 - 2023-05-23 18:05:38 发起post请求:下单
2023-05-23 18:05:38.957 | DEBUG    | lib.create_order1:post:94 - 2023-05-23 18:05:38 请求时的入参: /pay/createOrder?amount=20110&currency=IDR&expectPayCodeType=0&merchantId=100119&orderNo=TestOrderNo_1684836338957&payChannel=5&payerName=test&payerPhone=081197204238&productId=2023&subject=TestSubject&version=1.0&sign=e1e6f2e2f97dd169fa484a42171d7af8
2023-05-23 18:05:40.656 | DEBUG    | lib.create_order1:post:98 - 2023-05-23 18:05:40 接口返回值: {'code': '88005', 'msg': 'channel process error, please try again', 'sign': 'dbe789f3423e001fc81b1d8bfb320386'}
2023-05-23 18:05:40.657 | DEBUG    | lib.create_order1:post:93 - 2023-05-23 18:05:40 发起post请求:下单
2023-05-23 18:05:40.657 | DEBUG    | lib.create_order1:post:94 - 2023-05-23 18:05:40 请求时的入参: /pay/createOrder?amount=20101&currency=IDR&expectPayCodeType=0&merchantId=100119&orderNo=TestOrderNo_1684836340657&payChannel=5&payerName=test&payerPhone=081197204238&productId=2023&subject=TestSubject&version=1.0&sign=5ca795e0e4d7ba309bbda5a7f8f7a8ff
2023-05-23 18:05:42.341 | DEBUG    | lib.create_order1:post:98 - 2023-05-23 18:05:42 接口返回值: {'code': '88005', 'msg': 'channel process error, please try again', 'sign': 'dbe789f3423e001fc81b1d8bfb320386'}
2023-05-23 18:05:42.342 | DEBUG    | lib.create_order1:post:93 - 2023-05-23 18:05:42 发起post请求:下单
2023-05-23 18:05:42.343 | DEBUG    | lib.create_order1:post:94 - 2023-05-23 18:05:42 请求时的入参: /pay/createOrder?amount=20110&currency=IDR&expectPayCodeType=0&merchantId=100119&orderNo=TestOrderNo_1684836342343&payChannel=6&payerName=test&payerPhone=081197204238&productId=2023&subject=TestSubject&version=1.0&sign=ba0de26e9c815b11c99c10e3a96be9de
2023-05-23 18:05:44.314 | DEBUG    | lib.create_order1:post:98 - 2023-05-23 18:05:44 接口返回值: {'code': '200', 'msg': 'SUCCESS', 'sign': 'b35431a4d3a55c3d0f96b28b682f9bcb', 'orderNo': 'TestOrderNo_1684836342343', 'tradeNo': '10012023052317054383000017', 'payCode': '23096000001935878', 'payCodeType': '0', 'expireTime': '2023-05-24 09:47:23'}
2023-05-23 18:05:44.315 | DEBUG    | lib.create_order1:post:93 - 2023-05-23 18:05:44 发起post请求:下单
2023-05-23 18:05:44.315 | DEBUG    | lib.create_order1:post:94 - 2023-05-23 18:05:44 请求时的入参: /pay/createOrder?amount=20101&currency=IDR&expectPayCodeType=0&merchantId=100119&orderNo=TestOrderNo_1684836344315&payChannel=6&payerName=test&payerPhone=081197204238&productId=2023&subject=TestSubject&version=1.0&sign=62a7c15a6a004ef5f2718a2e3d894f79
2023-05-23 18:05:46.373 | DEBUG    | lib.create_order1:post:98 - 2023-05-23 18:05:46 接口返回值: {'code': '200', 'msg': 'SUCCESS', 'sign': '36314951647075486dd37cd56ac8d40f', 'orderNo': 'TestOrderNo_1684836344315', 'tradeNo': '10012023052317054587800014', 'payCode': '23096000001935880', 'payCodeType': '0', 'expireTime': '2023-05-24 09:47:25'}
2023-05-23 18:05:46.373 | DEBUG    | lib.create_order1:post:93 - 2023-05-23 18:05:46 发起post请求:下单
2023-05-23 18:05:46.373 | DEBUG    | lib.create_order1:post:94 - 2023-05-23 18:05:46 请求时的入参: /pay/createOrder?amount=20110&currency=IDR&expectPayCodeType=0&merchantId=100119&orderNo=TestOrderNo_1684836346374&payChannel=9&payerName=test&payerPhone=081197204238&productId=2023&subject=TestSubject&version=1.0&sign=eee280690d5514de9fbe77387c795ba6
2023-05-23 18:05:48.389 | DEBUG    | lib.create_order1:post:98 - 2023-05-23 18:05:48 接口返回值: {'code': '200', 'msg': 'SUCCESS', 'sign': 'ed091443f4a4d6d4f46fef86048cc71a', 'orderNo': 'TestOrderNo_1684836346374', 'tradeNo': '10012023052317054789600014', 'payCode': '103406000006778265', 'payCodeType': '0', 'expireTime': '2023-05-24 09:47:27'}
2023-05-23 18:05:48.390 | DEBUG    | lib.create_order1:post:93 - 2023-05-23 18:05:48 发起post请求:下单
2023-05-23 18:05:48.391 | DEBUG    | lib.create_order1:post:94 - 2023-05-23 18:05:48 请求时的入参: /pay/createOrder?amount=20101&currency=IDR&expectPayCodeType=0&merchantId=100119&orderNo=TestOrderNo_1684836348391&payChannel=9&payerName=test&payerPhone=081197204238&productId=2023&subject=TestSubject&version=1.0&sign=6ae05088699feae74bfabc30026876f9
2023-05-23 18:05:50.426 | DEBUG    | lib.create_order1:post:98 - 2023-05-23 18:05:50 接口返回值: {'code': '200', 'msg': 'SUCCESS', 'sign': '41e70605f12e509e7ecee45b82a0a3e2', 'orderNo': 'TestOrderNo_1684836348391', 'tradeNo': '10012023052317054995600014', 'payCode': '103406000006778266', 'payCodeType': '0', 'expireTime': '2023-05-24 09:47:29'}
2023-05-23 18:10:12.248 | DEBUG    | lib.create_order1:post:93 - 2023-05-23 18:10:12 发起post请求:下单
2023-05-23 18:10:12.248 | DEBUG    | lib.create_order1:post:94 - 2023-05-23 18:10:12 请求时的入参: /pay/createOrder?amount=20101&currency=IDR&expectPayCodeType=0&merchantId=100119&orderNo=TestOrderNo_1684836612248&payChannel=8&payerName=test&payerPhone=081197204238&productId=2023&subject=TestSubject&version=1.0&sign=fc9c8d108cc25462fdd50488feb8c10b
2023-05-23 18:10:14.718 | DEBUG    | lib.create_order1:post:98 - 2023-05-23 18:10:14 接口返回值: {'code': '200', 'msg': 'SUCCESS', 'sign': '1bb0ff5737d91c2aeaa9ad1f17e40b87', 'orderNo': 'TestOrderNo_1684836612248', 'tradeNo': '10012023052317101377200010', 'payCode': '8932560003173993', 'payCodeType': '0', 'expireTime': '2023-05-24 09:51:53'}
2023-05-23 18:10:14.718 | DEBUG    | lib.create_order1:post:93 - 2023-05-23 18:10:14 发起post请求:下单
2023-05-23 18:10:14.718 | DEBUG    | lib.create_order1:post:94 - 2023-05-23 18:10:14 请求时的入参: /pay/createOrder?amount=20110&currency=IDR&expectPayCodeType=0&merchantId=100119&orderNo=TestOrderNo_1684836614718&payChannel=8&payerName=test&payerPhone=081197204238&productId=2023&subject=TestSubject&version=1.0&sign=652687b7c6944ef276c179233dd23dba
2023-05-23 18:10:17.031 | DEBUG    | lib.create_order1:post:98 - 2023-05-23 18:10:17 接口返回值: {'code': '200', 'msg': 'SUCCESS', 'sign': '3eb8b98907aacd76255a483eb7d6e828', 'orderNo': 'TestOrderNo_1684836614718', 'tradeNo': '10012023052317101624300019', 'payCode': '8932560003173995', 'payCodeType': '0', 'expireTime': '2023-05-24 09:51:56'}
2023-05-23 18:11:09.303 | DEBUG    | lib.create_order1:post:93 - 2023-05-23 18:11:09 发起post请求:下单
2023-05-23 18:11:09.303 | DEBUG    | lib.create_order1:post:94 - 2023-05-23 18:11:09 请求时的入参: /pay/createOrder?amount=20101&currency=IDR&expectPayCodeType=0&merchantId=100119&orderNo=TestOrderNo_1684836669303&payChannel=5&payerName=test&payerPhone=081197204238&productId=2023&subject=TestSubject&version=1.0&sign=7857a0e526f19c260d3080835ca39fd8
2023-05-23 18:11:11.067 | DEBUG    | lib.create_order1:post:98 - 2023-05-23 18:11:11 接口返回值: {'code': '88005', 'msg': 'channel process error, please try again', 'sign': 'dbe789f3423e001fc81b1d8bfb320386'}
2023-05-23 18:11:31.169 | DEBUG    | lib.create_order1:post:93 - 2023-05-23 18:11:31 发起post请求:下单
2023-05-23 18:11:31.169 | DEBUG    | lib.create_order1:post:94 - 2023-05-23 18:11:31 请求时的入参: /pay/createOrder?amount=20101&currency=IDR&expectPayCodeType=0&merchantId=100119&orderNo=TestOrderNo_1684836691169&payChannel=5&payerName=test&payerPhone=081197204238&productId=2023&subject=TestSubject&version=1.0&sign=9d36bbaadef4a71f6b4c5c932f704371
2023-05-23 18:11:32.922 | DEBUG    | lib.create_order1:post:98 - 2023-05-23 18:11:32 接口返回值: {'code': '88005', 'msg': 'channel process error, please try again', 'sign': 'dbe789f3423e001fc81b1d8bfb320386'}
