2023-08-03 15:41:51.592 | DEBUG    | lib.create_order1:post:93 - 2023-08-03 15:41:51 发起post请求:下单
2023-08-03 15:41:51.593 | DEBUG    | lib.create_order1:post:94 - 2023-08-03 15:41:51 请求时的入参: /pay/createOrder?amount=20110&currency=IDR&expectPayCodeType=0&merchantId=100119&orderNo=TestOrderNo_1691048511592&payChannel=3&payerName=test&payerPhone=081197204238&productId=2023&subject=TestSubject&version=1.0&sign=e104747c2806d15ea9c4228c249e45b7
2023-08-03 15:41:54.411 | DEBUG    | lib.create_order1:post:98 - 2023-08-03 15:41:54 接口返回值: {'code': '200', 'msg': 'SUCCESS', 'sign': '23254d83d582cae05695094c5a116d1a', 'orderNo': 'TestOrderNo_1691048511592', 'tradeNo': '10012023080314415466500013', 'payCode': '8625026760072888', 'payCodeType': '0', 'expireTime': '2023-08-04 07:23:34'}
2023-08-03 15:41:54.413 | DEBUG    | lib.create_order1:post:93 - 2023-08-03 15:41:54 发起post请求:下单
2023-08-03 15:41:54.413 | DEBUG    | lib.create_order1:post:94 - 2023-08-03 15:41:54 请求时的入参: /pay/createOrder?amount=20101&currency=IDR&expectPayCodeType=0&merchantId=100119&orderNo=TestOrderNo_1691048514413&payChannel=3&payerName=test&payerPhone=081197204238&productId=2023&subject=TestSubject&version=1.0&sign=0b9b794b9cdf222468af21f3899ed894
2023-08-03 15:41:56.676 | DEBUG    | lib.create_order1:post:98 - 2023-08-03 15:41:56 接口返回值: {'code': '200', 'msg': 'SUCCESS', 'sign': '76087ddd0061f09c0286bea8a88754e9', 'orderNo': 'TestOrderNo_1691048514413', 'tradeNo': '10012023080314415731300017', 'payCode': '8625026760072889', 'payCodeType': '0', 'expireTime': '2023-08-04 07:23:37'}
2023-08-03 15:41:56.677 | DEBUG    | lib.create_order1:post:93 - 2023-08-03 15:41:56 发起post请求:下单
2023-08-03 15:41:56.677 | DEBUG    | lib.create_order1:post:94 - 2023-08-03 15:41:56 请求时的入参: /pay/createOrder?amount=20110&currency=IDR&expectPayCodeType=0&merchantId=100119&orderNo=TestOrderNo_1691048516677&payChannel=4&payerName=test&payerPhone=081197204238&productId=2023&subject=TestSubject&version=1.0&sign=d9a9c031f725b7b01f418dfa54c3018f
2023-08-03 15:41:59.068 | DEBUG    | lib.create_order1:post:98 - 2023-08-03 15:41:59 接口返回值: {'code': '200', 'msg': 'SUCCESS', 'sign': 'f30ae6ce44a292c3cb650220a0230fda', 'orderNo': 'TestOrderNo_1691048516677', 'tradeNo': '10012023080314415952200011', 'payCode': '8255600004594015', 'payCodeType': '0', 'expireTime': '2023-08-04 07:23:39'}
2023-08-03 15:41:59.069 | DEBUG    | lib.create_order1:post:93 - 2023-08-03 15:41:59 发起post请求:下单
2023-08-03 15:41:59.069 | DEBUG    | lib.create_order1:post:94 - 2023-08-03 15:41:59 请求时的入参: /pay/createOrder?amount=20101&currency=IDR&expectPayCodeType=0&merchantId=100119&orderNo=TestOrderNo_1691048519069&payChannel=4&payerName=test&payerPhone=081197204238&productId=2023&subject=TestSubject&version=1.0&sign=d817ab200d0f3f2d16eca26834280b81
2023-08-03 15:42:01.461 | DEBUG    | lib.create_order1:post:98 - 2023-08-03 15:42:01 接口返回值: {'code': '200', 'msg': 'SUCCESS', 'sign': '95c04166e98e7c79cb028d197f63b293', 'orderNo': 'TestOrderNo_1691048519069', 'tradeNo': '10012023080314420197300014', 'payCode': '8255600004594016', 'payCodeType': '0', 'expireTime': '2023-08-04 07:23:41'}
2023-08-03 15:42:01.462 | DEBUG    | lib.create_order1:post:93 - 2023-08-03 15:42:01 发起post请求:下单
2023-08-03 15:42:01.462 | DEBUG    | lib.create_order1:post:94 - 2023-08-03 15:42:01 请求时的入参: /pay/createOrder?amount=20110&currency=IDR&expectPayCodeType=0&merchantId=100119&orderNo=TestOrderNo_1691048521462&payChannel=5&payerName=test&payerPhone=081197204238&productId=2023&subject=TestSubject&version=1.0&sign=076e49ba68ff24baca0ba1567d1c9572
2023-08-03 15:42:03.385 | DEBUG    | lib.create_order1:post:98 - 2023-08-03 15:42:03 接口返回值: {'code': '88005', 'msg': 'channel process error, please try again', 'sign': 'dbe789f3423e001fc81b1d8bfb320386'}
2023-08-03 15:42:03.386 | DEBUG    | lib.create_order1:post:93 - 2023-08-03 15:42:03 发起post请求:下单
2023-08-03 15:42:03.386 | DEBUG    | lib.create_order1:post:94 - 2023-08-03 15:42:03 请求时的入参: /pay/createOrder?amount=20101&currency=IDR&expectPayCodeType=0&merchantId=100119&orderNo=TestOrderNo_1691048523387&payChannel=5&payerName=test&payerPhone=081197204238&productId=2023&subject=TestSubject&version=1.0&sign=18f0c8c49e4d24c184a2860020207ffa
2023-08-03 15:42:05.386 | DEBUG    | lib.create_order1:post:98 - 2023-08-03 15:42:05 接口返回值: {'code': '88005', 'msg': 'channel process error, please try again', 'sign': 'dbe789f3423e001fc81b1d8bfb320386'}
2023-08-03 15:42:05.387 | DEBUG    | lib.create_order1:post:93 - 2023-08-03 15:42:05 发起post请求:下单
2023-08-03 15:42:05.387 | DEBUG    | lib.create_order1:post:94 - 2023-08-03 15:42:05 请求时的入参: /pay/createOrder?amount=20110&currency=IDR&expectPayCodeType=0&merchantId=100119&orderNo=TestOrderNo_1691048525387&payChannel=6&payerName=test&payerPhone=081197204238&productId=2023&subject=TestSubject&version=1.0&sign=31851c0f0f2b1d712607a3053b35c980
2023-08-03 15:42:07.639 | DEBUG    | lib.create_order1:post:98 - 2023-08-03 15:42:07 接口返回值: {'code': '200', 'msg': 'SUCCESS', 'sign': '21c7754ff4804b636f753e0f93eef223', 'orderNo': 'TestOrderNo_1691048525387', 'tradeNo': '10012023080314420821100012', 'payCode': '23096000002774132', 'payCodeType': '0', 'expireTime': '2023-08-04 07:23:48'}
2023-08-03 15:42:07.640 | DEBUG    | lib.create_order1:post:93 - 2023-08-03 15:42:07 发起post请求:下单
2023-08-03 15:42:07.641 | DEBUG    | lib.create_order1:post:94 - 2023-08-03 15:42:07 请求时的入参: /pay/createOrder?amount=20101&currency=IDR&expectPayCodeType=0&merchantId=100119&orderNo=TestOrderNo_1691048527640&payChannel=6&payerName=test&payerPhone=081197204238&productId=2023&subject=TestSubject&version=1.0&sign=984638754db9c39f530f9264bcbb9d9c
2023-08-03 15:42:09.838 | DEBUG    | lib.create_order1:post:98 - 2023-08-03 15:42:09 接口返回值: {'code': '200', 'msg': 'SUCCESS', 'sign': '62b5dba34c6bfcecffc81ad66a688b9f', 'orderNo': 'TestOrderNo_1691048527640', 'tradeNo': '10012023080314421048400011', 'payCode': '23096000002774135', 'payCodeType': '0', 'expireTime': '2023-08-04 07:23:50'}
2023-08-03 15:42:09.839 | DEBUG    | lib.create_order1:post:93 - 2023-08-03 15:42:09 发起post请求:下单
2023-08-03 15:42:09.840 | DEBUG    | lib.create_order1:post:94 - 2023-08-03 15:42:09 请求时的入参: /pay/createOrder?amount=20110&currency=IDR&expectPayCodeType=0&merchantId=100119&orderNo=TestOrderNo_1691048529839&payChannel=9&payerName=test&payerPhone=081197204238&productId=2023&subject=TestSubject&version=1.0&sign=d9752a2107308ddf1c22f8d801ba848d
2023-08-03 15:42:12.008 | DEBUG    | lib.create_order1:post:98 - 2023-08-03 15:42:12 接口返回值: {'code': '200', 'msg': 'SUCCESS', 'sign': '1bef6b07515a7e43d5a6d993838decd5', 'orderNo': 'TestOrderNo_1691048529839', 'tradeNo': '10012023080314421269000011', 'payCode': '103406000009449671', 'payCodeType': '0', 'expireTime': '2023-08-04 07:23:52'}
2023-08-03 15:42:12.009 | DEBUG    | lib.create_order1:post:93 - 2023-08-03 15:42:12 发起post请求:下单
2023-08-03 15:42:12.010 | DEBUG    | lib.create_order1:post:94 - 2023-08-03 15:42:12 请求时的入参: /pay/createOrder?amount=20101&currency=IDR&expectPayCodeType=0&merchantId=100119&orderNo=TestOrderNo_1691048532009&payChannel=9&payerName=test&payerPhone=081197204238&productId=2023&subject=TestSubject&version=1.0&sign=762603c6be3c01db8919cc12cbaae94f
2023-08-03 15:42:13.588 | DEBUG    | lib.create_order1:post:98 - 2023-08-03 15:42:13 接口返回值: {'code': '200', 'msg': 'SUCCESS', 'sign': '3915895994a6ffc0c38271170cc60954', 'orderNo': 'TestOrderNo_1691048532009', 'tradeNo': '10012023080314421424900014', 'payCode': '103406000009449672', 'payCodeType': '0', 'expireTime': '2023-08-04 07:23:54'}
2023-08-03 15:42:13.589 | DEBUG    | lib.create_order1:post:93 - 2023-08-03 15:42:13 发起post请求:下单
2023-08-03 15:42:13.589 | DEBUG    | lib.create_order1:post:94 - 2023-08-03 15:42:13 请求时的入参: /pay/createOrder?amount=20101&currency=IDR&expectPayCodeType=0&merchantId=100119&orderNo=TestOrderNo_1691048533590&payChannel=8&payerName=test&payerPhone=081197204238&productId=2023&subject=TestSubject&version=1.0&sign=ee870da4e67d0619040ac35eeed7e3c3
2023-08-03 15:42:15.782 | DEBUG    | lib.create_order1:post:98 - 2023-08-03 15:42:15 接口返回值: {'code': '200', 'msg': 'SUCCESS', 'sign': 'de5fa355a65c08c0908f0841364747f5', 'orderNo': 'TestOrderNo_1691048533590', 'tradeNo': '10012023080314421642600016', 'payCode': '8932560003946136', 'payCodeType': '0', 'expireTime': '2023-08-04 07:23:56'}
2023-08-03 15:42:15.782 | DEBUG    | lib.create_order1:post:93 - 2023-08-03 15:42:15 发起post请求:下单
2023-08-03 15:42:15.782 | DEBUG    | lib.create_order1:post:94 - 2023-08-03 15:42:15 请求时的入参: /pay/createOrder?amount=20110&currency=IDR&expectPayCodeType=0&merchantId=100119&orderNo=TestOrderNo_1691048535783&payChannel=8&payerName=test&payerPhone=081197204238&productId=2023&subject=TestSubject&version=1.0&sign=f0f151c56e0a859322fa88fe1b3fd447
2023-08-03 15:42:18.084 | DEBUG    | lib.create_order1:post:98 - 2023-08-03 15:42:18 接口返回值: {'code': '200', 'msg': 'SUCCESS', 'sign': 'db4d763c30512a15f3f98697f308720a', 'orderNo': 'TestOrderNo_1691048535783', 'tradeNo': '10012023080314421871400013', 'payCode': '8932560003946138', 'payCodeType': '0', 'expireTime': '2023-08-04 07:23:58'}
2023-08-03 15:42:21.085 | DEBUG    | lib.create_order1:post:93 - 2023-08-03 15:42:21 发起post请求:下单
2023-08-03 15:42:21.085 | DEBUG    | lib.create_order1:post:94 - 2023-08-03 15:42:21 请求时的入参: /pay/createOrder?amount=20110&currency=IDR&expectPayCodeType=0&merchantId=100119&orderNo=TestOrderNo_1691048541086&payChannel=3&payerName=test&payerPhone=081382826302&productId=2023&subject=TestSubject&version=1.0&sign=0e60817e349f33110f790c9852ff36c1
2023-08-03 15:42:24.873 | DEBUG    | lib.create_order1:post:98 - 2023-08-03 15:42:24 接口返回值: {'code': '200', 'msg': 'SUCCESS', 'sign': '1c530ee2c38084aae19dc909c106f43b', 'orderNo': 'TestOrderNo_1691048541086', 'tradeNo': '10012023080314422396000015', 'payCode': '82149999343555', 'payCodeType': '0', 'expireTime': '2023-08-04 07:24:03'}
2023-08-03 15:42:24.874 | DEBUG    | lib.create_order1:post:93 - 2023-08-03 15:42:24 发起post请求:下单
2023-08-03 15:42:24.874 | DEBUG    | lib.create_order1:post:94 - 2023-08-03 15:42:24 请求时的入参: /pay/createOrder?amount=20101&currency=IDR&expectPayCodeType=0&merchantId=100119&orderNo=TestOrderNo_1691048544874&payChannel=3&payerName=test&payerPhone=081382826302&productId=2023&subject=TestSubject&version=1.0&sign=cf25d03b6c0a666096c7ca0a9690e404
2023-08-03 15:42:28.185 | DEBUG    | lib.create_order1:post:98 - 2023-08-03 15:42:28 接口返回值: {'code': '200', 'msg': 'SUCCESS', 'sign': '241c4cda7b8935da94bbd0a8cf61700f', 'orderNo': 'TestOrderNo_1691048544874', 'tradeNo': '10012023080314422773800011', 'payCode': '82149999766357', 'payCodeType': '0', 'expireTime': '2023-08-04 07:24:07'}
2023-08-03 15:42:28.187 | DEBUG    | lib.create_order1:post:93 - 2023-08-03 15:42:28 发起post请求:下单
2023-08-03 15:42:28.188 | DEBUG    | lib.create_order1:post:94 - 2023-08-03 15:42:28 请求时的入参: /pay/createOrder?amount=20110&currency=IDR&expectPayCodeType=0&merchantId=100119&orderNo=TestOrderNo_1691048548187&payChannel=4&payerName=test&payerPhone=081382826302&productId=2023&subject=TestSubject&version=1.0&sign=21c30f050fc52f9e4aabbc89acf7f110
2023-08-03 15:42:30.445 | DEBUG    | lib.create_order1:post:98 - 2023-08-03 15:42:30 接口返回值: {'code': '200', 'msg': 'SUCCESS', 'sign': 'c03240db7eaa6004fbb0a3ddec5d1b7a', 'orderNo': 'TestOrderNo_1691048548187', 'tradeNo': '10012023080314423114000014', 'payCode': '8808999964442745', 'payCodeType': '0', 'expireTime': '2023-08-04 07:24:11'}
2023-08-03 15:42:30.446 | DEBUG    | lib.create_order1:post:93 - 2023-08-03 15:42:30 发起post请求:下单
2023-08-03 15:42:30.446 | DEBUG    | lib.create_order1:post:94 - 2023-08-03 15:42:30 请求时的入参: /pay/createOrder?amount=20101&currency=IDR&expectPayCodeType=0&merchantId=100119&orderNo=TestOrderNo_1691048550446&payChannel=4&payerName=test&payerPhone=081382826302&productId=2023&subject=TestSubject&version=1.0&sign=5f25ab3254f64acf5e87b637b0478ebb
2023-08-03 15:42:32.504 | DEBUG    | lib.create_order1:post:98 - 2023-08-03 15:42:32 接口返回值: {'code': '200', 'msg': 'SUCCESS', 'sign': '82f68ba0a293bd551d226c38f4ce67c4', 'orderNo': 'TestOrderNo_1691048550446', 'tradeNo': '10012023080314423325200015', 'payCode': '8808999962997479', 'payCodeType': '0', 'expireTime': '2023-08-04 07:24:13'}
2023-08-03 15:42:32.505 | DEBUG    | lib.create_order1:post:93 - 2023-08-03 15:42:32 发起post请求:下单
2023-08-03 15:42:32.505 | DEBUG    | lib.create_order1:post:94 - 2023-08-03 15:42:32 请求时的入参: /pay/createOrder?amount=20110&currency=IDR&expectPayCodeType=0&merchantId=100119&orderNo=TestOrderNo_1691048552506&payChannel=15&payerName=test&payerPhone=081382826302&productId=2023&subject=TestSubject&version=1.0&sign=cdf28d1bc739f4092cc4a65629e4acd6
2023-08-03 15:42:34.126 | DEBUG    | lib.create_order1:post:98 - 2023-08-03 15:42:34 接口返回值: {'code': '88011', 'msg': 'this channel is not supported yet', 'sign': 'e5ecde88e5c47f010ffd43aa30f7c64e'}
2023-08-03 15:42:34.127 | DEBUG    | lib.create_order1:post:93 - 2023-08-03 15:42:34 发起post请求:下单
2023-08-03 15:42:34.130 | DEBUG    | lib.create_order1:post:94 - 2023-08-03 15:42:34 请求时的入参: /pay/createOrder?amount=20101&currency=IDR&expectPayCodeType=0&merchantId=100119&orderNo=TestOrderNo_1691048554128&payChannel=15&payerName=test&payerPhone=081382826302&productId=2023&subject=TestSubject&version=1.0&sign=75d858439d6f9d042dfd4761e940439b
2023-08-03 15:42:35.781 | DEBUG    | lib.create_order1:post:98 - 2023-08-03 15:42:35 接口返回值: {'code': '200', 'msg': 'SUCCESS', 'sign': '94457a9c9f48619e41a2e7b9838bbcc0', 'orderNo': 'TestOrderNo_1691048554128', 'tradeNo': '10012023080314423696700015', 'payCode': 'http://localhost:8080/walletPay?orderInfo=wU3NFGwK4395KeELxFzSVfIUOLJ8eyjkmh%2BrAesa2ljCkC2jHqN3bHWh7TFqdv62dPobtJz%2BHiFqJhhOp2Hz4%2FgsM3UZ2SS5%2F%2BF1QkhdPpD3PC2phPf6AtMVpcZI0m39tNGL0hs1d7dGt%2Flzhy9WXUN4QKbjhAXs3VIQQ0YguXA%3D', 'payCodeType': '1', 'expireTime': '2023-08-03 15:42:36'}
2023-08-03 15:42:35.782 | DEBUG    | lib.create_order1:post:93 - 2023-08-03 15:42:35 发起post请求:下单
2023-08-03 15:42:35.782 | DEBUG    | lib.create_order1:post:94 - 2023-08-03 15:42:35 请求时的入参: /pay/createOrder?amount=20110&currency=IDR&expectPayCodeType=0&merchantId=100119&orderNo=TestOrderNo_1691048555782&payChannel=6&payerName=test&payerPhone=081382826302&productId=2023&subject=TestSubject&version=1.0&sign=7976186c984f663a658eab6c94e3c0d7
2023-08-03 15:42:38.041 | DEBUG    | lib.create_order1:post:98 - 2023-08-03 15:42:38 接口返回值: {'code': '200', 'msg': 'SUCCESS', 'sign': '1d5316ce2e6cb589e705fa2a6b814f13', 'orderNo': 'TestOrderNo_1691048555782', 'tradeNo': '10012023080314423870100016', 'payCode': '9349099997783291', 'payCodeType': '0', 'expireTime': '2023-08-04 07:24:18'}
2023-08-03 15:42:38.042 | DEBUG    | lib.create_order1:post:93 - 2023-08-03 15:42:38 发起post请求:下单
2023-08-03 15:42:38.042 | DEBUG    | lib.create_order1:post:94 - 2023-08-03 15:42:38 请求时的入参: /pay/createOrder?amount=20101&currency=IDR&expectPayCodeType=0&merchantId=100119&orderNo=TestOrderNo_1691048558043&payChannel=6&payerName=test&payerPhone=081382826302&productId=2023&subject=TestSubject&version=1.0&sign=21a5a5c78a1e73160a6f6c7b83ccad3d
2023-08-03 15:42:40.360 | DEBUG    | lib.create_order1:post:98 - 2023-08-03 15:42:40 接口返回值: {'code': '200', 'msg': 'SUCCESS', 'sign': '06fd68c6f783b76ecfb82f9ccc4bd4e4', 'orderNo': 'TestOrderNo_1691048558043', 'tradeNo': '10012023080314424085800010', 'payCode': '9349099991119189', 'payCodeType': '0', 'expireTime': '2023-08-04 07:24:20'}
2023-08-03 15:42:40.361 | DEBUG    | lib.create_order1:post:93 - 2023-08-03 15:42:40 发起post请求:下单
2023-08-03 15:42:40.362 | DEBUG    | lib.create_order1:post:94 - 2023-08-03 15:42:40 请求时的入参: /pay/createOrder?amount=20110&currency=IDR&expectPayCodeType=0&merchantId=100119&orderNo=TestOrderNo_1691048560362&payChannel=9&payerName=test&payerPhone=081382826302&productId=2023&subject=TestSubject&version=1.0&sign=3d71e3b446aabcadb2348f785849ccfd
2023-08-03 15:42:42.350 | DEBUG    | lib.create_order1:post:98 - 2023-08-03 15:42:42 接口返回值: {'code': '200', 'msg': 'SUCCESS', 'sign': 'dd36ca2ff8d9928c585faf3ed0483b84', 'orderNo': 'TestOrderNo_1691048560362', 'tradeNo': '10012023080314424326000016', 'payCode': '103406000000024082', 'payCodeType': '0', 'expireTime': '2023-08-04 07:24:23'}
2023-08-03 15:42:42.351 | DEBUG    | lib.create_order1:post:93 - 2023-08-03 15:42:42 发起post请求:下单
2023-08-03 15:42:42.352 | DEBUG    | lib.create_order1:post:94 - 2023-08-03 15:42:42 请求时的入参: /pay/createOrder?amount=20101&currency=IDR&expectPayCodeType=0&merchantId=100119&orderNo=TestOrderNo_1691048562351&payChannel=9&payerName=test&payerPhone=081382826302&productId=2023&subject=TestSubject&version=1.0&sign=4f8c5eb11163274ba428b4b9c6f2b5e4
2023-08-03 15:42:44.238 | DEBUG    | lib.create_order1:post:98 - 2023-08-03 15:42:44 接口返回值: {'code': '200', 'msg': 'SUCCESS', 'sign': '7deefdba891e792ef1ed5ff4bc3f35ae', 'orderNo': 'TestOrderNo_1691048562351', 'tradeNo': '10012023080314424520800013', 'payCode': '103406000000024083', 'payCodeType': '0', 'expireTime': '2023-08-04 07:24:25'}
2023-08-03 15:42:47.240 | DEBUG    | lib.create_order1:post:93 - 2023-08-03 15:42:47 发起post请求:下单
2023-08-03 15:42:47.240 | DEBUG    | lib.create_order1:post:94 - 2023-08-03 15:42:47 请求时的入参: /pay/createOrder?amount=20110&currency=IDR&expectPayCodeType=0&merchantId=100119&orderNo=TestOrderNo_1691048567241&payChannel=15&payerName=test&payerPhone=081382826303&productId=2023&subject=TestSubject&version=1.0&sign=c4dc7f2cd9269493e08c8698d95a0e9e
2023-08-03 15:42:48.299 | DEBUG    | lib.create_order1:post:98 - 2023-08-03 15:42:48 接口返回值: {'code': '200', 'msg': 'SUCCESS', 'sign': 'f9c5b30881598a605397ff86ba6f04d7', 'orderNo': 'TestOrderNo_1691048567241', 'tradeNo': '10012023080314424949100011', 'payCode': 'http://localhost:8080/walletPay?orderInfo=wU3NFGwK4395KeELxFzSVfIUOLJ8eyjkmh%2BrAesa2ljCkC2jHqN3bHWh7TFqdv62yl%2F1T52fNCUqtk6SJEDqYvgsM3UZ2SS5%2F%2BF1QkhdPpD8Cy7yELkkKTMuutvQwgBaaKi%2FM1wf3iGqovSbTHA5wEN4QKbjhAXs3VIQQ0YguXA%3D', 'payCodeType': '1', 'expireTime': '2023-08-03 15:42:49'}
2023-08-03 15:42:48.300 | DEBUG    | lib.create_order1:post:93 - 2023-08-03 15:42:48 发起post请求:下单
2023-08-03 15:42:48.301 | DEBUG    | lib.create_order1:post:94 - 2023-08-03 15:42:48 请求时的入参: /pay/createOrder?amount=20101&currency=IDR&expectPayCodeType=0&merchantId=100119&orderNo=TestOrderNo_1691048568301&payChannel=15&payerName=test&payerPhone=081382826303&productId=2023&subject=TestSubject&version=1.0&sign=ef2e4b310c23a1695c2796e5e1ac397f
2023-08-03 15:42:49.937 | DEBUG    | lib.create_order1:post:98 - 2023-08-03 15:42:49 接口返回值: {'code': '200', 'msg': 'SUCCESS', 'sign': 'a5cd128082bbccc90036e4f9d84b0729', 'orderNo': 'TestOrderNo_1691048568301', 'tradeNo': '10012023080314425113300014', 'payCode': 'http://localhost:8080/walletPay?orderInfo=wU3NFGwK4395KeELxFzSVfIUOLJ8eyjkmh%2BrAesa2ljCkC2jHqN3bHWh7TFqdv62x9XWHmRTaSsHwdzqfWfxyPgsM3UZ2SS5%2F%2BF1QkhdPpBxGuXLI%2Fh77JElFNGnEOI9tNGL0hs1d7dGt%2Flzhy9WXUN4QKbjhAXs3VIQQ0YguXA%3D', 'payCodeType': '1', 'expireTime': '2023-08-03 15:42:51'}
2023-08-03 15:42:49.938 | DEBUG    | lib.create_order1:post:93 - 2023-08-03 15:42:49 发起post请求:下单
2023-08-03 15:42:49.939 | DEBUG    | lib.create_order1:post:94 - 2023-08-03 15:42:49 请求时的入参: /pay/createOrder?amount=20110&currency=IDR&expectPayCodeType=0&merchantId=100119&orderNo=TestOrderNo_1691048569939&payChannel=16&payerName=test&payerPhone=081382826303&productId=2023&subject=TestSubject&version=1.0&sign=b6631608cd258d558bb53c5b94a1a663
2023-08-03 15:42:53.375 | DEBUG    | lib.create_order1:post:98 - 2023-08-03 15:42:53 接口返回值: {'code': '200', 'msg': 'SUCCESS', 'sign': '302aa281999a668f090575f5916e1283', 'orderNo': 'TestOrderNo_1691048569939', 'tradeNo': '10012023080314425277100010', 'payCode': 'http://mock qris qrcode', 'payCodeType': '1', 'expireTime': '2023-08-03 15:42:52'}
2023-08-03 15:42:53.376 | DEBUG    | lib.create_order1:post:93 - 2023-08-03 15:42:53 发起post请求:下单
2023-08-03 15:42:53.377 | DEBUG    | lib.create_order1:post:94 - 2023-08-03 15:42:53 请求时的入参: /pay/createOrder?amount=20101&currency=IDR&expectPayCodeType=0&merchantId=100119&orderNo=TestOrderNo_1691048573376&payChannel=16&payerName=test&payerPhone=081382826303&productId=2023&subject=TestSubject&version=1.0&sign=891e73353d0d5132188dd805ef237d3d
2023-08-03 15:42:55.335 | DEBUG    | lib.create_order1:post:98 - 2023-08-03 15:42:55 接口返回值: {'code': '200', 'msg': 'SUCCESS', 'sign': '4711b4b66f864096118a1b5449dbabdf', 'orderNo': 'TestOrderNo_1691048573376', 'tradeNo': '10012023080314425622400016', 'payCode': 'http://mock qris qrcode', 'payCodeType': '1', 'expireTime': '2023-08-03 15:42:56'}
2023-08-03 15:42:55.336 | DEBUG    | lib.create_order1:post:93 - 2023-08-03 15:42:55 发起post请求:下单
2023-08-03 15:42:55.336 | DEBUG    | lib.create_order1:post:94 - 2023-08-03 15:42:55 请求时的入参: /pay/createOrder?amount=20110&currency=IDR&expectPayCodeType=0&merchantId=100119&orderNo=TestOrderNo_1691048575337&payChannel=17&payerName=test&payerPhone=081382826303&productId=2023&subject=TestSubject&version=1.0&sign=764bc83061223efaaa3b8705820cecb9
2023-08-03 15:42:56.614 | DEBUG    | lib.create_order1:post:98 - 2023-08-03 15:42:56 接口返回值: {'code': '200', 'msg': 'SUCCESS', 'sign': '3f28c588a5cd0e20b50cad1aab9ac6a9', 'orderNo': 'TestOrderNo_1691048575337', 'tradeNo': '10012023080314425758300014', 'payCode': 'https://sit.tikipay.co/payResultRedirect/10012023080314425758300014', 'payCodeType': '1', 'expireTime': '2023-08-03 15:42:57'}
2023-08-03 15:42:56.614 | DEBUG    | lib.create_order1:post:93 - 2023-08-03 15:42:56 发起post请求:下单
2023-08-03 15:42:56.614 | DEBUG    | lib.create_order1:post:94 - 2023-08-03 15:42:56 请求时的入参: /pay/createOrder?amount=20101&currency=IDR&expectPayCodeType=0&merchantId=100119&orderNo=TestOrderNo_1691048576614&payChannel=17&payerName=test&payerPhone=081382826303&productId=2023&subject=TestSubject&version=1.0&sign=727c31eb0e70b49e6f62a1b9876b67c9
2023-08-03 15:42:58.428 | DEBUG    | lib.create_order1:post:98 - 2023-08-03 15:42:58 接口返回值: {'code': '200', 'msg': 'SUCCESS', 'sign': 'a70b63e9032fb83bc9e27354d8f62280', 'orderNo': 'TestOrderNo_1691048576614', 'tradeNo': '10012023080314425943000016', 'payCode': 'https://sit.tikipay.co/payResultRedirect/10012023080314425943000016', 'payCodeType': '1', 'expireTime': '2023-08-03 15:42:59'}
2023-08-03 15:42:58.429 | DEBUG    | lib.create_order1:post:93 - 2023-08-03 15:42:58 发起post请求:下单
2023-08-03 15:42:58.429 | DEBUG    | lib.create_order1:post:94 - 2023-08-03 15:42:58 请求时的入参: /pay/createOrder?amount=20110&currency=IDR&expectPayCodeType=0&merchantId=100119&orderNo=TestOrderNo_1691048578428&payChannel=18&payerName=test&payerPhone=081382826303&productId=2023&subject=TestSubject&version=1.0&sign=ff250180423cf5cc729db748cd628579
2023-08-03 15:42:59.697 | DEBUG    | lib.create_order1:post:98 - 2023-08-03 15:42:59 接口返回值: {'code': '200', 'msg': 'SUCCESS', 'sign': 'dab595258639f2e81421a38364b3bfb5', 'orderNo': 'TestOrderNo_1691048578428', 'tradeNo': '10012023080314430065900019', 'payCode': 'https://sit.tikipay.co/payResultRedirect/10012023080314430065900019', 'payCodeType': '1', 'expireTime': '2023-08-03 15:43:00'}
2023-08-03 15:42:59.698 | DEBUG    | lib.create_order1:post:93 - 2023-08-03 15:42:59 发起post请求:下单
2023-08-03 15:42:59.699 | DEBUG    | lib.create_order1:post:94 - 2023-08-03 15:42:59 请求时的入参: /pay/createOrder?amount=20101&currency=IDR&expectPayCodeType=0&merchantId=100119&orderNo=TestOrderNo_1691048579699&payChannel=18&payerName=test&payerPhone=081382826303&productId=2023&subject=TestSubject&version=1.0&sign=c30b9c6d1c9a147cc983e56e4f5422e7
2023-08-03 15:43:00.955 | DEBUG    | lib.create_order1:post:98 - 2023-08-03 15:43:00 接口返回值: {'code': '200', 'msg': 'SUCCESS', 'sign': 'd9b511ad9a0c8aaaa21c9557ec76dd0a', 'orderNo': 'TestOrderNo_1691048579699', 'tradeNo': '10012023080314430195200017', 'payCode': 'https://sit.tikipay.co/payResultRedirect/10012023080314430195200017', 'payCodeType': '1', 'expireTime': '2023-08-03 15:43:01'}
2023-08-03 15:43:00.956 | DEBUG    | lib.create_order1:post:93 - 2023-08-03 15:43:00 发起post请求:下单
2023-08-03 15:43:00.956 | DEBUG    | lib.create_order1:post:94 - 2023-08-03 15:43:00 请求时的入参: /pay/createOrder?amount=20110&currency=IDR&expectPayCodeType=0&merchantId=100119&orderNo=TestOrderNo_1691048580957&payChannel=19&payerName=test&payerPhone=081382826303&productId=2023&subject=TestSubject&version=1.0&sign=adfbf77e1729d5e11302e5d659f8a0fe
2023-08-03 15:43:02.210 | DEBUG    | lib.create_order1:post:98 - 2023-08-03 15:43:02 接口返回值: {'code': '200', 'msg': 'SUCCESS', 'sign': 'a4eee7cf43b90d9d8efbf36014af2709', 'orderNo': 'TestOrderNo_1691048580957', 'tradeNo': '10012023080314430320900010', 'payCode': 'https://sit.tikipay.co/payResultRedirect/10012023080314430320900010', 'payCodeType': '1', 'expireTime': '2023-08-03 15:43:03'}
2023-08-03 15:43:02.211 | DEBUG    | lib.create_order1:post:93 - 2023-08-03 15:43:02 发起post请求:下单
2023-08-03 15:43:02.212 | DEBUG    | lib.create_order1:post:94 - 2023-08-03 15:43:02 请求时的入参: /pay/createOrder?amount=20101&currency=IDR&expectPayCodeType=0&merchantId=100119&orderNo=TestOrderNo_1691048582211&payChannel=19&payerName=test&payerPhone=081382826303&productId=2023&subject=TestSubject&version=1.0&sign=b0fc27d9e0907cf0c78debc0140773ba
2023-08-03 15:43:04.114 | DEBUG    | lib.create_order1:post:98 - 2023-08-03 15:43:04 接口返回值: {'code': '200', 'msg': 'SUCCESS', 'sign': '8a69f6341fd34c7fe754e4fb616ed753', 'orderNo': 'TestOrderNo_1691048582211', 'tradeNo': '10012023080314430511000018', 'payCode': 'https://sit.tikipay.co/payResultRedirect/10012023080314430511000018', 'payCodeType': '1', 'expireTime': '2023-08-03 15:43:05'}
2023-08-03 15:43:04.115 | DEBUG    | lib.create_order1:post:93 - 2023-08-03 15:43:04 发起post请求:下单
2023-08-03 15:43:04.115 | DEBUG    | lib.create_order1:post:94 - 2023-08-03 15:43:04 请求时的入参: /pay/createOrder?amount=20110&currency=IDR&expectPayCodeType=0&merchantId=100119&orderNo=TestOrderNo_1691048584116&payChannel=3&payerName=test&payerPhone=081382826303&productId=2023&subject=TestSubject&version=1.0&sign=41f34dbb36e019a5a5d49cfac2a16214
2023-08-03 15:43:06.025 | DEBUG    | lib.create_order1:post:98 - 2023-08-03 15:43:06 接口返回值: {'code': '200', 'msg': 'SUCCESS', 'sign': 'f6af832312090af7fc89fc6c82696545', 'orderNo': 'TestOrderNo_1691048584116', 'tradeNo': '10012023080314430696400017', 'payCode': '7392600000007932', 'payCodeType': '0', 'expireTime': '2023-08-04 07:24:46'}
2023-08-03 15:43:06.026 | DEBUG    | lib.create_order1:post:93 - 2023-08-03 15:43:06 发起post请求:下单
2023-08-03 15:43:06.026 | DEBUG    | lib.create_order1:post:94 - 2023-08-03 15:43:06 请求时的入参: /pay/createOrder?amount=20101&currency=IDR&expectPayCodeType=0&merchantId=100119&orderNo=TestOrderNo_1691048586026&payChannel=3&payerName=test&payerPhone=081382826303&productId=2023&subject=TestSubject&version=1.0&sign=9c4732f6d6a149912d9628f31b1d134a
2023-08-03 15:43:07.714 | DEBUG    | lib.create_order1:post:98 - 2023-08-03 15:43:07 接口返回值: {'code': '200', 'msg': 'SUCCESS', 'sign': '507fb1363af69c2b0ac69b93f8e92a1d', 'orderNo': 'TestOrderNo_1691048586026', 'tradeNo': '10012023080314430825900010', 'payCode': '7392600000007933', 'payCodeType': '0', 'expireTime': '2023-08-04 07:24:48'}
2023-08-03 15:43:07.715 | DEBUG    | lib.create_order1:post:93 - 2023-08-03 15:43:07 发起post请求:下单
2023-08-03 15:43:07.715 | DEBUG    | lib.create_order1:post:94 - 2023-08-03 15:43:07 请求时的入参: /pay/createOrder?amount=20110&currency=IDR&expectPayCodeType=0&merchantId=100119&orderNo=TestOrderNo_1691048587716&payChannel=4&payerName=test&payerPhone=081382826303&productId=2023&subject=TestSubject&version=1.0&sign=e697892de3d49237b624337ac76655e5
2023-08-03 15:43:09.642 | DEBUG    | lib.create_order1:post:98 - 2023-08-03 15:43:09 接口返回值: {'code': '88005', 'msg': 'channel process error, please try again', 'sign': 'dbe789f3423e001fc81b1d8bfb320386'}
2023-08-03 15:43:09.644 | DEBUG    | lib.create_order1:post:93 - 2023-08-03 15:43:09 发起post请求:下单
2023-08-03 15:43:09.644 | DEBUG    | lib.create_order1:post:94 - 2023-08-03 15:43:09 请求时的入参: /pay/createOrder?amount=20101&currency=IDR&expectPayCodeType=0&merchantId=100119&orderNo=TestOrderNo_1691048589643&payChannel=4&payerName=test&payerPhone=081382826303&productId=2023&subject=TestSubject&version=1.0&sign=91d57cc3a785d38b16eba304db5e8367
2023-08-03 15:43:11.446 | DEBUG    | lib.create_order1:post:98 - 2023-08-03 15:43:11 接口返回值: {'code': '88005', 'msg': 'channel process error, please try again', 'sign': 'dbe789f3423e001fc81b1d8bfb320386'}
2023-08-03 15:43:11.447 | DEBUG    | lib.create_order1:post:93 - 2023-08-03 15:43:11 发起post请求:下单
2023-08-03 15:43:11.447 | DEBUG    | lib.create_order1:post:94 - 2023-08-03 15:43:11 请求时的入参: /pay/createOrder?amount=20110&currency=IDR&expectPayCodeType=0&merchantId=100119&orderNo=TestOrderNo_1691048591447&payChannel=5&payerName=test&payerPhone=081382826303&productId=2023&subject=TestSubject&version=1.0&sign=ac2c49053449ca6a81a90aa3ba132390
2023-08-03 15:43:13.304 | DEBUG    | lib.create_order1:post:98 - 2023-08-03 15:43:13 接口返回值: {'code': '200', 'msg': 'SUCCESS', 'sign': '8fb8614c85c927706858ccb6dbb75201', 'orderNo': 'TestOrderNo_1691048591447', 'tradeNo': '10012023080314431428800011', 'payCode': '700707760000011860', 'payCodeType': '0', 'expireTime': '2023-08-04 07:24:54'}
2023-08-03 15:43:13.305 | DEBUG    | lib.create_order1:post:93 - 2023-08-03 15:43:13 发起post请求:下单
2023-08-03 15:43:13.305 | DEBUG    | lib.create_order1:post:94 - 2023-08-03 15:43:13 请求时的入参: /pay/createOrder?amount=20101&currency=IDR&expectPayCodeType=0&merchantId=100119&orderNo=TestOrderNo_1691048593306&payChannel=5&payerName=test&payerPhone=081382826303&productId=2023&subject=TestSubject&version=1.0&sign=5bd9ba96c09a970e528afedec0b8839b
2023-08-03 15:43:15.147 | DEBUG    | lib.create_order1:post:98 - 2023-08-03 15:43:15 接口返回值: {'code': '200', 'msg': 'SUCCESS', 'sign': '7147e22917e4cb60c7f3e2b967a15563', 'orderNo': 'TestOrderNo_1691048593306', 'tradeNo': '10012023080314431614900013', 'payCode': '700707760000011861', 'payCodeType': '0', 'expireTime': '2023-08-04 07:24:56'}
2023-08-03 15:43:15.148 | DEBUG    | lib.create_order1:post:93 - 2023-08-03 15:43:15 发起post请求:下单
2023-08-03 15:43:15.149 | DEBUG    | lib.create_order1:post:94 - 2023-08-03 15:43:15 请求时的入参: /pay/createOrder?amount=20110&currency=IDR&expectPayCodeType=0&merchantId=100119&orderNo=TestOrderNo_1691048595149&payChannel=6&payerName=test&payerPhone=081382826303&productId=2023&subject=TestSubject&version=1.0&sign=a2e173791e36d82604db00f30bd284ba
2023-08-03 15:43:16.409 | DEBUG    | lib.create_order1:post:98 - 2023-08-03 15:43:16 接口返回值: {'code': '200', 'msg': 'SUCCESS', 'sign': '9cc832b0e43d390810fcecfab319b4f0', 'orderNo': 'TestOrderNo_1691048595149', 'tradeNo': '10012023080314431739900013', 'payCode': '23096000000110011', 'payCodeType': '0', 'expireTime': '2023-08-04 07:24:57'}
2023-08-03 15:43:16.410 | DEBUG    | lib.create_order1:post:93 - 2023-08-03 15:43:16 发起post请求:下单
2023-08-03 15:43:16.410 | DEBUG    | lib.create_order1:post:94 - 2023-08-03 15:43:16 请求时的入参: /pay/createOrder?amount=20101&currency=IDR&expectPayCodeType=0&merchantId=100119&orderNo=TestOrderNo_1691048596410&payChannel=6&payerName=test&payerPhone=081382826303&productId=2023&subject=TestSubject&version=1.0&sign=4b5874da819cb2c70786df8b9981d331
2023-08-03 15:43:18.284 | DEBUG    | lib.create_order1:post:98 - 2023-08-03 15:43:18 接口返回值: {'code': '200', 'msg': 'SUCCESS', 'sign': '6fe501fe9e905d2958724a3969ec8100', 'orderNo': 'TestOrderNo_1691048596410', 'tradeNo': '10012023080314431928000013', 'payCode': '23096000000110012', 'payCodeType': '0', 'expireTime': '2023-08-04 07:24:59'}
2023-08-03 15:43:18.285 | DEBUG    | lib.create_order1:post:93 - 2023-08-03 15:43:18 发起post请求:下单
2023-08-03 15:43:18.285 | DEBUG    | lib.create_order1:post:94 - 2023-08-03 15:43:18 请求时的入参: /pay/createOrder?amount=20110&currency=IDR&expectPayCodeType=0&merchantId=100119&orderNo=TestOrderNo_1691048598284&payChannel=9&payerName=test&payerPhone=081382826303&productId=2023&subject=TestSubject&version=1.0&sign=09bdaa02d5f2b967401d20dd4d670f71
2023-08-03 15:43:20.153 | DEBUG    | lib.create_order1:post:98 - 2023-08-03 15:43:20 接口返回值: {'code': '200', 'msg': 'SUCCESS', 'sign': 'da5d13e8b9c213c3ef91dda5dacfb9cb', 'orderNo': 'TestOrderNo_1691048598284', 'tradeNo': '10012023080314432112500016', 'payCode': '103406000000024084', 'payCodeType': '0', 'expireTime': '2023-08-04 07:25:01'}
2023-08-03 15:43:20.154 | DEBUG    | lib.create_order1:post:93 - 2023-08-03 15:43:20 发起post请求:下单
2023-08-03 15:43:20.154 | DEBUG    | lib.create_order1:post:94 - 2023-08-03 15:43:20 请求时的入参: /pay/createOrder?amount=20101&currency=IDR&expectPayCodeType=0&merchantId=100119&orderNo=TestOrderNo_1691048600155&payChannel=9&payerName=test&payerPhone=081382826303&productId=2023&subject=TestSubject&version=1.0&sign=0717a5100854dfed2c6948fe4fd3a020
2023-08-03 15:43:21.382 | DEBUG    | lib.create_order1:post:98 - 2023-08-03 15:43:21 接口返回值: {'code': '200', 'msg': 'SUCCESS', 'sign': 'db09cddf789a7704b354c6b37ae97fbd', 'orderNo': 'TestOrderNo_1691048600155', 'tradeNo': '10012023080314432240900013', 'payCode': '103406000000024085', 'payCodeType': '0', 'expireTime': '2023-08-04 07:25:02'}
2023-08-03 15:43:24.397 | DEBUG    | lib.create_order1:post:93 - 2023-08-03 15:43:24 发起post请求:下单
2023-08-03 15:43:24.398 | DEBUG    | lib.create_order1:post:94 - 2023-08-03 15:43:24 请求时的入参: /pay/createOrder?amount=20110&currency=IDR&expectPayCodeType=0&merchantId=100119&orderNo=TestOrderNo_1691048604398&payChannel=15&payerName=test&payerPhone=081382826306&productId=2023&subject=TestSubject&version=1.0&sign=3195f7b5c7419ed180fa19ebae2f5a7f
2023-08-03 15:43:25.424 | DEBUG    | lib.create_order1:post:98 - 2023-08-03 15:43:25 接口返回值: {'code': '200', 'msg': 'SUCCESS', 'sign': 'bcfa30d7227a65034cbd5bde870dabc1', 'orderNo': 'TestOrderNo_1691048604398', 'tradeNo': '10012023080314432662200017', 'payCode': 'http://localhost:8080/walletPay?orderInfo=wU3NFGwK4395KeELxFzSVfIUOLJ8eyjkmh%2BrAesa2ljCkC2jHqN3bHWh7TFqdv62%2FazVA9mgNtYwWymu5VAd2vgsM3UZ2SS5%2F%2BF1QkhdPpA4aranLbS65xDOn%2FlnXoaPaKi%2FM1wf3iGqovSbTHA5wEN4QKbjhAXs3VIQQ0YguXA%3D', 'payCodeType': '1', 'expireTime': '2023-08-03 15:43:26'}
2023-08-03 15:43:25.425 | DEBUG    | lib.create_order1:post:93 - 2023-08-03 15:43:25 发起post请求:下单
2023-08-03 15:43:25.425 | DEBUG    | lib.create_order1:post:94 - 2023-08-03 15:43:25 请求时的入参: /pay/createOrder?amount=20101&currency=IDR&expectPayCodeType=0&merchantId=100119&orderNo=TestOrderNo_1691048605425&payChannel=15&payerName=test&payerPhone=081382826306&productId=2023&subject=TestSubject&version=1.0&sign=de2b511c25be59a1fe47843e2603920a
2023-08-03 15:43:27.125 | DEBUG    | lib.create_order1:post:98 - 2023-08-03 15:43:27 接口返回值: {'code': '200', 'msg': 'SUCCESS', 'sign': 'bd127797a7e0d5cff93eafac3e300b01', 'orderNo': 'TestOrderNo_1691048605425', 'tradeNo': '10012023080314432831100015', 'payCode': 'http://localhost:8080/walletPay?orderInfo=wU3NFGwK4395KeELxFzSVfIUOLJ8eyjkmh%2BrAesa2ljCkC2jHqN3bHWh7TFqdv62%2BSwnQL4lT2Em28tLdPPwtPgsM3UZ2SS5%2F%2BF1QkhdPpAHv4XLOJrJ85HaA2w%2BGZ22tNGL0hs1d7dGt%2Flzhy9WXUN4QKbjhAXs3VIQQ0YguXA%3D', 'payCodeType': '1', 'expireTime': '2023-08-03 15:43:28'}
2023-08-03 15:43:27.126 | DEBUG    | lib.create_order1:post:93 - 2023-08-03 15:43:27 发起post请求:下单
2023-08-03 15:43:27.126 | DEBUG    | lib.create_order1:post:94 - 2023-08-03 15:43:27 请求时的入参: /pay/createOrder?amount=20110&currency=IDR&expectPayCodeType=0&merchantId=100119&orderNo=TestOrderNo_1691048607127&payChannel=16&payerName=test&payerPhone=081382826306&productId=2023&subject=TestSubject&version=1.0&sign=4536b2b9b66e6c4bab698768c8b90a08
2023-08-03 15:43:29.519 | DEBUG    | lib.create_order1:post:98 - 2023-08-03 15:43:29 接口返回值: {'code': '200', 'msg': 'SUCCESS', 'sign': '91a348fa575e81c55bd56f8444d1913f', 'orderNo': 'TestOrderNo_1691048607127', 'tradeNo': '10012023080314433000800013', 'payCode': '00020101021226610016ID.CO.SHOPEE.WWW01189360091800203073100208203073100303UME51440014ID.CO.QRIS.WWW0215ID20221533959930303UME520453995303360540820110.005802ID5903MPI6015KOTA JAKARTA SE61051279062220518pay_rYbNHphhrY481663048057', 'payCodeType': '1', 'expireTime': '2023-08-03 15:43:30'}
2023-08-03 15:43:29.520 | DEBUG    | lib.create_order1:post:93 - 2023-08-03 15:43:29 发起post请求:下单
2023-08-03 15:43:29.521 | DEBUG    | lib.create_order1:post:94 - 2023-08-03 15:43:29 请求时的入参: /pay/createOrder?amount=20101&currency=IDR&expectPayCodeType=0&merchantId=100119&orderNo=TestOrderNo_1691048609521&payChannel=16&payerName=test&payerPhone=081382826306&productId=2023&subject=TestSubject&version=1.0&sign=1f1f33f812b7ded696025e7f0cbcdd38
2023-08-03 15:43:31.941 | DEBUG    | lib.create_order1:post:98 - 2023-08-03 15:43:31 接口返回值: {'code': '200', 'msg': 'SUCCESS', 'sign': '9921e095471462d4dab976c880775792', 'orderNo': 'TestOrderNo_1691048609521', 'tradeNo': '10012023080314433237800018', 'payCode': '00020101021226610016ID.CO.SHOPEE.WWW01189360091800203073100208203073100303UME51440014ID.CO.QRIS.WWW0215ID20221533959930303UME520453995303360540820101.005802ID5903MPI6015KOTA JAKARTA SE61051279062220518pay_CHbj9gqTEN645663041140', 'payCodeType': '1', 'expireTime': '2023-08-03 15:43:32'}
2023-08-03 15:43:31.942 | DEBUG    | lib.create_order1:post:93 - 2023-08-03 15:43:31 发起post请求:下单
2023-08-03 15:43:31.942 | DEBUG    | lib.create_order1:post:94 - 2023-08-03 15:43:31 请求时的入参: /pay/createOrder?amount=20110&currency=IDR&expectPayCodeType=0&merchantId=100119&orderNo=TestOrderNo_1691048611941&payChannel=17&payerName=test&payerPhone=081382826306&productId=2023&subject=TestSubject&version=1.0&sign=032e8ecf6e40f95c08c697af82f5e3bb
2023-08-03 15:43:34.121 | DEBUG    | lib.create_order1:post:98 - 2023-08-03 15:43:34 接口返回值: {'code': '200', 'msg': 'SUCCESS', 'sign': '696ca65fd1826b781c9611fd2c416575', 'orderNo': 'TestOrderNo_1691048611941', 'tradeNo': '10012023080314433473200014', 'payCode': 'https://link.dana.id/pay?bizNo=20230803111212800110166021983526652&timestamp=1691048615164&originSourcePlatform=IPG&mid=216620000311085238996&did=216650000552544219991&sign=RYPMMMoV16zt6KB8NP8Xaiqp0gCxHPDQFhQY10PAMAF5jn5H0frukhABowtte5Z5T5zDvDyaoh6FZ4bM%2Bz70m4OvoZL%2Fl1o7mZEGPEei5fg%2Bk%2FGtiOA7fqNtmebDO6NrOKGgKFkVjouuHuh5a4vYvPQlKs8XQQNBh8E8G1GGcwqXmjk7AQUXVBXxsdbfCpz%2BxMlpnrt8wxG13KIJL%2B%2FHLPRka1sYmP0sVHAsRDGyFLAbbeikWjngTM3nMd2mWxyMpG02qSgeWolWjRoCDMdnzUeBvdIW6JYDNTjaEAGksF7lhpmyz7uFBgULMhQj4GNzFdzP%2BSqul0JbTxW7CPd1NQ%3D%3D&forceToH5=false', 'payCodeType': '1', 'expireTime': '2023-08-03 15:43:34'}
2023-08-03 15:43:34.122 | DEBUG    | lib.create_order1:post:93 - 2023-08-03 15:43:34 发起post请求:下单
2023-08-03 15:43:34.122 | DEBUG    | lib.create_order1:post:94 - 2023-08-03 15:43:34 请求时的入参: /pay/createOrder?amount=20101&currency=IDR&expectPayCodeType=0&merchantId=100119&orderNo=TestOrderNo_1691048614122&payChannel=17&payerName=test&payerPhone=081382826306&productId=2023&subject=TestSubject&version=1.0&sign=18023fb874914b6b5bf394c700be07ec
2023-08-03 15:43:36.625 | DEBUG    | lib.create_order1:post:98 - 2023-08-03 15:43:36 接口返回值: {'code': '200', 'msg': 'SUCCESS', 'sign': '70445308067ec3c7e6a60ae268d47e6c', 'orderNo': 'TestOrderNo_1691048614122', 'tradeNo': '10012023080314433726500012', 'payCode': 'https://link.dana.id/pay?bizNo=20230803111212800110166337583555946&timestamp=1691048617655&originSourcePlatform=IPG&mid=216620000311085238996&did=216650000552544219991&sign=KfnJaSY9UUWLw92Fd%2FwJZkxRW%2FAyHhRbJlJeFuxaJRlXDsoKeaTwg9SpUlKDW%2B2AGBWY6McxyOuoIH8JEr6TgTpYF%2Bh8mA2ITLs3sM8ZtguEqQe0TgbnlHNnDcdN9rOWuDsrDRGnOz5DZsdtprq01wqWu6prHk%2FlL3XbQhiOiVSRI%2FhYo9Ca65lfa8kLBCyvKnsUcujJ%2BXTdL5QMEa%2BoifpUXeFqaCJ6lW4cw17bxCL5dxQ7oGHSKpODvJ7IAJkL7%2Fu%2Brg%2BaQrhgSwwzhqmWfQ2m33E4kvoYcCIC8TTGl5jMNe8vEcDfqC7GYGhnnIrGxSy%2FeDIa0V5fXCJD0xI6kw%3D%3D&forceToH5=false', 'payCodeType': '1', 'expireTime': '2023-08-03 15:43:37'}
2023-08-03 15:43:36.626 | DEBUG    | lib.create_order1:post:93 - 2023-08-03 15:43:36 发起post请求:下单
2023-08-03 15:43:36.626 | DEBUG    | lib.create_order1:post:94 - 2023-08-03 15:43:36 请求时的入参: /pay/createOrder?amount=20110&currency=IDR&expectPayCodeType=0&merchantId=100119&orderNo=TestOrderNo_1691048616627&payChannel=18&payerName=test&payerPhone=081382826306&productId=2023&subject=TestSubject&version=1.0&sign=883c73a16bc7751b423b71c235350341
2023-08-03 15:43:38.287 | DEBUG    | lib.create_order1:post:98 - 2023-08-03 15:43:38 接口返回值: {'code': '88011', 'msg': 'this channel is not supported yet', 'sign': 'e5ecde88e5c47f010ffd43aa30f7c64e'}
2023-08-03 15:43:38.288 | DEBUG    | lib.create_order1:post:93 - 2023-08-03 15:43:38 发起post请求:下单
2023-08-03 15:43:38.289 | DEBUG    | lib.create_order1:post:94 - 2023-08-03 15:43:38 请求时的入参: /pay/createOrder?amount=20101&currency=IDR&expectPayCodeType=0&merchantId=100119&orderNo=TestOrderNo_1691048618289&payChannel=18&payerName=test&payerPhone=081382826306&productId=2023&subject=TestSubject&version=1.0&sign=c91f51ad182ef7fbdd277d263177d780
2023-08-03 15:43:40.064 | DEBUG    | lib.create_order1:post:98 - 2023-08-03 15:43:40 接口返回值: {'code': '88011', 'msg': 'this channel is not supported yet', 'sign': 'e5ecde88e5c47f010ffd43aa30f7c64e'}
2023-08-03 15:43:40.065 | DEBUG    | lib.create_order1:post:93 - 2023-08-03 15:43:40 发起post请求:下单
2023-08-03 15:43:40.065 | DEBUG    | lib.create_order1:post:94 - 2023-08-03 15:43:40 请求时的入参: /pay/createOrder?amount=20110&currency=IDR&expectPayCodeType=0&merchantId=100119&orderNo=TestOrderNo_1691048620065&payChannel=19&payerName=test&payerPhone=081382826306&productId=2023&subject=TestSubject&version=1.0&sign=af109c9fa764ddc7eac60e7dcb865cde
2023-08-03 15:43:42.397 | DEBUG    | lib.create_order1:post:98 - 2023-08-03 15:43:42 接口返回值: {'code': '200', 'msg': 'SUCCESS', 'sign': '3036f6c354bb813264270ecd54ad60cf', 'orderNo': 'TestOrderNo_1691048620065', 'tradeNo': '10012023080314434292400017', 'payCode': 'https://wsa.wallet.airpay.co.id/universal-link/wallet/pay?deep_and_deferred=1&token=Um80ZWF4Yk9xZmROEZJQapN-JPlHRYcATguqj9uDYNbGZCGNEmwTuL_iXB5FhA', 'payCodeType': '1', 'expireTime': '2023-08-03 15:43:42'}
2023-08-03 15:43:42.398 | DEBUG    | lib.create_order1:post:93 - 2023-08-03 15:43:42 发起post请求:下单
2023-08-03 15:43:42.399 | DEBUG    | lib.create_order1:post:94 - 2023-08-03 15:43:42 请求时的入参: /pay/createOrder?amount=20101&currency=IDR&expectPayCodeType=0&merchantId=100119&orderNo=TestOrderNo_1691048622398&payChannel=19&payerName=test&payerPhone=081382826306&productId=2023&subject=TestSubject&version=1.0&sign=8a9d994c3badafc75292700d1dea9930
2023-08-03 15:43:44.722 | DEBUG    | lib.create_order1:post:98 - 2023-08-03 15:43:44 接口返回值: {'code': '200', 'msg': 'SUCCESS', 'sign': 'df17265445e4f94c8bdfcd064cb832a2', 'orderNo': 'TestOrderNo_1691048622398', 'tradeNo': '10012023080314434524500014', 'payCode': 'https://wsa.wallet.airpay.co.id/universal-link/wallet/pay?deep_and_deferred=1&token=Um80ZWF4Yk9xZmROEZJQaqteIeVZats9GwusiNaC3rux5hVXss0i6on34OO1xQ', 'payCodeType': '1', 'expireTime': '2023-08-03 15:43:45'}
2023-08-03 15:43:44.723 | DEBUG    | lib.create_order1:post:93 - 2023-08-03 15:43:44 发起post请求:下单
2023-08-03 15:43:44.723 | DEBUG    | lib.create_order1:post:94 - 2023-08-03 15:43:44 请求时的入参: /pay/createOrder?amount=20110&currency=IDR&expectPayCodeType=0&merchantId=100119&orderNo=TestOrderNo_1691048624723&payChannel=3&payerName=test&payerPhone=081382826306&productId=2023&subject=TestSubject&version=1.0&sign=b90f4e3cadb00e17d8229e8c31c1cec5
2023-08-03 15:43:45.934 | DEBUG    | lib.create_order1:post:98 - 2023-08-03 15:43:45 接口返回值: {'code': '200', 'msg': 'SUCCESS', 'sign': '86b9fcf138ac4b6da78ca82c9173b2d5', 'orderNo': 'TestOrderNo_1691048624723', 'tradeNo': '10012023080314434700300015', 'payCode': '850812762290826', 'payCodeType': '0', 'expireTime': '2023-08-04 07:25:27'}
2023-08-03 15:43:45.935 | DEBUG    | lib.create_order1:post:93 - 2023-08-03 15:43:45 发起post请求:下单
2023-08-03 15:43:45.935 | DEBUG    | lib.create_order1:post:94 - 2023-08-03 15:43:45 请求时的入参: /pay/createOrder?amount=20101&currency=IDR&expectPayCodeType=0&merchantId=100119&orderNo=TestOrderNo_1691048625936&payChannel=3&payerName=test&payerPhone=081382826306&productId=2023&subject=TestSubject&version=1.0&sign=fc5bf20fdd54dfd78fd8b7ba3cae5732
2023-08-03 15:43:47.740 | DEBUG    | lib.create_order1:post:98 - 2023-08-03 15:43:47 接口返回值: {'code': '200', 'msg': 'SUCCESS', 'sign': 'e0a88d94c636c6ab096857ee11fbe1d5', 'orderNo': 'TestOrderNo_1691048625936', 'tradeNo': '10012023080314434880000013', 'payCode': '850812777481063', 'payCodeType': '0', 'expireTime': '2023-08-04 07:25:28'}
2023-08-03 15:43:47.741 | DEBUG    | lib.create_order1:post:93 - 2023-08-03 15:43:47 发起post请求:下单
2023-08-03 15:43:47.741 | DEBUG    | lib.create_order1:post:94 - 2023-08-03 15:43:47 请求时的入参: /pay/createOrder?amount=20110&currency=IDR&expectPayCodeType=0&merchantId=100119&orderNo=TestOrderNo_1691048627740&payChannel=4&payerName=test&payerPhone=081382826306&productId=2023&subject=TestSubject&version=1.0&sign=14b845d1ab86b0d1ba826dea2f8d4b5e
2023-08-03 15:43:49.902 | DEBUG    | lib.create_order1:post:98 - 2023-08-03 15:43:49 接口返回值: {'code': '200', 'msg': 'SUCCESS', 'sign': '3837478770302953861ae5420e281f8a', 'orderNo': 'TestOrderNo_1691048627740', 'tradeNo': '10012023080314435062400012', 'payCode': '9888739962983994', 'payCodeType': '0', 'expireTime': '2023-08-04 07:25:30'}
2023-08-03 15:43:49.902 | DEBUG    | lib.create_order1:post:93 - 2023-08-03 15:43:49 发起post请求:下单
2023-08-03 15:43:49.904 | DEBUG    | lib.create_order1:post:94 - 2023-08-03 15:43:49 请求时的入参: /pay/createOrder?amount=20101&currency=IDR&expectPayCodeType=0&merchantId=100119&orderNo=TestOrderNo_1691048629903&payChannel=4&payerName=test&payerPhone=081382826306&productId=2023&subject=TestSubject&version=1.0&sign=87444adcd1fdbce82f1a7ad4366d5d70
2023-08-03 15:43:52.058 | DEBUG    | lib.create_order1:post:98 - 2023-08-03 15:43:52 接口返回值: {'code': '200', 'msg': 'SUCCESS', 'sign': 'be799bd6dea364b439ba7dd5f6133097', 'orderNo': 'TestOrderNo_1691048629903', 'tradeNo': '10012023080314435271900018', 'payCode': '9888739962983995', 'payCodeType': '0', 'expireTime': '2023-08-04 07:25:32'}
2023-08-03 15:43:52.060 | DEBUG    | lib.create_order1:post:93 - 2023-08-03 15:43:52 发起post请求:下单
2023-08-03 15:43:52.060 | DEBUG    | lib.create_order1:post:94 - 2023-08-03 15:43:52 请求时的入参: /pay/createOrder?amount=20110&currency=IDR&expectPayCodeType=0&merchantId=100119&orderNo=TestOrderNo_1691048632061&payChannel=5&payerName=test&payerPhone=081382826306&productId=2023&subject=TestSubject&version=1.0&sign=83f68d3a2fb955b765fc85f1a43e77d3
2023-08-03 15:43:53.551 | DEBUG    | lib.create_order1:post:98 - 2023-08-03 15:43:53 接口返回值: {'code': '200', 'msg': 'SUCCESS', 'sign': 'c6b4f8257dd654b115ebd1eaa6cc39fe', 'orderNo': 'TestOrderNo_1691048632061', 'tradeNo': '10012023080314435459600018', 'payCode': '1457125840927327', 'payCodeType': '0', 'expireTime': '2023-08-04 07:25:34'}
2023-08-03 15:43:53.552 | DEBUG    | lib.create_order1:post:93 - 2023-08-03 15:43:53 发起post请求:下单
2023-08-03 15:43:53.553 | DEBUG    | lib.create_order1:post:94 - 2023-08-03 15:43:53 请求时的入参: /pay/createOrder?amount=20101&currency=IDR&expectPayCodeType=0&merchantId=100119&orderNo=TestOrderNo_1691048633552&payChannel=5&payerName=test&payerPhone=081382826306&productId=2023&subject=TestSubject&version=1.0&sign=3ea6f95a9db6f90168ed8253af99f53f
2023-08-03 15:43:55.303 | DEBUG    | lib.create_order1:post:98 - 2023-08-03 15:43:55 接口返回值: {'code': '200', 'msg': 'SUCCESS', 'sign': 'aa5ea10886e36cd8a22b0b39353de8e2', 'orderNo': 'TestOrderNo_1691048633552', 'tradeNo': '10012023080314435637900017', 'payCode': '1457134996635733', 'payCodeType': '0', 'expireTime': '2023-08-04 07:25:36'}
2023-08-03 15:43:55.304 | DEBUG    | lib.create_order1:post:93 - 2023-08-03 15:43:55 发起post请求:下单
2023-08-03 15:43:55.304 | DEBUG    | lib.create_order1:post:94 - 2023-08-03 15:43:55 请求时的入参: /pay/createOrder?amount=20110&currency=IDR&expectPayCodeType=0&merchantId=100119&orderNo=TestOrderNo_1691048635304&payChannel=6&payerName=test&payerPhone=081382826306&productId=2023&subject=TestSubject&version=1.0&sign=0e00f158179f4d453a55d4c52f882175
2023-08-03 15:43:56.791 | DEBUG    | lib.create_order1:post:98 - 2023-08-03 15:43:56 接口返回值: {'code': '200', 'msg': 'SUCCESS', 'sign': 'b1e0b344e46f111b11e410a250b470bd', 'orderNo': 'TestOrderNo_1691048635304', 'tradeNo': '10012023080314435756300015', 'payCode': '23096000002774154', 'payCodeType': '0', 'expireTime': '2023-08-04 07:25:37'}
2023-08-03 15:43:56.792 | DEBUG    | lib.create_order1:post:93 - 2023-08-03 15:43:56 发起post请求:下单
2023-08-03 15:43:56.792 | DEBUG    | lib.create_order1:post:94 - 2023-08-03 15:43:56 请求时的入参: /pay/createOrder?amount=20101&currency=IDR&expectPayCodeType=0&merchantId=100119&orderNo=TestOrderNo_1691048636792&payChannel=6&payerName=test&payerPhone=081382826306&productId=2023&subject=TestSubject&version=1.0&sign=6196af3098035ebccd60ee63b15dfa58
2023-08-03 15:43:58.798 | DEBUG    | lib.create_order1:post:98 - 2023-08-03 15:43:58 接口返回值: {'code': '200', 'msg': 'SUCCESS', 'sign': '5e2a0329cf3c29a96aaa0054df4ca18a', 'orderNo': 'TestOrderNo_1691048636792', 'tradeNo': '10012023080314435963800013', 'payCode': '23096000002774155', 'payCodeType': '0', 'expireTime': '2023-08-04 07:25:39'}
2023-08-03 15:43:58.799 | DEBUG    | lib.create_order1:post:93 - 2023-08-03 15:43:58 发起post请求:下单
2023-08-03 15:43:58.800 | DEBUG    | lib.create_order1:post:94 - 2023-08-03 15:43:58 请求时的入参: /pay/createOrder?amount=20110&currency=IDR&expectPayCodeType=0&merchantId=100119&orderNo=TestOrderNo_1691048638800&payChannel=9&payerName=test&payerPhone=081382826306&productId=2023&subject=TestSubject&version=1.0&sign=5d5858dc99f4ff5d0c6187ed0dc569a2
2023-08-03 15:44:00.223 | DEBUG    | lib.create_order1:post:98 - 2023-08-03 15:44:00 接口返回值: {'code': '200', 'msg': 'SUCCESS', 'sign': 'f63b5a73264c716bf38790221aa327bb', 'orderNo': 'TestOrderNo_1691048638800', 'tradeNo': '10012023080314440104300014', 'payCode': '135036000009449731', 'payCodeType': '0', 'expireTime': '2023-08-04 07:25:41'}
2023-08-03 15:44:00.224 | DEBUG    | lib.create_order1:post:93 - 2023-08-03 15:44:00 发起post请求:下单
2023-08-03 15:44:00.224 | DEBUG    | lib.create_order1:post:94 - 2023-08-03 15:44:00 请求时的入参: /pay/createOrder?amount=20101&currency=IDR&expectPayCodeType=0&merchantId=100119&orderNo=TestOrderNo_1691048640224&payChannel=9&payerName=test&payerPhone=081382826306&productId=2023&subject=TestSubject&version=1.0&sign=1173a2d555e721b8bae2d0fc832106ee
2023-08-03 15:44:01.906 | DEBUG    | lib.create_order1:post:98 - 2023-08-03 15:44:01 接口返回值: {'code': '200', 'msg': 'SUCCESS', 'sign': 'c21410a4676fea1dcc200ba28ca40f6b', 'orderNo': 'TestOrderNo_1691048640224', 'tradeNo': '10012023080314440251700016', 'payCode': '135036000009449733', 'payCodeType': '0', 'expireTime': '2023-08-04 07:25:42'}
2023-08-03 15:44:04.920 | DEBUG    | lib.create_order1:post:93 - 2023-08-03 15:44:04 发起post请求:下单
2023-08-03 15:44:04.921 | DEBUG    | lib.create_order1:post:94 - 2023-08-03 15:44:04 请求时的入参: /pay/createOrder?amount=20110&currency=IDR&expectPayCodeType=0&merchantId=100119&orderNo=TestOrderNo_1691048644921&payChannel=17&payerName=test&payerPhone=081382826304&productId=2023&subject=TestSubject&version=1.0&sign=e2f7aded5722abdf3bd200381577a4dc
2023-08-03 15:44:06.397 | DEBUG    | lib.create_order1:post:98 - 2023-08-03 15:44:06 接口返回值: {'code': '88005', 'msg': 'channel process error, please try again', 'sign': 'dbe789f3423e001fc81b1d8bfb320386'}
2023-08-03 15:44:06.398 | DEBUG    | lib.create_order1:post:93 - 2023-08-03 15:44:06 发起post请求:下单
2023-08-03 15:44:06.398 | DEBUG    | lib.create_order1:post:94 - 2023-08-03 15:44:06 请求时的入参: /pay/createOrder?amount=20101&currency=IDR&expectPayCodeType=0&merchantId=100119&orderNo=TestOrderNo_1691048646398&payChannel=17&payerName=test&payerPhone=081382826304&productId=2023&subject=TestSubject&version=1.0&sign=8c35217fee85b2381d40459750c7fd5f
2023-08-03 15:44:08.415 | DEBUG    | lib.create_order1:post:98 - 2023-08-03 15:44:08 接口返回值: {'code': '88005', 'msg': 'channel process error, please try again', 'sign': 'dbe789f3423e001fc81b1d8bfb320386'}
2023-08-03 15:44:08.416 | DEBUG    | lib.create_order1:post:93 - 2023-08-03 15:44:08 发起post请求:下单
2023-08-03 15:44:08.416 | DEBUG    | lib.create_order1:post:94 - 2023-08-03 15:44:08 请求时的入参: /pay/createOrder?amount=20110&currency=IDR&expectPayCodeType=0&merchantId=100119&orderNo=TestOrderNo_1691048648417&payChannel=18&payerName=test&payerPhone=081382826304&productId=2023&subject=TestSubject&version=1.0&sign=a4bd31047c08235a8aec2915e79458dc
2023-08-03 15:44:10.444 | DEBUG    | lib.create_order1:post:98 - 2023-08-03 15:44:10 接口返回值: {'code': '200', 'msg': 'SUCCESS', 'sign': '881da56042813e9c5c31d18d83e4ba02', 'orderNo': 'TestOrderNo_1691048648417', 'tradeNo': '10012023080314441125000013', 'payCode': 'https://debit-sandbox.faspay.co.id/pws/100003/0830000010100000/a707b52d5e9d382505e9ed13fba54c584cf52db0?trx_id=3444230265147110&merchant_id=34442&bill_no=10012023080314441125000013', 'payCodeType': '1', 'expireTime': '2023-08-03 15:44:11'}
2023-08-03 15:44:10.445 | DEBUG    | lib.create_order1:post:93 - 2023-08-03 15:44:10 发起post请求:下单
2023-08-03 15:44:10.445 | DEBUG    | lib.create_order1:post:94 - 2023-08-03 15:44:10 请求时的入参: /pay/createOrder?amount=20101&currency=IDR&expectPayCodeType=0&merchantId=100119&orderNo=TestOrderNo_1691048650445&payChannel=18&payerName=test&payerPhone=081382826304&productId=2023&subject=TestSubject&version=1.0&sign=68e5dca438719a8fde78bee67a6a9432
2023-08-03 15:44:12.523 | DEBUG    | lib.create_order1:post:98 - 2023-08-03 15:44:12 接口返回值: {'code': '200', 'msg': 'SUCCESS', 'sign': 'e2e344ebfd9c2f6f109179b55d40c3cd', 'orderNo': 'TestOrderNo_1691048650445', 'tradeNo': '10012023080314441332100010', 'payCode': 'https://debit-sandbox.faspay.co.id/pws/100003/0830000010100000/668053f7bde77e8fb3a418090553f462f71ad549?trx_id=3444230265354991&merchant_id=34442&bill_no=10012023080314441332100010', 'payCodeType': '1', 'expireTime': '2023-08-03 15:44:13'}
2023-08-03 15:44:12.524 | DEBUG    | lib.create_order1:post:93 - 2023-08-03 15:44:12 发起post请求:下单
2023-08-03 15:44:12.524 | DEBUG    | lib.create_order1:post:94 - 2023-08-03 15:44:12 请求时的入参: /pay/createOrder?amount=20110&currency=IDR&expectPayCodeType=0&merchantId=100119&orderNo=TestOrderNo_1691048652525&payChannel=18&payerName=test&payerPhone=081382826304&productId=2023&subject=TestSubject&version=1.0&sign=44ac3ace4ff067a8d1f303714d3c6a22
2023-08-03 15:44:14.072 | DEBUG    | lib.create_order1:post:98 - 2023-08-03 15:44:14 接口返回值: {'code': '200', 'msg': 'SUCCESS', 'sign': '84a634cc2af5ea0c397ea827e63b5a34', 'orderNo': 'TestOrderNo_1691048652525', 'tradeNo': '10012023080314441489100011', 'payCode': 'https://debit-sandbox.faspay.co.id/pws/100003/0830000010100000/dfaeaa443c1d4edbaa83051831794172f65f5c1f?trx_id=3444230265511412&merchant_id=34442&bill_no=10012023080314441489100011', 'payCodeType': '1', 'expireTime': '2023-08-03 15:44:14'}
2023-08-03 15:44:14.073 | DEBUG    | lib.create_order1:post:93 - 2023-08-03 15:44:14 发起post请求:下单
2023-08-03 15:44:14.073 | DEBUG    | lib.create_order1:post:94 - 2023-08-03 15:44:14 请求时的入参: /pay/createOrder?amount=20101&currency=IDR&expectPayCodeType=0&merchantId=100119&orderNo=TestOrderNo_1691048654074&payChannel=18&payerName=test&payerPhone=081382826304&productId=2023&subject=TestSubject&version=1.0&sign=19cb6e1d9d57630b6f21a350eadf7df2
2023-08-03 15:44:16.144 | DEBUG    | lib.create_order1:post:98 - 2023-08-03 15:44:16 接口返回值: {'code': '200', 'msg': 'SUCCESS', 'sign': 'bb3ec00e424c875bc13036b2027e8bdc', 'orderNo': 'TestOrderNo_1691048654074', 'tradeNo': '10012023080314441695600010', 'payCode': 'https://debit-sandbox.faspay.co.id/pws/100003/0830000010100000/f8d0177ade2aea82c5f288edaa902ddd0549ae2c?trx_id=3444230265717683&merchant_id=34442&bill_no=10012023080314441695600010', 'payCodeType': '1', 'expireTime': '2023-08-03 15:44:16'}
2023-08-03 15:44:16.145 | DEBUG    | lib.create_order1:post:93 - 2023-08-03 15:44:16 发起post请求:下单
2023-08-03 15:44:16.145 | DEBUG    | lib.create_order1:post:94 - 2023-08-03 15:44:16 请求时的入参: /pay/createOrder?amount=20110&currency=IDR&expectPayCodeType=0&merchantId=100119&orderNo=TestOrderNo_1691048656144&payChannel=18&payerName=test&payerPhone=081382826304&productId=2023&subject=TestSubject&version=1.0&sign=314b9f5fa05f0ac252e63ad5081e7132
2023-08-03 15:44:18.197 | DEBUG    | lib.create_order1:post:98 - 2023-08-03 15:44:18 接口返回值: {'code': '200', 'msg': 'SUCCESS', 'sign': 'd0b8849bf79017d158cff2de5a31df48', 'orderNo': 'TestOrderNo_1691048656144', 'tradeNo': '10012023080314441900100012', 'payCode': 'https://debit-sandbox.faspay.co.id/pws/100003/0830000010100000/9b694043e345e6d6ae00793a066921cffd30d2ec?trx_id=3444230265921744&merchant_id=34442&bill_no=10012023080314441900100012', 'payCodeType': '1', 'expireTime': '2023-08-03 15:44:19'}
2023-08-03 15:44:18.198 | DEBUG    | lib.create_order1:post:93 - 2023-08-03 15:44:18 发起post请求:下单
2023-08-03 15:44:18.199 | DEBUG    | lib.create_order1:post:94 - 2023-08-03 15:44:18 请求时的入参: /pay/createOrder?amount=20101&currency=IDR&expectPayCodeType=0&merchantId=100119&orderNo=TestOrderNo_1691048658199&payChannel=18&payerName=test&payerPhone=081382826304&productId=2023&subject=TestSubject&version=1.0&sign=30a826785ac5df6c6760310493df5c22
2023-08-03 15:44:20.274 | DEBUG    | lib.create_order1:post:98 - 2023-08-03 15:44:20 接口返回值: {'code': '200', 'msg': 'SUCCESS', 'sign': 'a377935b568d9a41b0f5ecb48f14c81f', 'orderNo': 'TestOrderNo_1691048658199', 'tradeNo': '10012023080314442111000017', 'payCode': 'https://debit-sandbox.faspay.co.id/pws/100003/0830000010100000/c8d21a7909c0c2021d1d5f1787f64a18eedeb640?trx_id=3444230266132175&merchant_id=34442&bill_no=10012023080314442111000017', 'payCodeType': '1', 'expireTime': '2023-08-03 15:44:21'}
2023-08-03 15:44:20.275 | DEBUG    | lib.create_order1:post:93 - 2023-08-03 15:44:20 发起post请求:下单
2023-08-03 15:44:20.276 | DEBUG    | lib.create_order1:post:94 - 2023-08-03 15:44:20 请求时的入参: /pay/createOrder?amount=20110&currency=IDR&expectPayCodeType=0&merchantId=100119&orderNo=TestOrderNo_1691048660275&payChannel=38&payerName=test&payerPhone=081382826304&productId=2023&subject=TestSubject&version=1.0&sign=bca859bf95e55ac039dd08acbad8869f
2023-08-03 15:44:21.985 | DEBUG    | lib.create_order1:post:98 - 2023-08-03 15:44:21 接口返回值: {'code': '88011', 'msg': 'this channel is not supported yet', 'sign': 'e5ecde88e5c47f010ffd43aa30f7c64e'}
2023-08-03 15:44:21.986 | DEBUG    | lib.create_order1:post:93 - 2023-08-03 15:44:21 发起post请求:下单
2023-08-03 15:44:21.987 | DEBUG    | lib.create_order1:post:94 - 2023-08-03 15:44:21 请求时的入参: /pay/createOrder?amount=20101&currency=IDR&expectPayCodeType=0&merchantId=100119&orderNo=TestOrderNo_1691048661986&payChannel=38&payerName=test&payerPhone=081382826304&productId=2023&subject=TestSubject&version=1.0&sign=4759abd76e3a381d9ba2c904c3b85a23
2023-08-03 15:44:23.715 | DEBUG    | lib.create_order1:post:98 - 2023-08-03 15:44:23 接口返回值: {'code': '88011', 'msg': 'this channel is not supported yet', 'sign': 'e5ecde88e5c47f010ffd43aa30f7c64e'}
2023-08-03 15:44:23.716 | DEBUG    | lib.create_order1:post:93 - 2023-08-03 15:44:23 发起post请求:下单
2023-08-03 15:44:23.716 | DEBUG    | lib.create_order1:post:94 - 2023-08-03 15:44:23 请求时的入参: /pay/createOrder?amount=20110&currency=IDR&expectPayCodeType=0&merchantId=100119&orderNo=TestOrderNo_1691048663716&payChannel=38&payerName=test&payerPhone=081382826304&productId=2023&subject=TestSubject&version=1.0&sign=1d6cfa4fcc85a42672d36264d22c1f75
2023-08-03 15:44:25.372 | DEBUG    | lib.create_order1:post:98 - 2023-08-03 15:44:25 接口返回值: {'code': '88011', 'msg': 'this channel is not supported yet', 'sign': 'e5ecde88e5c47f010ffd43aa30f7c64e'}
2023-08-03 15:44:25.374 | DEBUG    | lib.create_order1:post:93 - 2023-08-03 15:44:25 发起post请求:下单
2023-08-03 15:44:25.375 | DEBUG    | lib.create_order1:post:94 - 2023-08-03 15:44:25 请求时的入参: /pay/createOrder?amount=20101&currency=IDR&expectPayCodeType=0&merchantId=100119&orderNo=TestOrderNo_1691048665374&payChannel=38&payerName=test&payerPhone=081382826304&productId=2023&subject=TestSubject&version=1.0&sign=f4f35b0a4b39f4fb7ed49c24b93d5ae3
2023-08-03 15:44:27.009 | DEBUG    | lib.create_order1:post:98 - 2023-08-03 15:44:27 接口返回值: {'code': '88011', 'msg': 'this channel is not supported yet', 'sign': 'e5ecde88e5c47f010ffd43aa30f7c64e'}
2023-08-03 15:44:30.024 | DEBUG    | lib.create_order1:post:93 - 2023-08-03 15:44:30 发起post请求:下单
2023-08-03 15:44:30.024 | DEBUG    | lib.create_order1:post:94 - 2023-08-03 15:44:30 请求时的入参: /pay/createOrder?amount=20110&currency=IDR&expectPayCodeType=0&merchantId=100119&orderNo=TestOrderNo_1691048670024&payChannel=15&payerName=test&payerPhone=081382826301&productId=2023&subject=TestSubject&version=1.0&sign=74c4d0291b891a4277615966ab53bff7
2023-08-03 15:44:31.044 | DEBUG    | lib.create_order1:post:98 - 2023-08-03 15:44:31 接口返回值: {'code': '200', 'msg': 'SUCCESS', 'sign': '74d2eff85034474e8d74cdc79c4f2908', 'orderNo': 'TestOrderNo_1691048670024', 'tradeNo': '10012023080314443224900010', 'payCode': 'http://localhost:8080/walletPay?orderInfo=wU3NFGwK4395KeELxFzSVfIUOLJ8eyjkmh%2BrAesa2ljCkC2jHqN3bHWh7TFqdv62wGcmf8xktZc0hPsBwywmvfgsM3UZ2SS5%2F%2BF1QkhdPpAI9cjD5KP7V69%2Fn5%2FDXXLeaKi%2FM1wf3iGqovSbTHA5wEN4QKbjhAXs3VIQQ0YguXA%3D', 'payCodeType': '1', 'expireTime': '2023-08-03 15:44:32'}
2023-08-03 15:44:31.045 | DEBUG    | lib.create_order1:post:93 - 2023-08-03 15:44:31 发起post请求:下单
2023-08-03 15:44:31.045 | DEBUG    | lib.create_order1:post:94 - 2023-08-03 15:44:31 请求时的入参: /pay/createOrder?amount=20101&currency=IDR&expectPayCodeType=0&merchantId=100119&orderNo=TestOrderNo_1691048671046&payChannel=15&payerName=test&payerPhone=081382826301&productId=2023&subject=TestSubject&version=1.0&sign=bfe650d21669ad4b46675feaa48c9352
2023-08-03 15:44:32.145 | DEBUG    | lib.create_order1:post:98 - 2023-08-03 15:44:32 接口返回值: {'code': '200', 'msg': 'SUCCESS', 'sign': 'a171f113b8f54a3fb2dae4cfc164f659', 'orderNo': 'TestOrderNo_1691048671046', 'tradeNo': '10012023080314443333500016', 'payCode': 'http://localhost:8080/walletPay?orderInfo=wU3NFGwK4395KeELxFzSVfIUOLJ8eyjkmh%2BrAesa2ljCkC2jHqN3bHWh7TFqdv628qsNkAiMxAKJKY%2Bt3wk0i%2FgsM3UZ2SS5%2F%2BF1QkhdPpDlp9kQkyMREWB7cyPJFOAjtNGL0hs1d7dGt%2Flzhy9WXUN4QKbjhAXs3VIQQ0YguXA%3D', 'payCodeType': '1', 'expireTime': '2023-08-03 15:44:33'}
2023-08-03 15:44:32.145 | DEBUG    | lib.create_order1:post:93 - 2023-08-03 15:44:32 发起post请求:下单
2023-08-03 15:44:32.146 | DEBUG    | lib.create_order1:post:94 - 2023-08-03 15:44:32 请求时的入参: /pay/createOrder?amount=20110&currency=IDR&expectPayCodeType=0&merchantId=100119&orderNo=TestOrderNo_1691048672146&payChannel=16&payerName=test&payerPhone=081382826301&productId=2023&subject=TestSubject&version=1.0&sign=8268b3e88e08712e10c61e2654d3e301
2023-08-03 15:44:34.411 | DEBUG    | lib.create_order1:post:98 - 2023-08-03 15:44:34 接口返回值: {'code': '200', 'msg': 'SUCCESS', 'sign': '9a628fcd607d11082057ee263e95c88e', 'orderNo': 'TestOrderNo_1691048672146', 'tradeNo': '10012023080314443501200019', 'payCode': 'some-random-qr-string', 'payCodeType': '1', 'expireTime': '2023-08-03 15:44:35'}
2023-08-03 15:44:34.412 | DEBUG    | lib.create_order1:post:93 - 2023-08-03 15:44:34 发起post请求:下单
2023-08-03 15:44:34.412 | DEBUG    | lib.create_order1:post:94 - 2023-08-03 15:44:34 请求时的入参: /pay/createOrder?amount=20101&currency=IDR&expectPayCodeType=0&merchantId=100119&orderNo=TestOrderNo_1691048674413&payChannel=16&payerName=test&payerPhone=081382826301&productId=2023&subject=TestSubject&version=1.0&sign=58e39d707e46152ab0fa5be97613b547
2023-08-03 15:44:36.585 | DEBUG    | lib.create_order1:post:98 - 2023-08-03 15:44:36 接口返回值: {'code': '200', 'msg': 'SUCCESS', 'sign': '923f20f79f2c7c8203b30c2f1bd2ac95', 'orderNo': 'TestOrderNo_1691048674413', 'tradeNo': '10012023080314443724800017', 'payCode': 'some-random-qr-string', 'payCodeType': '1', 'expireTime': '2023-08-03 15:44:37'}
2023-08-03 15:44:36.586 | DEBUG    | lib.create_order1:post:93 - 2023-08-03 15:44:36 发起post请求:下单
2023-08-03 15:44:36.587 | DEBUG    | lib.create_order1:post:94 - 2023-08-03 15:44:36 请求时的入参: /pay/createOrder?amount=20110&currency=IDR&expectPayCodeType=0&merchantId=100119&orderNo=TestOrderNo_1691048676586&payChannel=17&payerName=test&payerPhone=081382826301&productId=2023&subject=TestSubject&version=1.0&sign=124f6d5b2563d683bf807fdb8b4f2a2a
2023-08-03 15:44:39.277 | DEBUG    | lib.create_order1:post:98 - 2023-08-03 15:44:39 接口返回值: {'code': '200', 'msg': 'SUCCESS', 'sign': 'c06e100425f1b215cbbf4b13bdb729bc', 'orderNo': 'TestOrderNo_1691048676586', 'tradeNo': '10012023080314443944000018', 'payCode': 'https://ewallet-mock-connector.xendit.co/v1/ewallet_connector/checkouts?token=cj5llq2ct2ivv70tj370', 'payCodeType': '1', 'expireTime': '2023-08-03 15:44:39'}
2023-08-03 15:44:39.278 | DEBUG    | lib.create_order1:post:93 - 2023-08-03 15:44:39 发起post请求:下单
2023-08-03 15:44:39.279 | DEBUG    | lib.create_order1:post:94 - 2023-08-03 15:44:39 请求时的入参: /pay/createOrder?amount=20101&currency=IDR&expectPayCodeType=0&merchantId=100119&orderNo=TestOrderNo_1691048679279&payChannel=17&payerName=test&payerPhone=081382826301&productId=2023&subject=TestSubject&version=1.0&sign=3fef29d8cef0e4d83b3bff18afa83a79
2023-08-03 15:44:41.966 | DEBUG    | lib.create_order1:post:98 - 2023-08-03 15:44:41 接口返回值: {'code': '200', 'msg': 'SUCCESS', 'sign': '236810493e7f4d93219e2eca1d54a277', 'orderNo': 'TestOrderNo_1691048679279', 'tradeNo': '10012023080314444208700012', 'payCode': 'https://ewallet-mock-connector.xendit.co/v1/ewallet_connector/checkouts?token=cj5llqgfq1dsmtbdl9n0', 'payCodeType': '1', 'expireTime': '2023-08-03 15:44:42'}
2023-08-03 15:44:41.967 | DEBUG    | lib.create_order1:post:93 - 2023-08-03 15:44:41 发起post请求:下单
2023-08-03 15:44:41.967 | DEBUG    | lib.create_order1:post:94 - 2023-08-03 15:44:41 请求时的入参: /pay/createOrder?amount=20110&currency=IDR&expectPayCodeType=0&merchantId=100119&orderNo=TestOrderNo_1691048681968&payChannel=18&payerName=test&payerPhone=081382826301&productId=2023&subject=TestSubject&version=1.0&sign=65cb53eefa3015c8eb51c8884efa5763
2023-08-03 15:44:43.620 | DEBUG    | lib.create_order1:post:98 - 2023-08-03 15:44:43 接口返回值: {'code': '200', 'msg': 'SUCCESS', 'sign': '130acfdbdd64f3e43f3ac10fd8010a9b', 'orderNo': 'TestOrderNo_1691048681968', 'tradeNo': '10012023080314444480600013', 'payCode': 'http://localhost:8080/walletPay?orderInfo=wU3NFGwK4395KeELxFzSVbecmLSURWxf2pZTr%2B9WIvd7BlZSFAcf9XTg6gfX%2BpmZiWhH9PCYjnj1A7TyLob35XzNJFQPGDBuom2IXGsSwcMnCWRA5deGb4K3IUNVJqhi8twINB7U7ubib2GNYX1LAUhntqftyq19u0t6ClCQRjU%3D', 'payCodeType': '1', 'expireTime': '2023-08-03 15:44:44'}
2023-08-03 15:44:43.621 | DEBUG    | lib.create_order1:post:93 - 2023-08-03 15:44:43 发起post请求:下单
2023-08-03 15:44:43.622 | DEBUG    | lib.create_order1:post:94 - 2023-08-03 15:44:43 请求时的入参: /pay/createOrder?amount=20101&currency=IDR&expectPayCodeType=0&merchantId=100119&orderNo=TestOrderNo_1691048683622&payChannel=18&payerName=test&payerPhone=081382826301&productId=2023&subject=TestSubject&version=1.0&sign=adfea35e8cadf8e36c5f948bc6196565
2023-08-03 15:44:45.255 | DEBUG    | lib.create_order1:post:98 - 2023-08-03 15:44:45 接口返回值: {'code': '200', 'msg': 'SUCCESS', 'sign': '01e1722d378e4d94354c81ef08c7314e', 'orderNo': 'TestOrderNo_1691048683622', 'tradeNo': '10012023080314444644700014', 'payCode': 'http://localhost:8080/walletPay?orderInfo=wU3NFGwK4395KeELxFzSVbecmLSURWxf2pZTr%2B9WIvd7BlZSFAcf9XTg6gfX%2BpmZoJxbKAkW0FJYQmlEnme%2FinzNJFQPGDBuom2IXGsSwcMLWNtJ6lCH9iAlmdqtXbKN9HU2Kw8Gty8zrggvTV0amEhntqftyq19u0t6ClCQRjU%3D', 'payCodeType': '1', 'expireTime': '2023-08-03 15:44:46'}
2023-08-03 15:44:45.257 | DEBUG    | lib.create_order1:post:93 - 2023-08-03 15:44:45 发起post请求:下单
2023-08-03 15:44:45.257 | DEBUG    | lib.create_order1:post:94 - 2023-08-03 15:44:45 请求时的入参: /pay/createOrder?amount=20110&currency=IDR&expectPayCodeType=0&merchantId=100119&orderNo=TestOrderNo_1691048685258&payChannel=19&payerName=test&payerPhone=081382826301&productId=2023&subject=TestSubject&version=1.0&sign=4f4a6008b995dee6e383822b7dad5cb8
2023-08-03 15:44:48.233 | DEBUG    | lib.create_order1:post:98 - 2023-08-03 15:44:48 接口返回值: {'code': '200', 'msg': 'SUCCESS', 'sign': 'd779ef88ac9b64993661034434623e98', 'orderNo': 'TestOrderNo_1691048685258', 'tradeNo': '10012023080314444812000015', 'payCode': 'https://ewallet-mock-connector.xendit.co/v1/ewallet_connector/checkouts?token=cj5lls2ct2ivv70tj37g', 'payCodeType': '1', 'expireTime': '2023-08-03 15:44:48'}
2023-08-03 15:44:48.235 | DEBUG    | lib.create_order1:post:93 - 2023-08-03 15:44:48 发起post请求:下单
2023-08-03 15:44:48.235 | DEBUG    | lib.create_order1:post:94 - 2023-08-03 15:44:48 请求时的入参: /pay/createOrder?amount=20101&currency=IDR&expectPayCodeType=0&merchantId=100119&orderNo=TestOrderNo_1691048688235&payChannel=19&payerName=test&payerPhone=081382826301&productId=2023&subject=TestSubject&version=1.0&sign=f711244af9447cb80c9aa0ee42bc46d0
2023-08-03 15:44:50.984 | DEBUG    | lib.create_order1:post:98 - 2023-08-03 15:44:50 接口返回值: {'code': '200', 'msg': 'SUCCESS', 'sign': '9d323ede7fc5e41c858e96e8569fdc70', 'orderNo': 'TestOrderNo_1691048688235', 'tradeNo': '10012023080314445111700015', 'payCode': 'https://ewallet-mock-connector.xendit.co/v1/ewallet_connector/checkouts?token=cj5llsofq1dsmtbdl9ng', 'payCodeType': '1', 'expireTime': '2023-08-03 15:44:51'}
2023-08-03 15:44:50.985 | DEBUG    | lib.create_order1:post:93 - 2023-08-03 15:44:50 发起post请求:下单
2023-08-03 15:44:50.985 | DEBUG    | lib.create_order1:post:94 - 2023-08-03 15:44:50 请求时的入参: /pay/createOrder?amount=20110&currency=IDR&expectPayCodeType=0&merchantId=100119&orderNo=TestOrderNo_1691048690986&payChannel=12&payerName=test&payerPhone=081382826301&productId=2023&subject=TestSubject&version=1.0&sign=c05c6161bc8564fee15f0f8c211c2e28
2023-08-03 15:44:53.290 | DEBUG    | lib.create_order1:post:98 - 2023-08-03 15:44:53 接口返回值: {'code': '200', 'msg': 'SUCCESS', 'sign': '8933548982bfa256b0f33c5d5e3250a9', 'orderNo': 'TestOrderNo_1691048690986', 'tradeNo': '10012023080314445384200016', 'payCode': '929857560', 'payCodeType': '0', 'expireTime': '2023-08-04 14:44:53'}
2023-08-03 15:44:53.291 | DEBUG    | lib.create_order1:post:93 - 2023-08-03 15:44:53 发起post请求:下单
2023-08-03 15:44:53.291 | DEBUG    | lib.create_order1:post:94 - 2023-08-03 15:44:53 请求时的入参: /pay/createOrder?amount=20101&currency=IDR&expectPayCodeType=0&merchantId=100119&orderNo=TestOrderNo_1691048693292&payChannel=12&payerName=test&payerPhone=081382826301&productId=2023&subject=TestSubject&version=1.0&sign=d19254749d3907ddde59c7d0c78c227b
2023-08-03 15:44:55.353 | DEBUG    | lib.create_order1:post:98 - 2023-08-03 15:44:55 接口返回值: {'code': '200', 'msg': 'SUCCESS', 'sign': 'a030de68094808edc689ae3d06d2b662', 'orderNo': 'TestOrderNo_1691048693292', 'tradeNo': '10012023080314445614300016', 'payCode': '929574538', 'payCodeType': '0', 'expireTime': '2023-08-04 14:44:56'}
2023-08-03 15:44:55.354 | DEBUG    | lib.create_order1:post:93 - 2023-08-03 15:44:55 发起post请求:下单
2023-08-03 15:44:55.354 | DEBUG    | lib.create_order1:post:94 - 2023-08-03 15:44:55 请求时的入参: /pay/createOrder?amount=20110&currency=IDR&expectPayCodeType=0&merchantId=100119&orderNo=TestOrderNo_1691048695354&payChannel=1&payerName=test&payerPhone=081382826301&productId=2023&subject=TestSubject&version=1.0&sign=3ad82f1d5f36fc898c7b1c68f2a2b3f1
2023-08-03 15:44:57.045 | DEBUG    | lib.create_order1:post:98 - 2023-08-03 15:44:57 接口返回值: {'code': '200', 'msg': 'SUCCESS', 'sign': 'bf2c8162862932c95e6b66fcceef20ef', 'orderNo': 'TestOrderNo_1691048695354', 'tradeNo': '10012023080314445822900011', 'payCode': 'http://localhost:8080/cardPay?orderInfo=wU3NFGwK4395KeELxFzSVftAPWe%2Fawqt6m6eTf%2BxuK4i4n6f5VQCcw%2FN8b6ApVwbXNExNsUfKR68jyeGIRmfR0aZl7WSdquFh6bMmailZm7a2RCsk3QBbvd4ojtq4IaTN7lTor9Bowyp2yPvNCod8HrlKH7n2TLHTOTrC7j%2F9TU%3D', 'payCodeType': '1', 'expireTime': '2023-08-04 14:44:58'}
2023-08-03 15:44:57.046 | DEBUG    | lib.create_order1:post:93 - 2023-08-03 15:44:57 发起post请求:下单
2023-08-03 15:44:57.046 | DEBUG    | lib.create_order1:post:94 - 2023-08-03 15:44:57 请求时的入参: /pay/createOrder?amount=20101&currency=IDR&expectPayCodeType=0&merchantId=100119&orderNo=TestOrderNo_1691048697045&payChannel=1&payerName=test&payerPhone=081382826301&productId=2023&subject=TestSubject&version=1.0&sign=9be2a5c598865190e2ba97ad5091df02
2023-08-03 15:44:58.740 | DEBUG    | lib.create_order1:post:98 - 2023-08-03 15:44:58 接口返回值: {'code': '200', 'msg': 'SUCCESS', 'sign': '68c17ae5d71970ec369b5a11eef5c06f', 'orderNo': 'TestOrderNo_1691048697045', 'tradeNo': '10012023080314445991200011', 'payCode': 'http://localhost:8080/cardPay?orderInfo=wU3NFGwK4395KeELxFzSVftAPWe%2Fawqt6m6eTf%2BxuK4i4n6f5VQCcw%2FN8b6ApVwbaCGvTmWlsNfSuqpucIMW%2BUaZl7WSdquFh6bMmailZm7a2RCsk3QBbvd4ojtq4IaTsrNQ3sWf5UhOELIYY8svRHrlKH7n2TLHTOTrC7j%2F9TU%3D', 'payCodeType': '1', 'expireTime': '2023-08-04 14:44:59'}
2023-08-03 15:44:58.741 | DEBUG    | lib.create_order1:post:93 - 2023-08-03 15:44:58 发起post请求:下单
2023-08-03 15:44:58.742 | DEBUG    | lib.create_order1:post:94 - 2023-08-03 15:44:58 请求时的入参: /pay/createOrder?amount=20110&currency=IDR&expectPayCodeType=0&merchantId=100119&orderNo=TestOrderNo_1691048698741&payChannel=3&payerName=test&payerPhone=081382826301&productId=2023&subject=TestSubject&version=1.0&sign=62114012884cdc24547129ad14de02bf
2023-08-03 15:45:01.261 | DEBUG    | lib.create_order1:post:98 - 2023-08-03 15:45:01 接口返回值: {'code': '200', 'msg': 'SUCCESS', 'sign': '12b7b3701cdd3d310cc21edb89bc5743', 'orderNo': 'TestOrderNo_1691048698741', 'tradeNo': '10012023080314450165000015', 'payCode': '82149999373991', 'payCodeType': '0', 'expireTime': '2023-08-04 07:26:41'}
2023-08-03 15:45:01.262 | DEBUG    | lib.create_order1:post:93 - 2023-08-03 15:45:01 发起post请求:下单
2023-08-03 15:45:01.262 | DEBUG    | lib.create_order1:post:94 - 2023-08-03 15:45:01 请求时的入参: /pay/createOrder?amount=20101&currency=IDR&expectPayCodeType=0&merchantId=100119&orderNo=TestOrderNo_1691048701262&payChannel=3&payerName=test&payerPhone=081382826301&productId=2023&subject=TestSubject&version=1.0&sign=9b20ed58931734e6f0bf56586b685fb9
2023-08-03 15:45:03.524 | DEBUG    | lib.create_order1:post:98 - 2023-08-03 15:45:03 接口返回值: {'code': '200', 'msg': 'SUCCESS', 'sign': 'a1f031697158ea053db7b41377e707bd', 'orderNo': 'TestOrderNo_1691048701262', 'tradeNo': '10012023080314450414800017', 'payCode': '82149999041268', 'payCodeType': '0', 'expireTime': '2023-08-04 07:26:44'}
2023-08-03 15:45:03.526 | DEBUG    | lib.create_order1:post:93 - 2023-08-03 15:45:03 发起post请求:下单
2023-08-03 15:45:03.526 | DEBUG    | lib.create_order1:post:94 - 2023-08-03 15:45:03 请求时的入参: /pay/createOrder?amount=20110&currency=IDR&expectPayCodeType=0&merchantId=100119&orderNo=TestOrderNo_1691048703526&payChannel=4&payerName=test&payerPhone=081382826301&productId=2023&subject=TestSubject&version=1.0&sign=b7153a129bb60098e008014db6c5d241
2023-08-03 15:45:05.045 | DEBUG    | lib.create_order1:post:98 - 2023-08-03 15:45:05 接口返回值: {'code': '200', 'msg': 'SUCCESS', 'sign': '1b325f641c6a13944ab17222ce434ebb', 'orderNo': 'TestOrderNo_1691048703526', 'tradeNo': '10012023080314450575300013', 'payCode': '8808999914390223', 'payCodeType': '0', 'expireTime': '2023-08-04 07:26:45'}
2023-08-03 15:45:05.046 | DEBUG    | lib.create_order1:post:93 - 2023-08-03 15:45:05 发起post请求:下单
2023-08-03 15:45:05.047 | DEBUG    | lib.create_order1:post:94 - 2023-08-03 15:45:05 请求时的入参: /pay/createOrder?amount=20101&currency=IDR&expectPayCodeType=0&merchantId=100119&orderNo=TestOrderNo_1691048705047&payChannel=4&payerName=test&payerPhone=081382826301&productId=2023&subject=TestSubject&version=1.0&sign=66d38d8950bce8e3b24869aaf70c290b
2023-08-03 15:45:07.117 | DEBUG    | lib.create_order1:post:98 - 2023-08-03 15:45:07 接口返回值: {'code': '200', 'msg': 'SUCCESS', 'sign': 'ae402739013be45c5002c66716a825ab', 'orderNo': 'TestOrderNo_1691048705047', 'tradeNo': '10012023080314450791400019', 'payCode': '8808999957421530', 'payCodeType': '0', 'expireTime': '2023-08-04 07:26:47'}
2023-08-03 15:45:07.118 | DEBUG    | lib.create_order1:post:93 - 2023-08-03 15:45:07 发起post请求:下单
2023-08-03 15:45:07.119 | DEBUG    | lib.create_order1:post:94 - 2023-08-03 15:45:07 请求时的入参: /pay/createOrder?amount=20110&currency=IDR&expectPayCodeType=0&merchantId=100119&orderNo=TestOrderNo_1691048707119&payChannel=5&payerName=test&payerPhone=081382826301&productId=2023&subject=TestSubject&version=1.0&sign=89835c547ca5ee4f174f99a32f367282
2023-08-03 15:45:09.262 | DEBUG    | lib.create_order1:post:98 - 2023-08-03 15:45:09 接口返回值: {'code': '88011', 'msg': 'this channel is not supported yet', 'sign': 'e5ecde88e5c47f010ffd43aa30f7c64e'}
2023-08-03 15:45:09.265 | DEBUG    | lib.create_order1:post:93 - 2023-08-03 15:45:09 发起post请求:下单
2023-08-03 15:45:09.265 | DEBUG    | lib.create_order1:post:94 - 2023-08-03 15:45:09 请求时的入参: /pay/createOrder?amount=20101&currency=IDR&expectPayCodeType=0&merchantId=100119&orderNo=TestOrderNo_1691048709265&payChannel=5&payerName=test&payerPhone=081382826301&productId=2023&subject=TestSubject&version=1.0&sign=74c4858a5615d484ebe44c2bcca0c3f5
2023-08-03 15:45:10.328 | DEBUG    | lib.create_order1:post:98 - 2023-08-03 15:45:10 接口返回值: {'code': '88011', 'msg': 'this channel is not supported yet', 'sign': 'e5ecde88e5c47f010ffd43aa30f7c64e'}
2023-08-03 15:45:10.329 | DEBUG    | lib.create_order1:post:93 - 2023-08-03 15:45:10 发起post请求:下单
2023-08-03 15:45:10.330 | DEBUG    | lib.create_order1:post:94 - 2023-08-03 15:45:10 请求时的入参: /pay/createOrder?amount=20110&currency=IDR&expectPayCodeType=0&merchantId=100119&orderNo=TestOrderNo_1691048710330&payChannel=6&payerName=test&payerPhone=081382826301&productId=2023&subject=TestSubject&version=1.0&sign=f288e1e0bbabc7425cb2dd7b0b990bab
2023-08-03 15:45:12.019 | DEBUG    | lib.create_order1:post:98 - 2023-08-03 15:45:12 接口返回值: {'code': '88011', 'msg': 'this channel is not supported yet', 'sign': 'e5ecde88e5c47f010ffd43aa30f7c64e'}
2023-08-03 15:45:12.020 | DEBUG    | lib.create_order1:post:93 - 2023-08-03 15:45:12 发起post请求:下单
2023-08-03 15:45:12.020 | DEBUG    | lib.create_order1:post:94 - 2023-08-03 15:45:12 请求时的入参: /pay/createOrder?amount=20101&currency=IDR&expectPayCodeType=0&merchantId=100119&orderNo=TestOrderNo_1691048712020&payChannel=6&payerName=test&payerPhone=081382826301&productId=2023&subject=TestSubject&version=1.0&sign=e287a2b024d208500617fd9e52b651ed
2023-08-03 15:45:13.709 | DEBUG    | lib.create_order1:post:98 - 2023-08-03 15:45:13 接口返回值: {'code': '88011', 'msg': 'this channel is not supported yet', 'sign': 'e5ecde88e5c47f010ffd43aa30f7c64e'}
2023-08-03 15:45:13.711 | DEBUG    | lib.create_order1:post:93 - 2023-08-03 15:45:13 发起post请求:下单
2023-08-03 15:45:13.711 | DEBUG    | lib.create_order1:post:94 - 2023-08-03 15:45:13 请求时的入参: /pay/createOrder?amount=20110&currency=IDR&expectPayCodeType=0&merchantId=100119&orderNo=TestOrderNo_1691048713711&payChannel=9&payerName=test&payerPhone=081382826301&productId=2023&subject=TestSubject&version=1.0&sign=54d3f0f2d56eb4a989ecd3402aa77a80
2023-08-03 15:45:15.185 | DEBUG    | lib.create_order1:post:98 - 2023-08-03 15:45:15 接口返回值: {'code': '200', 'msg': 'SUCCESS', 'sign': 'b60f946c8cb280b9335ff383ecd056f5', 'orderNo': 'TestOrderNo_1691048713711', 'tradeNo': '10012023080314451595600010', 'payCode': '920019999904072', 'payCodeType': '0', 'expireTime': '2023-08-04 07:26:55'}
2023-08-03 15:45:15.185 | DEBUG    | lib.create_order1:post:93 - 2023-08-03 15:45:15 发起post请求:下单
2023-08-03 15:45:15.185 | DEBUG    | lib.create_order1:post:94 - 2023-08-03 15:45:15 请求时的入参: /pay/createOrder?amount=20101&currency=IDR&expectPayCodeType=0&merchantId=100119&orderNo=TestOrderNo_1691048715185&payChannel=9&payerName=test&payerPhone=081382826301&productId=2023&subject=TestSubject&version=1.0&sign=b6cfb24f3d2a99a4eecf227514a03ddd
2023-08-03 15:45:17.340 | DEBUG    | lib.create_order1:post:98 - 2023-08-03 15:45:17 接口返回值: {'code': '200', 'msg': 'SUCCESS', 'sign': '0146f4bd3deb732fc86ffb6cace6de86', 'orderNo': 'TestOrderNo_1691048715185', 'tradeNo': '10012023080314451803800014', 'payCode': '920019999047311', 'payCodeType': '0', 'expireTime': '2023-08-04 07:26:58'}
