2024-02-22 17:43:46.928 | DEBUG    | __main__:post:93 - 2024-02-22 17:43:46 发起post请求:模拟xendit dana下单回调成功
2024-02-22 17:43:46.929 | DEBUG    | __main__:post:94 - 2024-02-22 17:43:46 请求时的入参: /pay/createOrder?amount=10000&currency=IDR&expectPayCodeType=0&merchantId=100119&orderNo=TestOrderNo_1708595026929&payChannel=17&payerName=test&payerPhone=081382826301&productId=2023&subject=TestSubject&version=1.0&sign=e1bb409b25ca2e4941a3795f66646896
2024-02-22 17:43:48.851 | DEBUG    | __main__:post:98 - 2024-02-22 17:43:48 接口返回值: {'code': '200', 'msg': 'SUCCESS', 'sign': '7a46c8c6ca2c25e0167030d1b479c50b', 'traceId': '12e98bce6b0747a09336ed2acd987159', 'orderNo': 'TestOrderNo_1708595026929', 'tradeNo': '10012024022216433849700002', 'payCode': 'https://checkouttest.lipperpay.com/mock?orderInfo=PkKE5VRzA2NqiSDiRdeoWSGiOdvu5Q6%2FEMR9zSsNeu1tbRsHAm%2B%2B7zzaN6%2Bfiau753REbrRfIjPu2FcD7k4PPw%3D%3D', 'payCodeType': '1', 'expireTime': '2024-02-22 17:43:38'}
2024-02-22 17:46:04.525 | DEBUG    | __main__:post:93 - 2024-02-22 17:46:04 发起post请求:模拟xendit dana下单回调成功
2024-02-22 17:46:04.525 | DEBUG    | __main__:post:94 - 2024-02-22 17:46:04 请求时的入参: /pay/createOrder?amount=10000&currency=IDR&expectPayCodeType=0&merchantId=100119&orderNo=TestOrderNo_1708595164526&payChannel=17&payerName=test&payerPhone=081382826301&productId=2023&subject=TestSubject&version=1.0&sign=b750e561a6811b578b2f238861290ea7
2024-02-22 17:46:06.362 | DEBUG    | __main__:post:98 - 2024-02-22 17:46:06 接口返回值: {'code': '200', 'msg': 'SUCCESS', 'sign': '02c94569859824608f6f652262ab1894', 'traceId': '9c593b9debb94455a4623d0701d076c6', 'orderNo': 'TestOrderNo_1708595164526', 'tradeNo': '10012024022216455606700008', 'payCode': 'https://checkouttest.lipperpay.com/mock?orderInfo=PkKE5VRzA2NqiSDiRdeoWSGiOdvu5Q6%2FEMR9zSsNeu1wdoN98vBY4BfAdS4YtTkr53REbrRfIjPu2FcD7k4PPw%3D%3D', 'payCodeType': '1', 'expireTime': '2024-02-22 17:45:56'}
2024-02-22 17:46:24.971 | DEBUG    | __main__:post:93 - 2024-02-22 17:46:24 发起post请求:模拟xendit dana下单回调成功
2024-02-22 17:46:24.972 | DEBUG    | __main__:post:94 - 2024-02-22 17:46:24 请求时的入参: /pay/createOrder?amount=10000&currency=IDR&expectPayCodeType=0&merchantId=100119&orderNo=TestOrderNo_1708595184972&payChannel=17&payerName=test&payerPhone=081382826301&productId=2023&subject=TestSubject&version=1.0&sign=91e1ad5ec10c3f2b7677f88280a9fdac
2024-02-22 17:46:26.633 | DEBUG    | __main__:post:98 - 2024-02-22 17:46:26 接口返回值: {'code': '200', 'msg': 'SUCCESS', 'sign': '29ce492c674ce0f56ee9153b96d05f67', 'traceId': '18a0ebbabea949ceaed8329466e4c619', 'orderNo': 'TestOrderNo_1708595184972', 'tradeNo': '10012024022216461635600003', 'payCode': 'https://checkouttest.lipperpay.com/mock?orderInfo=PkKE5VRzA2NqiSDiRdeoWSGiOdvu5Q6%2FEMR9zSsNeu04NsL5VHeERat7V8Xd840653REbrRfIjPu2FcD7k4PPw%3D%3D', 'payCodeType': '1', 'expireTime': '2024-02-22 17:46:16'}
2024-02-22 18:31:17.343 | DEBUG    | __main__:post:80 - 2024-02-22 18:31:17 发起post请求:模拟xendit dana下单回调成功
2024-02-22 18:31:17.346 | DEBUG    | __main__:post:81 - 2024-02-22 18:31:17 请求时的入参: /pay/createOrder?amount=10000&currency=IDR&expectPayCodeType=0&merchantId=100119&orderNo=TestOrderNo_1708597877344&payChannel=17&payerName=test&payerPhone=081382826301&productId=2023&subject=TestSubject&version=1.0&sign=7fb760bb7bbe98f97343b7fca84ede6c
2024-02-22 18:31:26.187 | DEBUG    | __main__:post:80 - 2024-02-22 18:31:26 发起post请求:模拟xendit dana下单回调成功
2024-02-22 18:31:26.187 | DEBUG    | __main__:post:81 - 2024-02-22 18:31:26 请求时的入参: /pay/createOrder?amount=10000&currency=IDR&expectPayCodeType=0&merchantId=100119&orderNo=TestOrderNo_1708597886187&payChannel=17&payerName=test&payerPhone=081382826301&productId=2023&subject=TestSubject&version=1.0&sign=8dd48180e4fb340937c2e3b5854ca290
2024-02-22 18:31:27.763 | DEBUG    | __main__:post:85 - 2024-02-22 18:31:27 接口返回值: {'code': '88015', 'msg': 'sign of the message is wrong', 'traceId': 'afa36348271c4447a2fa84e16d99f57a'}
2024-02-22 18:32:23.357 | DEBUG    | __main__:post:80 - 2024-02-22 18:32:23 发起post请求:模拟xendit dana下单回调成功
2024-02-22 18:32:23.357 | DEBUG    | __main__:post:81 - 2024-02-22 18:32:23 请求时的入参: /pay/createOrder?amount=10000&currency=IDR&expectPayCodeType=0&merchantId=100119&orderNo=TestOrderNo_1708597943357&payChannel=17&payerName=test&payerPhone=081382826301&productId=2023&subject=TestSubject&version=1.0&sign=d94470ca5924acf839fa27a55ee25d2a
2024-02-22 18:32:24.801 | DEBUG    | __main__:post:85 - 2024-02-22 18:32:24 接口返回值: {'code': '88015', 'msg': 'sign of the message is wrong', 'traceId': '6fedb6864e2a4f0aa0672ed4b3be80bf'}
2024-02-22 18:35:19.953 | DEBUG    | __main__:post:93 - 2024-02-22 18:35:19 发起post请求:模拟xendit dana下单回调成功
2024-02-22 18:35:19.953 | DEBUG    | __main__:post:94 - 2024-02-22 18:35:19 请求时的入参: /pay/createOrder?amount=10000&currency=IDR&expectPayCodeType=0&merchantId=100119&orderNo=TestOrderNo_1708598119954&payChannel=17&payerName=test&payerPhone=081382826301&productId=2023&subject=TestSubject&version=1.0&sign=ca1ec4ac0d8f3e0fec091ae13ffe285e
2024-02-22 18:35:32.204 | DEBUG    | __main__:post:93 - 2024-02-22 18:35:32 发起post请求:模拟xendit dana下单回调成功
2024-02-22 18:35:32.204 | DEBUG    | __main__:post:94 - 2024-02-22 18:35:32 请求时的入参: /pay/createOrder?amount=10000&currency=IDR&expectPayCodeType=0&merchantId=100119&orderNo=TestOrderNo_1708598132205&payChannel=17&payerName=test&payerPhone=081382826301&productId=2023&subject=TestSubject&version=1.0&sign=6c00a18d565172f48b5370864d1e8454
2024-02-22 18:35:37.367 | DEBUG    | __main__:post:93 - 2024-02-22 18:35:37 发起post请求:模拟xendit dana下单回调成功
2024-02-22 18:35:37.368 | DEBUG    | __main__:post:94 - 2024-02-22 18:35:37 请求时的入参: /pay/createOrder?amount=10000&currency=IDR&expectPayCodeType=0&merchantId=100119&orderNo=TestOrderNo_1708598137367&payChannel=17&payerName=test&payerPhone=081382826301&productId=2023&subject=TestSubject&version=1.0&sign=e0ac59910011c259a79f034166398378
2024-02-22 18:36:27.844 | DEBUG    | __main__:post:93 - 2024-02-22 18:36:27 发起post请求:模拟xendit dana下单回调成功
2024-02-22 18:36:27.844 | DEBUG    | __main__:post:94 - 2024-02-22 18:36:27 请求时的入参: /pay/createOrder?amount=10000&currency=IDR&expectPayCodeType=0&merchantId=100119&orderNo=TestOrderNo_1708598187845&payChannel=17&payerName=test&payerPhone=081382826301&productId=2023&subject=TestSubject&version=1.0&sign=a21685ee1eb651fafb5842e281b7ab46
2024-02-22 18:36:32.981 | DEBUG    | __main__:post:93 - 2024-02-22 18:36:32 发起post请求:模拟xendit dana下单回调成功
2024-02-22 18:36:32.981 | DEBUG    | __main__:post:94 - 2024-02-22 18:36:32 请求时的入参: /pay/createOrder?amount=10000&currency=IDR&expectPayCodeType=0&merchantId=100119&orderNo=TestOrderNo_1708598192981&payChannel=17&payerName=test&payerPhone=081382826301&productId=2023&subject=TestSubject&version=1.0&sign=c497d10764a19b7a9afcf7848d86da70
2024-02-22 18:36:34.645 | DEBUG    | __main__:post:98 - 2024-02-22 18:36:34 接口返回值: {'code': '200', 'msg': 'SUCCESS', 'sign': '2303586ee10bb67be006183944f5c117', 'traceId': '5e32fb8295964935b0fe0d19e1d4548b', 'orderNo': 'TestOrderNo_1708598192981', 'tradeNo': '10012024022217362440300004', 'payCode': 'https://checkouttest.lipperpay.com/mock?orderInfo=PkKE5VRzA2NqiSDiRdeoWSGiOdvu5Q6%2FEMR9zSsNeu1kf1tnbNFy944q%2B%2Fl8R%2BEN53REbrRfIjPu2FcD7k4PPw%3D%3D', 'payCodeType': '1', 'expireTime': '2024-02-22 18:36:24'}
2024-02-22 18:39:21.944 | DEBUG    | __main__:log_request:61 - 2024-02-22 18:39:21 发起post请求:模拟xendit dana下单回调成功
2024-02-22 18:39:21.945 | DEBUG    | __main__:log_request:62 - 2024-02-22 18:39:21 请求时的入参: /pay/createOrder?amount=10000&currency=IDR&expectPayCodeType=0&merchantId=100119&orderNo=TestOrderNo_1708598361944&payChannel=17&payerName=test&payerPhone=081382826301&productId=2023&subject=TestSubject&version=1.0&sign=3ccd8a4f70fed984def41d887507a935
2024-02-22 18:39:44.863 | DEBUG    | __main__:log_request:61 - 2024-02-22 18:39:44 发起post请求:模拟xendit dana下单回调成功
2024-02-22 18:39:44.863 | DEBUG    | __main__:log_request:62 - 2024-02-22 18:39:44 请求时的入参: /pay/createOrder?amount=10000&currency=IDR&expectPayCodeType=0&merchantId=100119&orderNo=TestOrderNo_1708598384863&payChannel=17&payerName=test&payerPhone=081382826301&productId=2023&subject=TestSubject&version=1.0&sign=44e17758e2f0482a15c1d5c51fdd0342
2024-02-22 18:41:13.354 | DEBUG    | __main__:log_request:68 - 2024-02-22 18:41:13 发起post请求:模拟xendit dana下单回调成功
2024-02-22 18:41:13.354 | DEBUG    | __main__:log_request:69 - 2024-02-22 18:41:13 请求时的入参: /pay/createOrder?amount=10000&currency=IDR&expectPayCodeType=0&merchantId=100119&orderNo=TestOrderNo_1708598473354&payChannel=17&payerName=test&payerPhone=081382826301&productId=2023&subject=TestSubject&version=1.0&sign=95eb1887b6d219db9fd3c2992c56553e
2024-02-22 18:41:19.940 | DEBUG    | __main__:log_request:68 - 2024-02-22 18:41:19 发起post请求:模拟xendit dana下单回调成功
2024-02-22 18:41:19.941 | DEBUG    | __main__:log_request:69 - 2024-02-22 18:41:19 请求时的入参: /pay/createOrder?amount=10000&currency=IDR&expectPayCodeType=0&merchantId=100119&orderNo=TestOrderNo_1708598479940&payChannel=17&payerName=test&payerPhone=081382826301&productId=2023&subject=TestSubject&version=1.0&sign=73ec9f6620088af263d8e5703d5355f9
2024-02-22 18:41:21.663 | DEBUG    | __main__:log_response:72 - 2024-02-22 18:41:21 接口返回值: {'code': '88015', 'msg': 'sign of the message is wrong', 'traceId': '5311d6fd84854c14817dd8af1bc03363'}
2024-02-22 18:45:18.010 | DEBUG    | __main__:log_request:69 - 2024-02-22 18:45:18 发起post请求:模拟xendit dana下单回调成功
2024-02-22 18:45:18.010 | DEBUG    | __main__:log_request:70 - 2024-02-22 18:45:18 请求时的入参: /pay/createOrder?amount=10000&currency=IDR&expectPayCodeType=0&merchantId=100119&orderNo=TestOrderNo_1708598718010&payChannel=17&payerName=test&payerPhone=081382826301&productId=2023&subject=TestSubject&version=1.0&sign=b1267550f8de4aabacc86d148acb20c6
2024-02-22 18:45:22.742 | DEBUG    | __main__:log_request:69 - 2024-02-22 18:45:22 发起post请求:模拟xendit dana下单回调成功
2024-02-22 18:45:22.743 | DEBUG    | __main__:log_request:70 - 2024-02-22 18:45:22 请求时的入参: /pay/createOrder?amount=10000&currency=IDR&expectPayCodeType=0&merchantId=100119&orderNo=TestOrderNo_1708598722743&payChannel=17&payerName=test&payerPhone=081382826301&productId=2023&subject=TestSubject&version=1.0&sign=4074f35e1ea82f7271984a827cb2d897
2024-02-22 18:45:24.331 | DEBUG    | __main__:log_response:73 - 2024-02-22 18:45:24 接口返回值: {'code': '88001', 'msg': 'amount can not be blank', 'traceId': '9aa72bf2d781425285bb8483784dfc48'}
2024-02-22 18:47:44.922 | DEBUG    | __main__:log_request:71 - 2024-02-22 18:47:44 发起post请求:模拟xendit dana下单回调成功
2024-02-22 18:47:44 请求时的入参: /pay/createOrder?amount=10000&currency=IDR&expectPayCodeType=0&merchantId=100119&orderNo=TestOrderNo_1708598864923&payChannel=17&payerName=test&payerPhone=081382826301&productId=2023&subject=TestSubject&version=1.0&sign=5c3b3ede3aaa0bbe9dd8873fc8346f9f

2024-02-22 18:47:49.600 | DEBUG    | __main__:log_request:71 - 2024-02-22 18:47:49 发起post请求:模拟xendit dana下单回调成功
2024-02-22 18:47:49 请求时的入参: /pay/createOrder?amount=10000&currency=IDR&expectPayCodeType=0&merchantId=100119&orderNo=TestOrderNo_1708598869601&payChannel=17&payerName=test&payerPhone=081382826301&productId=2023&subject=TestSubject&version=1.0&sign=5e7952dd11faf34f416f13a5344353eb

2024-02-22 18:47:51.132 | DEBUG    | __main__:log_response:74 - 2024-02-22 18:47:51 接口返回值: {'code': '88001', 'msg': 'amount can not be blank', 'traceId': 'c91838c898144b4bba8e294a44df16c6'}
