2022-12-23 10:27:42.273 | DEBUG    | lib.create_order1:post:95 - 2022-12-23 10:27:42 发起post请求:下单
2022-12-23 10:27:42.274 | DEBUG    | lib.create_order1:post:96 - 2022-12-23 10:27:42 请求时的入参: /pay/createOrder?amount=10000&currency=IDR&expectPayCodeType=0&merchantId=100119&orderNo=TestOrderNo_1671762462272&payChannel=17&payerName=test&payerPhone=081382826301&productId=2023&subject=TestSubject&version=1.0&sign=d12b48ccebdb70554b3ccd6e83b63711
2022-12-23 10:27:48.767 | DEBUG    | lib.create_order1:post:100 - 2022-12-23 10:27:48 接口返回值: {'code': '200', 'msg': 'SUCCESS', 'sign': 'c5711f7ae164dc32223f5987a5993966', 'orderNo': 'TestOrderNo_1671762462272', 'tradeNo': '10012022122309274654700002', 'payCode': 'https://checkouttest.tenapay.com/mock?orderInfo=PkKE5VRzA2NqiSDiRdeoWTjHHuxAyYsR559kMNvnftF4k0kLH%2FOsJXgzAowaSR3453REbrRfIjPu2FcD7k4PPw%3D%3D', 'payCodeType': '1', 'expireTime': '2022-12-23 10:27:46'}
2022-12-23 10:52:34.114 | DEBUG    | lib.create_order1:post:95 - 2022-12-23 10:52:34 发起post请求:下单
2022-12-23 10:52:34.114 | DEBUG    | lib.create_order1:post:96 - 2022-12-23 10:52:34 请求时的入参: /pay/createOrder?amount=10000&currency=IDR&expectPayCodeType=0&merchantId=100119&orderNo=TestOrderNo_1671763954114&payChannel=15&payerName=test&payerPhone=081382826301&productId=2023&subject=TestSubject&version=1.0&sign=d61820b17c183d97bba77a3f80c5b39c
2022-12-23 10:52:35.555 | DEBUG    | lib.create_order1:post:100 - 2022-12-23 10:52:35 接口返回值: {'code': '200', 'msg': 'SUCCESS', 'sign': '3cb9b970dcdfef1e5ec976c37cb5ece4', 'orderNo': 'TestOrderNo_1671763954114', 'tradeNo': '10012022122309523443900004', 'payCode': 'https://checkouttest.tenapay.com/walletPay?orderInfo=wU3NFGwK4395KeELxFzSVfIUOLJ8eyjkmh%2BrAesa2lhLQ8czyII2xBtc0C9mkcqo4TR4J328jAGEotQeCufSFPgsM3UZ2SS5%2F%2BF1QkhdPpAY952ncCRK14kCYA5YiA5llSlpMW2%2Bd8Lpw4HdwFtT5EN4QKbjhAXs3VIQQ0YguXA%3D', 'payCodeType': '1', 'expireTime': '2022-12-23 10:52:34'}
2022-12-23 10:52:35.556 | DEBUG    | lib.create_order1:post:95 - 2022-12-23 10:52:35 发起post请求:下单
2022-12-23 10:52:35.556 | DEBUG    | lib.create_order1:post:96 - 2022-12-23 10:52:35 请求时的入参: /pay/createOrder?amount=10000&currency=IDR&expectPayCodeType=0&merchantId=100119&orderNo=TestOrderNo_1671763955557&payChannel=16&payerName=test&payerPhone=081382826301&productId=2023&subject=TestSubject&version=1.0&sign=4d3df03e8ed1b2feed456ed7a235973c
2022-12-23 10:52:40.502 | DEBUG    | lib.create_order1:post:100 - 2022-12-23 10:52:40 接口返回值: {'code': '200', 'msg': 'SUCCESS', 'sign': 'f288aa5ef61a675fbd97d98b386aea27', 'orderNo': 'TestOrderNo_1671763955557', 'tradeNo': '10012022122309523587900000', 'payCode': 'some-random-qr-string', 'payCodeType': '1', 'expireTime': '2022-12-23 10:52:35'}
2022-12-23 10:52:40.503 | DEBUG    | lib.create_order1:post:95 - 2022-12-23 10:52:40 发起post请求:下单
2022-12-23 10:52:40.503 | DEBUG    | lib.create_order1:post:96 - 2022-12-23 10:52:40 请求时的入参: /pay/createOrder?amount=10000&currency=IDR&expectPayCodeType=0&merchantId=100119&orderNo=TestOrderNo_1671763960503&payChannel=17&payerName=test&payerPhone=081382826301&productId=2023&subject=TestSubject&version=1.0&sign=74ba3cfb34312e2755879302e8e60df1
2022-12-23 10:52:43.024 | DEBUG    | lib.create_order1:post:100 - 2022-12-23 10:52:43 接口返回值: {'code': '200', 'msg': 'SUCCESS', 'sign': '38e99dc2c273f2a8169f4f40d86f7be3', 'orderNo': 'TestOrderNo_1671763960503', 'tradeNo': '10012022122309524087100000', 'payCode': 'https://checkouttest.tenapay.com/mock?orderInfo=PkKE5VRzA2NqiSDiRdeoWTjHHuxAyYsR559kMNvnftHdzNadhZtbfC5rBlyiw9Ct53REbrRfIjPu2FcD7k4PPw%3D%3D', 'payCodeType': '1', 'expireTime': '2022-12-23 10:52:40'}
2022-12-23 10:52:43.025 | DEBUG    | lib.create_order1:post:95 - 2022-12-23 10:52:43 发起post请求:下单
2022-12-23 10:52:43.025 | DEBUG    | lib.create_order1:post:96 - 2022-12-23 10:52:43 请求时的入参: /pay/createOrder?amount=10000&currency=IDR&expectPayCodeType=0&merchantId=100119&orderNo=TestOrderNo_1671763963026&payChannel=18&payerName=test&payerPhone=081382826301&productId=2023&subject=TestSubject&version=1.0&sign=5a53ae0e49519aa6923755cfd6d151a2
2022-12-23 10:52:44.418 | DEBUG    | lib.create_order1:post:100 - 2022-12-23 10:52:44 接口返回值: {'code': '200', 'msg': 'SUCCESS', 'sign': 'a10e91b93db97114bb3c12202d71c9fb', 'orderNo': 'TestOrderNo_1671763963026', 'tradeNo': '10012022122309524332900006', 'payCode': 'https://checkouttest.tenapay.com/mock?orderInfo=PkKE5VRzA2NqiSDiRdeoWTjHHuxAyYsR559kMNvnftFaibyF2wy8ybW5nV%2Bni7UT53REbrRfIjPu2FcD7k4PPw%3D%3D', 'payCodeType': '1', 'expireTime': '2022-12-23 10:52:43'}
2022-12-23 10:52:44.419 | DEBUG    | lib.create_order1:post:95 - 2022-12-23 10:52:44 发起post请求:下单
2022-12-23 10:52:44.420 | DEBUG    | lib.create_order1:post:96 - 2022-12-23 10:52:44 请求时的入参: /pay/createOrder?amount=10000&currency=IDR&expectPayCodeType=0&merchantId=100119&orderNo=TestOrderNo_1671763964420&payChannel=19&payerName=test&payerPhone=081382826301&productId=2023&subject=TestSubject&version=1.0&sign=f80e899789c92a7be73144aaeebba92f
2022-12-23 10:52:46.913 | DEBUG    | lib.create_order1:post:100 - 2022-12-23 10:52:46 接口返回值: {'code': '200', 'msg': 'SUCCESS', 'sign': '551465ff771659833107fc418a4cb23e', 'orderNo': 'TestOrderNo_1671763964420', 'tradeNo': '10012022122309524472500004', 'payCode': 'https://checkouttest.tenapay.com/mock?orderInfo=PkKE5VRzA2NqiSDiRdeoWTjHHuxAyYsR559kMNvnftFLBJ6Rfd3L8WMp661rjHvo53REbrRfIjPu2FcD7k4PPw%3D%3D', 'payCodeType': '1', 'expireTime': '2022-12-23 10:52:44'}
2022-12-23 10:52:46.914 | DEBUG    | lib.create_order1:post:95 - 2022-12-23 10:52:46 发起post请求:下单
2022-12-23 10:52:46.914 | DEBUG    | lib.create_order1:post:96 - 2022-12-23 10:52:46 请求时的入参: /pay/createOrder?amount=10000&currency=IDR&expectPayCodeType=0&merchantId=100119&orderNo=TestOrderNo_1671763966914&payChannel=1&payerName=test&payerPhone=081382826301&productId=2023&subject=TestSubject&version=1.0&sign=8b0f1c9b62554f2f2836136622161848
2022-12-23 10:52:48.416 | DEBUG    | lib.create_order1:post:100 - 2022-12-23 10:52:48 接口返回值: {'code': '200', 'msg': 'SUCCESS', 'sign': '697fa8b45000492f6d0eb04b67360f52', 'orderNo': 'TestOrderNo_1671763966914', 'tradeNo': '10012022122309524732500000', 'payCode': 'https://checkouttest.tenapay.com/cardPay?orderInfo=wU3NFGwK4395KeELxFzSVftAPWe%2Fawqt6m6eTf%2BxuK7jiGAgQwua24AJvA5qePsjTy6EDuUlNoCpZ40fxNzvCNsnq%2FCar1vQ3rFoTwDn9JYzqRccJXDlQsqKSrtavc%2FN0HGpeJ1sZ04Gpn%2Bp2cglSXrlKH7n2TLHTOTrC7j%2F9TU%3D', 'payCodeType': '1', 'expireTime': '2022-12-24 09:52:47'}
2022-12-23 10:52:48.418 | DEBUG    | lib.create_order1:post:95 - 2022-12-23 10:52:48 发起post请求:下单
2022-12-23 10:52:48.418 | DEBUG    | lib.create_order1:post:96 - 2022-12-23 10:52:48 请求时的入参: /pay/createOrder?amount=10000&currency=IDR&expectPayCodeType=0&merchantId=100119&orderNo=TestOrderNo_1671763968417&payChannel=3&payerName=test&payerPhone=081382826301&productId=2023&subject=TestSubject&version=1.0&sign=5cbf0ac61d62ae029dfd275be5cc9f25
2022-12-23 10:52:51.129 | DEBUG    | lib.create_order1:post:100 - 2022-12-23 10:52:51 接口返回值: {'code': '200', 'msg': 'SUCCESS', 'sign': 'ed4f3c46080548e757c87729e5f460ef', 'orderNo': 'TestOrderNo_1671763968417', 'tradeNo': '10012022122309524881700005', 'payCode': '72939999688085', 'payCodeType': '0', 'expireTime': '2022-12-24 02:34:28'}
2022-12-23 10:52:51.130 | DEBUG    | lib.create_order1:post:95 - 2022-12-23 10:52:51 发起post请求:下单
2022-12-23 10:52:51.131 | DEBUG    | lib.create_order1:post:96 - 2022-12-23 10:52:51 请求时的入参: /pay/createOrder?amount=10000&currency=IDR&expectPayCodeType=0&merchantId=100119&orderNo=TestOrderNo_1671763971130&payChannel=4&payerName=test&payerPhone=081382826301&productId=2023&subject=TestSubject&version=1.0&sign=ad820298552886a36036aae2d4a50d23
2022-12-23 10:52:52.387 | DEBUG    | lib.create_order1:post:100 - 2022-12-23 10:52:52 接口返回值: {'code': '200', 'msg': 'SUCCESS', 'sign': 'a95dbb0c0f3eb1ee4c0cf5a27ae33b79', 'orderNo': 'TestOrderNo_1671763971130', 'tradeNo': '10012022122309525086300004', 'payCode': '8808999931451506', 'payCodeType': '0', 'expireTime': '2022-12-24 02:34:30'}
2022-12-23 10:52:52.391 | DEBUG    | lib.create_order1:post:95 - 2022-12-23 10:52:52 发起post请求:下单
2022-12-23 10:52:52.391 | DEBUG    | lib.create_order1:post:96 - 2022-12-23 10:52:52 请求时的入参: /pay/createOrder?amount=10000&currency=IDR&expectPayCodeType=0&merchantId=100119&orderNo=TestOrderNo_1671763972391&payChannel=6&payerName=test&payerPhone=081382826301&productId=2023&subject=TestSubject&version=1.0&sign=b16ef57b942b4e4b53cc0cee216c6998
2022-12-23 10:52:53.809 | DEBUG    | lib.create_order1:post:100 - 2022-12-23 10:52:53 接口返回值: {'code': '88011', 'msg': 'this channel is not supported yet', 'sign': 'e5ecde88e5c47f010ffd43aa30f7c64e'}
2022-12-23 10:52:53.811 | DEBUG    | lib.create_order1:post:95 - 2022-12-23 10:52:53 发起post请求:下单
2022-12-23 10:52:53.811 | DEBUG    | lib.create_order1:post:96 - 2022-12-23 10:52:53 请求时的入参: /pay/createOrder?amount=10000&currency=IDR&expectPayCodeType=0&merchantId=100119&orderNo=TestOrderNo_1671763973811&payChannel=8&payerName=test&payerPhone=081382826301&productId=2023&subject=TestSubject&version=1.0&sign=31e33660f4f22fbece2d881f4f2b223f
2022-12-23 10:52:55.639 | DEBUG    | lib.create_order1:post:100 - 2022-12-23 10:52:55 接口返回值: {'code': '200', 'msg': 'SUCCESS', 'sign': '780492d32e03589d10533131365257f4', 'orderNo': 'TestOrderNo_1671763973811', 'tradeNo': '10012022122309525411100004', 'payCode': '889089999465826', 'payCodeType': '0', 'expireTime': '2022-12-24 02:34:34'}
2022-12-23 10:52:55.641 | DEBUG    | lib.create_order1:post:95 - 2022-12-23 10:52:55 发起post请求:下单
2022-12-23 10:52:55.641 | DEBUG    | lib.create_order1:post:96 - 2022-12-23 10:52:55 请求时的入参: /pay/createOrder?amount=10000&currency=IDR&expectPayCodeType=0&merchantId=100119&orderNo=TestOrderNo_1671763975641&payChannel=9&payerName=test&payerPhone=081382826301&productId=2023&subject=TestSubject&version=1.0&sign=e45a3920c5526acbc70e84ad3ebc47b4
2022-12-23 10:53:00.312 | DEBUG    | lib.create_order1:post:100 - 2022-12-23 10:53:00 接口返回值: {'code': '200', 'msg': 'SUCCESS', 'sign': 'f0ab901355df583fc7c9087fd9010e30', 'orderNo': 'TestOrderNo_1671763975641', 'tradeNo': '10012022122309525591900009', 'payCode': '920019999290248', 'payCodeType': '0', 'expireTime': '2022-12-24 02:34:35'}
2022-12-23 10:53:00.314 | DEBUG    | lib.create_order1:post:95 - 2022-12-23 10:53:00 发起post请求:下单
2022-12-23 10:53:00.314 | DEBUG    | lib.create_order1:post:96 - 2022-12-23 10:53:00 请求时的入参: /pay/createOrder?amount=10000&currency=IDR&expectPayCodeType=0&merchantId=100119&orderNo=TestOrderNo_1671763980314&payChannel=12&payerName=test&payerPhone=081382826301&productId=2023&subject=TestSubject&version=1.0&sign=b7ad4f06804116f774f3103576a26cf0
2022-12-23 10:53:05.728 | DEBUG    | lib.create_order1:post:100 - 2022-12-23 10:53:05 接口返回值: {'code': '200', 'msg': 'SUCCESS', 'sign': '7e64c2bdaa597d0800b65524e8fe7a65', 'orderNo': 'TestOrderNo_1671763980314', 'tradeNo': '10012022122309530058500003', 'payCode': '929546136', 'payCodeType': '0', 'expireTime': '2022-12-24 09:53:00'}
2022-12-23 10:53:05.729 | DEBUG    | lib.create_order1:post:95 - 2022-12-23 10:53:05 发起post请求:下单
2022-12-23 10:53:05.729 | DEBUG    | lib.create_order1:post:96 - 2022-12-23 10:53:05 请求时的入参: /pay/createOrder?amount=10000&currency=IDR&expectPayCodeType=0&merchantId=100119&orderNo=TestOrderNo_1671763985729&payChannel=21&payerName=test&payerPhone=081382826301&productId=2023&subject=TestSubject&version=1.0&sign=186bb1ee2f2775289251f54180f4504d
2022-12-23 10:53:10.605 | DEBUG    | lib.create_order1:post:100 - 2022-12-23 10:53:10 接口返回值: {'code': '200', 'msg': 'SUCCESS', 'sign': 'b833fb7e2a2189ed299095810c6ea634', 'orderNo': 'TestOrderNo_1671763985729', 'tradeNo': '10012022122309530616500008', 'payCode': 'https://checkouttest.tenapay.com/id/debitPay?orderInfo=wU3NFGwK4395KeELxFzSVbc%2BoFIp%2FUwSF8eLyuo0c9eiqhQw30oE4D647bDzxJh%2FK72ufaaAeBUoAbjKi83jNZ8nqEOH1iKJFK%2FJZXce83lPDqW2DkIuG%2ByEfzT9x40dyPe5UE%2FZwdMUYpOyIzpoB4D74DoKS9Q4O%2Bf33mYsNWw%3D', 'payCodeType': '1', 'expireTime': '2022-12-30 09:53:06'}
