2023-07-06 11:45:22.440 | DEBUG    | lib.create_order1:post:93 - 2023-07-06 11:45:22 发起post请求:下单
2023-07-06 11:45:22.440 | DEBUG    | lib.create_order1:post:94 - 2023-07-06 11:45:22 请求时的入参: /pay/createOrder?amount=20110&currency=IDR&expectPayCodeType=0&merchantId=100119&orderNo=TestOrderNo_1688615122440&payChannel=3&payerName=test&payerPhone=081197204238&productId=2023&subject=TestSubject&version=1.0&sign=b71d6f8844189db29921bd8b69f235a5
2023-07-06 11:45:24.825 | DEBUG    | lib.create_order1:post:98 - 2023-07-06 11:45:24 接口返回值: {'code': '200', 'msg': 'SUCCESS', 'sign': '249941311e7ec48507e6ea3ee21b2200', 'orderNo': 'TestOrderNo_1688615122440', 'tradeNo': '10012023070610452378800019', 'payCode': '8625026760012323', 'payCodeType': '0', 'expireTime': '2023-07-07 03:27:03'}
2023-07-06 11:45:24.828 | DEBUG    | lib.create_order1:post:93 - 2023-07-06 11:45:24 发起post请求:下单
2023-07-06 11:45:24.829 | DEBUG    | lib.create_order1:post:94 - 2023-07-06 11:45:24 请求时的入参: /pay/createOrder?amount=20101&currency=IDR&expectPayCodeType=0&merchantId=100119&orderNo=TestOrderNo_1688615124828&payChannel=3&payerName=test&payerPhone=081197204238&productId=2023&subject=TestSubject&version=1.0&sign=49ae6b5266b580bb6efe9c4c64ea2440
2023-07-06 11:45:26.769 | DEBUG    | lib.create_order1:post:98 - 2023-07-06 11:45:26 接口返回值: {'code': '200', 'msg': 'SUCCESS', 'sign': '9fa3ee57ec1fdc25693f5482aa7a5d9d', 'orderNo': 'TestOrderNo_1688615124828', 'tradeNo': '10012023070610452593800018', 'payCode': '8625026760012324', 'payCodeType': '0', 'expireTime': '2023-07-07 03:27:05'}
2023-07-06 11:45:26.769 | DEBUG    | lib.create_order1:post:93 - 2023-07-06 11:45:26 发起post请求:下单
2023-07-06 11:45:26.769 | DEBUG    | lib.create_order1:post:94 - 2023-07-06 11:45:26 请求时的入参: /pay/createOrder?amount=20110&currency=IDR&expectPayCodeType=0&merchantId=100119&orderNo=TestOrderNo_1688615126770&payChannel=4&payerName=test&payerPhone=081197204238&productId=2023&subject=TestSubject&version=1.0&sign=6b05094da689d59f4c73894cae58c2b0
2023-07-06 11:45:29.852 | DEBUG    | lib.create_order1:post:98 - 2023-07-06 11:45:29 接口返回值: {'code': '200', 'msg': 'SUCCESS', 'sign': '3e7e5d5635fbcfda5c8c159a7e52a237', 'orderNo': 'TestOrderNo_1688615126770', 'tradeNo': '10012023070610452787200017', 'payCode': '8255600004546040', 'payCodeType': '0', 'expireTime': '2023-07-07 03:27:07'}
2023-07-06 11:45:29.853 | DEBUG    | lib.create_order1:post:93 - 2023-07-06 11:45:29 发起post请求:下单
2023-07-06 11:45:29.854 | DEBUG    | lib.create_order1:post:94 - 2023-07-06 11:45:29 请求时的入参: /pay/createOrder?amount=20101&currency=IDR&expectPayCodeType=0&merchantId=100119&orderNo=TestOrderNo_1688615129854&payChannel=4&payerName=test&payerPhone=081197204238&productId=2023&subject=TestSubject&version=1.0&sign=b3ef1b614891b81ae4b7dbe7691fc1fe
2023-07-06 11:45:31.989 | DEBUG    | lib.create_order1:post:98 - 2023-07-06 11:45:31 接口返回值: {'code': '200', 'msg': 'SUCCESS', 'sign': '334a0db51001ab8a067e2efacfe51cd2', 'orderNo': 'TestOrderNo_1688615129854', 'tradeNo': '10012023070610453103800019', 'payCode': '8255600004546041', 'payCodeType': '0', 'expireTime': '2023-07-07 03:27:11'}
2023-07-06 11:45:31.991 | DEBUG    | lib.create_order1:post:93 - 2023-07-06 11:45:31 发起post请求:下单
2023-07-06 11:45:31.991 | DEBUG    | lib.create_order1:post:94 - 2023-07-06 11:45:31 请求时的入参: /pay/createOrder?amount=20110&currency=IDR&expectPayCodeType=0&merchantId=100119&orderNo=TestOrderNo_1688615131991&payChannel=5&payerName=test&payerPhone=081197204238&productId=2023&subject=TestSubject&version=1.0&sign=8e79f88b1bd2889e1cdf2bb7f3ffefbf
2023-07-06 11:45:33.727 | DEBUG    | lib.create_order1:post:98 - 2023-07-06 11:45:33 接口返回值: {'code': '88005', 'msg': 'channel process error, please try again', 'sign': 'dbe789f3423e001fc81b1d8bfb320386'}
2023-07-06 11:45:33.728 | DEBUG    | lib.create_order1:post:93 - 2023-07-06 11:45:33 发起post请求:下单
2023-07-06 11:45:33.728 | DEBUG    | lib.create_order1:post:94 - 2023-07-06 11:45:33 请求时的入参: /pay/createOrder?amount=20101&currency=IDR&expectPayCodeType=0&merchantId=100119&orderNo=TestOrderNo_1688615133728&payChannel=5&payerName=test&payerPhone=081197204238&productId=2023&subject=TestSubject&version=1.0&sign=dedd63bd6840ff502005c9654ca87521
2023-07-06 11:45:35.399 | DEBUG    | lib.create_order1:post:98 - 2023-07-06 11:45:35 接口返回值: {'code': '88005', 'msg': 'channel process error, please try again', 'sign': 'dbe789f3423e001fc81b1d8bfb320386'}
2023-07-06 11:45:35.399 | DEBUG    | lib.create_order1:post:93 - 2023-07-06 11:45:35 发起post请求:下单
2023-07-06 11:45:35.399 | DEBUG    | lib.create_order1:post:94 - 2023-07-06 11:45:35 请求时的入参: /pay/createOrder?amount=20110&currency=IDR&expectPayCodeType=0&merchantId=100119&orderNo=TestOrderNo_1688615135399&payChannel=6&payerName=test&payerPhone=081197204238&productId=2023&subject=TestSubject&version=1.0&sign=332d9595a658c89eb2b7c31ebbf4739a
2023-07-06 11:45:37.383 | DEBUG    | lib.create_order1:post:98 - 2023-07-06 11:45:37 接口返回值: {'code': '200', 'msg': 'SUCCESS', 'sign': '1d7ded2e7affececc874d7da397d8fcb', 'orderNo': 'TestOrderNo_1688615135399', 'tradeNo': '10012023070610453651700017', 'payCode': '23096000002461239', 'payCodeType': '0', 'expireTime': '2023-07-07 03:27:16'}
2023-07-06 11:45:37.384 | DEBUG    | lib.create_order1:post:93 - 2023-07-06 11:45:37 发起post请求:下单
2023-07-06 11:45:37.384 | DEBUG    | lib.create_order1:post:94 - 2023-07-06 11:45:37 请求时的入参: /pay/createOrder?amount=20101&currency=IDR&expectPayCodeType=0&merchantId=100119&orderNo=TestOrderNo_1688615137385&payChannel=6&payerName=test&payerPhone=081197204238&productId=2023&subject=TestSubject&version=1.0&sign=322a19de294d034fd4b4cbd019d6c867
2023-07-06 11:45:39.356 | DEBUG    | lib.create_order1:post:98 - 2023-07-06 11:45:39 接口返回值: {'code': '200', 'msg': 'SUCCESS', 'sign': 'c7fb61e919a6bdfb84c4d959c8343809', 'orderNo': 'TestOrderNo_1688615137385', 'tradeNo': '10012023070610453851100018', 'payCode': '23096000002461240', 'payCodeType': '0', 'expireTime': '2023-07-07 03:27:18'}
2023-07-06 11:45:39.357 | DEBUG    | lib.create_order1:post:93 - 2023-07-06 11:45:39 发起post请求:下单
2023-07-06 11:45:39.357 | DEBUG    | lib.create_order1:post:94 - 2023-07-06 11:45:39 请求时的入参: /pay/createOrder?amount=20110&currency=IDR&expectPayCodeType=0&merchantId=100119&orderNo=TestOrderNo_1688615139358&payChannel=9&payerName=test&payerPhone=081197204238&productId=2023&subject=TestSubject&version=1.0&sign=2cb92347bc8fe826700b677248e0cc88
2023-07-06 11:45:42.243 | DEBUG    | lib.create_order1:post:98 - 2023-07-06 11:45:42 接口返回值: {'code': '200', 'msg': 'SUCCESS', 'sign': '1caffac4fa4af3128debf798881eda24', 'orderNo': 'TestOrderNo_1688615139358', 'tradeNo': '10012023070610454142900018', 'payCode': '103406000008315662', 'payCodeType': '0', 'expireTime': '2023-07-07 03:27:21'}
2023-07-06 11:45:42.244 | DEBUG    | lib.create_order1:post:93 - 2023-07-06 11:45:42 发起post请求:下单
2023-07-06 11:45:42.244 | DEBUG    | lib.create_order1:post:94 - 2023-07-06 11:45:42 请求时的入参: /pay/createOrder?amount=20101&currency=IDR&expectPayCodeType=0&merchantId=100119&orderNo=TestOrderNo_1688615142245&payChannel=9&payerName=test&payerPhone=081197204238&productId=2023&subject=TestSubject&version=1.0&sign=f9f237007d827cebe89e3d713baadb9e
2023-07-06 11:45:44.526 | DEBUG    | lib.create_order1:post:98 - 2023-07-06 11:45:44 接口返回值: {'code': '200', 'msg': 'SUCCESS', 'sign': '1e5a2180137525f1dca90709eb498651', 'orderNo': 'TestOrderNo_1688615142245', 'tradeNo': '10012023070610454339400012', 'payCode': '103406000008315664', 'payCodeType': '0', 'expireTime': '2023-07-07 03:27:23'}
2023-07-06 11:45:44.527 | DEBUG    | lib.create_order1:post:93 - 2023-07-06 11:45:44 发起post请求:下单
2023-07-06 11:45:44.527 | DEBUG    | lib.create_order1:post:94 - 2023-07-06 11:45:44 请求时的入参: /pay/createOrder?amount=20101&currency=IDR&expectPayCodeType=0&merchantId=100119&orderNo=TestOrderNo_1688615144528&payChannel=8&payerName=test&payerPhone=081197204238&productId=2023&subject=TestSubject&version=1.0&sign=9cd860a8cf2bd23aba586b576a979ac9
2023-07-06 11:45:46.466 | DEBUG    | lib.create_order1:post:98 - 2023-07-06 11:45:46 接口返回值: {'code': '200', 'msg': 'SUCCESS', 'sign': 'd41ad0806dba018637ea7b129b1e427a', 'orderNo': 'TestOrderNo_1688615144528', 'tradeNo': '10012023070610454565000015', 'payCode': '8932560003483610', 'payCodeType': '0', 'expireTime': '2023-07-07 03:27:25'}
2023-07-06 11:45:46.467 | DEBUG    | lib.create_order1:post:93 - 2023-07-06 11:45:46 发起post请求:下单
2023-07-06 11:45:46.468 | DEBUG    | lib.create_order1:post:94 - 2023-07-06 11:45:46 请求时的入参: /pay/createOrder?amount=20110&currency=IDR&expectPayCodeType=0&merchantId=100119&orderNo=TestOrderNo_1688615146468&payChannel=8&payerName=test&payerPhone=081197204238&productId=2023&subject=TestSubject&version=1.0&sign=c52b760d62cd9b0947152c4a341954e8
2023-07-06 11:45:48.446 | DEBUG    | lib.create_order1:post:98 - 2023-07-06 11:45:48 接口返回值: {'code': '200', 'msg': 'SUCCESS', 'sign': '8a4f2d08a285e5af008b5df7442bf656', 'orderNo': 'TestOrderNo_1688615146468', 'tradeNo': '10012023070610454760000018', 'payCode': '8932560003483611', 'payCodeType': '0', 'expireTime': '2023-07-07 03:27:27'}
2023-07-06 11:45:51.459 | DEBUG    | lib.create_order1:post:93 - 2023-07-06 11:45:51 发起post请求:下单
2023-07-06 11:45:51.459 | DEBUG    | lib.create_order1:post:94 - 2023-07-06 11:45:51 请求时的入参: /pay/createOrder?amount=20110&currency=IDR&expectPayCodeType=0&merchantId=100119&orderNo=TestOrderNo_1688615151459&payChannel=3&payerName=test&payerPhone=081382826302&productId=2023&subject=TestSubject&version=1.0&sign=045d6172f02d01e5db947f95f88f77bc
2023-07-06 11:45:53.842 | DEBUG    | lib.create_order1:post:98 - 2023-07-06 11:45:53 接口返回值: {'code': '200', 'msg': 'SUCCESS', 'sign': 'aeecfd7dd5fc17227aae07bd8f46aaa8', 'orderNo': 'TestOrderNo_1688615151459', 'tradeNo': '10012023070610455259400015', 'payCode': '7888001305896922', 'payCodeType': '0', 'expireTime': '2023-07-07 03:27:32'}
2023-07-06 11:45:53.844 | DEBUG    | lib.create_order1:post:93 - 2023-07-06 11:45:53 发起post请求:下单
2023-07-06 11:45:53.844 | DEBUG    | lib.create_order1:post:94 - 2023-07-06 11:45:53 请求时的入参: /pay/createOrder?amount=20101&currency=IDR&expectPayCodeType=0&merchantId=100119&orderNo=TestOrderNo_1688615153845&payChannel=3&payerName=test&payerPhone=081382826302&productId=2023&subject=TestSubject&version=1.0&sign=35fb2fe008abb88de8a5131157e656f9
2023-07-06 11:45:55.362 | DEBUG    | lib.create_order1:post:98 - 2023-07-06 11:45:55 接口返回值: {'code': '200', 'msg': 'SUCCESS', 'sign': 'ea5ecfd92799d790b7d48a946d160963', 'orderNo': 'TestOrderNo_1688615153845', 'tradeNo': '10012023070610455495200013', 'payCode': '7888001303792983', 'payCodeType': '0', 'expireTime': '2023-07-07 03:27:34'}
2023-07-06 11:45:55.363 | DEBUG    | lib.create_order1:post:93 - 2023-07-06 11:45:55 发起post请求:下单
2023-07-06 11:45:55.363 | DEBUG    | lib.create_order1:post:94 - 2023-07-06 11:45:55 请求时的入参: /pay/createOrder?amount=20110&currency=IDR&expectPayCodeType=0&merchantId=100119&orderNo=TestOrderNo_1688615155364&payChannel=4&payerName=test&payerPhone=081382826302&productId=2023&subject=TestSubject&version=1.0&sign=5900bb43c6e9a0d6c4011dc8958a60a8
2023-07-06 11:45:57.095 | DEBUG    | lib.create_order1:post:98 - 2023-07-06 11:45:57 接口返回值: {'code': '200', 'msg': 'SUCCESS', 'sign': '098c336cc37b3dc1e1b4708fddcdb914', 'orderNo': 'TestOrderNo_1688615155364', 'tradeNo': '10012023070610455646100013', 'payCode': '7136001306780808', 'payCodeType': '0', 'expireTime': '2023-07-07 03:27:36'}
2023-07-06 11:45:57.096 | DEBUG    | lib.create_order1:post:93 - 2023-07-06 11:45:57 发起post请求:下单
2023-07-06 11:45:57.096 | DEBUG    | lib.create_order1:post:94 - 2023-07-06 11:45:57 请求时的入参: /pay/createOrder?amount=20101&currency=IDR&expectPayCodeType=0&merchantId=100119&orderNo=TestOrderNo_1688615157096&payChannel=4&payerName=test&payerPhone=081382826302&productId=2023&subject=TestSubject&version=1.0&sign=7d38ac88a5436a3a9912faa5d65c6d1e
2023-07-06 11:45:58.189 | DEBUG    | lib.create_order1:post:98 - 2023-07-06 11:45:58 接口返回值: {'code': '200', 'msg': 'SUCCESS', 'sign': '13106938370cf36c1bb522768af35d5b', 'orderNo': 'TestOrderNo_1688615157096', 'tradeNo': '10012023070610455768900018', 'payCode': '7136001303459485', 'payCodeType': '0', 'expireTime': '2023-07-07 03:27:37'}
2023-07-06 11:45:58.190 | DEBUG    | lib.create_order1:post:93 - 2023-07-06 11:45:58 发起post请求:下单
2023-07-06 11:45:58.190 | DEBUG    | lib.create_order1:post:94 - 2023-07-06 11:45:58 请求时的入参: /pay/createOrder?amount=20110&currency=IDR&expectPayCodeType=0&merchantId=100119&orderNo=TestOrderNo_1688615158191&payChannel=15&payerName=test&payerPhone=081382826302&productId=2023&subject=TestSubject&version=1.0&sign=d06f86ce0d73b2d45bbfd1fce7ed2401
2023-07-06 11:46:02.711 | DEBUG    | lib.create_order1:post:98 - 2023-07-06 11:46:02 接口返回值: {'code': '200', 'msg': 'SUCCESS', 'sign': 'f4698711d03816f752ff6c86b83cba6f', 'orderNo': 'TestOrderNo_1688615158191', 'tradeNo': '10012023070610460234300017', 'payCode': 'http://localhost:8080/walletPay?orderInfo=wU3NFGwK4395KeELxFzSVfIUOLJ8eyjkmh%2BrAesa2lhLJb71i3ysUr7PHy%2B77mwWZ535l3d14IuP6iI%2FL3MDrPgsM3UZ2SS5%2F%2BF1QkhdPpCkx2M3wBPHOYIpy%2BZZYebCaKi%2FM1wf3iGqovSbTHA5wEN4QKbjhAXs3VIQQ0YguXA%3D', 'payCodeType': '1', 'expireTime': '2023-07-06 11:46:02'}
2023-07-06 11:46:02.713 | DEBUG    | lib.create_order1:post:93 - 2023-07-06 11:46:02 发起post请求:下单
2023-07-06 11:46:02.713 | DEBUG    | lib.create_order1:post:94 - 2023-07-06 11:46:02 请求时的入参: /pay/createOrder?amount=20101&currency=IDR&expectPayCodeType=0&merchantId=100119&orderNo=TestOrderNo_1688615162713&payChannel=15&payerName=test&payerPhone=081382826302&productId=2023&subject=TestSubject&version=1.0&sign=cba721ed7ca09b7887c6700393d9f35c
2023-07-06 11:46:04.164 | DEBUG    | lib.create_order1:post:98 - 2023-07-06 11:46:04 接口返回值: {'code': '200', 'msg': 'SUCCESS', 'sign': 'b3b3693e782fedca979674b971f49d1e', 'orderNo': 'TestOrderNo_1688615162713', 'tradeNo': '10012023070610460383100010', 'payCode': 'http://localhost:8080/walletPay?orderInfo=wU3NFGwK4395KeELxFzSVfIUOLJ8eyjkmh%2BrAesa2lhLJb71i3ysUr7PHy%2B77mwW0kzlPoJWJWZZbXPzFqQOZvgsM3UZ2SS5%2F%2BF1QkhdPpCxsOodh8WTEIVtrI1B9PgttNGL0hs1d7dGt%2Flzhy9WXUN4QKbjhAXs3VIQQ0YguXA%3D', 'payCodeType': '1', 'expireTime': '2023-07-06 11:46:03'}
2023-07-06 11:46:04.165 | DEBUG    | lib.create_order1:post:93 - 2023-07-06 11:46:04 发起post请求:下单
2023-07-06 11:46:04.166 | DEBUG    | lib.create_order1:post:94 - 2023-07-06 11:46:04 请求时的入参: /pay/createOrder?amount=20110&currency=IDR&expectPayCodeType=0&merchantId=100119&orderNo=TestOrderNo_1688615164165&payChannel=6&payerName=test&payerPhone=081382826302&productId=2023&subject=TestSubject&version=1.0&sign=29eb601cd34fdee61429215bcbed46e2
2023-07-06 11:46:05.715 | DEBUG    | lib.create_order1:post:98 - 2023-07-06 11:46:05 接口返回值: {'code': '200', 'msg': 'SUCCESS', 'sign': '6ec9a4d8153abe6e45564c8d2fbd650c', 'orderNo': 'TestOrderNo_1688615164165', 'tradeNo': '10012023070610460524200018', 'payCode': '1419001302803725', 'payCodeType': '0', 'expireTime': '2023-07-07 03:27:45'}
2023-07-06 11:46:05.717 | DEBUG    | lib.create_order1:post:93 - 2023-07-06 11:46:05 发起post请求:下单
2023-07-06 11:46:05.717 | DEBUG    | lib.create_order1:post:94 - 2023-07-06 11:46:05 请求时的入参: /pay/createOrder?amount=20101&currency=IDR&expectPayCodeType=0&merchantId=100119&orderNo=TestOrderNo_1688615165716&payChannel=6&payerName=test&payerPhone=081382826302&productId=2023&subject=TestSubject&version=1.0&sign=0092395543c23fa4aa8f691f76f331ad
2023-07-06 11:46:07.247 | DEBUG    | lib.create_order1:post:98 - 2023-07-06 11:46:07 接口返回值: {'code': '200', 'msg': 'SUCCESS', 'sign': 'a182f320f516e6c3622794b7632aae51', 'orderNo': 'TestOrderNo_1688615165716', 'tradeNo': '10012023070610460685600014', 'payCode': '1419001308624098', 'payCodeType': '0', 'expireTime': '2023-07-07 03:27:46'}
2023-07-06 11:46:07.248 | DEBUG    | lib.create_order1:post:93 - 2023-07-06 11:46:07 发起post请求:下单
2023-07-06 11:46:07.249 | DEBUG    | lib.create_order1:post:94 - 2023-07-06 11:46:07 请求时的入参: /pay/createOrder?amount=20110&currency=IDR&expectPayCodeType=0&merchantId=100119&orderNo=TestOrderNo_1688615167249&payChannel=9&payerName=test&payerPhone=081382826302&productId=2023&subject=TestSubject&version=1.0&sign=9838f1fdd04dd32af1874b9d69aea245
2023-07-06 11:46:08.337 | DEBUG    | lib.create_order1:post:98 - 2023-07-06 11:46:08 接口返回值: {'code': '200', 'msg': 'SUCCESS', 'sign': '892ea36d2bfe120cba9c087e71ab67d3', 'orderNo': 'TestOrderNo_1688615167249', 'tradeNo': '10012023070610460785200012', 'payCode': '1303300130228834', 'payCodeType': '0', 'expireTime': '2023-07-07 03:27:47'}
2023-07-06 11:46:08.338 | DEBUG    | lib.create_order1:post:93 - 2023-07-06 11:46:08 发起post请求:下单
2023-07-06 11:46:08.338 | DEBUG    | lib.create_order1:post:94 - 2023-07-06 11:46:08 请求时的入参: /pay/createOrder?amount=20101&currency=IDR&expectPayCodeType=0&merchantId=100119&orderNo=TestOrderNo_1688615168338&payChannel=9&payerName=test&payerPhone=081382826302&productId=2023&subject=TestSubject&version=1.0&sign=163c6d39aeea59ed6413c1472e0d91ff
2023-07-06 11:46:09.318 | DEBUG    | lib.create_order1:post:98 - 2023-07-06 11:46:09 接口返回值: {'code': '200', 'msg': 'SUCCESS', 'sign': '8f9d501791c3cfcdb39882efa6eb05d8', 'orderNo': 'TestOrderNo_1688615168338', 'tradeNo': '10012023070610460892200012', 'payCode': '1303300130311701', 'payCodeType': '0', 'expireTime': '2023-07-07 03:27:48'}
2023-07-06 11:46:12.330 | DEBUG    | lib.create_order1:post:93 - 2023-07-06 11:46:12 发起post请求:下单
2023-07-06 11:46:12.330 | DEBUG    | lib.create_order1:post:94 - 2023-07-06 11:46:12 请求时的入参: /pay/createOrder?amount=20110&currency=IDR&expectPayCodeType=0&merchantId=100119&orderNo=TestOrderNo_1688615172330&payChannel=15&payerName=test&payerPhone=081382826303&productId=2023&subject=TestSubject&version=1.0&sign=cfb5fff7064e128517a1afe9585bc414
2023-07-06 11:46:13.781 | DEBUG    | lib.create_order1:post:98 - 2023-07-06 11:46:13 接口返回值: {'code': '200', 'msg': 'SUCCESS', 'sign': '9d477d6309ba4c6b843d32699e288cbb', 'orderNo': 'TestOrderNo_1688615172330', 'tradeNo': '10012023070610461344500017', 'payCode': 'http://localhost:8080/walletPay?orderInfo=wU3NFGwK4395KeELxFzSVfIUOLJ8eyjkmh%2BrAesa2lhLJb71i3ysUr7PHy%2B77mwW9h855Kdqf30vdA4YaQcFvPgsM3UZ2SS5%2F%2BF1QkhdPpAnvNmRQb1nk%2BMbaX%2BBXTDTaKi%2FM1wf3iGqovSbTHA5wEN4QKbjhAXs3VIQQ0YguXA%3D', 'payCodeType': '1', 'expireTime': '2023-07-06 11:46:13'}
2023-07-06 11:46:13.782 | DEBUG    | lib.create_order1:post:93 - 2023-07-06 11:46:13 发起post请求:下单
2023-07-06 11:46:13.782 | DEBUG    | lib.create_order1:post:94 - 2023-07-06 11:46:13 请求时的入参: /pay/createOrder?amount=20101&currency=IDR&expectPayCodeType=0&merchantId=100119&orderNo=TestOrderNo_1688615173783&payChannel=15&payerName=test&payerPhone=081382826303&productId=2023&subject=TestSubject&version=1.0&sign=230e087c4e391f9f8d55ac2a1c8afef2
2023-07-06 11:46:15.902 | DEBUG    | lib.create_order1:post:98 - 2023-07-06 11:46:15 接口返回值: {'code': '200', 'msg': 'SUCCESS', 'sign': 'ffd2dfd08fc6854cecee37d739cb0edd', 'orderNo': 'TestOrderNo_1688615173783', 'tradeNo': '10012023070610461557500019', 'payCode': 'http://localhost:8080/walletPay?orderInfo=wU3NFGwK4395KeELxFzSVfIUOLJ8eyjkmh%2BrAesa2lhLJb71i3ysUr7PHy%2B77mwWvj8pNsbff8HixB9jJebiffgsM3UZ2SS5%2F%2BF1QkhdPpBTT0nuIMOMYGDp%2B%2BVQXaoYtNGL0hs1d7dGt%2Flzhy9WXUN4QKbjhAXs3VIQQ0YguXA%3D', 'payCodeType': '1', 'expireTime': '2023-07-06 11:46:15'}
2023-07-06 11:46:15.903 | DEBUG    | lib.create_order1:post:93 - 2023-07-06 11:46:15 发起post请求:下单
2023-07-06 11:46:15.903 | DEBUG    | lib.create_order1:post:94 - 2023-07-06 11:46:15 请求时的入参: /pay/createOrder?amount=20110&currency=IDR&expectPayCodeType=0&merchantId=100119&orderNo=TestOrderNo_1688615175903&payChannel=16&payerName=test&payerPhone=081382826303&productId=2023&subject=TestSubject&version=1.0&sign=da310275e24565f1714103f3cd536737
2023-07-06 11:46:19.072 | DEBUG    | lib.create_order1:post:98 - 2023-07-06 11:46:19 接口返回值: {'code': '200', 'msg': 'SUCCESS', 'sign': 'acd8af425ba53b1af857121ba839ee8e', 'orderNo': 'TestOrderNo_1688615175903', 'tradeNo': '10012023070610461703400015', 'payCode': 'http://mock qris qrcode', 'payCodeType': '1', 'expireTime': '2023-07-06 11:46:17'}
2023-07-06 11:46:19.073 | DEBUG    | lib.create_order1:post:93 - 2023-07-06 11:46:19 发起post请求:下单
2023-07-06 11:46:19.073 | DEBUG    | lib.create_order1:post:94 - 2023-07-06 11:46:19 请求时的入参: /pay/createOrder?amount=20101&currency=IDR&expectPayCodeType=0&merchantId=100119&orderNo=TestOrderNo_1688615179073&payChannel=16&payerName=test&payerPhone=081382826303&productId=2023&subject=TestSubject&version=1.0&sign=3cf6db839a3c6ee6d7cd64ea086eb0d0
2023-07-06 11:46:20.790 | DEBUG    | lib.create_order1:post:98 - 2023-07-06 11:46:20 接口返回值: {'code': '200', 'msg': 'SUCCESS', 'sign': '5efe112c6fa085abc37ab3431eb3d8cd', 'orderNo': 'TestOrderNo_1688615179073', 'tradeNo': '10012023070610462016600010', 'payCode': 'http://mock qris qrcode', 'payCodeType': '1', 'expireTime': '2023-07-06 11:46:20'}
2023-07-06 11:46:20.791 | DEBUG    | lib.create_order1:post:93 - 2023-07-06 11:46:20 发起post请求:下单
2023-07-06 11:46:20.791 | DEBUG    | lib.create_order1:post:94 - 2023-07-06 11:46:20 请求时的入参: /pay/createOrder?amount=20110&currency=IDR&expectPayCodeType=0&merchantId=100119&orderNo=TestOrderNo_1688615180792&payChannel=17&payerName=test&payerPhone=081382826303&productId=2023&subject=TestSubject&version=1.0&sign=da70ddc85b74a37f032799919618a31b
2023-07-06 11:46:21.672 | DEBUG    | lib.create_order1:post:98 - 2023-07-06 11:46:21 接口返回值: {'code': '200', 'msg': 'SUCCESS', 'sign': '7df5d5956387ebe2a984f380fff7878e', 'orderNo': 'TestOrderNo_1688615180792', 'tradeNo': '10012023070610462133900012', 'payCode': 'http://localhost:8080/walletPay?orderInfo=wU3NFGwK4395KeELxFzSVTUwcaG%2Bpo%2Bezf9lkuKejGOApdF9TCREyby0UpXCX60fZFVd5RZIXBwlVV4ORd8zl9QhRXilY%2FyU0qLqx0xencz%2Ff3sjhUg17yKGMEtajE%2BQwHswRzCzGnigmCltWXqa0eLeRcV22MupjeSurtfUPSE%3D', 'payCodeType': '1', 'expireTime': '2023-07-06 11:46:21'}
2023-07-06 11:46:21.673 | DEBUG    | lib.create_order1:post:93 - 2023-07-06 11:46:21 发起post请求:下单
2023-07-06 11:46:21.674 | DEBUG    | lib.create_order1:post:94 - 2023-07-06 11:46:21 请求时的入参: /pay/createOrder?amount=20101&currency=IDR&expectPayCodeType=0&merchantId=100119&orderNo=TestOrderNo_1688615181674&payChannel=17&payerName=test&payerPhone=081382826303&productId=2023&subject=TestSubject&version=1.0&sign=09f24411a3ad13053a77c12b4db47a92
2023-07-06 11:46:23.070 | DEBUG    | lib.create_order1:post:98 - 2023-07-06 11:46:23 接口返回值: {'code': '200', 'msg': 'SUCCESS', 'sign': 'a21d19c3f098846804ed99967b5d1e0b', 'orderNo': 'TestOrderNo_1688615181674', 'tradeNo': '10012023070610462275400011', 'payCode': 'http://localhost:8080/walletPay?orderInfo=wU3NFGwK4395KeELxFzSVTUwcaG%2Bpo%2Bezf9lkuKejGOApdF9TCREyby0UpXCX60fcH2MF55VGsV%2Frxsmsf97O9QhRXilY%2FyU0qLqx0xencx39TmvnptVTfYOyYNINvRr5MfhvdwlWc7Q8FjmOAEWYeLeRcV22MupjeSurtfUPSE%3D', 'payCodeType': '1', 'expireTime': '2023-07-06 11:46:22'}
2023-07-06 11:46:23.071 | DEBUG    | lib.create_order1:post:93 - 2023-07-06 11:46:23 发起post请求:下单
2023-07-06 11:46:23.072 | DEBUG    | lib.create_order1:post:94 - 2023-07-06 11:46:23 请求时的入参: /pay/createOrder?amount=20110&currency=IDR&expectPayCodeType=0&merchantId=100119&orderNo=TestOrderNo_1688615183071&payChannel=18&payerName=test&payerPhone=081382826303&productId=2023&subject=TestSubject&version=1.0&sign=81e65a844405c977e663814da87e5e99
2023-07-06 11:46:24.153 | DEBUG    | lib.create_order1:post:98 - 2023-07-06 11:46:24 接口返回值: {'code': '200', 'msg': 'SUCCESS', 'sign': 'f5411dfb8e3d38228610cff21679e10c', 'orderNo': 'TestOrderNo_1688615183071', 'tradeNo': '10012023070610462364700016', 'payCode': 'https://sit.tikipay.co/payResultRedirect/10012023070610462364700016', 'payCodeType': '1', 'expireTime': '2023-07-06 11:46:23'}
2023-07-06 11:46:24.155 | DEBUG    | lib.create_order1:post:93 - 2023-07-06 11:46:24 发起post请求:下单
2023-07-06 11:46:24.155 | DEBUG    | lib.create_order1:post:94 - 2023-07-06 11:46:24 请求时的入参: /pay/createOrder?amount=20101&currency=IDR&expectPayCodeType=0&merchantId=100119&orderNo=TestOrderNo_1688615184156&payChannel=18&payerName=test&payerPhone=081382826303&productId=2023&subject=TestSubject&version=1.0&sign=4cde3d51ec31a91636e88b7b14b71099
2023-07-06 11:46:25.280 | DEBUG    | lib.create_order1:post:98 - 2023-07-06 11:46:25 接口返回值: {'code': '200', 'msg': 'SUCCESS', 'sign': 'f141ac3b882727dec7acb57d28287ca7', 'orderNo': 'TestOrderNo_1688615184156', 'tradeNo': '10012023070610462471300015', 'payCode': 'https://sit.tikipay.co/payResultRedirect/10012023070610462471300015', 'payCodeType': '1', 'expireTime': '2023-07-06 11:46:24'}
2023-07-06 11:46:25.281 | DEBUG    | lib.create_order1:post:93 - 2023-07-06 11:46:25 发起post请求:下单
2023-07-06 11:46:25.282 | DEBUG    | lib.create_order1:post:94 - 2023-07-06 11:46:25 请求时的入参: /pay/createOrder?amount=20110&currency=IDR&expectPayCodeType=0&merchantId=100119&orderNo=TestOrderNo_1688615185282&payChannel=19&payerName=test&payerPhone=081382826303&productId=2023&subject=TestSubject&version=1.0&sign=9d682dbf6a58fda4e3476807e9ef589f
2023-07-06 11:46:26.943 | DEBUG    | lib.create_order1:post:98 - 2023-07-06 11:46:26 接口返回值: {'code': '200', 'msg': 'SUCCESS', 'sign': 'b4f1f09e93920226792e03a83da11846', 'orderNo': 'TestOrderNo_1688615185282', 'tradeNo': '10012023070610462640700012', 'payCode': 'https://sit.tikipay.co/payResultRedirect/10012023070610462640700012', 'payCodeType': '1', 'expireTime': '2023-07-06 11:46:26'}
2023-07-06 11:46:26.945 | DEBUG    | lib.create_order1:post:93 - 2023-07-06 11:46:26 发起post请求:下单
2023-07-06 11:46:26.946 | DEBUG    | lib.create_order1:post:94 - 2023-07-06 11:46:26 请求时的入参: /pay/createOrder?amount=20101&currency=IDR&expectPayCodeType=0&merchantId=100119&orderNo=TestOrderNo_1688615186945&payChannel=19&payerName=test&payerPhone=081382826303&productId=2023&subject=TestSubject&version=1.0&sign=0d96b88643d63168bdc62ca8a6f475c4
2023-07-06 11:46:28.558 | DEBUG    | lib.create_order1:post:98 - 2023-07-06 11:46:28 接口返回值: {'code': '200', 'msg': 'SUCCESS', 'sign': 'aa3a4d1a6edfdf420e8bde037132ef1a', 'orderNo': 'TestOrderNo_1688615186945', 'tradeNo': '10012023070610462805200014', 'payCode': 'https://sit.tikipay.co/payResultRedirect/10012023070610462805200014', 'payCodeType': '1', 'expireTime': '2023-07-06 11:46:28'}
2023-07-06 11:46:28.559 | DEBUG    | lib.create_order1:post:93 - 2023-07-06 11:46:28 发起post请求:下单
2023-07-06 11:46:28.559 | DEBUG    | lib.create_order1:post:94 - 2023-07-06 11:46:28 请求时的入参: /pay/createOrder?amount=20110&currency=IDR&expectPayCodeType=0&merchantId=100119&orderNo=TestOrderNo_1688615188559&payChannel=3&payerName=test&payerPhone=081382826303&productId=2023&subject=TestSubject&version=1.0&sign=265001d67b85cb86bf28046b7beb5126
2023-07-06 11:46:30.255 | DEBUG    | lib.create_order1:post:98 - 2023-07-06 11:46:30 接口返回值: {'code': '200', 'msg': 'SUCCESS', 'sign': 'dad2fed2814351b3d72a5d861491668f', 'orderNo': 'TestOrderNo_1688615188559', 'tradeNo': '10012023070610462968700016', 'payCode': '7392600000007746', 'payCodeType': '0', 'expireTime': '2023-07-07 03:28:09'}
2023-07-06 11:46:30.256 | DEBUG    | lib.create_order1:post:93 - 2023-07-06 11:46:30 发起post请求:下单
2023-07-06 11:46:30.257 | DEBUG    | lib.create_order1:post:94 - 2023-07-06 11:46:30 请求时的入参: /pay/createOrder?amount=20101&currency=IDR&expectPayCodeType=0&merchantId=100119&orderNo=TestOrderNo_1688615190257&payChannel=3&payerName=test&payerPhone=081382826303&productId=2023&subject=TestSubject&version=1.0&sign=766fa390c043efdeb65a195be79aa4b4
2023-07-06 11:46:31.939 | DEBUG    | lib.create_order1:post:98 - 2023-07-06 11:46:31 接口返回值: {'code': '200', 'msg': 'SUCCESS', 'sign': '2f49a69cb1948e1d871c3e66109ec1dc', 'orderNo': 'TestOrderNo_1688615190257', 'tradeNo': '10012023070610463139800016', 'payCode': '7392600000007747', 'payCodeType': '0', 'expireTime': '2023-07-07 03:28:11'}
2023-07-06 11:46:31.939 | DEBUG    | lib.create_order1:post:93 - 2023-07-06 11:46:31 发起post请求:下单
2023-07-06 11:46:31.940 | DEBUG    | lib.create_order1:post:94 - 2023-07-06 11:46:31 请求时的入参: /pay/createOrder?amount=20110&currency=IDR&expectPayCodeType=0&merchantId=100119&orderNo=TestOrderNo_1688615191940&payChannel=4&payerName=test&payerPhone=081382826303&productId=2023&subject=TestSubject&version=1.0&sign=8343e6b2ba3842e9a3a6c796fb21eb17
2023-07-06 11:46:33.642 | DEBUG    | lib.create_order1:post:98 - 2023-07-06 11:46:33 接口返回值: {'code': '200', 'msg': 'SUCCESS', 'sign': 'c1366b69db68a1eb4a209c0c1aa808d8', 'orderNo': 'TestOrderNo_1688615191940', 'tradeNo': '10012023070610463300200012', 'payCode': '8255600000057217', 'payCodeType': '0', 'expireTime': '2023-07-07 03:28:13'}
2023-07-06 11:46:33.642 | DEBUG    | lib.create_order1:post:93 - 2023-07-06 11:46:33 发起post请求:下单
2023-07-06 11:46:33.642 | DEBUG    | lib.create_order1:post:94 - 2023-07-06 11:46:33 请求时的入参: /pay/createOrder?amount=20101&currency=IDR&expectPayCodeType=0&merchantId=100119&orderNo=TestOrderNo_1688615193643&payChannel=4&payerName=test&payerPhone=081382826303&productId=2023&subject=TestSubject&version=1.0&sign=75654fa776b52a0293bec892a5f00494
2023-07-06 11:46:35.303 | DEBUG    | lib.create_order1:post:98 - 2023-07-06 11:46:35 接口返回值: {'code': '200', 'msg': 'SUCCESS', 'sign': '10b0b57b1032d0b40d9fe8757bff15e6', 'orderNo': 'TestOrderNo_1688615193643', 'tradeNo': '10012023070610463475200011', 'payCode': '8255600000057218', 'payCodeType': '0', 'expireTime': '2023-07-07 03:28:14'}
2023-07-06 11:46:35.304 | DEBUG    | lib.create_order1:post:93 - 2023-07-06 11:46:35 发起post请求:下单
2023-07-06 11:46:35.304 | DEBUG    | lib.create_order1:post:94 - 2023-07-06 11:46:35 请求时的入参: /pay/createOrder?amount=20110&currency=IDR&expectPayCodeType=0&merchantId=100119&orderNo=TestOrderNo_1688615195305&payChannel=5&payerName=test&payerPhone=081382826303&productId=2023&subject=TestSubject&version=1.0&sign=a57d718f47fb4f2646c3ffb6354d4f81
2023-07-06 11:46:37.428 | DEBUG    | lib.create_order1:post:98 - 2023-07-06 11:46:37 接口返回值: {'code': '200', 'msg': 'SUCCESS', 'sign': '8551014ebade4c97f26c62dbb625b263', 'orderNo': 'TestOrderNo_1688615195305', 'tradeNo': '10012023070610463686500019', 'payCode': '700707760000011237', 'payCodeType': '0', 'expireTime': '2023-07-07 03:28:16'}
2023-07-06 11:46:37.429 | DEBUG    | lib.create_order1:post:93 - 2023-07-06 11:46:37 发起post请求:下单
2023-07-06 11:46:37.430 | DEBUG    | lib.create_order1:post:94 - 2023-07-06 11:46:37 请求时的入参: /pay/createOrder?amount=20101&currency=IDR&expectPayCodeType=0&merchantId=100119&orderNo=TestOrderNo_1688615197429&payChannel=5&payerName=test&payerPhone=081382826303&productId=2023&subject=TestSubject&version=1.0&sign=fb83cd84e0fe2bb67830f79013222b4f
2023-07-06 11:46:39.134 | DEBUG    | lib.create_order1:post:98 - 2023-07-06 11:46:39 接口返回值: {'code': '200', 'msg': 'SUCCESS', 'sign': 'bce1285a66db755d93ad033b9637228d', 'orderNo': 'TestOrderNo_1688615197429', 'tradeNo': '10012023070610463858500011', 'payCode': '700707760000011238', 'payCodeType': '0', 'expireTime': '2023-07-07 03:28:18'}
2023-07-06 11:46:39.135 | DEBUG    | lib.create_order1:post:93 - 2023-07-06 11:46:39 发起post请求:下单
2023-07-06 11:46:39.135 | DEBUG    | lib.create_order1:post:94 - 2023-07-06 11:46:39 请求时的入参: /pay/createOrder?amount=20110&currency=IDR&expectPayCodeType=0&merchantId=100119&orderNo=TestOrderNo_1688615199135&payChannel=6&payerName=test&payerPhone=081382826303&productId=2023&subject=TestSubject&version=1.0&sign=6ce2378172c281cfdcf6051f045bbfc5
2023-07-06 11:46:40.782 | DEBUG    | lib.create_order1:post:98 - 2023-07-06 11:46:40 接口返回值: {'code': '200', 'msg': 'SUCCESS', 'sign': 'c1ba0ecdb8ab9f94241ef1a5964809d7', 'orderNo': 'TestOrderNo_1688615199135', 'tradeNo': '10012023070610464024000019', 'payCode': '23096000000109572', 'payCodeType': '0', 'expireTime': '2023-07-07 03:28:20'}
2023-07-06 11:46:40.784 | DEBUG    | lib.create_order1:post:93 - 2023-07-06 11:46:40 发起post请求:下单
2023-07-06 11:46:40.784 | DEBUG    | lib.create_order1:post:94 - 2023-07-06 11:46:40 请求时的入参: /pay/createOrder?amount=20101&currency=IDR&expectPayCodeType=0&merchantId=100119&orderNo=TestOrderNo_1688615200784&payChannel=6&payerName=test&payerPhone=081382826303&productId=2023&subject=TestSubject&version=1.0&sign=71a3ab9b34b29b230d40bb0fc1d55e21
2023-07-06 11:46:42.464 | DEBUG    | lib.create_order1:post:98 - 2023-07-06 11:46:42 接口返回值: {'code': '200', 'msg': 'SUCCESS', 'sign': 'ed77851e54ea7ccff4b5ca456e21b0dd', 'orderNo': 'TestOrderNo_1688615200784', 'tradeNo': '10012023070610464190900018', 'payCode': '23096000000109573', 'payCodeType': '0', 'expireTime': '2023-07-07 03:28:21'}
2023-07-06 11:46:42.465 | DEBUG    | lib.create_order1:post:93 - 2023-07-06 11:46:42 发起post请求:下单
2023-07-06 11:46:42.466 | DEBUG    | lib.create_order1:post:94 - 2023-07-06 11:46:42 请求时的入参: /pay/createOrder?amount=20110&currency=IDR&expectPayCodeType=0&merchantId=100119&orderNo=TestOrderNo_1688615202465&payChannel=9&payerName=test&payerPhone=081382826303&productId=2023&subject=TestSubject&version=1.0&sign=6c979062bd5616894e519cf21a81702f
2023-07-06 11:46:43.570 | DEBUG    | lib.create_order1:post:98 - 2023-07-06 11:46:43 接口返回值: {'code': '200', 'msg': 'SUCCESS', 'sign': '77d8c4661f52e6cd0a27efed9b84aeb4', 'orderNo': 'TestOrderNo_1688615202465', 'tradeNo': '10012023070610464304800013', 'payCode': '103406000000023244', 'payCodeType': '0', 'expireTime': '2023-07-07 03:28:23'}
2023-07-06 11:46:43.571 | DEBUG    | lib.create_order1:post:93 - 2023-07-06 11:46:43 发起post请求:下单
2023-07-06 11:46:43.572 | DEBUG    | lib.create_order1:post:94 - 2023-07-06 11:46:43 请求时的入参: /pay/createOrder?amount=20101&currency=IDR&expectPayCodeType=0&merchantId=100119&orderNo=TestOrderNo_1688615203571&payChannel=9&payerName=test&payerPhone=081382826303&productId=2023&subject=TestSubject&version=1.0&sign=feb3c2e4b9a7858c39895ddacc91b05c
2023-07-06 11:46:44.663 | DEBUG    | lib.create_order1:post:98 - 2023-07-06 11:46:44 接口返回值: {'code': '200', 'msg': 'SUCCESS', 'sign': 'e1f9405f88bf811c25626d0c2c7af8b0', 'orderNo': 'TestOrderNo_1688615203571', 'tradeNo': '10012023070610464413200014', 'payCode': '103406000000023245', 'payCodeType': '0', 'expireTime': '2023-07-07 03:28:24'}
2023-07-06 11:46:47.670 | DEBUG    | lib.create_order1:post:93 - 2023-07-06 11:46:47 发起post请求:下单
2023-07-06 11:46:47.670 | DEBUG    | lib.create_order1:post:94 - 2023-07-06 11:46:47 请求时的入参: /pay/createOrder?amount=20110&currency=IDR&expectPayCodeType=0&merchantId=100119&orderNo=TestOrderNo_1688615207670&payChannel=15&payerName=test&payerPhone=081382826306&productId=2023&subject=TestSubject&version=1.0&sign=660507626912c35b16a42ae4020e1842
2023-07-06 11:46:49.140 | DEBUG    | lib.create_order1:post:98 - 2023-07-06 11:46:49 接口返回值: {'code': '200', 'msg': 'SUCCESS', 'sign': 'eedf4ef4d4ee4f4e0452c2907f026068', 'orderNo': 'TestOrderNo_1688615207670', 'tradeNo': '10012023070610464880700017', 'payCode': 'http://localhost:8080/walletPay?orderInfo=wU3NFGwK4395KeELxFzSVfIUOLJ8eyjkmh%2BrAesa2lhLJb71i3ysUr7PHy%2B77mwWmVbz4rSppwmB0n0uLLQes%2FgsM3UZ2SS5%2F%2BF1QkhdPpB%2B23AlrxnGmTDOkxq3IS4OaKi%2FM1wf3iGqovSbTHA5wEN4QKbjhAXs3VIQQ0YguXA%3D', 'payCodeType': '1', 'expireTime': '2023-07-06 11:46:48'}
2023-07-06 11:46:49.141 | DEBUG    | lib.create_order1:post:93 - 2023-07-06 11:46:49 发起post请求:下单
2023-07-06 11:46:49.142 | DEBUG    | lib.create_order1:post:94 - 2023-07-06 11:46:49 请求时的入参: /pay/createOrder?amount=20101&currency=IDR&expectPayCodeType=0&merchantId=100119&orderNo=TestOrderNo_1688615209142&payChannel=15&payerName=test&payerPhone=081382826306&productId=2023&subject=TestSubject&version=1.0&sign=f20e865e9fddaee689844c6326b5e5c9
2023-07-06 11:46:51.536 | DEBUG    | lib.create_order1:post:98 - 2023-07-06 11:46:51 接口返回值: {'code': '200', 'msg': 'SUCCESS', 'sign': 'e607a25c16378d51ad649168d11521fd', 'orderNo': 'TestOrderNo_1688615209142', 'tradeNo': '10012023070610465026800017', 'payCode': 'http://localhost:8080/walletPay?orderInfo=wU3NFGwK4395KeELxFzSVfIUOLJ8eyjkmh%2BrAesa2lhLJb71i3ysUr7PHy%2B77mwWcyv0Cg2LiCK%2FhLTpD0WjEfgsM3UZ2SS5%2F%2BF1QkhdPpAKijyC3MWV0X%2FFwazu0t8ztNGL0hs1d7dGt%2Flzhy9WXUN4QKbjhAXs3VIQQ0YguXA%3D', 'payCodeType': '1', 'expireTime': '2023-07-06 11:46:50'}
2023-07-06 11:46:51.537 | DEBUG    | lib.create_order1:post:93 - 2023-07-06 11:46:51 发起post请求:下单
2023-07-06 11:46:51.538 | DEBUG    | lib.create_order1:post:94 - 2023-07-06 11:46:51 请求时的入参: /pay/createOrder?amount=20110&currency=IDR&expectPayCodeType=0&merchantId=100119&orderNo=TestOrderNo_1688615211538&payChannel=16&payerName=test&payerPhone=081382826306&productId=2023&subject=TestSubject&version=1.0&sign=4d105002eb54e5052d6672bf19ede687
2023-07-06 11:46:53.639 | DEBUG    | lib.create_order1:post:98 - 2023-07-06 11:46:53 接口返回值: {'code': '200', 'msg': 'SUCCESS', 'sign': 'badd21c1cd3ceba370b2e9d1d7f145df', 'orderNo': 'TestOrderNo_1688615211538', 'tradeNo': '10012023070610465263200012', 'payCode': '00020101021226610016ID.CO.SHOPEE.WWW01189360091800203073100208203073100303UME51440014ID.CO.QRIS.WWW0215ID20221533959930303UME520453995303360540820110.005802ID5903MPI6015KOTA JAKARTA SE61051279062220518pay_TOJ1e6rzjp6082630464A0', 'payCodeType': '1', 'expireTime': '2023-07-06 11:46:52'}
2023-07-06 11:46:53.639 | DEBUG    | lib.create_order1:post:93 - 2023-07-06 11:46:53 发起post请求:下单
2023-07-06 11:46:53.639 | DEBUG    | lib.create_order1:post:94 - 2023-07-06 11:46:53 请求时的入参: /pay/createOrder?amount=20101&currency=IDR&expectPayCodeType=0&merchantId=100119&orderNo=TestOrderNo_1688615213640&payChannel=16&payerName=test&payerPhone=081382826306&productId=2023&subject=TestSubject&version=1.0&sign=ab7690f31e5e32fa7ada384cce5bd8b2
2023-07-06 11:46:55.646 | DEBUG    | lib.create_order1:post:98 - 2023-07-06 11:46:55 接口返回值: {'code': '200', 'msg': 'SUCCESS', 'sign': '3fddd7ec80fc3bda8c8582821721d827', 'orderNo': 'TestOrderNo_1688615213640', 'tradeNo': '10012023070610465472100011', 'payCode': '00020101021226610016ID.CO.SHOPEE.WWW01189360091800203073100208203073100303UME51440014ID.CO.QRIS.WWW0215ID20221533959930303UME520453995303360540820101.005802ID5903MPI6015KOTA JAKARTA SE61051279062220518pay_zuIeBYGXdT55756304F644', 'payCodeType': '1', 'expireTime': '2023-07-06 11:46:54'}
2023-07-06 11:46:55.647 | DEBUG    | lib.create_order1:post:93 - 2023-07-06 11:46:55 发起post请求:下单
2023-07-06 11:46:55.647 | DEBUG    | lib.create_order1:post:94 - 2023-07-06 11:46:55 请求时的入参: /pay/createOrder?amount=20110&currency=IDR&expectPayCodeType=0&merchantId=100119&orderNo=TestOrderNo_1688615215647&payChannel=17&payerName=test&payerPhone=081382826306&productId=2023&subject=TestSubject&version=1.0&sign=398f1db74caba93fb9ae108cc926064c
2023-07-06 11:46:57.085 | DEBUG    | lib.create_order1:post:98 - 2023-07-06 11:46:57 接口返回值: {'code': '200', 'msg': 'SUCCESS', 'sign': '43f5ec370cababf2bf9b8272887319bd', 'orderNo': 'TestOrderNo_1688615215647', 'tradeNo': '10012023070610465675700013', 'payCode': 'http://localhost:8080/walletPay?orderInfo=wU3NFGwK4395KeELxFzSVTUwcaG%2Bpo%2Bezf9lkuKejGOApdF9TCREyby0UpXCX60fZ%2BztKMHL13Srv8dTd4QliNQhRXilY%2FyU0qLqx0xencxTg2bTPtOyaltJRulrxe4TwHswRzCzGnigmCltWXqa0eLeRcV22MupjeSurtfUPSE%3D', 'payCodeType': '1', 'expireTime': '2023-07-06 11:46:56'}
2023-07-06 11:46:57.086 | DEBUG    | lib.create_order1:post:93 - 2023-07-06 11:46:57 发起post请求:下单
2023-07-06 11:46:57.086 | DEBUG    | lib.create_order1:post:94 - 2023-07-06 11:46:57 请求时的入参: /pay/createOrder?amount=20101&currency=IDR&expectPayCodeType=0&merchantId=100119&orderNo=TestOrderNo_1688615217087&payChannel=17&payerName=test&payerPhone=081382826306&productId=2023&subject=TestSubject&version=1.0&sign=df05acf10c4b3a08af25ff17b7d9cc64
2023-07-06 11:46:58.522 | DEBUG    | lib.create_order1:post:98 - 2023-07-06 11:46:58 接口返回值: {'code': '200', 'msg': 'SUCCESS', 'sign': '96a08bd23d78cf60c235cc1c5094f598', 'orderNo': 'TestOrderNo_1688615217087', 'tradeNo': '10012023070610465819100013', 'payCode': 'http://localhost:8080/walletPay?orderInfo=wU3NFGwK4395KeELxFzSVTUwcaG%2Bpo%2Bezf9lkuKejGOApdF9TCREyby0UpXCX60fzliGdMECnkTE2F%2Fbv1q5cNQhRXilY%2FyU0qLqx0xencwBQ7WklXTgks9YYE5tfCon5MfhvdwlWc7Q8FjmOAEWYeLeRcV22MupjeSurtfUPSE%3D', 'payCodeType': '1', 'expireTime': '2023-07-06 11:46:58'}
2023-07-06 11:46:58.523 | DEBUG    | lib.create_order1:post:93 - 2023-07-06 11:46:58 发起post请求:下单
2023-07-06 11:46:58.524 | DEBUG    | lib.create_order1:post:94 - 2023-07-06 11:46:58 请求时的入参: /pay/createOrder?amount=20110&currency=IDR&expectPayCodeType=0&merchantId=100119&orderNo=TestOrderNo_1688615218524&payChannel=18&payerName=test&payerPhone=081382826306&productId=2023&subject=TestSubject&version=1.0&sign=b4e254ba6f396337c109446d71462515
2023-07-06 11:46:59.423 | DEBUG    | lib.create_order1:post:98 - 2023-07-06 11:46:59 接口返回值: {'code': '88011', 'msg': 'this channel is not supported yet', 'sign': 'e5ecde88e5c47f010ffd43aa30f7c64e'}
2023-07-06 11:46:59.423 | DEBUG    | lib.create_order1:post:93 - 2023-07-06 11:46:59 发起post请求:下单
2023-07-06 11:46:59.424 | DEBUG    | lib.create_order1:post:94 - 2023-07-06 11:46:59 请求时的入参: /pay/createOrder?amount=20101&currency=IDR&expectPayCodeType=0&merchantId=100119&orderNo=TestOrderNo_1688615219423&payChannel=18&payerName=test&payerPhone=081382826306&productId=2023&subject=TestSubject&version=1.0&sign=71a3fc9637112988686e939f4d738549
2023-07-06 11:47:00.839 | DEBUG    | lib.create_order1:post:98 - 2023-07-06 11:47:00 接口返回值: {'code': '88011', 'msg': 'this channel is not supported yet', 'sign': 'e5ecde88e5c47f010ffd43aa30f7c64e'}
2023-07-06 11:47:00.840 | DEBUG    | lib.create_order1:post:93 - 2023-07-06 11:47:00 发起post请求:下单
2023-07-06 11:47:00.840 | DEBUG    | lib.create_order1:post:94 - 2023-07-06 11:47:00 请求时的入参: /pay/createOrder?amount=20110&currency=IDR&expectPayCodeType=0&merchantId=100119&orderNo=TestOrderNo_1688615220841&payChannel=19&payerName=test&payerPhone=081382826306&productId=2023&subject=TestSubject&version=1.0&sign=e01d60f3b29837cda534b0bdf94a0b5a
2023-07-06 11:47:02.302 | DEBUG    | lib.create_order1:post:98 - 2023-07-06 11:47:02 接口返回值: {'code': '200', 'msg': 'SUCCESS', 'sign': '2071ccef2c9e7944a6da629e2caa1224', 'orderNo': 'TestOrderNo_1688615220841', 'tradeNo': '10012023070610470139100016', 'payCode': 'https://wsa.wallet.airpay.co.id/universal-link/wallet/pay?deep_and_deferred=1&token=Um80ZWF4Yk9xZmROEZJQaqplPvBGW9AdOxOqjdCKLnfBjwynQm49UXSy08YWww', 'payCodeType': '1', 'expireTime': '2023-07-06 11:47:01'}
2023-07-06 11:47:02.303 | DEBUG    | lib.create_order1:post:93 - 2023-07-06 11:47:02 发起post请求:下单
2023-07-06 11:47:02.303 | DEBUG    | lib.create_order1:post:94 - 2023-07-06 11:47:02 请求时的入参: /pay/createOrder?amount=20101&currency=IDR&expectPayCodeType=0&merchantId=100119&orderNo=TestOrderNo_1688615222303&payChannel=19&payerName=test&payerPhone=081382826306&productId=2023&subject=TestSubject&version=1.0&sign=354d79bc7a7d1cb4e7db3479fd5b3e11
2023-07-06 11:47:04.308 | DEBUG    | lib.create_order1:post:98 - 2023-07-06 11:47:04 接口返回值: {'code': '200', 'msg': 'SUCCESS', 'sign': '6ba9d169a23af7160d8d489f294e4d6f', 'orderNo': 'TestOrderNo_1688615222303', 'tradeNo': '10012023070610470344500018', 'payCode': 'https://wsa.wallet.airpay.co.id/universal-link/wallet/pay?deep_and_deferred=1&token=Um80ZWF4Yk9xZmROEZJQaq5iIYZsbIYhRDKviNeIJGVN2K0exsUeVTGf6uM91w', 'payCodeType': '1', 'expireTime': '2023-07-06 11:47:03'}
2023-07-06 11:47:04.308 | DEBUG    | lib.create_order1:post:93 - 2023-07-06 11:47:04 发起post请求:下单
2023-07-06 11:47:04.309 | DEBUG    | lib.create_order1:post:94 - 2023-07-06 11:47:04 请求时的入参: /pay/createOrder?amount=20110&currency=IDR&expectPayCodeType=0&merchantId=100119&orderNo=TestOrderNo_1688615224308&payChannel=3&payerName=test&payerPhone=081382826306&productId=2023&subject=TestSubject&version=1.0&sign=989aa2bc479e1c16e8bd892408ac2a6b
2023-07-06 11:47:06.049 | DEBUG    | lib.create_order1:post:98 - 2023-07-06 11:47:06 接口返回值: {'code': '88005', 'msg': 'channel process error, please try again', 'sign': 'dbe789f3423e001fc81b1d8bfb320386'}
2023-07-06 11:47:06.050 | DEBUG    | lib.create_order1:post:93 - 2023-07-06 11:47:06 发起post请求:下单
2023-07-06 11:47:06.050 | DEBUG    | lib.create_order1:post:94 - 2023-07-06 11:47:06 请求时的入参: /pay/createOrder?amount=20101&currency=IDR&expectPayCodeType=0&merchantId=100119&orderNo=TestOrderNo_1688615226051&payChannel=3&payerName=test&payerPhone=081382826306&productId=2023&subject=TestSubject&version=1.0&sign=21250e324918658e6fa6aae4ea76d1a9
2023-07-06 11:47:07.760 | DEBUG    | lib.create_order1:post:98 - 2023-07-06 11:47:07 接口返回值: {'code': '88005', 'msg': 'channel process error, please try again', 'sign': 'dbe789f3423e001fc81b1d8bfb320386'}
2023-07-06 11:47:07.761 | DEBUG    | lib.create_order1:post:93 - 2023-07-06 11:47:07 发起post请求:下单
2023-07-06 11:47:07.761 | DEBUG    | lib.create_order1:post:94 - 2023-07-06 11:47:07 请求时的入参: /pay/createOrder?amount=20110&currency=IDR&expectPayCodeType=0&merchantId=100119&orderNo=TestOrderNo_1688615227762&payChannel=4&payerName=test&payerPhone=081382826306&productId=2023&subject=TestSubject&version=1.0&sign=bb49837f377c7c5e22e4245f45f0848f
2023-07-06 11:47:10.200 | DEBUG    | lib.create_order1:post:98 - 2023-07-06 11:47:10 接口返回值: {'code': '200', 'msg': 'SUCCESS', 'sign': 'b56e6805feb3a9d3e6cd3af65e7c3f1d', 'orderNo': 'TestOrderNo_1688615227762', 'tradeNo': '10012023070610470933400018', 'payCode': '9888739962592646', 'payCodeType': '0', 'expireTime': '2023-07-07 03:28:49'}
2023-07-06 11:47:10.201 | DEBUG    | lib.create_order1:post:93 - 2023-07-06 11:47:10 发起post请求:下单
2023-07-06 11:47:10.201 | DEBUG    | lib.create_order1:post:94 - 2023-07-06 11:47:10 请求时的入参: /pay/createOrder?amount=20101&currency=IDR&expectPayCodeType=0&merchantId=100119&orderNo=TestOrderNo_1688615230201&payChannel=4&payerName=test&payerPhone=081382826306&productId=2023&subject=TestSubject&version=1.0&sign=a70d61a541eb61f66af49136f01ebafd
2023-07-06 11:47:12.141 | DEBUG    | lib.create_order1:post:98 - 2023-07-06 11:47:12 接口返回值: {'code': '200', 'msg': 'SUCCESS', 'sign': 'ea2537b87ea2689a850b761732a4179f', 'orderNo': 'TestOrderNo_1688615230201', 'tradeNo': '10012023070610471131700019', 'payCode': '9888739962592647', 'payCodeType': '0', 'expireTime': '2023-07-07 03:28:51'}
2023-07-06 11:47:12.142 | DEBUG    | lib.create_order1:post:93 - 2023-07-06 11:47:12 发起post请求:下单
2023-07-06 11:47:12.142 | DEBUG    | lib.create_order1:post:94 - 2023-07-06 11:47:12 请求时的入参: /pay/createOrder?amount=20110&currency=IDR&expectPayCodeType=0&merchantId=100119&orderNo=TestOrderNo_1688615232143&payChannel=5&payerName=test&payerPhone=081382826306&productId=2023&subject=TestSubject&version=1.0&sign=1b3b8153ba34e8a719f2fed59c246cc2
2023-07-06 11:47:13.736 | DEBUG    | lib.create_order1:post:98 - 2023-07-06 11:47:13 接口返回值: {'code': '200', 'msg': 'SUCCESS', 'sign': '69ed454209f34c9c142aa809d1ffb2f1', 'orderNo': 'TestOrderNo_1688615232143', 'tradeNo': '10012023070610471327000018', 'payCode': '1457181124096221', 'payCodeType': '0', 'expireTime': '2023-07-07 03:28:53'}
2023-07-06 11:47:13.738 | DEBUG    | lib.create_order1:post:93 - 2023-07-06 11:47:13 发起post请求:下单
2023-07-06 11:47:13.739 | DEBUG    | lib.create_order1:post:94 - 2023-07-06 11:47:13 请求时的入参: /pay/createOrder?amount=20101&currency=IDR&expectPayCodeType=0&merchantId=100119&orderNo=TestOrderNo_1688615233739&payChannel=5&payerName=test&payerPhone=081382826306&productId=2023&subject=TestSubject&version=1.0&sign=6516fe46283c643280125779cf58b11b
2023-07-06 11:47:14.791 | DEBUG    | lib.create_order1:post:98 - 2023-07-06 11:47:14 接口返回值: {'code': '200', 'msg': 'SUCCESS', 'sign': 'd4619b92596069b49db3a8e65d25e4d3', 'orderNo': 'TestOrderNo_1688615233739', 'tradeNo': '10012023070610471432000010', 'payCode': '1457171594484672', 'payCodeType': '0', 'expireTime': '2023-07-07 03:28:54'}
2023-07-06 11:47:14.792 | DEBUG    | lib.create_order1:post:93 - 2023-07-06 11:47:14 发起post请求:下单
2023-07-06 11:47:14.793 | DEBUG    | lib.create_order1:post:94 - 2023-07-06 11:47:14 请求时的入参: /pay/createOrder?amount=20110&currency=IDR&expectPayCodeType=0&merchantId=100119&orderNo=TestOrderNo_1688615234793&payChannel=6&payerName=test&payerPhone=081382826306&productId=2023&subject=TestSubject&version=1.0&sign=c36bf38c5d96718f684f8f1381365f55
2023-07-06 11:47:16.103 | DEBUG    | lib.create_order1:post:98 - 2023-07-06 11:47:16 接口返回值: {'code': '200', 'msg': 'SUCCESS', 'sign': '448b07ab479acaaa89617c1367cd872e', 'orderNo': 'TestOrderNo_1688615234793', 'tradeNo': '10012023070610471541200014', 'payCode': '23096000002461272', 'payCodeType': '0', 'expireTime': '2023-07-07 03:28:55'}
2023-07-06 11:47:16.104 | DEBUG    | lib.create_order1:post:93 - 2023-07-06 11:47:16 发起post请求:下单
2023-07-06 11:47:16.104 | DEBUG    | lib.create_order1:post:94 - 2023-07-06 11:47:16 请求时的入参: /pay/createOrder?amount=20101&currency=IDR&expectPayCodeType=0&merchantId=100119&orderNo=TestOrderNo_1688615236104&payChannel=6&payerName=test&payerPhone=081382826306&productId=2023&subject=TestSubject&version=1.0&sign=19b216eeb0f03a720da9a5005e65ccb1
2023-07-06 11:47:17.382 | DEBUG    | lib.create_order1:post:98 - 2023-07-06 11:47:17 接口返回值: {'code': '200', 'msg': 'SUCCESS', 'sign': '00462c133da6b3e4a3fec0fd57095eda', 'orderNo': 'TestOrderNo_1688615236104', 'tradeNo': '10012023070610471672100017', 'payCode': '23096000002461273', 'payCodeType': '0', 'expireTime': '2023-07-07 03:28:56'}
2023-07-06 11:47:17.383 | DEBUG    | lib.create_order1:post:93 - 2023-07-06 11:47:17 发起post请求:下单
2023-07-06 11:47:17.384 | DEBUG    | lib.create_order1:post:94 - 2023-07-06 11:47:17 请求时的入参: /pay/createOrder?amount=20110&currency=IDR&expectPayCodeType=0&merchantId=100119&orderNo=TestOrderNo_1688615237384&payChannel=9&payerName=test&payerPhone=081382826306&productId=2023&subject=TestSubject&version=1.0&sign=6be1e6b434b62009361ada7c69c4f502
2023-07-06 11:47:19.247 | DEBUG    | lib.create_order1:post:98 - 2023-07-06 11:47:19 接口返回值: {'code': '200', 'msg': 'SUCCESS', 'sign': '71f2d2dc5e85ecf8930dc6ffd7997aab', 'orderNo': 'TestOrderNo_1688615237384', 'tradeNo': '10012023070610471854900010', 'payCode': '135036000008315723', 'payCodeType': '0', 'expireTime': '2023-07-07 03:28:58'}
2023-07-06 11:47:19.248 | DEBUG    | lib.create_order1:post:93 - 2023-07-06 11:47:19 发起post请求:下单
2023-07-06 11:47:19.248 | DEBUG    | lib.create_order1:post:94 - 2023-07-06 11:47:19 请求时的入参: /pay/createOrder?amount=20101&currency=IDR&expectPayCodeType=0&merchantId=100119&orderNo=TestOrderNo_1688615239248&payChannel=9&payerName=test&payerPhone=081382826306&productId=2023&subject=TestSubject&version=1.0&sign=98c028da5ec6b16269fad97fb61ce09e
2023-07-06 11:47:20.459 | DEBUG    | lib.create_order1:post:98 - 2023-07-06 11:47:20 接口返回值: {'code': '200', 'msg': 'SUCCESS', 'sign': '486be80cfd2c9f1c8afde18ea0b08da0', 'orderNo': 'TestOrderNo_1688615239248', 'tradeNo': '10012023070610471979900010', 'payCode': '135036000008315724', 'payCodeType': '0', 'expireTime': '2023-07-07 03:28:59'}
2023-07-06 11:47:23.466 | DEBUG    | lib.create_order1:post:93 - 2023-07-06 11:47:23 发起post请求:下单
2023-07-06 11:47:23.466 | DEBUG    | lib.create_order1:post:94 - 2023-07-06 11:47:23 请求时的入参: /pay/createOrder?amount=20110&currency=IDR&expectPayCodeType=0&merchantId=100119&orderNo=TestOrderNo_1688615243466&payChannel=17&payerName=test&payerPhone=081382826304&productId=2023&subject=TestSubject&version=1.0&sign=57b645b54756fdbc049859b0bda97bad
2023-07-06 11:47:24.338 | DEBUG    | lib.create_order1:post:98 - 2023-07-06 11:47:24 接口返回值: {'code': '200', 'msg': 'SUCCESS', 'sign': '513c69d88e8315712b484a67687b1228', 'orderNo': 'TestOrderNo_1688615243466', 'tradeNo': '10012023070610472402200010', 'payCode': 'http://localhost:8080/walletPay?orderInfo=wU3NFGwK4395KeELxFzSVTUwcaG%2Bpo%2Bezf9lkuKejGOApdF9TCREyby0UpXCX60fSexUxKBmD%2BRir0fb20yk%2B9QhRXilY%2FyU0qLqx0xencyQ0RTMgZMdHVMWC2ZPxx%2FowHswRzCzGnigmCltWXqa0eLeRcV22MupjeSurtfUPSE%3D', 'payCodeType': '1', 'expireTime': '2023-07-06 11:47:24'}
2023-07-06 11:47:24.339 | DEBUG    | lib.create_order1:post:93 - 2023-07-06 11:47:24 发起post请求:下单
2023-07-06 11:47:24.339 | DEBUG    | lib.create_order1:post:94 - 2023-07-06 11:47:24 请求时的入参: /pay/createOrder?amount=20101&currency=IDR&expectPayCodeType=0&merchantId=100119&orderNo=TestOrderNo_1688615244340&payChannel=17&payerName=test&payerPhone=081382826304&productId=2023&subject=TestSubject&version=1.0&sign=3569d73fa94416e8593d0f0221b304af
2023-07-06 11:47:25.247 | DEBUG    | lib.create_order1:post:98 - 2023-07-06 11:47:25 接口返回值: {'code': '200', 'msg': 'SUCCESS', 'sign': '7f52adc1a41eba5ab5176fe7303ace0e', 'orderNo': 'TestOrderNo_1688615244340', 'tradeNo': '10012023070610472491400018', 'payCode': 'http://localhost:8080/walletPay?orderInfo=wU3NFGwK4395KeELxFzSVTUwcaG%2Bpo%2Bezf9lkuKejGOApdF9TCREyby0UpXCX60ftEfkh9%2FddmWK8uVR2kpnYtQhRXilY%2FyU0qLqx0xencyTsBfDyfX%2FW48wjBMjDFj85MfhvdwlWc7Q8FjmOAEWYeLeRcV22MupjeSurtfUPSE%3D', 'payCodeType': '1', 'expireTime': '2023-07-06 11:47:24'}
2023-07-06 11:47:25.248 | DEBUG    | lib.create_order1:post:93 - 2023-07-06 11:47:25 发起post请求:下单
2023-07-06 11:47:25.248 | DEBUG    | lib.create_order1:post:94 - 2023-07-06 11:47:25 请求时的入参: /pay/createOrder?amount=20110&currency=IDR&expectPayCodeType=0&merchantId=100119&orderNo=TestOrderNo_1688615245248&payChannel=18&payerName=test&payerPhone=081382826304&productId=2023&subject=TestSubject&version=1.0&sign=40c64a511697e34a16a385399f1b3355
2023-07-06 11:47:27.245 | DEBUG    | lib.create_order1:post:98 - 2023-07-06 11:47:27 接口返回值: {'code': '200', 'msg': 'SUCCESS', 'sign': '12b3fb8cd9298188ad6487408ee68eff', 'orderNo': 'TestOrderNo_1688615245248', 'tradeNo': '10012023070610472641800018', 'payCode': 'http://debit-service/pws/100003/0830000010100000/d656cbf6bb08d96a15b0803ca57ddfb665c5a79e?trx_id=3444230224671098&merchant_id=34442&bill_no=10012023070610472641800018', 'payCodeType': '1', 'expireTime': '2023-07-06 11:47:26'}
2023-07-06 11:47:27.245 | DEBUG    | lib.create_order1:post:93 - 2023-07-06 11:47:27 发起post请求:下单
2023-07-06 11:47:27.246 | DEBUG    | lib.create_order1:post:94 - 2023-07-06 11:47:27 请求时的入参: /pay/createOrder?amount=20101&currency=IDR&expectPayCodeType=0&merchantId=100119&orderNo=TestOrderNo_1688615247246&payChannel=18&payerName=test&payerPhone=081382826304&productId=2023&subject=TestSubject&version=1.0&sign=0e1c3a9edf5e4be30a53782f5741d6f0
2023-07-06 11:47:29.180 | DEBUG    | lib.create_order1:post:98 - 2023-07-06 11:47:29 接口返回值: {'code': '200', 'msg': 'SUCCESS', 'sign': 'e9c43dbfc10bd04a94602685260c7876', 'orderNo': 'TestOrderNo_1688615247246', 'tradeNo': '10012023070610472839500016', 'payCode': 'http://debit-service/pws/100003/0830000010100000/56179fd323279acae87f8854a6ea13bdecef89f1?trx_id=3444230224864380&merchant_id=34442&bill_no=10012023070610472839500016', 'payCodeType': '1', 'expireTime': '2023-07-06 11:47:28'}
2023-07-06 11:47:29.181 | DEBUG    | lib.create_order1:post:93 - 2023-07-06 11:47:29 发起post请求:下单
2023-07-06 11:47:29.181 | DEBUG    | lib.create_order1:post:94 - 2023-07-06 11:47:29 请求时的入参: /pay/createOrder?amount=20110&currency=IDR&expectPayCodeType=0&merchantId=100119&orderNo=TestOrderNo_1688615249181&payChannel=18&payerName=test&payerPhone=081382826304&productId=2023&subject=TestSubject&version=1.0&sign=d219be3b501f3f7a1de1a5cb8e6bd362
2023-07-06 11:47:30.487 | DEBUG    | lib.create_order1:post:98 - 2023-07-06 11:47:30 接口返回值: {'code': '200', 'msg': 'SUCCESS', 'sign': '446840ddf00237c617119297f77b53b2', 'orderNo': 'TestOrderNo_1688615249181', 'tradeNo': '10012023070610472974400014', 'payCode': 'http://debit-service/pws/100003/0830000010100000/aa8b078a297b769a7c0544e03324a15bc6946c67?trx_id=3444230224999091&merchant_id=34442&bill_no=10012023070610472974400014', 'payCodeType': '1', 'expireTime': '2023-07-06 11:47:29'}
2023-07-06 11:47:30.488 | DEBUG    | lib.create_order1:post:93 - 2023-07-06 11:47:30 发起post请求:下单
2023-07-06 11:47:30.488 | DEBUG    | lib.create_order1:post:94 - 2023-07-06 11:47:30 请求时的入参: /pay/createOrder?amount=20101&currency=IDR&expectPayCodeType=0&merchantId=100119&orderNo=TestOrderNo_1688615250489&payChannel=18&payerName=test&payerPhone=081382826304&productId=2023&subject=TestSubject&version=1.0&sign=f95406231ff85f904f99a541de4ae4ac
2023-07-06 11:47:32.352 | DEBUG    | lib.create_order1:post:98 - 2023-07-06 11:47:32 接口返回值: {'code': '200', 'msg': 'SUCCESS', 'sign': 'be15b17eb931b3ea58c377fde88273f0', 'orderNo': 'TestOrderNo_1688615250489', 'tradeNo': '10012023070610473160200010', 'payCode': 'http://debit-service/pws/100003/0830000010100000/0c985beb21a024f2f9abfa8111ffcca249965789?trx_id=3444230225185023&merchant_id=34442&bill_no=10012023070610473160200010', 'payCodeType': '1', 'expireTime': '2023-07-06 11:47:31'}
2023-07-06 11:47:32.352 | DEBUG    | lib.create_order1:post:93 - 2023-07-06 11:47:32 发起post请求:下单
2023-07-06 11:47:32.352 | DEBUG    | lib.create_order1:post:94 - 2023-07-06 11:47:32 请求时的入参: /pay/createOrder?amount=20110&currency=IDR&expectPayCodeType=0&merchantId=100119&orderNo=TestOrderNo_1688615252353&payChannel=18&payerName=test&payerPhone=081382826304&productId=2023&subject=TestSubject&version=1.0&sign=8e94bd8197f7e32ccfb4bef460639055
2023-07-06 11:47:33.651 | DEBUG    | lib.create_order1:post:98 - 2023-07-06 11:47:33 接口返回值: {'code': '200', 'msg': 'SUCCESS', 'sign': 'f0829667f9f8457321d759fe26908a2e', 'orderNo': 'TestOrderNo_1688615252353', 'tradeNo': '10012023070610473291600013', 'payCode': 'http://debit-service/pws/100003/0830000010100000/ef4b052d18f868c3f2f94904ef2e3fb09ac34721?trx_id=3444230225315924&merchant_id=34442&bill_no=10012023070610473291600013', 'payCodeType': '1', 'expireTime': '2023-07-06 11:47:32'}
2023-07-06 11:47:33.653 | DEBUG    | lib.create_order1:post:93 - 2023-07-06 11:47:33 发起post请求:下单
2023-07-06 11:47:33.653 | DEBUG    | lib.create_order1:post:94 - 2023-07-06 11:47:33 请求时的入参: /pay/createOrder?amount=20101&currency=IDR&expectPayCodeType=0&merchantId=100119&orderNo=TestOrderNo_1688615253654&payChannel=18&payerName=test&payerPhone=081382826304&productId=2023&subject=TestSubject&version=1.0&sign=d611167ba2193ebe71ad2ee78a250938
2023-07-06 11:47:34.997 | DEBUG    | lib.create_order1:post:98 - 2023-07-06 11:47:34 接口返回值: {'code': '200', 'msg': 'SUCCESS', 'sign': '01673b94bcec88df67f02e08df4db449', 'orderNo': 'TestOrderNo_1688615253654', 'tradeNo': '10012023070610473425200011', 'payCode': 'http://debit-service/pws/100003/0830000010100000/4d730310b9fbd5f7cef443ad20aeeb5660c1ae7f?trx_id=3444230225449685&merchant_id=34442&bill_no=10012023070610473425200011', 'payCodeType': '1', 'expireTime': '2023-07-06 11:47:34'}
2023-07-06 11:47:34.998 | DEBUG    | lib.create_order1:post:93 - 2023-07-06 11:47:34 发起post请求:下单
2023-07-06 11:47:34.998 | DEBUG    | lib.create_order1:post:94 - 2023-07-06 11:47:34 请求时的入参: /pay/createOrder?amount=20110&currency=IDR&expectPayCodeType=0&merchantId=100119&orderNo=TestOrderNo_1688615254999&payChannel=38&payerName=test&payerPhone=081382826304&productId=2023&subject=TestSubject&version=1.0&sign=a93c0729f4eedae4b070066381663110
2023-07-06 11:47:36.432 | DEBUG    | lib.create_order1:post:98 - 2023-07-06 11:47:36 接口返回值: {'code': '88011', 'msg': 'this channel is not supported yet', 'sign': 'e5ecde88e5c47f010ffd43aa30f7c64e'}
2023-07-06 11:47:36.434 | DEBUG    | lib.create_order1:post:93 - 2023-07-06 11:47:36 发起post请求:下单
2023-07-06 11:47:36.435 | DEBUG    | lib.create_order1:post:94 - 2023-07-06 11:47:36 请求时的入参: /pay/createOrder?amount=20101&currency=IDR&expectPayCodeType=0&merchantId=100119&orderNo=TestOrderNo_1688615256433&payChannel=38&payerName=test&payerPhone=081382826304&productId=2023&subject=TestSubject&version=1.0&sign=7362711870bd69c79f97e8ae5c00b917
2023-07-06 11:47:37.290 | DEBUG    | lib.create_order1:post:98 - 2023-07-06 11:47:37 接口返回值: {'code': '88011', 'msg': 'this channel is not supported yet', 'sign': 'e5ecde88e5c47f010ffd43aa30f7c64e'}
2023-07-06 11:47:37.292 | DEBUG    | lib.create_order1:post:93 - 2023-07-06 11:47:37 发起post请求:下单
2023-07-06 11:47:37.292 | DEBUG    | lib.create_order1:post:94 - 2023-07-06 11:47:37 请求时的入参: /pay/createOrder?amount=20110&currency=IDR&expectPayCodeType=0&merchantId=100119&orderNo=TestOrderNo_1688615257292&payChannel=38&payerName=test&payerPhone=081382826304&productId=2023&subject=TestSubject&version=1.0&sign=948015d660e88cddd6035082233714db
2023-07-06 11:47:38.698 | DEBUG    | lib.create_order1:post:98 - 2023-07-06 11:47:38 接口返回值: {'code': '88011', 'msg': 'this channel is not supported yet', 'sign': 'e5ecde88e5c47f010ffd43aa30f7c64e'}
2023-07-06 11:47:38.699 | DEBUG    | lib.create_order1:post:93 - 2023-07-06 11:47:38 发起post请求:下单
2023-07-06 11:47:38.700 | DEBUG    | lib.create_order1:post:94 - 2023-07-06 11:47:38 请求时的入参: /pay/createOrder?amount=20101&currency=IDR&expectPayCodeType=0&merchantId=100119&orderNo=TestOrderNo_1688615258700&payChannel=38&payerName=test&payerPhone=081382826304&productId=2023&subject=TestSubject&version=1.0&sign=36ede2e67acdad9d872b3c2aed02b646
2023-07-06 11:47:39.864 | DEBUG    | lib.create_order1:post:98 - 2023-07-06 11:47:39 接口返回值: {'code': '88011', 'msg': 'this channel is not supported yet', 'sign': 'e5ecde88e5c47f010ffd43aa30f7c64e'}
2023-07-06 11:47:42.874 | DEBUG    | lib.create_order1:post:93 - 2023-07-06 11:47:42 发起post请求:下单
2023-07-06 11:47:42.874 | DEBUG    | lib.create_order1:post:94 - 2023-07-06 11:47:42 请求时的入参: /pay/createOrder?amount=20110&currency=IDR&expectPayCodeType=0&merchantId=100119&orderNo=TestOrderNo_1688615262874&payChannel=15&payerName=test&payerPhone=081382826301&productId=2023&subject=TestSubject&version=1.0&sign=45c2e39868ee2229b9bf066edec1f515
2023-07-06 11:47:43.875 | DEBUG    | lib.create_order1:post:98 - 2023-07-06 11:47:43 接口返回值: {'code': '200', 'msg': 'SUCCESS', 'sign': 'aa3d772e2ad2f724c2f4bae35c37e85e', 'orderNo': 'TestOrderNo_1688615262874', 'tradeNo': '10012023070610474351900012', 'payCode': 'http://localhost:8080/walletPay?orderInfo=wU3NFGwK4395KeELxFzSVfIUOLJ8eyjkmh%2BrAesa2lhLJb71i3ysUr7PHy%2B77mwWgh9nbXkac4qMvr25fLaPdvgsM3UZ2SS5%2F%2BF1QkhdPpAblv5H18jpr4i32mNlOyYqaKi%2FM1wf3iGqovSbTHA5wEN4QKbjhAXs3VIQQ0YguXA%3D', 'payCodeType': '1', 'expireTime': '2023-07-06 11:47:43'}
2023-07-06 11:47:43.877 | DEBUG    | lib.create_order1:post:93 - 2023-07-06 11:47:43 发起post请求:下单
2023-07-06 11:47:43.877 | DEBUG    | lib.create_order1:post:94 - 2023-07-06 11:47:43 请求时的入参: /pay/createOrder?amount=20101&currency=IDR&expectPayCodeType=0&merchantId=100119&orderNo=TestOrderNo_1688615263878&payChannel=15&payerName=test&payerPhone=081382826301&productId=2023&subject=TestSubject&version=1.0&sign=9cb8b7bc6ec484fee8bee3a03c828709
2023-07-06 11:47:44.821 | DEBUG    | lib.create_order1:post:98 - 2023-07-06 11:47:44 接口返回值: {'code': '200', 'msg': 'SUCCESS', 'sign': 'e0408a720c0949f8890a22023463c76a', 'orderNo': 'TestOrderNo_1688615263878', 'tradeNo': '10012023070610474449700010', 'payCode': 'http://localhost:8080/walletPay?orderInfo=wU3NFGwK4395KeELxFzSVfIUOLJ8eyjkmh%2BrAesa2lhLJb71i3ysUr7PHy%2B77mwWw9zIZCRXXYQzbJi9RYZWMvgsM3UZ2SS5%2F%2BF1QkhdPpDss7tSjHt4wyxXwkRUNCBBtNGL0hs1d7dGt%2Flzhy9WXUN4QKbjhAXs3VIQQ0YguXA%3D', 'payCodeType': '1', 'expireTime': '2023-07-06 11:47:44'}
2023-07-06 11:47:44.821 | DEBUG    | lib.create_order1:post:93 - 2023-07-06 11:47:44 发起post请求:下单
2023-07-06 11:47:44.821 | DEBUG    | lib.create_order1:post:94 - 2023-07-06 11:47:44 请求时的入参: /pay/createOrder?amount=20110&currency=IDR&expectPayCodeType=0&merchantId=100119&orderNo=TestOrderNo_1688615264822&payChannel=16&payerName=test&payerPhone=081382826301&productId=2023&subject=TestSubject&version=1.0&sign=a899abde74a7006cdf96e38faae9cee5
2023-07-06 11:47:47.424 | DEBUG    | lib.create_order1:post:98 - 2023-07-06 11:47:47 接口返回值: {'code': '200', 'msg': 'SUCCESS', 'sign': '1c6645697fb8794ca4e284c8eec5ab27', 'orderNo': 'TestOrderNo_1688615264822', 'tradeNo': '10012023070610474593900010', 'payCode': 'some-random-qr-string', 'payCodeType': '1', 'expireTime': '2023-07-06 11:47:45'}
2023-07-06 11:47:47.425 | DEBUG    | lib.create_order1:post:93 - 2023-07-06 11:47:47 发起post请求:下单
2023-07-06 11:47:47.427 | DEBUG    | lib.create_order1:post:94 - 2023-07-06 11:47:47 请求时的入参: /pay/createOrder?amount=20101&currency=IDR&expectPayCodeType=0&merchantId=100119&orderNo=TestOrderNo_1688615267426&payChannel=16&payerName=test&payerPhone=081382826301&productId=2023&subject=TestSubject&version=1.0&sign=c40ee60cddaea090b767cf63c160927c
2023-07-06 11:47:50.754 | DEBUG    | lib.create_order1:post:98 - 2023-07-06 11:47:50 接口返回值: {'code': '200', 'msg': 'SUCCESS', 'sign': '8a38b1e07dea8c37acd977ed492f583d', 'orderNo': 'TestOrderNo_1688615267426', 'tradeNo': '10012023070610474931300014', 'payCode': 'some-random-qr-string', 'payCodeType': '1', 'expireTime': '2023-07-06 11:47:49'}
2023-07-06 11:47:50.755 | DEBUG    | lib.create_order1:post:93 - 2023-07-06 11:47:50 发起post请求:下单
2023-07-06 11:47:50.756 | DEBUG    | lib.create_order1:post:94 - 2023-07-06 11:47:50 请求时的入参: /pay/createOrder?amount=20110&currency=IDR&expectPayCodeType=0&merchantId=100119&orderNo=TestOrderNo_1688615270755&payChannel=17&payerName=test&payerPhone=081382826301&productId=2023&subject=TestSubject&version=1.0&sign=4349e59ec651d50499d0d9cce8fb96e3
2023-07-06 11:47:51.645 | DEBUG    | lib.create_order1:post:98 - 2023-07-06 11:47:51 接口返回值: {'code': '200', 'msg': 'SUCCESS', 'sign': '29a29097a78ae41ab2930634431fa742', 'orderNo': 'TestOrderNo_1688615270755', 'tradeNo': '10012023070610475130900017', 'payCode': 'http://localhost:8080/walletPay?orderInfo=wU3NFGwK4395KeELxFzSVTUwcaG%2Bpo%2Bezf9lkuKejGOApdF9TCREyby0UpXCX60fDZpAtA3adfxSPYuBCVWxcNQhRXilY%2FyU0qLqx0xencyGWH7hHXfav6IFOW6EkfrswHswRzCzGnigmCltWXqa0eLeRcV22MupjeSurtfUPSE%3D', 'payCodeType': '1', 'expireTime': '2023-07-06 11:47:51'}
2023-07-06 11:47:51.646 | DEBUG    | lib.create_order1:post:93 - 2023-07-06 11:47:51 发起post请求:下单
2023-07-06 11:47:51.647 | DEBUG    | lib.create_order1:post:94 - 2023-07-06 11:47:51 请求时的入参: /pay/createOrder?amount=20101&currency=IDR&expectPayCodeType=0&merchantId=100119&orderNo=TestOrderNo_1688615271646&payChannel=17&payerName=test&payerPhone=081382826301&productId=2023&subject=TestSubject&version=1.0&sign=a00aac9bdc898d309200cd6d972726c4
2023-07-06 11:47:54.061 | DEBUG    | lib.create_order1:post:98 - 2023-07-06 11:47:54 接口返回值: {'code': '200', 'msg': 'SUCCESS', 'sign': 'b929bde7b2e1a4b5da3ae027a6133f11', 'orderNo': 'TestOrderNo_1688615271646', 'tradeNo': '10012023070610475373900013', 'payCode': 'http://localhost:8080/walletPay?orderInfo=wU3NFGwK4395KeELxFzSVTUwcaG%2Bpo%2Bezf9lkuKejGOApdF9TCREyby0UpXCX60fP0W7LkD52%2B9J54mwPEG3VNQhRXilY%2FyU0qLqx0xencw3OdrUTZkswyo9jwP7MNw85MfhvdwlWc7Q8FjmOAEWYeLeRcV22MupjeSurtfUPSE%3D', 'payCodeType': '1', 'expireTime': '2023-07-06 11:47:53'}
2023-07-06 11:47:54.062 | DEBUG    | lib.create_order1:post:93 - 2023-07-06 11:47:54 发起post请求:下单
2023-07-06 11:47:54.063 | DEBUG    | lib.create_order1:post:94 - 2023-07-06 11:47:54 请求时的入参: /pay/createOrder?amount=20110&currency=IDR&expectPayCodeType=0&merchantId=100119&orderNo=TestOrderNo_1688615274063&payChannel=18&payerName=test&payerPhone=081382826301&productId=2023&subject=TestSubject&version=1.0&sign=8238783e423e2625f966dc552bfe482e
2023-07-06 11:47:54.961 | DEBUG    | lib.create_order1:post:98 - 2023-07-06 11:47:54 接口返回值: {'code': '200', 'msg': 'SUCCESS', 'sign': '4c85052c7cd728c86e5a780b81e66d6b', 'orderNo': 'TestOrderNo_1688615274063', 'tradeNo': '10012023070610475463900014', 'payCode': 'http://localhost:8080/walletPay?orderInfo=wU3NFGwK4395KeELxFzSVbecmLSURWxf2pZTr%2B9WIveaIZt4wYVOWQRHJfiMKUgTIkzfTAGL5oxI9j4KWAxq6XzNJFQPGDBuom2IXGsSwcNkYk74bOse5V2hzWPH5H4dcyoYHYkiC5eE7AR3ixsHQkhntqftyq19u0t6ClCQRjU%3D', 'payCodeType': '1', 'expireTime': '2023-07-06 11:47:54'}
2023-07-06 11:47:54.961 | DEBUG    | lib.create_order1:post:93 - 2023-07-06 11:47:54 发起post请求:下单
2023-07-06 11:47:54.961 | DEBUG    | lib.create_order1:post:94 - 2023-07-06 11:47:54 请求时的入参: /pay/createOrder?amount=20101&currency=IDR&expectPayCodeType=0&merchantId=100119&orderNo=TestOrderNo_1688615274962&payChannel=18&payerName=test&payerPhone=081382826301&productId=2023&subject=TestSubject&version=1.0&sign=c941540f946b6cf65bfeb87245249d0e
2023-07-06 11:47:56.398 | DEBUG    | lib.create_order1:post:98 - 2023-07-06 11:47:56 接口返回值: {'code': '200', 'msg': 'SUCCESS', 'sign': 'f68ffa8864c04354a1ffee16c7b7ff91', 'orderNo': 'TestOrderNo_1688615274962', 'tradeNo': '10012023070610475606000011', 'payCode': 'http://localhost:8080/walletPay?orderInfo=wU3NFGwK4395KeELxFzSVbecmLSURWxf2pZTr%2B9WIveaIZt4wYVOWQRHJfiMKUgT0tT4VFZAiPYOlZnJ4%2BiPvXzNJFQPGDBuom2IXGsSwcNdeXD5trwsG2zUl%2FLBqBYL9HU2Kw8Gty8zrggvTV0amEhntqftyq19u0t6ClCQRjU%3D', 'payCodeType': '1', 'expireTime': '2023-07-06 11:47:56'}
2023-07-06 11:47:56.400 | DEBUG    | lib.create_order1:post:93 - 2023-07-06 11:47:56 发起post请求:下单
2023-07-06 11:47:56.400 | DEBUG    | lib.create_order1:post:94 - 2023-07-06 11:47:56 请求时的入参: /pay/createOrder?amount=20110&currency=IDR&expectPayCodeType=0&merchantId=100119&orderNo=TestOrderNo_1688615276400&payChannel=19&payerName=test&payerPhone=081382826301&productId=2023&subject=TestSubject&version=1.0&sign=fc466f9988716e51bf3a7227aa966faa
2023-07-06 11:48:00.261 | DEBUG    | lib.create_order1:post:98 - 2023-07-06 11:48:00 接口返回值: {'code': '200', 'msg': 'SUCCESS', 'sign': '67cbfdb49822635b6dff035459cedec9', 'orderNo': 'TestOrderNo_1688615276400', 'tradeNo': '10012023070610475848800012', 'payCode': 'https://ewallet-mock-connector.xendit.co/v1/ewallet_connector/checkouts?token=cij3irqnk8gt2qvvcls0', 'payCodeType': '1', 'expireTime': '2023-07-06 11:47:58'}
2023-07-06 11:48:00.263 | DEBUG    | lib.create_order1:post:93 - 2023-07-06 11:48:00 发起post请求:下单
2023-07-06 11:48:00.263 | DEBUG    | lib.create_order1:post:94 - 2023-07-06 11:48:00 请求时的入参: /pay/createOrder?amount=20101&currency=IDR&expectPayCodeType=0&merchantId=100119&orderNo=TestOrderNo_1688615280263&payChannel=19&payerName=test&payerPhone=081382826301&productId=2023&subject=TestSubject&version=1.0&sign=796f8339a93d479596efb4a0b63204f7
2023-07-06 11:48:02.829 | DEBUG    | lib.create_order1:post:98 - 2023-07-06 11:48:02 接口返回值: {'code': '200', 'msg': 'SUCCESS', 'sign': '9997e0d3422328a1cfbe719de19c633d', 'orderNo': 'TestOrderNo_1688615280263', 'tradeNo': '10012023070610480141200019', 'payCode': 'https://ewallet-mock-connector.xendit.co/v1/ewallet_connector/checkouts?token=cij3isink8gt2qvvclsg', 'payCodeType': '1', 'expireTime': '2023-07-06 11:48:01'}
2023-07-06 11:48:02.830 | DEBUG    | lib.create_order1:post:93 - 2023-07-06 11:48:02 发起post请求:下单
2023-07-06 11:48:02.831 | DEBUG    | lib.create_order1:post:94 - 2023-07-06 11:48:02 请求时的入参: /pay/createOrder?amount=20110&currency=IDR&expectPayCodeType=0&merchantId=100119&orderNo=TestOrderNo_1688615282830&payChannel=12&payerName=test&payerPhone=081382826301&productId=2023&subject=TestSubject&version=1.0&sign=9b2829e5d1a0465f936f175e98c20262
2023-07-06 11:48:04.826 | DEBUG    | lib.create_order1:post:98 - 2023-07-06 11:48:04 接口返回值: {'code': '200', 'msg': 'SUCCESS', 'sign': 'e379169c8e5061df20852ca6a0d512ad', 'orderNo': 'TestOrderNo_1688615282830', 'tradeNo': '10012023070610480392900010', 'payCode': '929374467', 'payCodeType': '0', 'expireTime': '2023-07-07 10:48:03'}
2023-07-06 11:48:04.828 | DEBUG    | lib.create_order1:post:93 - 2023-07-06 11:48:04 发起post请求:下单
2023-07-06 11:48:04.828 | DEBUG    | lib.create_order1:post:94 - 2023-07-06 11:48:04 请求时的入参: /pay/createOrder?amount=20101&currency=IDR&expectPayCodeType=0&merchantId=100119&orderNo=TestOrderNo_1688615284827&payChannel=12&payerName=test&payerPhone=081382826301&productId=2023&subject=TestSubject&version=1.0&sign=8df55b2e6ad94ac24e6e9f7165b7d0ff
2023-07-06 11:48:06.169 | DEBUG    | lib.create_order1:post:98 - 2023-07-06 11:48:06 接口返回值: {'code': '200', 'msg': 'SUCCESS', 'sign': 'c53edfc780fa351c517e1db37419e108', 'orderNo': 'TestOrderNo_1688615284827', 'tradeNo': '10012023070610480542000018', 'payCode': '929472401', 'payCodeType': '0', 'expireTime': '2023-07-07 10:48:05'}
2023-07-06 11:48:06.171 | DEBUG    | lib.create_order1:post:93 - 2023-07-06 11:48:06 发起post请求:下单
2023-07-06 11:48:06.172 | DEBUG    | lib.create_order1:post:94 - 2023-07-06 11:48:06 请求时的入参: /pay/createOrder?amount=20110&currency=IDR&expectPayCodeType=0&merchantId=100119&orderNo=TestOrderNo_1688615286171&payChannel=1&payerName=test&payerPhone=081382826301&productId=2023&subject=TestSubject&version=1.0&sign=9aede1229551b2f6e09dee202825572b
2023-07-06 11:48:08.372 | DEBUG    | lib.create_order1:post:98 - 2023-07-06 11:48:08 接口返回值: {'code': '200', 'msg': 'SUCCESS', 'sign': '6bbc08a861f8f1218596083700cb7448', 'orderNo': 'TestOrderNo_1688615286171', 'tradeNo': '10012023070610480734800019', 'payCode': 'http://localhost:8080/cardPay?orderInfo=wU3NFGwK4395KeELxFzSVftAPWe%2Fawqt6m6eTf%2BxuK4i4n6f5VQCcw%2FN8b6ApVwbi47ymWaPQW0cAZr56gjqK1Hw0V1rZfhyOiDIxFHLLFwRej0TBnywdbiLBkdHbjhI7eXxHZHnC6R32oJWq0Jx7HrlKH7n2TLHTOTrC7j%2F9TU%3D', 'payCodeType': '1', 'expireTime': '2023-07-07 10:48:07'}
2023-07-06 11:48:08.373 | DEBUG    | lib.create_order1:post:93 - 2023-07-06 11:48:08 发起post请求:下单
2023-07-06 11:48:08.374 | DEBUG    | lib.create_order1:post:94 - 2023-07-06 11:48:08 请求时的入参: /pay/createOrder?amount=20101&currency=IDR&expectPayCodeType=0&merchantId=100119&orderNo=TestOrderNo_1688615288373&payChannel=1&payerName=test&payerPhone=081382826301&productId=2023&subject=TestSubject&version=1.0&sign=c87336ee45b38087c79e98ba9d987f6d
2023-07-06 11:48:09.881 | DEBUG    | lib.create_order1:post:98 - 2023-07-06 11:48:09 接口返回值: {'code': '200', 'msg': 'SUCCESS', 'sign': '5d3a7b80aa3e7e6f697dc4f458c8c7e5', 'orderNo': 'TestOrderNo_1688615288373', 'tradeNo': '10012023070610480955500017', 'payCode': 'http://localhost:8080/cardPay?orderInfo=wU3NFGwK4395KeELxFzSVftAPWe%2Fawqt6m6eTf%2BxuK4i4n6f5VQCcw%2FN8b6ApVwbmUDkpB2iIYborPwHGHrTU25FckpXC3jxbcG4lPI7ELwRej0TBnywdbiLBkdHbjhI%2BAr63zpB%2BtxASQqO8fwc9HrlKH7n2TLHTOTrC7j%2F9TU%3D', 'payCodeType': '1', 'expireTime': '2023-07-07 10:48:09'}
2023-07-06 11:48:09.882 | DEBUG    | lib.create_order1:post:93 - 2023-07-06 11:48:09 发起post请求:下单
2023-07-06 11:48:09.883 | DEBUG    | lib.create_order1:post:94 - 2023-07-06 11:48:09 请求时的入参: /pay/createOrder?amount=20110&currency=IDR&expectPayCodeType=0&merchantId=100119&orderNo=TestOrderNo_1688615289883&payChannel=3&payerName=test&payerPhone=081382826301&productId=2023&subject=TestSubject&version=1.0&sign=d9bae01c6ae909b7e47e14d066c8a94d
2023-07-06 11:48:12.857 | DEBUG    | lib.create_order1:post:98 - 2023-07-06 11:48:12 接口返回值: {'code': '200', 'msg': 'SUCCESS', 'sign': '12d5d7bec4002be32a26377d6dea7f9f', 'orderNo': 'TestOrderNo_1688615289883', 'tradeNo': '10012023070610481100600017', 'payCode': '82149999156908', 'payCodeType': '0', 'expireTime': '2023-07-07 03:29:51'}
2023-07-06 11:48:12.858 | DEBUG    | lib.create_order1:post:93 - 2023-07-06 11:48:12 发起post请求:下单
2023-07-06 11:48:12.858 | DEBUG    | lib.create_order1:post:94 - 2023-07-06 11:48:12 请求时的入参: /pay/createOrder?amount=20101&currency=IDR&expectPayCodeType=0&merchantId=100119&orderNo=TestOrderNo_1688615292858&payChannel=3&payerName=test&payerPhone=081382826301&productId=2023&subject=TestSubject&version=1.0&sign=7212f87012e518eb3ac225040e11450d
2023-07-06 11:48:14.404 | DEBUG    | lib.create_order1:post:98 - 2023-07-06 11:48:14 接口返回值: {'code': '200', 'msg': 'SUCCESS', 'sign': '811b49e75e35703dbe4997a39f29cdf8', 'orderNo': 'TestOrderNo_1688615292858', 'tradeNo': '10012023070610481342700013', 'payCode': '82149999207186', 'payCodeType': '0', 'expireTime': '2023-07-07 03:29:53'}
2023-07-06 11:48:14.406 | DEBUG    | lib.create_order1:post:93 - 2023-07-06 11:48:14 发起post请求:下单
2023-07-06 11:48:14.406 | DEBUG    | lib.create_order1:post:94 - 2023-07-06 11:48:14 请求时的入参: /pay/createOrder?amount=20110&currency=IDR&expectPayCodeType=0&merchantId=100119&orderNo=TestOrderNo_1688615294407&payChannel=4&payerName=test&payerPhone=081382826301&productId=2023&subject=TestSubject&version=1.0&sign=bbaf93cc2346d4adda710770b63b1175
2023-07-06 11:48:16.305 | DEBUG    | lib.create_order1:post:98 - 2023-07-06 11:48:16 接口返回值: {'code': '200', 'msg': 'SUCCESS', 'sign': 'bce394a6580cd7795346df1b2450e2af', 'orderNo': 'TestOrderNo_1688615294407', 'tradeNo': '10012023070610481553500011', 'payCode': '8808999972693710', 'payCodeType': '0', 'expireTime': '2023-07-07 03:29:55'}
2023-07-06 11:48:16.306 | DEBUG    | lib.create_order1:post:93 - 2023-07-06 11:48:16 发起post请求:下单
2023-07-06 11:48:16.307 | DEBUG    | lib.create_order1:post:94 - 2023-07-06 11:48:16 请求时的入参: /pay/createOrder?amount=20101&currency=IDR&expectPayCodeType=0&merchantId=100119&orderNo=TestOrderNo_1688615296306&payChannel=4&payerName=test&payerPhone=081382826301&productId=2023&subject=TestSubject&version=1.0&sign=90baa6d482c20802152e0192e0b70009
2023-07-06 11:48:18.482 | DEBUG    | lib.create_order1:post:98 - 2023-07-06 11:48:18 接口返回值: {'code': '200', 'msg': 'SUCCESS', 'sign': 'b761fae18a64a526d96794c844515564', 'orderNo': 'TestOrderNo_1688615296306', 'tradeNo': '10012023070610481693000013', 'payCode': '8808999957944644', 'payCodeType': '0', 'expireTime': '2023-07-07 03:29:56'}
2023-07-06 11:48:18.483 | DEBUG    | lib.create_order1:post:93 - 2023-07-06 11:48:18 发起post请求:下单
2023-07-06 11:48:18.483 | DEBUG    | lib.create_order1:post:94 - 2023-07-06 11:48:18 请求时的入参: /pay/createOrder?amount=20110&currency=IDR&expectPayCodeType=0&merchantId=100119&orderNo=TestOrderNo_1688615298483&payChannel=5&payerName=test&payerPhone=081382826301&productId=2023&subject=TestSubject&version=1.0&sign=b62bf6e33f126206bc6bb8d106cac554
2023-07-06 11:48:19.852 | DEBUG    | lib.create_order1:post:98 - 2023-07-06 11:48:19 接口返回值: {'code': '88011', 'msg': 'this channel is not supported yet', 'sign': 'e5ecde88e5c47f010ffd43aa30f7c64e'}
2023-07-06 11:48:19.853 | DEBUG    | lib.create_order1:post:93 - 2023-07-06 11:48:19 发起post请求:下单
2023-07-06 11:48:19.854 | DEBUG    | lib.create_order1:post:94 - 2023-07-06 11:48:19 请求时的入参: /pay/createOrder?amount=20101&currency=IDR&expectPayCodeType=0&merchantId=100119&orderNo=TestOrderNo_1688615299854&payChannel=5&payerName=test&payerPhone=081382826301&productId=2023&subject=TestSubject&version=1.0&sign=1749d9928ecd6713f797e14c9bbbe3f3
2023-07-06 11:48:21.296 | DEBUG    | lib.create_order1:post:98 - 2023-07-06 11:48:21 接口返回值: {'code': '88011', 'msg': 'this channel is not supported yet', 'sign': 'e5ecde88e5c47f010ffd43aa30f7c64e'}
2023-07-06 11:48:21.297 | DEBUG    | lib.create_order1:post:93 - 2023-07-06 11:48:21 发起post请求:下单
2023-07-06 11:48:21.298 | DEBUG    | lib.create_order1:post:94 - 2023-07-06 11:48:21 请求时的入参: /pay/createOrder?amount=20110&currency=IDR&expectPayCodeType=0&merchantId=100119&orderNo=TestOrderNo_1688615301297&payChannel=6&payerName=test&payerPhone=081382826301&productId=2023&subject=TestSubject&version=1.0&sign=eea536062bb200492104918f36a363c9
2023-07-06 11:48:22.739 | DEBUG    | lib.create_order1:post:98 - 2023-07-06 11:48:22 接口返回值: {'code': '88011', 'msg': 'this channel is not supported yet', 'sign': 'e5ecde88e5c47f010ffd43aa30f7c64e'}
2023-07-06 11:48:22.740 | DEBUG    | lib.create_order1:post:93 - 2023-07-06 11:48:22 发起post请求:下单
2023-07-06 11:48:22.741 | DEBUG    | lib.create_order1:post:94 - 2023-07-06 11:48:22 请求时的入参: /pay/createOrder?amount=20101&currency=IDR&expectPayCodeType=0&merchantId=100119&orderNo=TestOrderNo_1688615302740&payChannel=6&payerName=test&payerPhone=081382826301&productId=2023&subject=TestSubject&version=1.0&sign=efe1569dd18360115b01212d40d40c2e
2023-07-06 11:48:25.220 | DEBUG    | lib.create_order1:post:98 - 2023-07-06 11:48:25 接口返回值: {'code': '88011', 'msg': 'this channel is not supported yet', 'sign': 'e5ecde88e5c47f010ffd43aa30f7c64e'}
2023-07-06 11:48:25.221 | DEBUG    | lib.create_order1:post:93 - 2023-07-06 11:48:25 发起post请求:下单
2023-07-06 11:48:25.221 | DEBUG    | lib.create_order1:post:94 - 2023-07-06 11:48:25 请求时的入参: /pay/createOrder?amount=20110&currency=IDR&expectPayCodeType=0&merchantId=100119&orderNo=TestOrderNo_1688615305222&payChannel=9&payerName=test&payerPhone=081382826301&productId=2023&subject=TestSubject&version=1.0&sign=d7bfecb78f42ec36fb1e605f550ba7d0
2023-07-06 11:48:27.099 | DEBUG    | lib.create_order1:post:98 - 2023-07-06 11:48:27 接口返回值: {'code': '200', 'msg': 'SUCCESS', 'sign': 'a5a228fbd9c9f347d9bdc594f13ba3e8', 'orderNo': 'TestOrderNo_1688615305222', 'tradeNo': '10012023070610482631200012', 'payCode': '920019999367762', 'payCodeType': '0', 'expireTime': '2023-07-07 03:30:06'}
2023-07-06 11:48:27.101 | DEBUG    | lib.create_order1:post:93 - 2023-07-06 11:48:27 发起post请求:下单
2023-07-06 11:48:27.101 | DEBUG    | lib.create_order1:post:94 - 2023-07-06 11:48:27 请求时的入参: /pay/createOrder?amount=20101&currency=IDR&expectPayCodeType=0&merchantId=100119&orderNo=TestOrderNo_1688615307101&payChannel=9&payerName=test&payerPhone=081382826301&productId=2023&subject=TestSubject&version=1.0&sign=33a8c6b52420179902bbeeeb0381f555
2023-07-06 11:48:29.314 | DEBUG    | lib.create_order1:post:98 - 2023-07-06 11:48:29 接口返回值: {'code': '200', 'msg': 'SUCCESS', 'sign': '6278d7dfa40968b51c4b558734401090', 'orderNo': 'TestOrderNo_1688615307101', 'tradeNo': '10012023070610482820800010', 'payCode': '920019999201841', 'payCodeType': '0', 'expireTime': '2023-07-07 03:30:08'}
