2022-12-16 11:46:09.989 | DEBUG    | lib.create_order1:post:89 - 2022-12-16 11:46:09 发起post请求:下单
2022-12-16 11:46:09.990 | DEBUG    | lib.create_order1:post:90 - 2022-12-16 11:46:09 请求时的入参: /pay/createOrder?amount=10000&currency=IDR&expectPayCodeType=0&merchantId=100119&orderNo=TestOrderNo_1671162369989&payChannel=17&payerName=test&payerPhone=081382826301&productId=2023&subject=TestSubject&version=1.0&sign=2edca887bb8274da614557a3b9773084
2022-12-16 11:46:13.109 | DEBUG    | lib.create_order1:post:94 - 2022-12-16 11:46:13 接口返回值: {'code': '200', 'msg': 'SUCCESS', 'sign': 'c00185256471189041a030e9a2244a1c', 'orderNo': 'TestOrderNo_1671162369989', 'tradeNo': '10012022121610461169700009', 'payCode': 'https://checkouttest.tenapay.com/mock?orderInfo=PkKE5VRzA2NqiSDiRdeoWT0cd6WZDk8R7Y7DdXagycsJlK8xdpm9L1HT%2FYZbvFCg53REbrRfIjPu2FcD7k4PPw%3D%3D', 'payCodeType': '1', 'expireTime': '2022-12-16 11:46:11'}
2022-12-16 11:58:06.312 | DEBUG    | __main__:post:94 - 2022-12-16 11:58:06 发起post请求:模拟xendit dana下单回调成功
2022-12-16 11:58:06.312 | DEBUG    | __main__:post:95 - 2022-12-16 11:58:06 请求时的入参: /pay/createOrder?amount=10000&currency=IDR&expectPayCodeType=0&merchantId=100119&orderNo=TestOrderNo_1671163086312&payChannel=17&payerName=test&payerPhone=081382826301&productId=2023&subject=TestSubject&version=1.0&sign=7b258d241d48bdf19ea8d936a17f56ff
2022-12-16 11:58:09.557 | DEBUG    | __main__:post:99 - 2022-12-16 11:58:09 接口返回值: {'code': '200', 'msg': 'SUCCESS', 'sign': '5fe8d3b264ac087d66207d12d9c7b148', 'orderNo': 'TestOrderNo_1671163086312', 'tradeNo': '10012022121610580796100000', 'payCode': 'https://checkouttest.tenapay.com/mock?orderInfo=PkKE5VRzA2NqiSDiRdeoWT0cd6WZDk8R7Y7DdXagycuIDsvGo0rdRNNKoPLFAkcE53REbrRfIjPu2FcD7k4PPw%3D%3D', 'payCodeType': '1', 'expireTime': '2022-12-16 11:58:07'}
2022-12-16 11:58:29.590 | DEBUG    | __main__:post:94 - 2022-12-16 11:58:29 发起post请求:模拟xendit dana下单回调成功
2022-12-16 11:58:29.590 | DEBUG    | __main__:post:95 - 2022-12-16 11:58:29 请求时的入参: /pay/createOrder?amount=10000&currency=IDR&expectPayCodeType=0&merchantId=100119&orderNo=TestOrderNo_1671163109590&payChannel=17&payerName=test&payerPhone=081382826301&productId=2023&subject=TestSubject&version=1.0&sign=ac65e41f5790f4503b5710325f4d6fe2
2022-12-16 11:58:33.004 | DEBUG    | __main__:post:99 - 2022-12-16 11:58:33 接口返回值: {'code': '200', 'msg': 'SUCCESS', 'sign': '1e454317d1e5e378415dabcb83ab4251', 'orderNo': 'TestOrderNo_1671163109590', 'tradeNo': '10012022121610583201500004', 'payCode': 'https://checkouttest.tenapay.com/mock?orderInfo=PkKE5VRzA2NqiSDiRdeoWT0cd6WZDk8R7Y7DdXagyctWMEee5hCaMgfdspmHM%2Bls53REbrRfIjPu2FcD7k4PPw%3D%3D', 'payCodeType': '1', 'expireTime': '2022-12-16 11:58:32'}
2022-12-16 11:59:23.292 | DEBUG    | lib.create_order1:post:94 - 2022-12-16 11:59:23 发起post请求:下单
2022-12-16 11:59:23.292 | DEBUG    | lib.create_order1:post:95 - 2022-12-16 11:59:23 请求时的入参: /pay/createOrder?amount=10000&currency=IDR&expectPayCodeType=0&merchantId=100119&orderNo=TestOrderNo_1671163163292&payChannel=17&payerName=test&payerPhone=081382826301&productId=2023&subject=TestSubject&version=1.0&sign=99816e2383ac8c9c7fe48af95be6adf6
2022-12-16 11:59:26.331 | DEBUG    | lib.create_order1:post:99 - 2022-12-16 11:59:26 接口返回值: {'code': '200', 'msg': 'SUCCESS', 'sign': 'd0ae93c2fb698feca566546af0d09812', 'orderNo': 'TestOrderNo_1671163163292', 'tradeNo': '10012022121610592494100000', 'payCode': 'https://checkouttest.tenapay.com/mock?orderInfo=PkKE5VRzA2NqiSDiRdeoWT0cd6WZDk8R7Y7DdXagyctUXVyqScuhISjDTac1pdih53REbrRfIjPu2FcD7k4PPw%3D%3D', 'payCodeType': '1', 'expireTime': '2022-12-16 11:59:24'}
2022-12-16 12:00:17.717 | DEBUG    | __main__:post:94 - 2022-12-16 12:00:17 发起post请求:模拟xendit dana下单回调成功
2022-12-16 12:00:17.717 | DEBUG    | __main__:post:95 - 2022-12-16 12:00:17 请求时的入参: /pay/createOrder?amount=10000&currency=IDR&expectPayCodeType=0&merchantId=100119&orderNo=TestOrderNo_1671163217717&payChannel=17&payerName=test&payerPhone=081382826301&productId=2023&subject=TestSubject&version=1.0&sign=9f903e24b6f565b55eef93dcbe3dc748
2022-12-16 12:01:53.840 | DEBUG    | __main__:post:96 - 2022-12-16 12:01:53 发起post请求:模拟xendit dana下单回调成功
2022-12-16 12:01:53.841 | DEBUG    | __main__:post:97 - 2022-12-16 12:01:53 请求时的入参: /pay/createOrder?amount=10000&currency=IDR&expectPayCodeType=0&merchantId=100119&orderNo=TestOrderNo_1671163313841&payChannel=17&payerName=test&payerPhone=081382826301&productId=2023&subject=TestSubject&version=1.0&sign=0255558c6539f1936b8ed2453c2a6cbb
2022-12-16 12:01:56.498 | DEBUG    | __main__:post:101 - 2022-12-16 12:01:56 接口返回值: {'code': '200', 'msg': 'SUCCESS', 'sign': '66ab4cf72de235f426bc0eb322f403c4', 'orderNo': 'TestOrderNo_1671163313841', 'tradeNo': '10012022121611015550600001', 'payCode': 'https://checkouttest.tenapay.com/mock?orderInfo=PkKE5VRzA2NqiSDiRdeoWT0cd6WZDk8R7Y7DdXagycsQ26xeQmeIgqjGcV%2F7Mh%2BG53REbrRfIjPu2FcD7k4PPw%3D%3D', 'payCodeType': '1', 'expireTime': '2022-12-16 12:01:55'}
2022-12-16 12:03:03.065 | DEBUG    | lib.create_order1:post:96 - 2022-12-16 12:03:03 发起post请求:下单
2022-12-16 12:03:03.065 | DEBUG    | lib.create_order1:post:97 - 2022-12-16 12:03:03 请求时的入参: /pay/createOrder?amount=17&currency=081382826301&expectPayCodeType=0&merchantId=100119&orderNo=TestOrderNo_1671163383065&payChannel=&payerName=test&payerPhone=&productId=10000&subject=TestSubject&version=1.0&sign=f51c8263307c925e378d7956cf632885
2022-12-16 12:03:04.591 | DEBUG    | lib.create_order1:post:101 - 2022-12-16 12:03:04 接口返回值: {'code': '88001', 'msg': 'length of currency field is too long'}
2022-12-16 12:08:09.769 | DEBUG    | __main__:post:97 - 2022-12-16 12:08:09 发起post请求:模拟xendit dana下单回调成功
2022-12-16 12:08:09.769 | DEBUG    | __main__:post:98 - 2022-12-16 12:08:09 请求时的入参: /pay/createOrder?amount=10000&currency=currency&expectPayCodeType=0&merchantId=100119&orderNo=TestOrderNo_1671163689770&payChannel=17&payerName=test&payerPhone=081382826301&productId=IDR&subject=TestSubject&version=1.0&sign=b0b0b49ad2104cc06303ee21e2764d05
2022-12-16 12:08:11.588 | DEBUG    | __main__:post:102 - 2022-12-16 12:08:11 接口返回值: {'code': '88001', 'msg': 'Failed to convert property value of type \'java.lang.String\' to required type \'java.lang.Integer\' for property \'productId\'; nested exception is java.lang.NumberFormatException: For input string: "IDR"'}
2022-12-16 12:08:18.867 | DEBUG    | __main__:post:97 - 2022-12-16 12:08:18 发起post请求:模拟xendit dana下单回调成功
2022-12-16 12:08:18.868 | DEBUG    | __main__:post:98 - 2022-12-16 12:08:18 请求时的入参: /pay/createOrder?amount=10000&currency=currency&expectPayCodeType=0&merchantId=100165&orderNo=TestOrderNo_1671163698868&payChannel=17&payerName=test&payerPhone=081382826301&productId=IDR&subject=TestSubject&version=1.0&sign=52c6c57f077057c4be347e26e92afbb3
2022-12-16 12:08:24.170 | DEBUG    | __main__:post:102 - 2022-12-16 12:08:24 接口返回值: {'code': '88001', 'msg': 'Failed to convert property value of type \'java.lang.String\' to required type \'java.lang.Integer\' for property \'productId\'; nested exception is java.lang.NumberFormatException: For input string: "IDR"'}
2022-12-16 12:09:04.225 | DEBUG    | lib.create_order1:post:97 - 2022-12-16 12:09:04 发起post请求:下单
2022-12-16 12:09:04.225 | DEBUG    | lib.create_order1:post:98 - 2022-12-16 12:09:04 请求时的入参: /pay/createOrder?amount=IDR&currency=currency&expectPayCodeType=0&merchantId=100119&orderNo=TestOrderNo_1671163744225&payChannel=081382826301&payerName=test&payerPhone=10000&productId=2023&subject=TestSubject&version=1.0&sign=2887b04e47993f7ff48c53e1a2d6453b
2022-12-16 12:09:05.791 | DEBUG    | lib.create_order1:post:102 - 2022-12-16 12:09:05 接口返回值: {'code': '88001', 'msg': 'Failed to convert property value of type \'java.lang.String\' to required type \'java.lang.Integer\' for property \'payChannel\'; nested exception is java.lang.NumberFormatException: For input string: "081382826301"'}
2022-12-16 12:11:30.232 | DEBUG    | __main__:post:95 - 2022-12-16 12:11:30 发起post请求:模拟xendit dana下单回调成功
2022-12-16 12:11:30.232 | DEBUG    | __main__:post:96 - 2022-12-16 12:11:30 请求时的入参: /pay/createOrder?amount=10000&currency=currency&expectPayCodeType=0&merchantId=100165&orderNo=TestOrderNo_1671163890232&payChannel=17&payerName=test&payerPhone=081382826301&productId=IDR&subject=TestSubject&version=1.0&sign=036836606c12c6501aa797701f2e9090
2022-12-16 12:11:31.761 | DEBUG    | __main__:post:100 - 2022-12-16 12:11:31 接口返回值: {'code': '88001', 'msg': 'Failed to convert property value of type \'java.lang.String\' to required type \'java.lang.Integer\' for property \'productId\'; nested exception is java.lang.NumberFormatException: For input string: "IDR"'}
2022-12-16 12:12:03.902 | DEBUG    | lib.create_order1:post:95 - 2022-12-16 12:12:03 发起post请求:下单
2022-12-16 12:12:03.903 | DEBUG    | lib.create_order1:post:96 - 2022-12-16 12:12:03 请求时的入参: /pay/createOrder?amount=THB&currency=currency&expectPayCodeType=0&merchantId=100165&orderNo=TestOrderNo_1671163923902&payChannel=081382826301&payerName=test&payerPhone=10000&productId=2080&subject=TestSubject&version=1.0&sign=ca588c603fa94fc7c61592fe83a3cea7
2022-12-16 12:12:05.547 | DEBUG    | lib.create_order1:post:100 - 2022-12-16 12:12:05 接口返回值: {'code': '88001', 'msg': 'Failed to convert property value of type \'java.lang.String\' to required type \'java.lang.Integer\' for property \'payChannel\'; nested exception is java.lang.NumberFormatException: For input string: "081382826301"'}
2022-12-16 12:12:15.866 | DEBUG    | lib.create_order1:post:95 - 2022-12-16 12:12:15 发起post请求:下单
2022-12-16 12:12:15.866 | DEBUG    | lib.create_order1:post:96 - 2022-12-16 12:12:15 请求时的入参: /pay/createOrder?amount=THB&currency=currency&expectPayCodeType=0&merchantId=100165&orderNo=TestOrderNo_1671163935866&payChannel=081382826301&payerName=test&payerPhone=10000&productId=2080&subject=TestSubject&version=1.0&sign=27743f532aeb8143873112e7a1a047c0
2022-12-16 12:12:17.567 | DEBUG    | lib.create_order1:post:100 - 2022-12-16 12:12:17 接口返回值: {'code': '88001', 'msg': 'Failed to convert property value of type \'java.lang.String\' to required type \'java.lang.Integer\' for property \'payChannel\'; nested exception is java.lang.NumberFormatException: For input string: "081382826301"'}
2022-12-16 12:12:31.299 | DEBUG    | lib.create_order1:post:95 - 2022-12-16 12:12:31 发起post请求:下单
2022-12-16 12:12:31.299 | DEBUG    | lib.create_order1:post:96 - 2022-12-16 12:12:31 请求时的入参: /pay/createOrder?amount=THB&currency=currency&expectPayCodeType=0&merchantId=100165&orderNo=TestOrderNo_1671163951300&payChannel=08138282630188&payerName=test&payerPhone=10000&productId=2080&subject=TestSubject&version=1.0&sign=dc5574a5a7e1271b64f83766f6c76b6e
2022-12-16 12:12:36.761 | DEBUG    | lib.create_order1:post:100 - 2022-12-16 12:12:36 接口返回值: {'code': '88001', 'msg': 'Failed to convert property value of type \'java.lang.String\' to required type \'java.lang.Integer\' for property \'payChannel\'; nested exception is java.lang.NumberFormatException: For input string: "08138282630188"'}
2022-12-16 12:13:03.889 | DEBUG    | lib.create_order1:post:95 - 2022-12-16 12:13:03 发起post请求:下单
2022-12-16 12:13:03.890 | DEBUG    | lib.create_order1:post:96 - 2022-12-16 12:13:03 请求时的入参: /pay/createOrder?amount=THB&currency=currency&expectPayCodeType=0&merchantId=100165&orderNo=TestOrderNo_1671163983890&payChannel=08138282630188&payerName=test&payerPhone=10000&productId=2080&subject=TestSubject&version=1.0&sign=cfd908609382776f4a3442a364b9cf92
2022-12-16 12:13:05.544 | DEBUG    | lib.create_order1:post:100 - 2022-12-16 12:13:05 接口返回值: {'code': '88001', 'msg': 'Failed to convert property value of type \'java.lang.String\' to required type \'java.lang.Integer\' for property \'payChannel\'; nested exception is java.lang.NumberFormatException: For input string: "08138282630188"'}
2022-12-16 12:13:21.267 | DEBUG    | lib.create_order1:post:95 - 2022-12-16 12:13:21 发起post请求:下单
2022-12-16 12:13:21.268 | DEBUG    | lib.create_order1:post:96 - 2022-12-16 12:13:21 请求时的入参: /pay/createOrder?amount=THB&currency=currency&expectPayCodeType=0&merchantId=100165&orderNo=TestOrderNo_1671164001267&payChannel=08138282630188&payerName=test&payerPhone=10000&productId=2080&subject=TestSubject&version=1.0&sign=71fad1f4f4dcc0c52dab1a205df99f3e
2022-12-16 12:13:22.879 | DEBUG    | lib.create_order1:post:100 - 2022-12-16 12:13:22 接口返回值: {'code': '88001', 'msg': 'Failed to convert property value of type \'java.lang.String\' to required type \'java.lang.Integer\' for property \'payChannel\'; nested exception is java.lang.NumberFormatException: For input string: "08138282630188"'}
2022-12-16 12:13:56.302 | DEBUG    | lib.create_order1:post:95 - 2022-12-16 12:13:56 发起post请求:下单
2022-12-16 12:13:56.303 | DEBUG    | lib.create_order1:post:96 - 2022-12-16 12:13:56 请求时的入参: /pay/createOrder?amount=THB&currency=currency&expectPayCodeType=0&merchantId=100165&orderNo=TestOrderNo_1671164036302&payChannel=08138282630188&payerName=test&payerPhone=10000&productId=2080&subject=TestSubject&version=1.0&sign=aee5ceff25d4f5a81e66ae33c1c18beb
2022-12-16 12:13:57.847 | DEBUG    | lib.create_order1:post:100 - 2022-12-16 12:13:57 接口返回值: {'code': '88001', 'msg': 'Failed to convert property value of type \'java.lang.String\' to required type \'java.lang.Integer\' for property \'payChannel\'; nested exception is java.lang.NumberFormatException: For input string: "08138282630188"'}
2022-12-16 12:15:14.816 | DEBUG    | lib.create_order1:post:95 - 2022-12-16 12:15:14 发起post请求:下单
2022-12-16 12:15:14.816 | DEBUG    | lib.create_order1:post:96 - 2022-12-16 12:15:14 请求时的入参: /pay/createOrder?amount=10000&currency=currency&expectPayCodeType=0&merchantId=100165&orderNo=TestOrderNo_1671164114816&payChannel=08138282630188&payerName=test&payerPhone=THB&productId=2080&subject=TestSubject&version=1.0&sign=12d4f81edc7c41a819235311fb4b8900
2022-12-16 12:15:20.410 | DEBUG    | lib.create_order1:post:100 - 2022-12-16 12:15:20 接口返回值: {'code': '88001', 'msg': 'Failed to convert property value of type \'java.lang.String\' to required type \'java.lang.Integer\' for property \'payChannel\'; nested exception is java.lang.NumberFormatException: For input string: "08138282630188"'}
2022-12-16 12:16:41.618 | DEBUG    | lib.create_order1:post:95 - 2022-12-16 12:16:41 发起post请求:下单
2022-12-16 12:16:41.619 | DEBUG    | lib.create_order1:post:96 - 2022-12-16 12:16:41 请求时的入参: /pay/createOrder?amount=10000&currency=IDR&expectPayCodeType=0&merchantId=100119&orderNo=TestOrderNo_1671164201618&payChannel=17&payerName=test&payerPhone=081382826301&productId=2023&subject=TestSubject&version=1.0&sign=e898f7ce3df0ddd01eb5c9330afe8aec
2022-12-16 12:16:43.172 | DEBUG    | lib.create_order1:post:100 - 2022-12-16 12:16:43 接口返回值: {'code': '88015', 'msg': 'sign of the message is wrong'}
2022-12-16 12:17:21.760 | DEBUG    | __main__:post:95 - 2022-12-16 12:17:21 发起post请求:模拟xendit dana下单回调成功
2022-12-16 12:17:21.760 | DEBUG    | __main__:post:96 - 2022-12-16 12:17:21 请求时的入参: /pay/createOrder?amount=10000&currency=IDR&expectPayCodeType=0&merchantId=100165&orderNo=TestOrderNo_1671164241760&payChannel=17&payerName=test&payerPhone=081382826301&productId=2023&subject=TestSubject&version=1.0&sign=2b9c173bcc7176f8cd6fa46863ea191a
2022-12-16 12:17:23.288 | DEBUG    | __main__:post:100 - 2022-12-16 12:17:23 接口返回值: {'code': '88015', 'msg': 'sign of the message is wrong'}
2022-12-16 12:20:26.517 | DEBUG    | __main__:post:93 - 2022-12-16 12:20:26 发起post请求:模拟xendit dana下单回调成功
2022-12-16 12:20:26.518 | DEBUG    | __main__:post:94 - 2022-12-16 12:20:26 请求时的入参: /pay/createOrder?amount=10000&currency=IDR&expectPayCodeType=0&merchantId=100165&orderNo=TestOrderNo_1671164426517&payChannel=17&payerName=test&payerPhone=081382826301&productId=2023&subject=TestSubject&version=1.0&sign=b4ca8b3555880be3373360f4c8f69585
2022-12-16 12:20:28.040 | DEBUG    | __main__:post:98 - 2022-12-16 12:20:28 接口返回值: {'code': '88015', 'msg': 'sign of the message is wrong'}
2022-12-16 12:20:44.729 | DEBUG    | __main__:post:94 - 2022-12-16 12:20:44 发起post请求:模拟xendit dana下单回调成功
2022-12-16 12:20:44.729 | DEBUG    | __main__:post:95 - 2022-12-16 12:20:44 请求时的入参: /pay/createOrder?amount=10000&currency=IDR&expectPayCodeType=0&merchantId=100165&orderNo=TestOrderNo_1671164444729&payChannel=17&payerName=test&payerPhone=081382826301&productId=2023&subject=TestSubject&version=1.0&sign=948c026f2ef8a511cab397dad5f4a0e2
2022-12-16 12:20:46.315 | DEBUG    | __main__:post:99 - 2022-12-16 12:20:46 接口返回值: {'code': '88015', 'msg': 'sign of the message is wrong'}
2022-12-16 12:21:05.136 | DEBUG    | __main__:post:94 - 2022-12-16 12:21:05 发起post请求:模拟xendit dana下单回调成功
2022-12-16 12:21:05.136 | DEBUG    | __main__:post:95 - 2022-12-16 12:21:05 请求时的入参: /pay/createOrder?amount=10000&currency=IDR&expectPayCodeType=0&merchantId=100165&orderNo=TestOrderNo_1671164465137&payChannel=17&payerName=test&payerPhone=081382826301&productId=2023&subject=TestSubject&version=1.0&sign=9bcc1cf9edf08acc9ec46d320c708944
2022-12-16 12:21:11.534 | DEBUG    | __main__:post:99 - 2022-12-16 12:21:11 接口返回值: {'code': '88001', 'msg': 'Failed to convert property value of type \'java.lang.String\' to required type \'java.lang.Integer\' for property \'payChannel\'; nested exception is java.lang.NumberFormatException: For input string: "08138282630188"', 'sign': '23e9443d4b210ad574360cfc064ef5ab'}
2022-12-16 12:22:31.708 | DEBUG    | __main__:post:95 - 2022-12-16 12:22:31 发起post请求:模拟xendit dana下单回调成功
2022-12-16 12:22:31.708 | DEBUG    | __main__:post:96 - 2022-12-16 12:22:31 请求时的入参: /pay/createOrder?amount=10000&currency=IDR&expectPayCodeType=0&merchantId=100165&orderNo=TestOrderNo_1671164551708&payChannel=17&payerName=test&payerPhone=081382826301&productId=2023&subject=TestSubject&version=1.0&sign=d49f12555f6a7bbfc46ff85dfed531b3
2022-12-16 12:22:33.271 | DEBUG    | __main__:post:100 - 2022-12-16 12:22:33 接口返回值: {'code': '88001', 'msg': 'Failed to convert property value of type \'java.lang.String\' to required type \'java.lang.Integer\' for property \'payChannel\'; nested exception is java.lang.NumberFormatException: For input string: "08138282630188"', 'sign': '23e9443d4b210ad574360cfc064ef5ab'}
2022-12-16 12:23:05.772 | DEBUG    | __main__:post:95 - 2022-12-16 12:23:05 发起post请求:模拟xendit dana下单回调成功
2022-12-16 12:23:05.772 | DEBUG    | __main__:post:96 - 2022-12-16 12:23:05 请求时的入参: /pay/createOrder?amount=10000&currency=IDR&expectPayCodeType=0&merchantId=100119&orderNo=TestOrderNo_1671164585772&payChannel=17&payerName=test&payerPhone=081382826301&productId=2023&subject=TestSubject&version=1.0&sign=29bfd54e9e97a95786a70b1bdcd022f7
2022-12-16 12:23:08.398 | DEBUG    | __main__:post:100 - 2022-12-16 12:23:08 接口返回值: {'code': '200', 'msg': 'SUCCESS', 'sign': 'ee65c41615d43ce4610f1bfc77cafcf2', 'orderNo': 'TestOrderNo_1671164585772', 'tradeNo': '10012022121611230741000009', 'payCode': 'https://checkouttest.tenapay.com/mock?orderInfo=PkKE5VRzA2NqiSDiRdeoWT0cd6WZDk8R7Y7DdXagyctHwH2aACNim0fK%2FT%2FfsHVs53REbrRfIjPu2FcD7k4PPw%3D%3D', 'payCodeType': '1', 'expireTime': '2022-12-16 12:23:07'}
2022-12-16 12:23:41.562 | DEBUG    | lib.create_order1:post:95 - 2022-12-16 12:23:41 发起post请求:下单
2022-12-16 12:23:41.563 | DEBUG    | lib.create_order1:post:96 - 2022-12-16 12:23:41 请求时的入参: /pay/createOrder?amount=10000&currency=IDR&expectPayCodeType=0&merchantId=100119&orderNo=TestOrderNo_1671164621563&payChannel=17&payerName=test&payerPhone=081382826301&productId=2023&subject=TestSubject&version=1.0&sign=d580d560c56373595f003c00196141de
2022-12-16 12:23:44.178 | DEBUG    | lib.create_order1:post:100 - 2022-12-16 12:23:44 接口返回值: {'code': '200', 'msg': 'SUCCESS', 'sign': 'a6b1beae3cafab5f44aaf793102866fd', 'orderNo': 'TestOrderNo_1671164621563', 'tradeNo': '10012022121611234323900008', 'payCode': 'https://checkouttest.tenapay.com/mock?orderInfo=PkKE5VRzA2NqiSDiRdeoWT0cd6WZDk8R7Y7DdXagycu4SixB6wvyEZxXhAthB3%2FH53REbrRfIjPu2FcD7k4PPw%3D%3D', 'payCodeType': '1', 'expireTime': '2022-12-16 12:23:43'}
2022-12-16 12:24:01.565 | DEBUG    | lib.create_order1:post:95 - 2022-12-16 12:24:01 发起post请求:下单
2022-12-16 12:24:01.565 | DEBUG    | lib.create_order1:post:96 - 2022-12-16 12:24:01 请求时的入参: /pay/createOrder?amount=10000&currency=THB&expectPayCodeType=0&merchantId=100165&orderNo=TestOrderNo_1671164641565&payChannel=17&payerName=test&payerPhone=081382826301&productId=2080&subject=TestSubject&version=1.0&sign=c476d27b9e8a35d0faf86ce7045b7058
2022-12-16 12:24:03.276 | DEBUG    | lib.create_order1:post:100 - 2022-12-16 12:24:03 接口返回值: {'code': '88015', 'msg': 'sign of the message is wrong'}
2022-12-16 12:25:47.225 | DEBUG    | __main__:post:95 - 2022-12-16 12:25:47 发起post请求:模拟xendit dana下单回调成功
2022-12-16 12:25:47.225 | DEBUG    | __main__:post:96 - 2022-12-16 12:25:47 请求时的入参: /pay/createOrder?amount=10000&currency=IDR&expectPayCodeType=0&merchantId=100119&orderNo=TestOrderNo_1671164747225&payChannel=17&payerName=test&payerPhone=081382826301&productId=2023&subject=TestSubject&version=1.0&sign=16918a747087f8556340b1baa3ec3496
2022-12-16 12:25:52.525 | DEBUG    | __main__:post:100 - 2022-12-16 12:25:52 接口返回值: {'code': '200', 'msg': 'SUCCESS', 'sign': '445c408af0be1bd5324167cfa2425b2a', 'orderNo': 'TestOrderNo_1671164747225', 'tradeNo': '10012022121611254892100004', 'payCode': 'https://checkouttest.tenapay.com/mock?orderInfo=PkKE5VRzA2NqiSDiRdeoWT0cd6WZDk8R7Y7DdXagycv98f7LIMz3XHhIgu%2FRTI9V53REbrRfIjPu2FcD7k4PPw%3D%3D', 'payCodeType': '1', 'expireTime': '2022-12-16 12:25:48'}
2022-12-16 12:26:47.809 | DEBUG    | lib.create_order1:post:95 - 2022-12-16 12:26:47 发起post请求:下单
2022-12-16 12:26:47.809 | DEBUG    | lib.create_order1:post:96 - 2022-12-16 12:26:47 请求时的入参: /pay/createOrder?amount=10000&currency=THB&expectPayCodeType=0&merchantId=100165&orderNo=TestOrderNo_1671164807810&payChannel=17&payerName=test&payerPhone=081382826301&productId=2080&subject=TestSubject&version=1.0&sign=d9f2ed0b0777a7a3d79f343fdfdac3e1
2022-12-16 12:26:49.407 | DEBUG    | lib.create_order1:post:100 - 2022-12-16 12:26:49 接口返回值: {'code': '88015', 'msg': 'sign of the message is wrong'}
2022-12-16 12:27:54.543 | DEBUG    | lib.create_order1:post:95 - 2022-12-16 12:27:54 发起post请求:下单
2022-12-16 12:27:54.543 | DEBUG    | lib.create_order1:post:96 - 2022-12-16 12:27:54 请求时的入参: /pay/createOrder?amount=10000&currency=IDR&expectPayCodeType=0&merchantId=100119&orderNo=TestOrderNo_1671164874544&payChannel=17&payerName=test&payerPhone=081382826301&productId=2023&subject=TestSubject&version=1.0&sign=df6ae132363a7e60c9703e6277924cc7
2022-12-16 12:28:37.531 | DEBUG    | lib.create_order1:post:95 - 2022-12-16 12:28:37 发起post请求:下单
2022-12-16 12:28:37.531 | DEBUG    | lib.create_order1:post:96 - 2022-12-16 12:28:37 请求时的入参: /pay/createOrder?amount=10000&currency=IDR&expectPayCodeType=0&merchantId=100119&orderNo=TestOrderNo_1671164917531&payChannel=17&payerName=test&payerPhone=081382826301&productId=2023&subject=TestSubject&version=1.0&sign=be0f48708b18d71ad800f14165bd645d
2022-12-16 12:29:10.935 | DEBUG    | lib.create_order1:post:95 - 2022-12-16 12:29:10 发起post请求:下单
2022-12-16 12:29:10.935 | DEBUG    | lib.create_order1:post:96 - 2022-12-16 12:29:10 请求时的入参: /pay/createOrder?amount=10000&currency=IDR&expectPayCodeType=0&merchantId=100119&orderNo=TestOrderNo_1671164950936&payChannel=17&payerName=test&payerPhone=081382826301&productId=2023&subject=TestSubject&version=1.0&sign=63e83d17bcd9385002fd674b50bca7f9
2022-12-16 12:29:13.533 | DEBUG    | lib.create_order1:post:100 - 2022-12-16 12:29:13 接口返回值: {'code': '200', 'msg': 'SUCCESS', 'sign': 'd406b280d095ce3c6a314bfe73e1a820', 'orderNo': 'TestOrderNo_1671164950936', 'tradeNo': '10012022121611291261200007', 'payCode': 'https://checkouttest.tenapay.com/mock?orderInfo=PkKE5VRzA2NqiSDiRdeoWT0cd6WZDk8R7Y7DdXagycs0xb1smr2nNJLWB440G7Bm53REbrRfIjPu2FcD7k4PPw%3D%3D', 'payCodeType': '1', 'expireTime': '2022-12-16 12:29:12'}
2022-12-16 18:39:14.275 | DEBUG    | lib.create_order1:post:95 - 2022-12-16 18:39:14 发起post请求:下单
2022-12-16 18:39:14.277 | DEBUG    | lib.create_order1:post:96 - 2022-12-16 18:39:14 请求时的入参: /pay/createOrder?amount=10000&currency=IDR&expectPayCodeType=0&merchantId=100119&orderNo=TestOrderNo_1671187154275&payChannel=17&payerName=test&payerPhone=081382826301&productId=2023&subject=TestSubject&version=1.0&sign=e8e11a9733c7422af35d3dd1e43dd3c6
2022-12-16 18:39:17.007 | DEBUG    | lib.create_order1:post:100 - 2022-12-16 18:39:17 接口返回值: {'code': '200', 'msg': 'SUCCESS', 'sign': '0fdcfbdd397dc5e25beba13f62448c5e', 'orderNo': 'TestOrderNo_1671187154275', 'tradeNo': '10012022121617391615300000', 'payCode': 'https://checkouttest.tenapay.com/mock?orderInfo=PkKE5VRzA2NqiSDiRdeoWT0cd6WZDk8R7Y7DdXagycvNb9Dx4hM0ADykzA%2BVJiyI53REbrRfIjPu2FcD7k4PPw%3D%3D', 'payCodeType': '1', 'expireTime': '2022-12-16 18:39:16'}
2022-12-16 18:39:53.454 | INFO     | __main__:<module>:35 - abc
2022-12-16 18:39:53.454 | INFO     | __main__:<module>:36 - def
2022-12-16 18:56:41.629 | INFO     | __main__:<module>:35 - abc
2022-12-16 18:56:41.629 | INFO     | __main__:<module>:36 - def
