2023-09-28 12:18:36.173 | DEBUG    | lib.create_order1:post:93 - 2023-09-28 12:18:36 发起post请求:下单
2023-09-28 12:18:36.174 | DEBUG    | lib.create_order1:post:94 - 2023-09-28 12:18:36 请求时的入参: /pay/createOrder?amount=20110&currency=IDR&expectPayCodeType=0&merchantId=100119&orderNo=TestOrderNo_1695874716172&payChannel=3&payerName=test&payerPhone=081197204238&productId=2023&subject=TestSubject&version=1.0&sign=d0fb53392930c90c98bcbf795762c8ad
2023-09-28 12:18:45.590 | DEBUG    | lib.create_order1:post:93 - 2023-09-28 12:18:45 发起post请求:下单
2023-09-28 12:18:45.590 | DEBUG    | lib.create_order1:post:94 - 2023-09-28 12:18:45 请求时的入参: /pay/createOrder?amount=20110&currency=IDR&expectPayCodeType=0&merchantId=100119&orderNo=TestOrderNo_1695874725590&payChannel=3&payerName=test&payerPhone=081197204238&productId=2023&subject=TestSubject&version=1.0&sign=e69368563f5096b0fc5f832d673c7809
2023-09-28 12:18:47.941 | DEBUG    | lib.create_order1:post:98 - 2023-09-28 12:18:47 接口返回值: {'code': '200', 'msg': 'SUCCESS', 'sign': 'cded131efb63052e70c5e4478eb0f226', 'orderNo': 'TestOrderNo_1695874725590', 'tradeNo': '10012023092811184716500008', 'payCode': '8625026760445994', 'payCodeType': '0', 'expireTime': '2023-09-29 04:00:27'}
2023-09-28 12:18:47.942 | DEBUG    | lib.create_order1:post:93 - 2023-09-28 12:18:47 发起post请求:下单
2023-09-28 12:18:47.942 | DEBUG    | lib.create_order1:post:94 - 2023-09-28 12:18:47 请求时的入参: /pay/createOrder?amount=20110&currency=IDR&expectPayCodeType=0&merchantId=100119&orderNo=TestOrderNo_1695874727943&payChannel=3&payerName=test&payerPhone=081197204238&productId=2023&subject=TestSubject&version=1.0&sign=117f96432f92ac8671c2e5023aedc352
2023-09-28 12:18:50.296 | DEBUG    | lib.create_order1:post:98 - 2023-09-28 12:18:50 接口返回值: {'code': '200', 'msg': 'SUCCESS', 'sign': '470ec68329c8d4792dfaad7d44b97937', 'orderNo': 'TestOrderNo_1695874727943', 'tradeNo': '10012023092811184977700008', 'payCode': '8625026760445996', 'payCodeType': '0', 'expireTime': '2023-09-29 04:00:29'}
2023-09-28 12:18:50.297 | DEBUG    | lib.create_order1:post:93 - 2023-09-28 12:18:50 发起post请求:下单
2023-09-28 12:18:50.297 | DEBUG    | lib.create_order1:post:94 - 2023-09-28 12:18:50 请求时的入参: /pay/createOrder?amount=20110&currency=IDR&expectPayCodeType=0&merchantId=100119&orderNo=TestOrderNo_1695874730297&payChannel=4&payerName=test&payerPhone=081197204238&productId=2023&subject=TestSubject&version=1.0&sign=2362b9e2ea2ddfc0ed3ff0c4c9b61e91
2023-09-28 12:18:52.624 | DEBUG    | lib.create_order1:post:98 - 2023-09-28 12:18:52 接口返回值: {'code': '200', 'msg': 'SUCCESS', 'sign': '484d8e2d0ad0e8056131993e11d43870', 'orderNo': 'TestOrderNo_1695874730297', 'tradeNo': '10012023092811185190000001', 'payCode': '8255600004735885', 'payCodeType': '0', 'expireTime': '2023-09-29 04:00:31'}
2023-09-28 12:18:52.625 | DEBUG    | lib.create_order1:post:93 - 2023-09-28 12:18:52 发起post请求:下单
2023-09-28 12:18:52.625 | DEBUG    | lib.create_order1:post:94 - 2023-09-28 12:18:52 请求时的入参: /pay/createOrder?amount=20101&currency=IDR&expectPayCodeType=0&merchantId=100119&orderNo=TestOrderNo_1695874732625&payChannel=4&payerName=test&payerPhone=081197204238&productId=2023&subject=TestSubject&version=1.0&sign=af5090a2539e5193d60bf71dc988fc5f
2023-09-28 12:18:54.875 | DEBUG    | lib.create_order1:post:98 - 2023-09-28 12:18:54 接口返回值: {'code': '200', 'msg': 'SUCCESS', 'sign': '7b89788b29252552ea239e9ae8d6fb83', 'orderNo': 'TestOrderNo_1695874732625', 'tradeNo': '10012023092811185418300001', 'payCode': '8255600004735886', 'payCodeType': '0', 'expireTime': '2023-09-29 04:00:34'}
2023-09-28 12:18:54.875 | DEBUG    | lib.create_order1:post:93 - 2023-09-28 12:18:54 发起post请求:下单
2023-09-28 12:18:54.875 | DEBUG    | lib.create_order1:post:94 - 2023-09-28 12:18:54 请求时的入参: /pay/createOrder?amount=20110&currency=IDR&expectPayCodeType=0&merchantId=100119&orderNo=TestOrderNo_1695874734876&payChannel=5&payerName=test&payerPhone=081197204238&productId=2023&subject=TestSubject&version=1.0&sign=f84fed80e00eab4d17d702f72095b25f
2023-09-28 12:18:56.805 | DEBUG    | lib.create_order1:post:98 - 2023-09-28 12:18:56 接口返回值: {'code': '88005', 'msg': 'channel process error, please try again', 'sign': 'dbe789f3423e001fc81b1d8bfb320386'}
2023-09-28 12:18:56.805 | DEBUG    | lib.create_order1:post:93 - 2023-09-28 12:18:56 发起post请求:下单
2023-09-28 12:18:56.805 | DEBUG    | lib.create_order1:post:94 - 2023-09-28 12:18:56 请求时的入参: /pay/createOrder?amount=20101&currency=IDR&expectPayCodeType=0&merchantId=100119&orderNo=TestOrderNo_1695874736805&payChannel=5&payerName=test&payerPhone=081197204238&productId=2023&subject=TestSubject&version=1.0&sign=dc268c0d3692a3ea6b9ea4f1af0c2d0c
2023-09-28 12:18:59.634 | DEBUG    | lib.create_order1:post:98 - 2023-09-28 12:18:59 接口返回值: {'code': '88005', 'msg': 'channel process error, please try again', 'sign': 'dbe789f3423e001fc81b1d8bfb320386'}
2023-09-28 12:18:59.635 | DEBUG    | lib.create_order1:post:93 - 2023-09-28 12:18:59 发起post请求:下单
2023-09-28 12:18:59.635 | DEBUG    | lib.create_order1:post:94 - 2023-09-28 12:18:59 请求时的入参: /pay/createOrder?amount=20110&currency=IDR&expectPayCodeType=0&merchantId=100119&orderNo=TestOrderNo_1695874739636&payChannel=6&payerName=test&payerPhone=081197204238&productId=2023&subject=TestSubject&version=1.0&sign=e6dde13f7ef3ea343b67d96b9cfa6a5e
2023-09-28 12:19:02.050 | DEBUG    | lib.create_order1:post:98 - 2023-09-28 12:19:02 接口返回值: {'code': '200', 'msg': 'SUCCESS', 'sign': '4629152dcf20bc526dddde0d6f327643', 'orderNo': 'TestOrderNo_1695874739636', 'tradeNo': '10012023092811190121000005', 'payCode': '23096000003325046', 'payCodeType': '0', 'expireTime': '2023-09-29 04:00:41'}
2023-09-28 12:19:02.052 | DEBUG    | lib.create_order1:post:93 - 2023-09-28 12:19:02 发起post请求:下单
2023-09-28 12:19:02.052 | DEBUG    | lib.create_order1:post:94 - 2023-09-28 12:19:02 请求时的入参: /pay/createOrder?amount=20101&currency=IDR&expectPayCodeType=0&merchantId=100119&orderNo=TestOrderNo_1695874742053&payChannel=6&payerName=test&payerPhone=081197204238&productId=2023&subject=TestSubject&version=1.0&sign=a8f020d3d836d5d4ad90a86d83c07634
2023-09-28 12:19:04.152 | DEBUG    | lib.create_order1:post:98 - 2023-09-28 12:19:04 接口返回值: {'code': '200', 'msg': 'SUCCESS', 'sign': '9b2a936371356d3cc3fb7559d0506ab7', 'orderNo': 'TestOrderNo_1695874742053', 'tradeNo': '10012023092811190364200007', 'payCode': '23096000003325047', 'payCodeType': '0', 'expireTime': '2023-09-29 04:00:43'}
2023-09-28 12:19:04.152 | DEBUG    | lib.create_order1:post:93 - 2023-09-28 12:19:04 发起post请求:下单
2023-09-28 12:19:04.154 | DEBUG    | lib.create_order1:post:94 - 2023-09-28 12:19:04 请求时的入参: /pay/createOrder?amount=20110&currency=IDR&expectPayCodeType=0&merchantId=100119&orderNo=TestOrderNo_1695874744153&payChannel=9&payerName=test&payerPhone=081197204238&productId=2023&subject=TestSubject&version=1.0&sign=3f1d75455cad8133931362c9ba29e62c
2023-09-28 12:19:06.314 | DEBUG    | lib.create_order1:post:98 - 2023-09-28 12:19:06 接口返回值: {'code': '200', 'msg': 'SUCCESS', 'sign': '76cd7d6061301f2f8c5d0a3561d4fd44', 'orderNo': 'TestOrderNo_1695874744153', 'tradeNo': '10012023092811190569600001', 'payCode': '103406000011943301', 'payCodeType': '0', 'expireTime': '2023-09-29 04:00:45'}
2023-09-28 12:19:06.315 | DEBUG    | lib.create_order1:post:93 - 2023-09-28 12:19:06 发起post请求:下单
2023-09-28 12:19:06.315 | DEBUG    | lib.create_order1:post:94 - 2023-09-28 12:19:06 请求时的入参: /pay/createOrder?amount=20101&currency=IDR&expectPayCodeType=0&merchantId=100119&orderNo=TestOrderNo_1695874746315&payChannel=9&payerName=test&payerPhone=081197204238&productId=2023&subject=TestSubject&version=1.0&sign=4262fbebc67344141a34e39d25405741
2023-09-28 12:19:08.575 | DEBUG    | lib.create_order1:post:98 - 2023-09-28 12:19:08 接口返回值: {'code': '200', 'msg': 'SUCCESS', 'sign': '0ace8afb2325c667c360d6c6ffda8bfa', 'orderNo': 'TestOrderNo_1695874746315', 'tradeNo': '10012023092811190793600009', 'payCode': '103406000011943302', 'payCodeType': '0', 'expireTime': '2023-09-29 04:00:47'}
2023-09-28 12:19:08.576 | DEBUG    | lib.create_order1:post:93 - 2023-09-28 12:19:08 发起post请求:下单
2023-09-28 12:19:08.576 | DEBUG    | lib.create_order1:post:94 - 2023-09-28 12:19:08 请求时的入参: /pay/createOrder?amount=20101&currency=IDR&expectPayCodeType=0&merchantId=100119&orderNo=TestOrderNo_1695874748576&payChannel=8&payerName=test&payerPhone=081197204238&productId=2023&subject=TestSubject&version=1.0&sign=f275f042f3a143902ac2bbe48ff174bf
2023-09-28 12:19:10.695 | DEBUG    | lib.create_order1:post:98 - 2023-09-28 12:19:10 接口返回值: {'code': '200', 'msg': 'SUCCESS', 'sign': 'ced79cd208b53950a885ccc794e816ae', 'orderNo': 'TestOrderNo_1695874748576', 'tradeNo': '10012023092811191019300002', 'payCode': '8932560004999002', 'payCodeType': '0', 'expireTime': '2023-09-29 04:00:50'}
2023-09-28 12:19:10.695 | DEBUG    | lib.create_order1:post:93 - 2023-09-28 12:19:10 发起post请求:下单
2023-09-28 12:19:10.695 | DEBUG    | lib.create_order1:post:94 - 2023-09-28 12:19:10 请求时的入参: /pay/createOrder?amount=20110&currency=IDR&expectPayCodeType=0&merchantId=100119&orderNo=TestOrderNo_1695874750696&payChannel=8&payerName=test&payerPhone=081197204238&productId=2023&subject=TestSubject&version=1.0&sign=bd08845da5acadabf2cc181243b92abd
2023-09-28 12:19:12.844 | DEBUG    | lib.create_order1:post:98 - 2023-09-28 12:19:12 接口返回值: {'code': '200', 'msg': 'SUCCESS', 'sign': 'e0d0cbff12dc94cfad1f9111c99d4aeb', 'orderNo': 'TestOrderNo_1695874750696', 'tradeNo': '10012023092811191231200006', 'payCode': '8932560004999005', 'payCodeType': '0', 'expireTime': '2023-09-29 04:00:52'}
2023-09-28 12:19:15.855 | DEBUG    | lib.create_order1:post:93 - 2023-09-28 12:19:15 发起post请求:下单
2023-09-28 12:19:15.855 | DEBUG    | lib.create_order1:post:94 - 2023-09-28 12:19:15 请求时的入参: /pay/createOrder?amount=20110&currency=IDR&expectPayCodeType=0&merchantId=100119&orderNo=TestOrderNo_1695874755855&payChannel=3&payerName=test&payerPhone=081382826302&productId=2023&subject=TestSubject&version=1.0&sign=c0b92afa325f2c52f44fd49ad4c63d93
2023-09-28 12:19:19.965 | DEBUG    | lib.create_order1:post:98 - 2023-09-28 12:19:19 接口返回值: {'code': '200', 'msg': 'SUCCESS', 'sign': '9d3f25fd0d194a71c13be42f55aeee65', 'orderNo': 'TestOrderNo_1695874755855', 'tradeNo': '10012023092811191746000008', 'payCode': '82149999758221', 'payCodeType': '0', 'expireTime': '2023-09-29 04:00:57'}
2023-09-28 12:19:19.966 | DEBUG    | lib.create_order1:post:93 - 2023-09-28 12:19:19 发起post请求:下单
2023-09-28 12:19:19.967 | DEBUG    | lib.create_order1:post:94 - 2023-09-28 12:19:19 请求时的入参: /pay/createOrder?amount=20101&currency=IDR&expectPayCodeType=0&merchantId=100119&orderNo=TestOrderNo_1695874759967&payChannel=3&payerName=test&payerPhone=081382826302&productId=2023&subject=TestSubject&version=1.0&sign=d0d55d6e017a426ca7063995420fabc3
2023-09-28 12:19:23.323 | DEBUG    | lib.create_order1:post:98 - 2023-09-28 12:19:23 接口返回值: {'code': '200', 'msg': 'SUCCESS', 'sign': 'd0a97bde57b6b3f17499fdade3a01844', 'orderNo': 'TestOrderNo_1695874759967', 'tradeNo': '10012023092811192157400000', 'payCode': '82149999623158', 'payCodeType': '0', 'expireTime': '2023-09-29 04:01:01'}
2023-09-28 12:19:23.324 | DEBUG    | lib.create_order1:post:93 - 2023-09-28 12:19:23 发起post请求:下单
2023-09-28 12:19:23.324 | DEBUG    | lib.create_order1:post:94 - 2023-09-28 12:19:23 请求时的入参: /pay/createOrder?amount=20110&currency=IDR&expectPayCodeType=0&merchantId=100119&orderNo=TestOrderNo_1695874763324&payChannel=4&payerName=test&payerPhone=081382826302&productId=2023&subject=TestSubject&version=1.0&sign=a9e88d5079c63ffd7a633e9dbf3cf771
2023-09-28 12:19:25.211 | DEBUG    | lib.create_order1:post:98 - 2023-09-28 12:19:25 接口返回值: {'code': '200', 'msg': 'SUCCESS', 'sign': '28ec9af678b0b971c9594fbb9dee60ff', 'orderNo': 'TestOrderNo_1695874763324', 'tradeNo': '10012023092811192489600004', 'payCode': '8808999975043375', 'payCodeType': '0', 'expireTime': '2023-09-29 04:01:04'}
2023-09-28 12:19:25.212 | DEBUG    | lib.create_order1:post:93 - 2023-09-28 12:19:25 发起post请求:下单
2023-09-28 12:19:25.212 | DEBUG    | lib.create_order1:post:94 - 2023-09-28 12:19:25 请求时的入参: /pay/createOrder?amount=20101&currency=IDR&expectPayCodeType=0&merchantId=100119&orderNo=TestOrderNo_1695874765212&payChannel=4&payerName=test&payerPhone=081382826302&productId=2023&subject=TestSubject&version=1.0&sign=21504d28f2b6fa5d644486d518667aaf
2023-09-28 12:19:27.092 | DEBUG    | lib.create_order1:post:98 - 2023-09-28 12:19:27 接口返回值: {'code': '200', 'msg': 'SUCCESS', 'sign': 'c29d74e400f7d7f56bb550a0e88f1dd1', 'orderNo': 'TestOrderNo_1695874765212', 'tradeNo': '10012023092811192682000002', 'payCode': '8808999947506443', 'payCodeType': '0', 'expireTime': '2023-09-29 04:01:06'}
2023-09-28 12:19:27.093 | DEBUG    | lib.create_order1:post:93 - 2023-09-28 12:19:27 发起post请求:下单
2023-09-28 12:19:27.093 | DEBUG    | lib.create_order1:post:94 - 2023-09-28 12:19:27 请求时的入参: /pay/createOrder?amount=20110&currency=IDR&expectPayCodeType=0&merchantId=100119&orderNo=TestOrderNo_1695874767094&payChannel=15&payerName=test&payerPhone=081382826302&productId=2023&subject=TestSubject&version=1.0&sign=0a565d4517695bd8e73870ea7af2a39c
2023-09-28 12:19:29.986 | DEBUG    | lib.create_order1:post:98 - 2023-09-28 12:19:29 接口返回值: {'code': '88011', 'msg': 'this channel is not supported yet', 'sign': 'e5ecde88e5c47f010ffd43aa30f7c64e'}
2023-09-28 12:19:29.987 | DEBUG    | lib.create_order1:post:93 - 2023-09-28 12:19:29 发起post请求:下单
2023-09-28 12:19:29.988 | DEBUG    | lib.create_order1:post:94 - 2023-09-28 12:19:29 请求时的入参: /pay/createOrder?amount=20101&currency=IDR&expectPayCodeType=0&merchantId=100119&orderNo=TestOrderNo_1695874769988&payChannel=15&payerName=test&payerPhone=081382826302&productId=2023&subject=TestSubject&version=1.0&sign=02b68186a643abd8bae7807c6a4e90f4
2023-09-28 12:19:30.886 | DEBUG    | lib.create_order1:post:98 - 2023-09-28 12:19:30 接口返回值: {'code': '200', 'msg': 'SUCCESS', 'sign': '90570853f35f1da33cc31986b544bb6d', 'orderNo': 'TestOrderNo_1695874769988', 'tradeNo': '10012023092811193105200005', 'payCode': 'https://checkouttest.lipperpay.com/walletPay?orderInfo=wU3NFGwK4395KeELxFzSVfIUOLJ8eyjkmh%2BrAesa2lh9qxOhqu8n9rXwEeGRlwSpAYs1Ul%2FiNMxZOocbkQY%2FTfgsM3UZ2SS5%2F%2BF1QkhdPpBAfooFw106MvG5Q2JYrwwMtNGL0hs1d7dGt%2Flzhy9WXUN4QKbjhAXs3VIQQ0YguXA%3D', 'payCodeType': '1', 'expireTime': '2023-09-28 12:19:31'}
2023-09-28 12:19:30.886 | DEBUG    | lib.create_order1:post:93 - 2023-09-28 12:19:30 发起post请求:下单
2023-09-28 12:19:30.887 | DEBUG    | lib.create_order1:post:94 - 2023-09-28 12:19:30 请求时的入参: /pay/createOrder?amount=20110&currency=IDR&expectPayCodeType=0&merchantId=100119&orderNo=TestOrderNo_1695874770887&payChannel=6&payerName=test&payerPhone=081382826302&productId=2023&subject=TestSubject&version=1.0&sign=90109807670e888cdab96df3ea802657
2023-09-28 12:19:32.265 | DEBUG    | lib.create_order1:post:98 - 2023-09-28 12:19:32 接口返回值: {'code': '88011', 'msg': 'this channel is not supported yet', 'sign': 'e5ecde88e5c47f010ffd43aa30f7c64e'}
2023-09-28 12:19:32.266 | DEBUG    | lib.create_order1:post:93 - 2023-09-28 12:19:32 发起post请求:下单
2023-09-28 12:19:32.266 | DEBUG    | lib.create_order1:post:94 - 2023-09-28 12:19:32 请求时的入参: /pay/createOrder?amount=20101&currency=IDR&expectPayCodeType=0&merchantId=100119&orderNo=TestOrderNo_1695874772267&payChannel=6&payerName=test&payerPhone=081382826302&productId=2023&subject=TestSubject&version=1.0&sign=fbc041c9c81f69cfa6c07c1551eebb7f
2023-09-28 12:19:33.129 | DEBUG    | lib.create_order1:post:98 - 2023-09-28 12:19:33 接口返回值: {'code': '88011', 'msg': 'this channel is not supported yet', 'sign': 'e5ecde88e5c47f010ffd43aa30f7c64e'}
2023-09-28 12:19:33.129 | DEBUG    | lib.create_order1:post:93 - 2023-09-28 12:19:33 发起post请求:下单
2023-09-28 12:19:33.130 | DEBUG    | lib.create_order1:post:94 - 2023-09-28 12:19:33 请求时的入参: /pay/createOrder?amount=20110&currency=IDR&expectPayCodeType=0&merchantId=100119&orderNo=TestOrderNo_1695874773130&payChannel=9&payerName=test&payerPhone=081382826302&productId=2023&subject=TestSubject&version=1.0&sign=51ca2e9bed05dec3779bc52ef7406fc1
2023-09-28 12:19:34.965 | DEBUG    | lib.create_order1:post:98 - 2023-09-28 12:19:34 接口返回值: {'code': '200', 'msg': 'SUCCESS', 'sign': '7ee3222d7c269535eaf6174eda1afc7e', 'orderNo': 'TestOrderNo_1695874773130', 'tradeNo': '10012023092811193471500004', 'payCode': '103406000000025896', 'payCodeType': '0', 'expireTime': '2023-09-29 04:01:14'}
2023-09-28 12:19:34.966 | DEBUG    | lib.create_order1:post:93 - 2023-09-28 12:19:34 发起post请求:下单
2023-09-28 12:19:34.966 | DEBUG    | lib.create_order1:post:94 - 2023-09-28 12:19:34 请求时的入参: /pay/createOrder?amount=20101&currency=IDR&expectPayCodeType=0&merchantId=100119&orderNo=TestOrderNo_1695874774967&payChannel=9&payerName=test&payerPhone=081382826302&productId=2023&subject=TestSubject&version=1.0&sign=874049156e6f25d93dca024af15631b1
2023-09-28 12:19:36.152 | DEBUG    | lib.create_order1:post:98 - 2023-09-28 12:19:36 接口返回值: {'code': '200', 'msg': 'SUCCESS', 'sign': '82e8a288f5351960a825aac39d3844bd', 'orderNo': 'TestOrderNo_1695874774967', 'tradeNo': '10012023092811193598900004', 'payCode': '103406000000025897', 'payCodeType': '0', 'expireTime': '2023-09-29 04:01:15'}
2023-09-28 12:19:39.158 | DEBUG    | lib.create_order1:post:93 - 2023-09-28 12:19:39 发起post请求:下单
2023-09-28 12:19:39.158 | DEBUG    | lib.create_order1:post:94 - 2023-09-28 12:19:39 请求时的入参: /pay/createOrder?amount=20110&currency=IDR&expectPayCodeType=0&merchantId=100119&orderNo=TestOrderNo_1695874779158&payChannel=15&payerName=test&payerPhone=081382826303&productId=2023&subject=TestSubject&version=1.0&sign=4ac60aaa523fd88b08136e25b35d0a74
2023-09-28 12:19:40.531 | DEBUG    | lib.create_order1:post:98 - 2023-09-28 12:19:40 接口返回值: {'code': '200', 'msg': 'SUCCESS', 'sign': '6ff47aef61ffeba1fb67629ba5df6e33', 'orderNo': 'TestOrderNo_1695874779158', 'tradeNo': '10012023092811194070000008', 'payCode': 'https://checkouttest.lipperpay.com/walletPay?orderInfo=wU3NFGwK4395KeELxFzSVfIUOLJ8eyjkmh%2BrAesa2lh9qxOhqu8n9rXwEeGRlwSp%2FDZ27KIvm%2BBbTnQqp17hdfgsM3UZ2SS5%2F%2BF1QkhdPpD9VwKrgZpG1lCeDvaeBIkbaKi%2FM1wf3iGqovSbTHA5wEN4QKbjhAXs3VIQQ0YguXA%3D', 'payCodeType': '1', 'expireTime': '2023-09-28 12:19:40'}
2023-09-28 12:19:40.532 | DEBUG    | lib.create_order1:post:93 - 2023-09-28 12:19:40 发起post请求:下单
2023-09-28 12:19:40.532 | DEBUG    | lib.create_order1:post:94 - 2023-09-28 12:19:40 请求时的入参: /pay/createOrder?amount=20101&currency=IDR&expectPayCodeType=0&merchantId=100119&orderNo=TestOrderNo_1695874780532&payChannel=15&payerName=test&payerPhone=081382826303&productId=2023&subject=TestSubject&version=1.0&sign=12104964b0be36c7ebf541a0a67c4bea
2023-09-28 12:19:41.404 | DEBUG    | lib.create_order1:post:98 - 2023-09-28 12:19:41 接口返回值: {'code': '200', 'msg': 'SUCCESS', 'sign': 'f391e35fbfee3f737cede90dab1a404f', 'orderNo': 'TestOrderNo_1695874780532', 'tradeNo': '10012023092811194158600000', 'payCode': 'https://checkouttest.lipperpay.com/walletPay?orderInfo=wU3NFGwK4395KeELxFzSVfIUOLJ8eyjkmh%2BrAesa2lh9qxOhqu8n9rXwEeGRlwSph3VIdimXiyE6GNg1920khvgsM3UZ2SS5%2F%2BF1QkhdPpDsGvu6bptdW8LsmNWRFl8UtNGL0hs1d7dGt%2Flzhy9WXUN4QKbjhAXs3VIQQ0YguXA%3D', 'payCodeType': '1', 'expireTime': '2023-09-28 12:19:41'}
2023-09-28 12:19:41.404 | DEBUG    | lib.create_order1:post:93 - 2023-09-28 12:19:41 发起post请求:下单
2023-09-28 12:19:41.405 | DEBUG    | lib.create_order1:post:94 - 2023-09-28 12:19:41 请求时的入参: /pay/createOrder?amount=20110&currency=IDR&expectPayCodeType=0&merchantId=100119&orderNo=TestOrderNo_1695874781404&payChannel=16&payerName=test&payerPhone=081382826303&productId=2023&subject=TestSubject&version=1.0&sign=172e5081a8cdc1457f6577345616f77b
2023-09-28 12:19:44.454 | DEBUG    | lib.create_order1:post:98 - 2023-09-28 12:19:44 接口返回值: {'code': '200', 'msg': 'SUCCESS', 'sign': '4c32fbced0c53c0ddc2ab5b86a835ef8', 'orderNo': 'TestOrderNo_1695874781404', 'tradeNo': '10012023092811194245000008', 'payCode': 'http://mock qris qrcode', 'payCodeType': '1', 'expireTime': '2023-09-28 12:19:42'}
2023-09-28 12:19:44.455 | DEBUG    | lib.create_order1:post:93 - 2023-09-28 12:19:44 发起post请求:下单
2023-09-28 12:19:44.455 | DEBUG    | lib.create_order1:post:94 - 2023-09-28 12:19:44 请求时的入参: /pay/createOrder?amount=20101&currency=IDR&expectPayCodeType=0&merchantId=100119&orderNo=TestOrderNo_1695874784455&payChannel=16&payerName=test&payerPhone=081382826303&productId=2023&subject=TestSubject&version=1.0&sign=d51dc5a2e59f0fe965e977be858205af
2023-09-28 12:19:46.421 | DEBUG    | lib.create_order1:post:98 - 2023-09-28 12:19:46 接口返回值: {'code': '200', 'msg': 'SUCCESS', 'sign': 'be1fa03501fd8c487af4fe81e949c9fe', 'orderNo': 'TestOrderNo_1695874784455', 'tradeNo': '10012023092811194603200000', 'payCode': 'http://mock qris qrcode', 'payCodeType': '1', 'expireTime': '2023-09-28 12:19:46'}
2023-09-28 12:19:46.422 | DEBUG    | lib.create_order1:post:93 - 2023-09-28 12:19:46 发起post请求:下单
2023-09-28 12:19:46.422 | DEBUG    | lib.create_order1:post:94 - 2023-09-28 12:19:46 请求时的入参: /pay/createOrder?amount=20110&currency=IDR&expectPayCodeType=0&merchantId=100119&orderNo=TestOrderNo_1695874786421&payChannel=17&payerName=test&payerPhone=081382826303&productId=2023&subject=TestSubject&version=1.0&sign=75be208a110e13d265d258f6487719f5
2023-09-28 12:19:48.204 | DEBUG    | lib.create_order1:post:98 - 2023-09-28 12:19:48 接口返回值: {'code': '200', 'msg': 'SUCCESS', 'sign': '783d1710d7d807d3703ffe740f4c69c4', 'orderNo': 'TestOrderNo_1695874786421', 'tradeNo': '10012023092811194805500009', 'payCode': 'https://checkouttest.lipperpay.com/mock?orderInfo=PkKE5VRzA2NqiSDiRdeoWcJqXuh%2Bj%2F2hYuisPUMTDpNTf5NoRvj9l3EBOl7u8MP453REbrRfIjPu2FcD7k4PPw%3D%3D', 'payCodeType': '1', 'expireTime': '2023-09-28 12:19:48'}
2023-09-28 12:19:48.205 | DEBUG    | lib.create_order1:post:93 - 2023-09-28 12:19:48 发起post请求:下单
2023-09-28 12:19:48.205 | DEBUG    | lib.create_order1:post:94 - 2023-09-28 12:19:48 请求时的入参: /pay/createOrder?amount=20101&currency=IDR&expectPayCodeType=0&merchantId=100119&orderNo=TestOrderNo_1695874788205&payChannel=17&payerName=test&payerPhone=081382826303&productId=2023&subject=TestSubject&version=1.0&sign=e968f0ecb839edb87e0e30fb04888f7c
2023-09-28 12:19:49.335 | DEBUG    | lib.create_order1:post:98 - 2023-09-28 12:19:49 接口返回值: {'code': '200', 'msg': 'SUCCESS', 'sign': 'fc716438978a23f84ed367191747773f', 'orderNo': 'TestOrderNo_1695874788205', 'tradeNo': '10012023092811194927300007', 'payCode': 'https://checkouttest.lipperpay.com/mock?orderInfo=PkKE5VRzA2NqiSDiRdeoWcJqXuh%2Bj%2F2hYuisPUMTDpPSZZ1z5Qu1buHGpel6EdYh53REbrRfIjPu2FcD7k4PPw%3D%3D', 'payCodeType': '1', 'expireTime': '2023-09-28 12:19:49'}
2023-09-28 12:19:49.336 | DEBUG    | lib.create_order1:post:93 - 2023-09-28 12:19:49 发起post请求:下单
2023-09-28 12:19:49.336 | DEBUG    | lib.create_order1:post:94 - 2023-09-28 12:19:49 请求时的入参: /pay/createOrder?amount=20110&currency=IDR&expectPayCodeType=0&merchantId=100119&orderNo=TestOrderNo_1695874789337&payChannel=18&payerName=test&payerPhone=081382826303&productId=2023&subject=TestSubject&version=1.0&sign=64ffe8949688b68a4c9b506d6c4eb2cf
2023-09-28 12:19:50.979 | DEBUG    | lib.create_order1:post:98 - 2023-09-28 12:19:50 接口返回值: {'code': '200', 'msg': 'SUCCESS', 'sign': 'c01ba14b8f6f7e34dcd94b841b8ec832', 'orderNo': 'TestOrderNo_1695874789337', 'tradeNo': '10012023092811195089200000', 'payCode': 'https://checkouttest.lipperpay.com/mock?orderInfo=PkKE5VRzA2NqiSDiRdeoWcJqXuh%2Bj%2F2hYuisPUMTDpP2Wj8PB3ObE3%2BQbAnDAnPv53REbrRfIjPu2FcD7k4PPw%3D%3D', 'payCodeType': '1', 'expireTime': '2023-09-28 12:19:50'}
2023-09-28 12:19:50.980 | DEBUG    | lib.create_order1:post:93 - 2023-09-28 12:19:50 发起post请求:下单
2023-09-28 12:19:50.980 | DEBUG    | lib.create_order1:post:94 - 2023-09-28 12:19:50 请求时的入参: /pay/createOrder?amount=20101&currency=IDR&expectPayCodeType=0&merchantId=100119&orderNo=TestOrderNo_1695874790981&payChannel=18&payerName=test&payerPhone=081382826303&productId=2023&subject=TestSubject&version=1.0&sign=ccac4be202690adfc6f16c8e0d37b142
2023-09-28 12:19:52.674 | DEBUG    | lib.create_order1:post:98 - 2023-09-28 12:19:52 接口返回值: {'code': '200', 'msg': 'SUCCESS', 'sign': 'ab97db4274c88cea9d3c6c5daaae0e69', 'orderNo': 'TestOrderNo_1695874790981', 'tradeNo': '10012023092811195258200005', 'payCode': 'https://checkouttest.lipperpay.com/mock?orderInfo=PkKE5VRzA2NqiSDiRdeoWcJqXuh%2Bj%2F2hYuisPUMTDpMyclHWqVk5JGc8JvDPafkY53REbrRfIjPu2FcD7k4PPw%3D%3D', 'payCodeType': '1', 'expireTime': '2023-09-28 12:19:52'}
2023-09-28 12:19:52.676 | DEBUG    | lib.create_order1:post:93 - 2023-09-28 12:19:52 发起post请求:下单
2023-09-28 12:19:52.676 | DEBUG    | lib.create_order1:post:94 - 2023-09-28 12:19:52 请求时的入参: /pay/createOrder?amount=20110&currency=IDR&expectPayCodeType=0&merchantId=100119&orderNo=TestOrderNo_1695874792677&payChannel=19&payerName=test&payerPhone=081382826303&productId=2023&subject=TestSubject&version=1.0&sign=918fd0487394daa2d68d4e8852510d39
2023-09-28 12:19:53.826 | DEBUG    | lib.create_order1:post:98 - 2023-09-28 12:19:53 接口返回值: {'code': '200', 'msg': 'SUCCESS', 'sign': 'c8fd98a2a2ae31cb4d4e197fd6977ebb', 'orderNo': 'TestOrderNo_1695874792677', 'tradeNo': '10012023092811195376200002', 'payCode': 'https://checkouttest.lipperpay.com/mock?orderInfo=PkKE5VRzA2NqiSDiRdeoWcJqXuh%2Bj%2F2hYuisPUMTDpMFJxCJgwe2ikifr6jf5SW853REbrRfIjPu2FcD7k4PPw%3D%3D', 'payCodeType': '1', 'expireTime': '2023-09-28 12:19:53'}
2023-09-28 12:19:53.827 | DEBUG    | lib.create_order1:post:93 - 2023-09-28 12:19:53 发起post请求:下单
2023-09-28 12:19:53.828 | DEBUG    | lib.create_order1:post:94 - 2023-09-28 12:19:53 请求时的入参: /pay/createOrder?amount=20101&currency=IDR&expectPayCodeType=0&merchantId=100119&orderNo=TestOrderNo_1695874793828&payChannel=19&payerName=test&payerPhone=081382826303&productId=2023&subject=TestSubject&version=1.0&sign=082791690c2831464d8a3482664eba0b
2023-09-28 12:19:55.443 | DEBUG    | lib.create_order1:post:98 - 2023-09-28 12:19:55 接口返回值: {'code': '200', 'msg': 'SUCCESS', 'sign': 'ee9471094118981d988050274fd1a7de', 'orderNo': 'TestOrderNo_1695874793828', 'tradeNo': '10012023092811195538100009', 'payCode': 'https://checkouttest.lipperpay.com/mock?orderInfo=PkKE5VRzA2NqiSDiRdeoWcJqXuh%2Bj%2F2hYuisPUMTDpMJJn%2BoN4MjMQGGuw4tUgkn53REbrRfIjPu2FcD7k4PPw%3D%3D', 'payCodeType': '1', 'expireTime': '2023-09-28 12:19:55'}
2023-09-28 12:19:55.445 | DEBUG    | lib.create_order1:post:93 - 2023-09-28 12:19:55 发起post请求:下单
2023-09-28 12:19:55.445 | DEBUG    | lib.create_order1:post:94 - 2023-09-28 12:19:55 请求时的入参: /pay/createOrder?amount=20110&currency=IDR&expectPayCodeType=0&merchantId=100119&orderNo=TestOrderNo_1695874795445&payChannel=3&payerName=test&payerPhone=081382826303&productId=2023&subject=TestSubject&version=1.0&sign=77bae14f12c296bcd87632459d45250c
2023-09-28 12:19:56.625 | DEBUG    | lib.create_order1:post:98 - 2023-09-28 12:19:56 接口返回值: {'code': '200', 'msg': 'SUCCESS', 'sign': 'e5fb157bc63019fb923d9233adf7c207', 'orderNo': 'TestOrderNo_1695874795445', 'tradeNo': '10012023092811195650600000', 'payCode': '7392600000008852', 'payCodeType': '0', 'expireTime': '2023-09-29 04:01:36'}
2023-09-28 12:19:56.626 | DEBUG    | lib.create_order1:post:93 - 2023-09-28 12:19:56 发起post请求:下单
2023-09-28 12:19:56.626 | DEBUG    | lib.create_order1:post:94 - 2023-09-28 12:19:56 请求时的入参: /pay/createOrder?amount=20101&currency=IDR&expectPayCodeType=0&merchantId=100119&orderNo=TestOrderNo_1695874796627&payChannel=3&payerName=test&payerPhone=081382826303&productId=2023&subject=TestSubject&version=1.0&sign=277f52a921ee5f41707c48c5e057cf4e
2023-09-28 12:19:58.343 | DEBUG    | lib.create_order1:post:98 - 2023-09-28 12:19:58 接口返回值: {'code': '200', 'msg': 'SUCCESS', 'sign': 'f6f95568f1d51bc316a2dc7a2d01c081', 'orderNo': 'TestOrderNo_1695874796627', 'tradeNo': '10012023092811195822500005', 'payCode': '7392600000008853', 'payCodeType': '0', 'expireTime': '2023-09-29 04:01:38'}
2023-09-28 12:19:58.344 | DEBUG    | lib.create_order1:post:93 - 2023-09-28 12:19:58 发起post请求:下单
2023-09-28 12:19:58.344 | DEBUG    | lib.create_order1:post:94 - 2023-09-28 12:19:58 请求时的入参: /pay/createOrder?amount=20110&currency=IDR&expectPayCodeType=0&merchantId=100119&orderNo=TestOrderNo_1695874798344&payChannel=4&payerName=test&payerPhone=081382826303&productId=2023&subject=TestSubject&version=1.0&sign=4fcc3d453f450949ad5cfa61ca7a64b9
2023-09-28 12:20:00.371 | DEBUG    | lib.create_order1:post:98 - 2023-09-28 12:20:00 接口返回值: {'code': '200', 'msg': 'SUCCESS', 'sign': '4cdaf46ddb911f5e081bfdc8947a1096', 'orderNo': 'TestOrderNo_1695874798344', 'tradeNo': '10012023092811195987800000', 'payCode': '8255600000071418', 'payCodeType': '0', 'expireTime': '2023-09-29 04:01:39'}
2023-09-28 12:20:00.372 | DEBUG    | lib.create_order1:post:93 - 2023-09-28 12:20:00 发起post请求:下单
2023-09-28 12:20:00.372 | DEBUG    | lib.create_order1:post:94 - 2023-09-28 12:20:00 请求时的入参: /pay/createOrder?amount=20101&currency=IDR&expectPayCodeType=0&merchantId=100119&orderNo=TestOrderNo_1695874800372&payChannel=4&payerName=test&payerPhone=081382826303&productId=2023&subject=TestSubject&version=1.0&sign=5b14b140ddf3c4c5ed3926c22eacd3bf
2023-09-28 12:20:02.395 | DEBUG    | lib.create_order1:post:98 - 2023-09-28 12:20:02 接口返回值: {'code': '200', 'msg': 'SUCCESS', 'sign': 'd358f8476477589309c6baabd51a0f60', 'orderNo': 'TestOrderNo_1695874800372', 'tradeNo': '10012023092811200195300007', 'payCode': '8255600000071419', 'payCodeType': '0', 'expireTime': '2023-09-29 04:01:41'}
2023-09-28 12:20:02.395 | DEBUG    | lib.create_order1:post:93 - 2023-09-28 12:20:02 发起post请求:下单
2023-09-28 12:20:02.396 | DEBUG    | lib.create_order1:post:94 - 2023-09-28 12:20:02 请求时的入参: /pay/createOrder?amount=20110&currency=IDR&expectPayCodeType=0&merchantId=100119&orderNo=TestOrderNo_1695874802395&payChannel=5&payerName=test&payerPhone=081382826303&productId=2023&subject=TestSubject&version=1.0&sign=ec54cc3848c8f33acbec79149af11341
2023-09-28 12:20:04.093 | DEBUG    | lib.create_order1:post:98 - 2023-09-28 12:20:04 接口返回值: {'code': '200', 'msg': 'SUCCESS', 'sign': '0907a76ec4467c1e8e020f7715334860', 'orderNo': 'TestOrderNo_1695874802395', 'tradeNo': '10012023092811200395100009', 'payCode': '700707760000012716', 'payCodeType': '0', 'expireTime': '2023-09-29 04:01:43'}
2023-09-28 12:20:04.094 | DEBUG    | lib.create_order1:post:93 - 2023-09-28 12:20:04 发起post请求:下单
2023-09-28 12:20:04.094 | DEBUG    | lib.create_order1:post:94 - 2023-09-28 12:20:04 请求时的入参: /pay/createOrder?amount=20101&currency=IDR&expectPayCodeType=0&merchantId=100119&orderNo=TestOrderNo_1695874804094&payChannel=5&payerName=test&payerPhone=081382826303&productId=2023&subject=TestSubject&version=1.0&sign=d8e4992ee546a329ba0c3f30e3132d93
2023-09-28 12:20:05.832 | DEBUG    | lib.create_order1:post:98 - 2023-09-28 12:20:05 接口返回值: {'code': '200', 'msg': 'SUCCESS', 'sign': '994204b40b740ed4917651e9c48f4be8', 'orderNo': 'TestOrderNo_1695874804094', 'tradeNo': '10012023092811200568400004', 'payCode': '700707760000012717', 'payCodeType': '0', 'expireTime': '2023-09-29 04:01:45'}
2023-09-28 12:20:05.836 | DEBUG    | lib.create_order1:post:93 - 2023-09-28 12:20:05 发起post请求:下单
2023-09-28 12:20:05.836 | DEBUG    | lib.create_order1:post:94 - 2023-09-28 12:20:05 请求时的入参: /pay/createOrder?amount=20110&currency=IDR&expectPayCodeType=0&merchantId=100119&orderNo=TestOrderNo_1695874805837&payChannel=6&payerName=test&payerPhone=081382826303&productId=2023&subject=TestSubject&version=1.0&sign=f3d78ca662f9857efd42ed105c89091f
2023-09-28 12:20:07.546 | DEBUG    | lib.create_order1:post:98 - 2023-09-28 12:20:07 接口返回值: {'code': '200', 'msg': 'SUCCESS', 'sign': '9629ec9460c9ee4c9c068bac1939d469', 'orderNo': 'TestOrderNo_1695874805837', 'tradeNo': '10012023092811200743500009', 'payCode': '23096000000110779', 'payCodeType': '0', 'expireTime': '2023-09-29 04:01:47'}
2023-09-28 12:20:07.547 | DEBUG    | lib.create_order1:post:93 - 2023-09-28 12:20:07 发起post请求:下单
2023-09-28 12:20:07.547 | DEBUG    | lib.create_order1:post:94 - 2023-09-28 12:20:07 请求时的入参: /pay/createOrder?amount=20101&currency=IDR&expectPayCodeType=0&merchantId=100119&orderNo=TestOrderNo_1695874807547&payChannel=6&payerName=test&payerPhone=081382826303&productId=2023&subject=TestSubject&version=1.0&sign=f016bf959bbecb3c547ad6f63a9e38b1
2023-09-28 12:20:08.742 | DEBUG    | lib.create_order1:post:98 - 2023-09-28 12:20:08 接口返回值: {'code': '200', 'msg': 'SUCCESS', 'sign': 'e982f2d485a577aacee7e5e62f0377f8', 'orderNo': 'TestOrderNo_1695874807547', 'tradeNo': '10012023092811200862200001', 'payCode': '23096000000110780', 'payCodeType': '0', 'expireTime': '2023-09-29 04:01:48'}
2023-09-28 12:20:08.743 | DEBUG    | lib.create_order1:post:93 - 2023-09-28 12:20:08 发起post请求:下单
2023-09-28 12:20:08.743 | DEBUG    | lib.create_order1:post:94 - 2023-09-28 12:20:08 请求时的入参: /pay/createOrder?amount=20110&currency=IDR&expectPayCodeType=0&merchantId=100119&orderNo=TestOrderNo_1695874808744&payChannel=9&payerName=test&payerPhone=081382826303&productId=2023&subject=TestSubject&version=1.0&sign=9fdf5c0c370c34c85d5e6fe6efd432ca
2023-09-28 12:20:10.505 | DEBUG    | lib.create_order1:post:98 - 2023-09-28 12:20:10 接口返回值: {'code': '200', 'msg': 'SUCCESS', 'sign': '9e41d2727c6595b0f29b07aa38b24ed0', 'orderNo': 'TestOrderNo_1695874808744', 'tradeNo': '10012023092811201036600001', 'payCode': '103406000000025898', 'payCodeType': '0', 'expireTime': '2023-09-29 04:01:50'}
2023-09-28 12:20:10.506 | DEBUG    | lib.create_order1:post:93 - 2023-09-28 12:20:10 发起post请求:下单
2023-09-28 12:20:10.507 | DEBUG    | lib.create_order1:post:94 - 2023-09-28 12:20:10 请求时的入参: /pay/createOrder?amount=20101&currency=IDR&expectPayCodeType=0&merchantId=100119&orderNo=TestOrderNo_1695874810507&payChannel=9&payerName=test&payerPhone=081382826303&productId=2023&subject=TestSubject&version=1.0&sign=8e38510e24fe7fe9d4e6fc749dc53d3b
2023-09-28 12:20:11.765 | DEBUG    | lib.create_order1:post:98 - 2023-09-28 12:20:11 接口返回值: {'code': '200', 'msg': 'SUCCESS', 'sign': '6c15cc98a662fa2be41743e0c3868d1b', 'orderNo': 'TestOrderNo_1695874810507', 'tradeNo': '10012023092811201159700000', 'payCode': '103406000000025899', 'payCodeType': '0', 'expireTime': '2023-09-29 04:01:51'}
2023-09-28 12:20:14.777 | DEBUG    | lib.create_order1:post:93 - 2023-09-28 12:20:14 发起post请求:下单
2023-09-28 12:20:14.778 | DEBUG    | lib.create_order1:post:94 - 2023-09-28 12:20:14 请求时的入参: /pay/createOrder?amount=20110&currency=IDR&expectPayCodeType=0&merchantId=100119&orderNo=TestOrderNo_1695874814778&payChannel=15&payerName=test&payerPhone=081382826306&productId=2023&subject=TestSubject&version=1.0&sign=04fe080381a3caa69043c0857bbaa006
2023-09-28 12:20:16.219 | DEBUG    | lib.create_order1:post:98 - 2023-09-28 12:20:16 接口返回值: {'code': '200', 'msg': 'SUCCESS', 'sign': 'd2534376e8b76538756834b5b77f81dc', 'orderNo': 'TestOrderNo_1695874814778', 'tradeNo': '10012023092811201638000006', 'payCode': 'https://checkouttest.lipperpay.com/walletPay?orderInfo=wU3NFGwK4395KeELxFzSVfIUOLJ8eyjkmh%2BrAesa2ljkJ6BrPJk2b5BUTbqkXilzFxXkbaS4U67DS4wTFjXT%2BPgsM3UZ2SS5%2F%2BF1QkhdPpBcYIekzAfd07VxdddveEA8aKi%2FM1wf3iGqovSbTHA5wEN4QKbjhAXs3VIQQ0YguXA%3D', 'payCodeType': '1', 'expireTime': '2023-09-28 12:20:16'}
2023-09-28 12:20:16.219 | DEBUG    | lib.create_order1:post:93 - 2023-09-28 12:20:16 发起post请求:下单
2023-09-28 12:20:16.219 | DEBUG    | lib.create_order1:post:94 - 2023-09-28 12:20:16 请求时的入参: /pay/createOrder?amount=20101&currency=IDR&expectPayCodeType=0&merchantId=100119&orderNo=TestOrderNo_1695874816219&payChannel=15&payerName=test&payerPhone=081382826306&productId=2023&subject=TestSubject&version=1.0&sign=391085457da8777143ff1f670bb22aba
2023-09-28 12:20:17.022 | DEBUG    | lib.create_order1:post:98 - 2023-09-28 12:20:17 接口返回值: {'code': '88011', 'msg': 'this channel is not supported yet', 'sign': 'e5ecde88e5c47f010ffd43aa30f7c64e'}
2023-09-28 12:20:17.023 | DEBUG    | lib.create_order1:post:93 - 2023-09-28 12:20:17 发起post请求:下单
2023-09-28 12:20:17.024 | DEBUG    | lib.create_order1:post:94 - 2023-09-28 12:20:17 请求时的入参: /pay/createOrder?amount=20110&currency=IDR&expectPayCodeType=0&merchantId=100119&orderNo=TestOrderNo_1695874817024&payChannel=16&payerName=test&payerPhone=081382826306&productId=2023&subject=TestSubject&version=1.0&sign=018e5b2f2f67cf17f75f155db843687d
2023-09-28 12:20:18.430 | DEBUG    | lib.create_order1:post:98 - 2023-09-28 12:20:18 接口返回值: {'code': '200', 'msg': 'SUCCESS', 'sign': '41eb934c6d89e8211785f971c5fe9d38', 'orderNo': 'TestOrderNo_1695874817024', 'tradeNo': '10012023092811201807600008', 'payCode': 'some-random-qr-string', 'payCodeType': '1', 'expireTime': '2023-09-28 12:20:18'}
2023-09-28 12:20:18.432 | DEBUG    | lib.create_order1:post:93 - 2023-09-28 12:20:18 发起post请求:下单
2023-09-28 12:20:18.432 | DEBUG    | lib.create_order1:post:94 - 2023-09-28 12:20:18 请求时的入参: /pay/createOrder?amount=20101&currency=IDR&expectPayCodeType=0&merchantId=100119&orderNo=TestOrderNo_1695874818432&payChannel=16&payerName=test&payerPhone=081382826306&productId=2023&subject=TestSubject&version=1.0&sign=0fd193289b5b0df3e7a8a5b3a3544086
2023-09-28 12:20:20.330 | DEBUG    | lib.create_order1:post:98 - 2023-09-28 12:20:20 接口返回值: {'code': '200', 'msg': 'SUCCESS', 'sign': 'cfccbc312b7ebc5160cdb35ee80ec2c0', 'orderNo': 'TestOrderNo_1695874818432', 'tradeNo': '10012023092811201998400002', 'payCode': 'some-random-qr-string', 'payCodeType': '1', 'expireTime': '2023-09-28 12:20:19'}
2023-09-28 12:20:20.332 | DEBUG    | lib.create_order1:post:93 - 2023-09-28 12:20:20 发起post请求:下单
2023-09-28 12:20:20.332 | DEBUG    | lib.create_order1:post:94 - 2023-09-28 12:20:20 请求时的入参: /pay/createOrder?amount=20110&currency=IDR&expectPayCodeType=0&merchantId=100119&orderNo=TestOrderNo_1695874820332&payChannel=17&payerName=test&payerPhone=081382826306&productId=2023&subject=TestSubject&version=1.0&sign=18516981706a5bcd696fd11e50ef4337
2023-09-28 12:20:22.535 | DEBUG    | lib.create_order1:post:98 - 2023-09-28 12:20:22 接口返回值: {'code': '200', 'msg': 'SUCCESS', 'sign': '86a28d1f6c872626fd0192e6f8d05c6b', 'orderNo': 'TestOrderNo_1695874820332', 'tradeNo': '10012023092811202192500001', 'payCode': 'https://checkouttest.lipperpay.com/mock?orderInfo=PkKE5VRzA2NqiSDiRdeoWcJqXuh%2Bj%2F2hYuisPUMTDpNpPWmD6hwdqnIU05lDftqV53REbrRfIjPu2FcD7k4PPw%3D%3D', 'payCodeType': '1', 'expireTime': '2023-09-28 12:20:21'}
2023-09-28 12:20:22.536 | DEBUG    | lib.create_order1:post:93 - 2023-09-28 12:20:22 发起post请求:下单
2023-09-28 12:20:22.536 | DEBUG    | lib.create_order1:post:94 - 2023-09-28 12:20:22 请求时的入参: /pay/createOrder?amount=20101&currency=IDR&expectPayCodeType=0&merchantId=100119&orderNo=TestOrderNo_1695874822537&payChannel=17&payerName=test&payerPhone=081382826306&productId=2023&subject=TestSubject&version=1.0&sign=c654cdfcbdbbecc13b7b9f6d43f80445
2023-09-28 12:20:24.502 | DEBUG    | lib.create_order1:post:98 - 2023-09-28 12:20:24 接口返回值: {'code': '200', 'msg': 'SUCCESS', 'sign': '6fcb2184f93e9011e7d80a1139a1fc6a', 'orderNo': 'TestOrderNo_1695874822537', 'tradeNo': '10012023092811202411100005', 'payCode': 'https://checkouttest.lipperpay.com/mock?orderInfo=PkKE5VRzA2NqiSDiRdeoWcJqXuh%2Bj%2F2hYuisPUMTDpPsPDD6zsP7IUEG0aNhPDqN53REbrRfIjPu2FcD7k4PPw%3D%3D', 'payCodeType': '1', 'expireTime': '2023-09-28 12:20:24'}
2023-09-28 12:20:24.502 | DEBUG    | lib.create_order1:post:93 - 2023-09-28 12:20:24 发起post请求:下单
2023-09-28 12:20:24.503 | DEBUG    | lib.create_order1:post:94 - 2023-09-28 12:20:24 请求时的入参: /pay/createOrder?amount=20110&currency=IDR&expectPayCodeType=0&merchantId=100119&orderNo=TestOrderNo_1695874824503&payChannel=18&payerName=test&payerPhone=081382826306&productId=2023&subject=TestSubject&version=1.0&sign=0c1285b3b417dc46247e82d057c7ae76
2023-09-28 12:20:26.078 | DEBUG    | lib.create_order1:post:98 - 2023-09-28 12:20:26 接口返回值: {'code': '200', 'msg': 'SUCCESS', 'sign': '73718c0498a61de3d1e46f47d70c1006', 'orderNo': 'TestOrderNo_1695874824503', 'tradeNo': '10012023092811202602200002', 'payCode': 'https://checkouttest.lipperpay.com/mock?orderInfo=PkKE5VRzA2NqiSDiRdeoWcJqXuh%2Bj%2F2hYuisPUMTDpMZwcM2PrZ5TEgFrOyNHGCc53REbrRfIjPu2FcD7k4PPw%3D%3D', 'payCodeType': '1', 'expireTime': '2023-09-28 12:20:26'}
2023-09-28 12:20:26.080 | DEBUG    | lib.create_order1:post:93 - 2023-09-28 12:20:26 发起post请求:下单
2023-09-28 12:20:26.080 | DEBUG    | lib.create_order1:post:94 - 2023-09-28 12:20:26 请求时的入参: /pay/createOrder?amount=20101&currency=IDR&expectPayCodeType=0&merchantId=100119&orderNo=TestOrderNo_1695874826080&payChannel=18&payerName=test&payerPhone=081382826306&productId=2023&subject=TestSubject&version=1.0&sign=69f8a14c8bd4019d124c36da23961152
2023-09-28 12:20:27.503 | DEBUG    | lib.create_order1:post:98 - 2023-09-28 12:20:27 接口返回值: {'code': '200', 'msg': 'SUCCESS', 'sign': '3ed30a6b8d7d61c279b74522af8e6292', 'orderNo': 'TestOrderNo_1695874826080', 'tradeNo': '10012023092811202767400009', 'payCode': 'https://checkouttest.lipperpay.com/mock?orderInfo=PkKE5VRzA2NqiSDiRdeoWcJqXuh%2Bj%2F2hYuisPUMTDpPcB7qs4mWRArc2dXhxcGIQ53REbrRfIjPu2FcD7k4PPw%3D%3D', 'payCodeType': '1', 'expireTime': '2023-09-28 12:20:27'}
2023-09-28 12:20:27.504 | DEBUG    | lib.create_order1:post:93 - 2023-09-28 12:20:27 发起post请求:下单
2023-09-28 12:20:27.505 | DEBUG    | lib.create_order1:post:94 - 2023-09-28 12:20:27 请求时的入参: /pay/createOrder?amount=20110&currency=IDR&expectPayCodeType=0&merchantId=100119&orderNo=TestOrderNo_1695874827504&payChannel=19&payerName=test&payerPhone=081382826306&productId=2023&subject=TestSubject&version=1.0&sign=7d87418375f2ed5f8c582e1f4d2ca439
2023-09-28 12:20:30.095 | DEBUG    | lib.create_order1:post:98 - 2023-09-28 12:20:30 接口返回值: {'code': '200', 'msg': 'SUCCESS', 'sign': '5e383fe9d59a5eaad0f2c22428c9e87e', 'orderNo': 'TestOrderNo_1695874827504', 'tradeNo': '10012023092811202909600003', 'payCode': 'https://checkouttest.lipperpay.com/mock?orderInfo=PkKE5VRzA2NqiSDiRdeoWcJqXuh%2Bj%2F2hYuisPUMTDpMAA%2FZ3UjG79cULGeHs3LpY53REbrRfIjPu2FcD7k4PPw%3D%3D', 'payCodeType': '1', 'expireTime': '2023-09-28 12:20:29'}
2023-09-28 12:20:30.096 | DEBUG    | lib.create_order1:post:93 - 2023-09-28 12:20:30 发起post请求:下单
2023-09-28 12:20:30.096 | DEBUG    | lib.create_order1:post:94 - 2023-09-28 12:20:30 请求时的入参: /pay/createOrder?amount=20101&currency=IDR&expectPayCodeType=0&merchantId=100119&orderNo=TestOrderNo_1695874830096&payChannel=19&payerName=test&payerPhone=081382826306&productId=2023&subject=TestSubject&version=1.0&sign=4f150546cfaa657e1d7c9877f0aa7592
2023-09-28 12:20:32.788 | DEBUG    | lib.create_order1:post:98 - 2023-09-28 12:20:32 接口返回值: {'code': '200', 'msg': 'SUCCESS', 'sign': '1e471f593c95ff0504972d6566fc9eb3', 'orderNo': 'TestOrderNo_1695874830096', 'tradeNo': '10012023092811203162600003', 'payCode': 'https://checkouttest.lipperpay.com/mock?orderInfo=PkKE5VRzA2NqiSDiRdeoWcJqXuh%2Bj%2F2hYuisPUMTDpPW2hioOi7tx%2Bk4%2Fanmi0EP53REbrRfIjPu2FcD7k4PPw%3D%3D', 'payCodeType': '1', 'expireTime': '2023-09-28 12:20:31'}
2023-09-28 12:20:32.789 | DEBUG    | lib.create_order1:post:93 - 2023-09-28 12:20:32 发起post请求:下单
2023-09-28 12:20:32.789 | DEBUG    | lib.create_order1:post:94 - 2023-09-28 12:20:32 请求时的入参: /pay/createOrder?amount=20110&currency=IDR&expectPayCodeType=0&merchantId=100119&orderNo=TestOrderNo_1695874832789&payChannel=3&payerName=test&payerPhone=081382826306&productId=2023&subject=TestSubject&version=1.0&sign=d119bc3e7bae68313b00c0988ce10f64
2023-09-28 12:20:36.629 | DEBUG    | lib.create_order1:post:98 - 2023-09-28 12:20:36 接口返回值: {'code': '200', 'msg': 'SUCCESS', 'sign': 'd672a5eeefc4406e9b679d3f2fbd6392', 'orderNo': 'TestOrderNo_1695874832789', 'tradeNo': '10012023092811203588600009', 'payCode': '82149999701915', 'payCodeType': '0', 'expireTime': '2023-09-29 04:02:15'}
2023-09-28 12:20:36.629 | DEBUG    | lib.create_order1:post:93 - 2023-09-28 12:20:36 发起post请求:下单
2023-09-28 12:20:36.629 | DEBUG    | lib.create_order1:post:94 - 2023-09-28 12:20:36 请求时的入参: /pay/createOrder?amount=20101&currency=IDR&expectPayCodeType=0&merchantId=100119&orderNo=TestOrderNo_1695874836630&payChannel=3&payerName=test&payerPhone=081382826306&productId=2023&subject=TestSubject&version=1.0&sign=9224ddf9b431c2fbedd5d05ed67b31af
2023-09-28 12:20:38.256 | DEBUG    | lib.create_order1:post:98 - 2023-09-28 12:20:38 接口返回值: {'code': '200', 'msg': 'SUCCESS', 'sign': '1e06f3b660e4169676a85c81f2dd0014', 'orderNo': 'TestOrderNo_1695874836630', 'tradeNo': '10012023092811203769800006', 'payCode': '82149999661649', 'payCodeType': '0', 'expireTime': '2023-09-29 04:02:17'}
2023-09-28 12:20:38.257 | DEBUG    | lib.create_order1:post:93 - 2023-09-28 12:20:38 发起post请求:下单
2023-09-28 12:20:38.257 | DEBUG    | lib.create_order1:post:94 - 2023-09-28 12:20:38 请求时的入参: /pay/createOrder?amount=20110&currency=IDR&expectPayCodeType=0&merchantId=100119&orderNo=TestOrderNo_1695874838257&payChannel=4&payerName=test&payerPhone=081382826306&productId=2023&subject=TestSubject&version=1.0&sign=50a1236d8dacdfda9c544cfac2a62c17
2023-09-28 12:20:42.209 | DEBUG    | lib.create_order1:post:98 - 2023-09-28 12:20:42 接口返回值: {'code': '200', 'msg': 'SUCCESS', 'sign': '8cf489159ab2b270ad37695ccad4500e', 'orderNo': 'TestOrderNo_1695874838257', 'tradeNo': '10012023092811204190800003', 'payCode': '8808999975938915', 'payCodeType': '0', 'expireTime': '2023-09-29 04:02:21'}
2023-09-28 12:20:42.211 | DEBUG    | lib.create_order1:post:93 - 2023-09-28 12:20:42 发起post请求:下单
2023-09-28 12:20:42.212 | DEBUG    | lib.create_order1:post:94 - 2023-09-28 12:20:42 请求时的入参: /pay/createOrder?amount=20101&currency=IDR&expectPayCodeType=0&merchantId=100119&orderNo=TestOrderNo_1695874842211&payChannel=4&payerName=test&payerPhone=081382826306&productId=2023&subject=TestSubject&version=1.0&sign=62b63327556c474d0fc09bd4889a628a
2023-09-28 12:20:44.059 | DEBUG    | lib.create_order1:post:98 - 2023-09-28 12:20:44 接口返回值: {'code': '200', 'msg': 'SUCCESS', 'sign': '42cb2a713fe722c80567cfaafc13d0d2', 'orderNo': 'TestOrderNo_1695874842211', 'tradeNo': '10012023092811204380200006', 'payCode': '8808999944999033', 'payCodeType': '0', 'expireTime': '2023-09-29 04:02:23'}
2023-09-28 12:20:44.060 | DEBUG    | lib.create_order1:post:93 - 2023-09-28 12:20:44 发起post请求:下单
2023-09-28 12:20:44.060 | DEBUG    | lib.create_order1:post:94 - 2023-09-28 12:20:44 请求时的入参: /pay/createOrder?amount=20110&currency=IDR&expectPayCodeType=0&merchantId=100119&orderNo=TestOrderNo_1695874844061&payChannel=5&payerName=test&payerPhone=081382826306&productId=2023&subject=TestSubject&version=1.0&sign=81e28c76ef87550e0916c6923254dd5f
2023-09-28 12:20:45.892 | DEBUG    | lib.create_order1:post:98 - 2023-09-28 12:20:45 接口返回值: {'code': '200', 'msg': 'SUCCESS', 'sign': '7a3cd2b20cc57ae7ba9f50c07afef15a', 'orderNo': 'TestOrderNo_1695874844061', 'tradeNo': '10012023092811204564900009', 'payCode': '700707760000012718', 'payCodeType': '0', 'expireTime': '2023-09-29 04:02:25'}
2023-09-28 12:20:45.893 | DEBUG    | lib.create_order1:post:93 - 2023-09-28 12:20:45 发起post请求:下单
2023-09-28 12:20:45.893 | DEBUG    | lib.create_order1:post:94 - 2023-09-28 12:20:45 请求时的入参: /pay/createOrder?amount=20101&currency=IDR&expectPayCodeType=0&merchantId=100119&orderNo=TestOrderNo_1695874845893&payChannel=5&payerName=test&payerPhone=081382826306&productId=2023&subject=TestSubject&version=1.0&sign=b282f646f7a3e2a71c835ffcce786ed5
2023-09-28 12:20:47.108 | DEBUG    | lib.create_order1:post:98 - 2023-09-28 12:20:47 接口返回值: {'code': '200', 'msg': 'SUCCESS', 'sign': 'afea7a01f46cccec1e8f6aaaf42e0ba4', 'orderNo': 'TestOrderNo_1695874845893', 'tradeNo': '10012023092811204693800005', 'payCode': '700707760000012719', 'payCodeType': '0', 'expireTime': '2023-09-29 04:02:26'}
2023-09-28 12:20:47.109 | DEBUG    | lib.create_order1:post:93 - 2023-09-28 12:20:47 发起post请求:下单
2023-09-28 12:20:47.110 | DEBUG    | lib.create_order1:post:94 - 2023-09-28 12:20:47 请求时的入参: /pay/createOrder?amount=20110&currency=IDR&expectPayCodeType=0&merchantId=100119&orderNo=TestOrderNo_1695874847110&payChannel=6&payerName=test&payerPhone=081382826306&productId=2023&subject=TestSubject&version=1.0&sign=1f10689e0fcc24ba6abaf4d03626e20e
2023-09-28 12:20:48.497 | DEBUG    | lib.create_order1:post:98 - 2023-09-28 12:20:48 接口返回值: {'code': '88011', 'msg': 'this channel is not supported yet', 'sign': 'e5ecde88e5c47f010ffd43aa30f7c64e'}
2023-09-28 12:20:48.497 | DEBUG    | lib.create_order1:post:93 - 2023-09-28 12:20:48 发起post请求:下单
2023-09-28 12:20:48.498 | DEBUG    | lib.create_order1:post:94 - 2023-09-28 12:20:48 请求时的入参: /pay/createOrder?amount=20101&currency=IDR&expectPayCodeType=0&merchantId=100119&orderNo=TestOrderNo_1695874848497&payChannel=6&payerName=test&payerPhone=081382826306&productId=2023&subject=TestSubject&version=1.0&sign=dbf443850cf1aeb28d86d0f469b89568
2023-09-28 12:20:49.813 | DEBUG    | lib.create_order1:post:98 - 2023-09-28 12:20:49 接口返回值: {'code': '88011', 'msg': 'this channel is not supported yet', 'sign': 'e5ecde88e5c47f010ffd43aa30f7c64e'}
2023-09-28 12:20:49.814 | DEBUG    | lib.create_order1:post:93 - 2023-09-28 12:20:49 发起post请求:下单
2023-09-28 12:20:49.814 | DEBUG    | lib.create_order1:post:94 - 2023-09-28 12:20:49 请求时的入参: /pay/createOrder?amount=20110&currency=IDR&expectPayCodeType=0&merchantId=100119&orderNo=TestOrderNo_1695874849815&payChannel=9&payerName=test&payerPhone=081382826306&productId=2023&subject=TestSubject&version=1.0&sign=5df8402e78cfef9717c52d8cf6bb4aaa
2023-09-28 12:20:51.021 | DEBUG    | lib.create_order1:post:98 - 2023-09-28 12:20:51 接口返回值: {'code': '200', 'msg': 'SUCCESS', 'sign': '23d7a16ca332dc130d75262caad61f4c', 'orderNo': 'TestOrderNo_1695874849815', 'tradeNo': '10012023092811205085700000', 'payCode': '103406000000025900', 'payCodeType': '0', 'expireTime': '2023-09-29 04:02:30'}
2023-09-28 12:20:51.021 | DEBUG    | lib.create_order1:post:93 - 2023-09-28 12:20:51 发起post请求:下单
2023-09-28 12:20:51.021 | DEBUG    | lib.create_order1:post:94 - 2023-09-28 12:20:51 请求时的入参: /pay/createOrder?amount=20101&currency=IDR&expectPayCodeType=0&merchantId=100119&orderNo=TestOrderNo_1695874851021&payChannel=9&payerName=test&payerPhone=081382826306&productId=2023&subject=TestSubject&version=1.0&sign=ef47d79a8e0bae7dae4c1632b6fcfe4f
2023-09-28 12:20:52.222 | DEBUG    | lib.create_order1:post:98 - 2023-09-28 12:20:52 接口返回值: {'code': '200', 'msg': 'SUCCESS', 'sign': '29718f00564b43fcbe58a9ee7f906b26', 'orderNo': 'TestOrderNo_1695874851021', 'tradeNo': '10012023092811205207000008', 'payCode': '103406000000025901', 'payCodeType': '0', 'expireTime': '2023-09-29 04:02:32'}
2023-09-28 12:20:55.232 | DEBUG    | lib.create_order1:post:93 - 2023-09-28 12:20:55 发起post请求:下单
2023-09-28 12:20:55.232 | DEBUG    | lib.create_order1:post:94 - 2023-09-28 12:20:55 请求时的入参: /pay/createOrder?amount=20110&currency=IDR&expectPayCodeType=0&merchantId=100119&orderNo=TestOrderNo_1695874855232&payChannel=17&payerName=test&payerPhone=081382826304&productId=2023&subject=TestSubject&version=1.0&sign=d06e0ae59ec5c0e81a24476dc107f410
2023-09-28 12:20:56.519 | DEBUG    | lib.create_order1:post:98 - 2023-09-28 12:20:56 接口返回值: {'code': '200', 'msg': 'SUCCESS', 'sign': 'eda388605612828c219ef720ae421dfe', 'orderNo': 'TestOrderNo_1695874855232', 'tradeNo': '10012023092811205629700003', 'payCode': 'https://checkouttest.lipperpay.com/mock?orderInfo=PkKE5VRzA2NqiSDiRdeoWcJqXuh%2Bj%2F2hYuisPUMTDpNW3KzZf2kvvf59yD%2BMhxnV53REbrRfIjPu2FcD7k4PPw%3D%3D', 'payCodeType': '1', 'expireTime': '2023-09-28 12:20:56'}
2023-09-28 12:20:56.520 | DEBUG    | lib.create_order1:post:93 - 2023-09-28 12:20:56 发起post请求:下单
2023-09-28 12:20:56.520 | DEBUG    | lib.create_order1:post:94 - 2023-09-28 12:20:56 请求时的入参: /pay/createOrder?amount=20101&currency=IDR&expectPayCodeType=0&merchantId=100119&orderNo=TestOrderNo_1695874856521&payChannel=17&payerName=test&payerPhone=081382826304&productId=2023&subject=TestSubject&version=1.0&sign=74dadb30e98f9f56cdda987b9c3164f5
2023-09-28 12:20:58.284 | DEBUG    | lib.create_order1:post:98 - 2023-09-28 12:20:58 接口返回值: {'code': '200', 'msg': 'SUCCESS', 'sign': '81d550ee96d5bde639fcb1a15fc806e9', 'orderNo': 'TestOrderNo_1695874856521', 'tradeNo': '10012023092811205806100001', 'payCode': 'https://checkouttest.lipperpay.com/mock?orderInfo=PkKE5VRzA2NqiSDiRdeoWcJqXuh%2Bj%2F2hYuisPUMTDpPMlCLaKo%2BLTHSBT17MFKBM53REbrRfIjPu2FcD7k4PPw%3D%3D', 'payCodeType': '1', 'expireTime': '2023-09-28 12:20:58'}
2023-09-28 12:20:58.285 | DEBUG    | lib.create_order1:post:93 - 2023-09-28 12:20:58 发起post请求:下单
2023-09-28 12:20:58.286 | DEBUG    | lib.create_order1:post:94 - 2023-09-28 12:20:58 请求时的入参: /pay/createOrder?amount=20110&currency=IDR&expectPayCodeType=0&merchantId=100119&orderNo=TestOrderNo_1695874858286&payChannel=18&payerName=test&payerPhone=081382826304&productId=2023&subject=TestSubject&version=1.0&sign=74154eb9048531c1552f434b84f82abb
2023-09-28 12:21:00.476 | DEBUG    | lib.create_order1:post:98 - 2023-09-28 12:21:00 接口返回值: {'code': '200', 'msg': 'SUCCESS', 'sign': 'a5af6ddf5ed77e30105aede6131512af', 'orderNo': 'TestOrderNo_1695874858286', 'tradeNo': '10012023092811210006700006', 'payCode': 'https://checkouttest.lipperpay.com/mock?orderInfo=PkKE5VRzA2NqiSDiRdeoWcJqXuh%2Bj%2F2hYuisPUMTDpMHLw3fMYqtQgJyNkVDqygi53REbrRfIjPu2FcD7k4PPw%3D%3D', 'payCodeType': '1', 'expireTime': '2023-09-28 12:21:00'}
2023-09-28 12:21:00.477 | DEBUG    | lib.create_order1:post:93 - 2023-09-28 12:21:00 发起post请求:下单
2023-09-28 12:21:00.477 | DEBUG    | lib.create_order1:post:94 - 2023-09-28 12:21:00 请求时的入参: /pay/createOrder?amount=20101&currency=IDR&expectPayCodeType=0&merchantId=100119&orderNo=TestOrderNo_1695874860478&payChannel=18&payerName=test&payerPhone=081382826304&productId=2023&subject=TestSubject&version=1.0&sign=63e3643decba510aa33ddc6da5dc0f10
2023-09-28 12:21:02.294 | DEBUG    | lib.create_order1:post:98 - 2023-09-28 12:21:02 接口返回值: {'code': '200', 'msg': 'SUCCESS', 'sign': '1cece0e5f907942fea8273174d3bff98', 'orderNo': 'TestOrderNo_1695874860478', 'tradeNo': '10012023092811210204700006', 'payCode': 'https://checkouttest.lipperpay.com/mock?orderInfo=PkKE5VRzA2NqiSDiRdeoWcJqXuh%2Bj%2F2hYuisPUMTDpNwF25YLMK384rJDEUucMDQ53REbrRfIjPu2FcD7k4PPw%3D%3D', 'payCodeType': '1', 'expireTime': '2023-09-28 12:21:02'}
2023-09-28 12:21:02.295 | DEBUG    | lib.create_order1:post:93 - 2023-09-28 12:21:02 发起post请求:下单
2023-09-28 12:21:02.295 | DEBUG    | lib.create_order1:post:94 - 2023-09-28 12:21:02 请求时的入参: /pay/createOrder?amount=20110&currency=IDR&expectPayCodeType=0&merchantId=100119&orderNo=TestOrderNo_1695874862295&payChannel=18&payerName=test&payerPhone=081382826304&productId=2023&subject=TestSubject&version=1.0&sign=5eaba14bd37702e8f3ff312c0cfc4b59
2023-09-28 12:21:03.525 | DEBUG    | lib.create_order1:post:98 - 2023-09-28 12:21:03 接口返回值: {'code': '200', 'msg': 'SUCCESS', 'sign': 'e43e32ae3b7cae7b5b46c7ef9225b0f5', 'orderNo': 'TestOrderNo_1695874862295', 'tradeNo': '10012023092811210332200002', 'payCode': 'https://checkouttest.lipperpay.com/mock?orderInfo=PkKE5VRzA2NqiSDiRdeoWcJqXuh%2Bj%2F2hYuisPUMTDpNsCEsUSlHHyzGSZ9YC1j5y53REbrRfIjPu2FcD7k4PPw%3D%3D', 'payCodeType': '1', 'expireTime': '2023-09-28 12:21:03'}
2023-09-28 12:21:03.526 | DEBUG    | lib.create_order1:post:93 - 2023-09-28 12:21:03 发起post请求:下单
2023-09-28 12:21:03.526 | DEBUG    | lib.create_order1:post:94 - 2023-09-28 12:21:03 请求时的入参: /pay/createOrder?amount=20101&currency=IDR&expectPayCodeType=0&merchantId=100119&orderNo=TestOrderNo_1695874863526&payChannel=18&payerName=test&payerPhone=081382826304&productId=2023&subject=TestSubject&version=1.0&sign=596da3ce839c05428e215feaf4ee32f1
2023-09-28 12:21:05.315 | DEBUG    | lib.create_order1:post:98 - 2023-09-28 12:21:05 接口返回值: {'code': '200', 'msg': 'SUCCESS', 'sign': '9b886984133a65f14307e42845780ba6', 'orderNo': 'TestOrderNo_1695874863526', 'tradeNo': '10012023092811210503600006', 'payCode': 'https://checkouttest.lipperpay.com/mock?orderInfo=PkKE5VRzA2NqiSDiRdeoWcJqXuh%2Bj%2F2hYuisPUMTDpPrhHdAgpZM12iPMopr1JSs53REbrRfIjPu2FcD7k4PPw%3D%3D', 'payCodeType': '1', 'expireTime': '2023-09-28 12:21:05'}
2023-09-28 12:21:05.317 | DEBUG    | lib.create_order1:post:93 - 2023-09-28 12:21:05 发起post请求:下单
2023-09-28 12:21:05.317 | DEBUG    | lib.create_order1:post:94 - 2023-09-28 12:21:05 请求时的入参: /pay/createOrder?amount=20110&currency=IDR&expectPayCodeType=0&merchantId=100119&orderNo=TestOrderNo_1695874865316&payChannel=18&payerName=test&payerPhone=081382826304&productId=2023&subject=TestSubject&version=1.0&sign=acc5ff8dfdf3ea8cdf0039bd9d664087
2023-09-28 12:21:07.404 | DEBUG    | lib.create_order1:post:98 - 2023-09-28 12:21:07 接口返回值: {'code': '200', 'msg': 'SUCCESS', 'sign': '2cf12f4b414a67dcf97fbae28d03091b', 'orderNo': 'TestOrderNo_1695874865316', 'tradeNo': '10012023092811210687200003', 'payCode': 'https://checkouttest.lipperpay.com/mock?orderInfo=PkKE5VRzA2NqiSDiRdeoWcJqXuh%2Bj%2F2hYuisPUMTDpP%2B3pfwUFiWe69wjEH1a0hA53REbrRfIjPu2FcD7k4PPw%3D%3D', 'payCodeType': '1', 'expireTime': '2023-09-28 12:21:06'}
2023-09-28 12:21:07.405 | DEBUG    | lib.create_order1:post:93 - 2023-09-28 12:21:07 发起post请求:下单
2023-09-28 12:21:07.405 | DEBUG    | lib.create_order1:post:94 - 2023-09-28 12:21:07 请求时的入参: /pay/createOrder?amount=20101&currency=IDR&expectPayCodeType=0&merchantId=100119&orderNo=TestOrderNo_1695874867406&payChannel=18&payerName=test&payerPhone=081382826304&productId=2023&subject=TestSubject&version=1.0&sign=b1d112c35b34e0e3ab442284846ce26f
2023-09-28 12:21:09.204 | DEBUG    | lib.create_order1:post:98 - 2023-09-28 12:21:09 接口返回值: {'code': '200', 'msg': 'SUCCESS', 'sign': '3ae598467d9174fda16f9c58ec201ce4', 'orderNo': 'TestOrderNo_1695874867406', 'tradeNo': '10012023092811210896300008', 'payCode': 'https://checkouttest.lipperpay.com/mock?orderInfo=PkKE5VRzA2NqiSDiRdeoWcJqXuh%2Bj%2F2hYuisPUMTDpN8U0HlXMN17vH1yuK3Vu7S53REbrRfIjPu2FcD7k4PPw%3D%3D', 'payCodeType': '1', 'expireTime': '2023-09-28 12:21:08'}
2023-09-28 12:21:09.206 | DEBUG    | lib.create_order1:post:93 - 2023-09-28 12:21:09 发起post请求:下单
2023-09-28 12:21:09.206 | DEBUG    | lib.create_order1:post:94 - 2023-09-28 12:21:09 请求时的入参: /pay/createOrder?amount=20110&currency=IDR&expectPayCodeType=0&merchantId=100119&orderNo=TestOrderNo_1695874869206&payChannel=38&payerName=test&payerPhone=081382826304&productId=2023&subject=TestSubject&version=1.0&sign=cfa29d5ebf638e2e3ad86518984a9261
2023-09-28 12:21:10.623 | DEBUG    | lib.create_order1:post:98 - 2023-09-28 12:21:10 接口返回值: {'code': '88011', 'msg': 'this channel is not supported yet', 'sign': 'e5ecde88e5c47f010ffd43aa30f7c64e'}
2023-09-28 12:21:10.623 | DEBUG    | lib.create_order1:post:93 - 2023-09-28 12:21:10 发起post请求:下单
2023-09-28 12:21:10.623 | DEBUG    | lib.create_order1:post:94 - 2023-09-28 12:21:10 请求时的入参: /pay/createOrder?amount=20101&currency=IDR&expectPayCodeType=0&merchantId=100119&orderNo=TestOrderNo_1695874870624&payChannel=38&payerName=test&payerPhone=081382826304&productId=2023&subject=TestSubject&version=1.0&sign=7a9f893ad875240275cd718f27e33c10
2023-09-28 12:21:11.498 | DEBUG    | lib.create_order1:post:98 - 2023-09-28 12:21:11 接口返回值: {'code': '88011', 'msg': 'this channel is not supported yet', 'sign': 'e5ecde88e5c47f010ffd43aa30f7c64e'}
2023-09-28 12:21:11.499 | DEBUG    | lib.create_order1:post:93 - 2023-09-28 12:21:11 发起post请求:下单
2023-09-28 12:21:11.499 | DEBUG    | lib.create_order1:post:94 - 2023-09-28 12:21:11 请求时的入参: /pay/createOrder?amount=20110&currency=IDR&expectPayCodeType=0&merchantId=100119&orderNo=TestOrderNo_1695874871499&payChannel=38&payerName=test&payerPhone=081382826304&productId=2023&subject=TestSubject&version=1.0&sign=c02c627e6f4503873a0c0693536f7c19
2023-09-28 12:21:12.960 | DEBUG    | lib.create_order1:post:98 - 2023-09-28 12:21:12 接口返回值: {'code': '88011', 'msg': 'this channel is not supported yet', 'sign': 'e5ecde88e5c47f010ffd43aa30f7c64e'}
2023-09-28 12:21:12.960 | DEBUG    | lib.create_order1:post:93 - 2023-09-28 12:21:12 发起post请求:下单
2023-09-28 12:21:12.960 | DEBUG    | lib.create_order1:post:94 - 2023-09-28 12:21:12 请求时的入参: /pay/createOrder?amount=20101&currency=IDR&expectPayCodeType=0&merchantId=100119&orderNo=TestOrderNo_1695874872961&payChannel=38&payerName=test&payerPhone=081382826304&productId=2023&subject=TestSubject&version=1.0&sign=b8c5b59d0f1db82eb634c1d3a144e5d2
2023-09-28 12:21:14.423 | DEBUG    | lib.create_order1:post:98 - 2023-09-28 12:21:14 接口返回值: {'code': '88011', 'msg': 'this channel is not supported yet', 'sign': 'e5ecde88e5c47f010ffd43aa30f7c64e'}
2023-09-28 12:21:17.431 | DEBUG    | lib.create_order2:post:93 - 2023-09-28 12:21:17 发起post请求:下单
2023-09-28 12:21:17.431 | DEBUG    | lib.create_order2:post:94 - 2023-09-28 12:21:17 请求时的入参: /pay/createOrder?amount=20110&currency=IDR&expectPayCodeType=0&merchantId=100119&orderNo=TestOrderNo_1695874877431&payChannel=15&payerName=test&payerPhone=081382826301&productId=2023&subject=TestSubject&version=1.0&sign=8244faa93e8a19c26434c9cd1889466b
2023-09-28 12:21:18.883 | DEBUG    | lib.create_order2:post:98 - 2023-09-28 12:21:18 接口返回值: {'code': '200', 'msg': 'SUCCESS', 'sign': '3f223908c482efce9b0de8d89b54ac00', 'orderNo': 'TestOrderNo_1695874877431', 'tradeNo': '10012023092811211903700008', 'payCode': 'https://checkouttest.lipperpay.com/walletPay?orderInfo=wU3NFGwK4395KeELxFzSVfIUOLJ8eyjkmh%2BrAesa2ljkJ6BrPJk2b5BUTbqkXilzp%2B1163ZGE%2FgaZW1GPCWC9vgsM3UZ2SS5%2F%2BF1QkhdPpCKL1sn0vIe1tF%2FepvMvxUUaKi%2FM1wf3iGqovSbTHA5wEN4QKbjhAXs3VIQQ0YguXA%3D', 'payCodeType': '1', 'expireTime': '2023-09-28 12:21:19'}
2023-09-28 12:21:18.884 | DEBUG    | lib.create_order2:post:93 - 2023-09-28 12:21:18 发起post请求:下单
2023-09-28 12:21:18.884 | DEBUG    | lib.create_order2:post:94 - 2023-09-28 12:21:18 请求时的入参: /pay/createOrder?amount=20101&currency=IDR&expectPayCodeType=0&merchantId=100119&orderNo=TestOrderNo_1695874878885&payChannel=15&payerName=test&payerPhone=081382826301&productId=2023&subject=TestSubject&version=1.0&sign=3ad8c04e5ae50583ee14db41e1eb1268
2023-09-28 12:21:20.333 | DEBUG    | lib.create_order2:post:98 - 2023-09-28 12:21:20 接口返回值: {'code': '200', 'msg': 'SUCCESS', 'sign': 'ae942eeb2139ee7c7360ddd9975162a7', 'orderNo': 'TestOrderNo_1695874878885', 'tradeNo': '10012023092811212049600003', 'payCode': 'https://checkouttest.lipperpay.com/walletPay?orderInfo=wU3NFGwK4395KeELxFzSVfIUOLJ8eyjkmh%2BrAesa2ljkJ6BrPJk2b5BUTbqkXilztZ1C6A1RrAdnkv6p6zcYmfgsM3UZ2SS5%2F%2BF1QkhdPpASY0n4M4OHLyiWGZpyAqPttNGL0hs1d7dGt%2Flzhy9WXUN4QKbjhAXs3VIQQ0YguXA%3D', 'payCodeType': '1', 'expireTime': '2023-09-28 12:21:20'}
2023-09-28 12:21:20.334 | DEBUG    | lib.create_order2:post:93 - 2023-09-28 12:21:20 发起post请求:下单
2023-09-28 12:21:20.334 | DEBUG    | lib.create_order2:post:94 - 2023-09-28 12:21:20 请求时的入参: /pay/createOrder?amount=20110&currency=IDR&expectPayCodeType=0&merchantId=100119&orderNo=TestOrderNo_1695874880334&payChannel=16&payerName=test&payerPhone=081382826301&productId=2023&subject=TestSubject&version=1.0&sign=69aecac264915b61a9eb5fd7c91e4bd3
2023-09-28 12:21:22.267 | DEBUG    | lib.create_order2:post:98 - 2023-09-28 12:21:22 接口返回值: {'code': '200', 'msg': 'SUCCESS', 'sign': 'f3eb5ad91a153bf0497d7cb93b7838a8', 'orderNo': 'TestOrderNo_1695874880334', 'tradeNo': '10012023092811212193100008', 'payCode': 'some-random-qr-string', 'payCodeType': '1', 'expireTime': '2023-09-28 12:21:21'}
2023-09-28 12:21:22.268 | DEBUG    | lib.create_order2:post:93 - 2023-09-28 12:21:22 发起post请求:下单
2023-09-28 12:21:22.269 | DEBUG    | lib.create_order2:post:94 - 2023-09-28 12:21:22 请求时的入参: /pay/createOrder?amount=20101&currency=IDR&expectPayCodeType=0&merchantId=100119&orderNo=TestOrderNo_1695874882268&payChannel=16&payerName=test&payerPhone=081382826301&productId=2023&subject=TestSubject&version=1.0&sign=64aaf508a8630612e8250329254a63b7
2023-09-28 12:21:24.163 | DEBUG    | lib.create_order2:post:98 - 2023-09-28 12:21:24 接口返回值: {'code': '200', 'msg': 'SUCCESS', 'sign': 'c7333722f0ff275e8c6fef334b39ca4c', 'orderNo': 'TestOrderNo_1695874882268', 'tradeNo': '10012023092811212382000001', 'payCode': 'some-random-qr-string', 'payCodeType': '1', 'expireTime': '2023-09-28 12:21:23'}
2023-09-28 12:21:24.165 | DEBUG    | lib.create_order2:post:93 - 2023-09-28 12:21:24 发起post请求:下单
2023-09-28 12:21:24.165 | DEBUG    | lib.create_order2:post:94 - 2023-09-28 12:21:24 请求时的入参: /pay/createOrder?amount=20110&currency=IDR&expectPayCodeType=0&merchantId=100119&orderNo=TestOrderNo_1695874884164&payChannel=17&payerName=test&payerPhone=081382826301&productId=2023&subject=TestSubject&version=1.0&sign=509a6a9b61dbc97745fe31eafa88336a
2023-09-28 12:21:26.665 | DEBUG    | lib.create_order2:post:98 - 2023-09-28 12:21:26 接口返回值: {'code': '200', 'msg': 'SUCCESS', 'sign': 'a1e51f40f820fba0c30db121a406cbd9', 'orderNo': 'TestOrderNo_1695874884164', 'tradeNo': '10012023092811212572500000', 'payCode': 'https://checkouttest.lipperpay.com/mock?orderInfo=PkKE5VRzA2NqiSDiRdeoWcJqXuh%2Bj%2F2hYuisPUMTDpPihT4ktFYmsDEmkcEW2aFs53REbrRfIjPu2FcD7k4PPw%3D%3D', 'payCodeType': '1', 'expireTime': '2023-09-28 12:21:25'}
2023-09-28 12:21:26.666 | DEBUG    | lib.create_order2:post:93 - 2023-09-28 12:21:26 发起post请求:下单
2023-09-28 12:21:26.666 | DEBUG    | lib.create_order2:post:94 - 2023-09-28 12:21:26 请求时的入参: /pay/createOrder?amount=20101&currency=IDR&expectPayCodeType=0&merchantId=100119&orderNo=TestOrderNo_1695874886666&payChannel=17&payerName=test&payerPhone=081382826301&productId=2023&subject=TestSubject&version=1.0&sign=ee2b3b4e3d04d8ac269df5fadd2917a4
2023-09-28 12:21:28.679 | DEBUG    | lib.create_order2:post:98 - 2023-09-28 12:21:28 接口返回值: {'code': '200', 'msg': 'SUCCESS', 'sign': 'c03b6ed8caa1340ac83d571a16aa49fd', 'orderNo': 'TestOrderNo_1695874886666', 'tradeNo': '10012023092811212772600006', 'payCode': 'https://checkouttest.lipperpay.com/mock?orderInfo=PkKE5VRzA2NqiSDiRdeoWcJqXuh%2Bj%2F2hYuisPUMTDpM%2BWkHDnrloTKOVNE%2F9TezI53REbrRfIjPu2FcD7k4PPw%3D%3D', 'payCodeType': '1', 'expireTime': '2023-09-28 12:21:27'}
2023-09-28 12:21:28.680 | DEBUG    | lib.create_order2:post:93 - 2023-09-28 12:21:28 发起post请求:下单
2023-09-28 12:21:28.680 | DEBUG    | lib.create_order2:post:94 - 2023-09-28 12:21:28 请求时的入参: /pay/createOrder?amount=20110&currency=IDR&expectPayCodeType=0&merchantId=100119&orderNo=TestOrderNo_1695874888680&payChannel=18&payerName=test&payerPhone=081382826301&productId=2023&subject=TestSubject&version=1.0&sign=9bacf8e5b7c15b57f82b6fe873e9154b
2023-09-28 12:21:30.089 | DEBUG    | lib.create_order2:post:98 - 2023-09-28 12:21:30 接口返回值: {'code': '200', 'msg': 'SUCCESS', 'sign': 'f8246a10ef8cfbab458c3f7270c5bf4a', 'orderNo': 'TestOrderNo_1695874888680', 'tradeNo': '10012023092811213027000000', 'payCode': 'https://checkouttest.lipperpay.com/mock?orderInfo=PkKE5VRzA2NqiSDiRdeoWcJqXuh%2Bj%2F2hYuisPUMTDpOt9n0t02p6NTdqOoIqtWK453REbrRfIjPu2FcD7k4PPw%3D%3D', 'payCodeType': '1', 'expireTime': '2023-09-28 12:21:30'}
2023-09-28 12:21:30.089 | DEBUG    | lib.create_order2:post:93 - 2023-09-28 12:21:30 发起post请求:下单
2023-09-28 12:21:30.089 | DEBUG    | lib.create_order2:post:94 - 2023-09-28 12:21:30 请求时的入参: /pay/createOrder?amount=20101&currency=IDR&expectPayCodeType=0&merchantId=100119&orderNo=TestOrderNo_1695874890089&payChannel=18&payerName=test&payerPhone=081382826301&productId=2023&subject=TestSubject&version=1.0&sign=cb21115ab654a786741a1483416507e7
2023-09-28 12:21:31.496 | DEBUG    | lib.create_order2:post:98 - 2023-09-28 12:21:31 接口返回值: {'code': '200', 'msg': 'SUCCESS', 'sign': '65a9d7e6967aff6f9a472fd3e56f50d1', 'orderNo': 'TestOrderNo_1695874890089', 'tradeNo': '10012023092811213167700005', 'payCode': 'https://checkouttest.lipperpay.com/mock?orderInfo=PkKE5VRzA2NqiSDiRdeoWcJqXuh%2Bj%2F2hYuisPUMTDpPoahiNKf09pvTuzNK%2FXN0s53REbrRfIjPu2FcD7k4PPw%3D%3D', 'payCodeType': '1', 'expireTime': '2023-09-28 12:21:31'}
2023-09-28 12:21:31.498 | DEBUG    | lib.create_order2:post:93 - 2023-09-28 12:21:31 发起post请求:下单
2023-09-28 12:21:31.498 | DEBUG    | lib.create_order2:post:94 - 2023-09-28 12:21:31 请求时的入参: /pay/createOrder?amount=20110&currency=IDR&expectPayCodeType=0&merchantId=100119&orderNo=TestOrderNo_1695874891498&payChannel=19&payerName=test&payerPhone=081382826301&productId=2023&subject=TestSubject&version=1.0&sign=c36aeaa5a59fa420e962b8f53afa4169
2023-09-28 12:21:33.405 | DEBUG    | lib.create_order2:post:98 - 2023-09-28 12:21:33 接口返回值: {'code': '200', 'msg': 'SUCCESS', 'sign': 'c46d7c9a0d418d760f35413412708b2b', 'orderNo': 'TestOrderNo_1695874891498', 'tradeNo': '10012023092811213255000003', 'payCode': 'https://checkouttest.lipperpay.com/mock?orderInfo=PkKE5VRzA2NqiSDiRdeoWcJqXuh%2Bj%2F2hYuisPUMTDpNOsvSKNiKGCWcwkGuIHHEc53REbrRfIjPu2FcD7k4PPw%3D%3D', 'payCodeType': '1', 'expireTime': '2023-09-28 12:21:32'}
2023-09-28 12:21:33.406 | DEBUG    | lib.create_order2:post:93 - 2023-09-28 12:21:33 发起post请求:下单
2023-09-28 12:21:33.406 | DEBUG    | lib.create_order2:post:94 - 2023-09-28 12:21:33 请求时的入参: /pay/createOrder?amount=20101&currency=IDR&expectPayCodeType=0&merchantId=100119&orderNo=TestOrderNo_1695874893407&payChannel=19&payerName=test&payerPhone=081382826301&productId=2023&subject=TestSubject&version=1.0&sign=acb04bf868663273bdef61cbcd3e6bb3
2023-09-28 12:21:35.373 | DEBUG    | lib.create_order2:post:98 - 2023-09-28 12:21:35 接口返回值: {'code': '200', 'msg': 'SUCCESS', 'sign': 'a8c5af9037f1ab7afc0b6c6f7a0eeb4b', 'orderNo': 'TestOrderNo_1695874893407', 'tradeNo': '10012023092811213445000004', 'payCode': 'https://checkouttest.lipperpay.com/mock?orderInfo=PkKE5VRzA2NqiSDiRdeoWcJqXuh%2Bj%2F2hYuisPUMTDpMtepedHdxXpyX0Lp9ULl%2B353REbrRfIjPu2FcD7k4PPw%3D%3D', 'payCodeType': '1', 'expireTime': '2023-09-28 12:21:34'}
2023-09-28 12:21:35.374 | DEBUG    | lib.create_order2:post:93 - 2023-09-28 12:21:35 发起post请求:下单
2023-09-28 12:21:35.374 | DEBUG    | lib.create_order2:post:94 - 2023-09-28 12:21:35 请求时的入参: /pay/createOrder?amount=20110&currency=IDR&expectPayCodeType=0&merchantId=100119&orderNo=TestOrderNo_1695874895375&payChannel=12&payerName=test&payerPhone=081382826301&productId=2023&subject=TestSubject&version=1.0&sign=6fa6562fa41319543a2054c7be5871e8
2023-09-28 12:21:37.908 | DEBUG    | lib.create_order2:post:98 - 2023-09-28 12:21:37 接口返回值: {'code': '200', 'msg': 'SUCCESS', 'sign': '1678767c00d377914612cd0efb01dbb2', 'orderNo': 'TestOrderNo_1695874895375', 'tradeNo': '10012023092811213693300007', 'payCode': 'TEST385089', 'payCodeType': '0', 'expireTime': '2023-09-29 11:21:36'}
2023-09-28 12:21:37.909 | DEBUG    | lib.create_order2:post:93 - 2023-09-28 12:21:37 发起post请求:下单
2023-09-28 12:21:37.909 | DEBUG    | lib.create_order2:post:94 - 2023-09-28 12:21:37 请求时的入参: /pay/createOrder?amount=20101&currency=IDR&expectPayCodeType=0&merchantId=100119&orderNo=TestOrderNo_1695874897909&payChannel=12&payerName=test&payerPhone=081382826301&productId=2023&subject=TestSubject&version=1.0&sign=9663d37d555e01405aa0ef82bc646923
2023-09-28 12:21:39.243 | DEBUG    | lib.create_order2:post:98 - 2023-09-28 12:21:39 接口返回值: {'code': '88005', 'msg': 'channel process error, please try again', 'sign': 'dbe789f3423e001fc81b1d8bfb320386'}
2023-09-28 12:21:39.244 | DEBUG    | lib.create_order2:post:93 - 2023-09-28 12:21:39 发起post请求:下单
2023-09-28 12:21:39.244 | DEBUG    | lib.create_order2:post:94 - 2023-09-28 12:21:39 请求时的入参: /pay/createOrder?amount=20110&currency=IDR&expectPayCodeType=0&merchantId=100119&orderNo=TestOrderNo_1695874899244&payChannel=1&payerName=test&payerPhone=081382826301&productId=2023&subject=TestSubject&version=1.0&sign=09e3d34a1048c732cfd2a410ade8fff9
2023-09-28 12:21:40.605 | DEBUG    | lib.create_order2:post:98 - 2023-09-28 12:21:40 接口返回值: {'code': '200', 'msg': 'SUCCESS', 'sign': '9791890325ee056a6ef6a8abb84c3a17', 'orderNo': 'TestOrderNo_1695874899244', 'tradeNo': '10012023092811214078300000', 'payCode': 'https://checkouttest.lipperpay.com/cardPay?orderInfo=wU3NFGwK4395KeELxFzSVftAPWe%2Fawqt6m6eTf%2BxuK4i4n6f5VQCcw%2FN8b6ApVwbckAk8NWagA5yZSjZA4oHbdsnq%2FCar1vQ3rFoTwDn9JZsDj7Ps7O1ktrlAOEnAjdl3aM%2BCVJ0xp1t2UYbIR3G93rlKH7n2TLHTOTrC7j%2F9TU%3D', 'payCodeType': '1', 'expireTime': '2023-09-29 11:21:40'}
2023-09-28 12:21:40.605 | DEBUG    | lib.create_order2:post:93 - 2023-09-28 12:21:40 发起post请求:下单
2023-09-28 12:21:40.605 | DEBUG    | lib.create_order2:post:94 - 2023-09-28 12:21:40 请求时的入参: /pay/createOrder?amount=20101&currency=IDR&expectPayCodeType=0&merchantId=100119&orderNo=TestOrderNo_1695874900606&payChannel=1&payerName=test&payerPhone=081382826301&productId=2023&subject=TestSubject&version=1.0&sign=1444533995c90fb009e161b65a142d10
2023-09-28 12:21:42.040 | DEBUG    | lib.create_order2:post:98 - 2023-09-28 12:21:42 接口返回值: {'code': '200', 'msg': 'SUCCESS', 'sign': '49867f10d7d00ef898652544ff48eb0b', 'orderNo': 'TestOrderNo_1695874900606', 'tradeNo': '10012023092811214220800006', 'payCode': 'https://checkouttest.lipperpay.com/cardPay?orderInfo=wU3NFGwK4395KeELxFzSVftAPWe%2Fawqt6m6eTf%2BxuK4i4n6f5VQCcw%2FN8b6ApVwbgiNGXfA3diGEAQMSIUXpbXOMC9kL%2BwjKRznf0%2BXbpeZCeqpRXgmDl%2BOGdgwTNdfuf15%2BaWvr6UJEZbry%2FkcJdnrlKH7n2TLHTOTrC7j%2F9TU%3D', 'payCodeType': '1', 'expireTime': '2023-09-29 11:21:42'}
2023-09-28 12:21:42.040 | DEBUG    | lib.create_order2:post:93 - 2023-09-28 12:21:42 发起post请求:下单
2023-09-28 12:21:42.041 | DEBUG    | lib.create_order2:post:94 - 2023-09-28 12:21:42 请求时的入参: /pay/createOrder?amount=20110&currency=IDR&expectPayCodeType=0&merchantId=100119&orderNo=TestOrderNo_1695874902040&payChannel=3&payerName=test&payerPhone=081382826301&productId=2023&subject=TestSubject&version=1.0&sign=646b95bce705fa0bd29132a8e3254092
2023-09-28 12:21:44.504 | DEBUG    | lib.create_order2:post:98 - 2023-09-28 12:21:44 接口返回值: {'code': '200', 'msg': 'SUCCESS', 'sign': '7a1c51a73d786d7da1f914c97f61b178', 'orderNo': 'TestOrderNo_1695874902040', 'tradeNo': '10012023092811214364900000', 'payCode': '82149999159878', 'payCodeType': '0', 'expireTime': '2023-09-29 04:03:23'}
2023-09-28 12:21:44.504 | DEBUG    | lib.create_order2:post:93 - 2023-09-28 12:21:44 发起post请求:下单
2023-09-28 12:21:44.504 | DEBUG    | lib.create_order2:post:94 - 2023-09-28 12:21:44 请求时的入参: /pay/createOrder?amount=20101&currency=IDR&expectPayCodeType=0&merchantId=100119&orderNo=TestOrderNo_1695874904504&payChannel=3&payerName=test&payerPhone=081382826301&productId=2023&subject=TestSubject&version=1.0&sign=fa32d969bb24293e243a96321f30fb03
2023-09-28 12:21:46.913 | DEBUG    | lib.create_order2:post:98 - 2023-09-28 12:21:46 接口返回值: {'code': '200', 'msg': 'SUCCESS', 'sign': '3d6c54966767ab6137214c6f8c12af4a', 'orderNo': 'TestOrderNo_1695874904504', 'tradeNo': '10012023092811214610400003', 'payCode': '82149999617722', 'payCodeType': '0', 'expireTime': '2023-09-29 04:03:26'}
2023-09-28 12:21:46.913 | DEBUG    | lib.create_order2:post:93 - 2023-09-28 12:21:46 发起post请求:下单
2023-09-28 12:21:46.913 | DEBUG    | lib.create_order2:post:94 - 2023-09-28 12:21:46 请求时的入参: /pay/createOrder?amount=20110&currency=IDR&expectPayCodeType=0&merchantId=100119&orderNo=TestOrderNo_1695874906913&payChannel=4&payerName=test&payerPhone=081382826301&productId=2023&subject=TestSubject&version=1.0&sign=5681513d601d7a3bc86548d0cd39b48a
2023-09-28 12:21:48.344 | DEBUG    | lib.create_order2:post:98 - 2023-09-28 12:21:48 接口返回值: {'code': '200', 'msg': 'SUCCESS', 'sign': 'ba1674a5e09c3301f428673b4e9c7a1c', 'orderNo': 'TestOrderNo_1695874906913', 'tradeNo': '10012023092811214795500007', 'payCode': '8808999963115221', 'payCodeType': '0', 'expireTime': '2023-09-29 04:03:27'}
2023-09-28 12:21:48.344 | DEBUG    | lib.create_order2:post:93 - 2023-09-28 12:21:48 发起post请求:下单
2023-09-28 12:21:48.345 | DEBUG    | lib.create_order2:post:94 - 2023-09-28 12:21:48 请求时的入参: /pay/createOrder?amount=20101&currency=IDR&expectPayCodeType=0&merchantId=100119&orderNo=TestOrderNo_1695874908345&payChannel=4&payerName=test&payerPhone=081382826301&productId=2023&subject=TestSubject&version=1.0&sign=5d9c76dbedc5de7a4cbafc5d48cafdd3
2023-09-28 12:21:49.687 | DEBUG    | lib.create_order2:post:98 - 2023-09-28 12:21:49 接口返回值: {'code': '200', 'msg': 'SUCCESS', 'sign': 'aed812008738fd85e75028b96baf71b2', 'orderNo': 'TestOrderNo_1695874908345', 'tradeNo': '10012023092811214939200001', 'payCode': '8808999977305605', 'payCodeType': '0', 'expireTime': '2023-09-29 04:03:29'}
2023-09-28 12:21:49.689 | DEBUG    | lib.create_order2:post:93 - 2023-09-28 12:21:49 发起post请求:下单
2023-09-28 12:21:49.689 | DEBUG    | lib.create_order2:post:94 - 2023-09-28 12:21:49 请求时的入参: /pay/createOrder?amount=20110&currency=IDR&expectPayCodeType=0&merchantId=100119&orderNo=TestOrderNo_1695874909689&payChannel=5&payerName=test&payerPhone=081382826301&productId=2023&subject=TestSubject&version=1.0&sign=09b90819968e7427ae62081e8ac17137
2023-09-28 12:21:51.134 | DEBUG    | lib.create_order2:post:98 - 2023-09-28 12:21:51 接口返回值: {'code': '88011', 'msg': 'this channel is not supported yet', 'sign': 'e5ecde88e5c47f010ffd43aa30f7c64e'}
2023-09-28 12:21:51.135 | DEBUG    | lib.create_order2:post:93 - 2023-09-28 12:21:51 发起post请求:下单
2023-09-28 12:21:51.135 | DEBUG    | lib.create_order2:post:94 - 2023-09-28 12:21:51 请求时的入参: /pay/createOrder?amount=20101&currency=IDR&expectPayCodeType=0&merchantId=100119&orderNo=TestOrderNo_1695874911135&payChannel=5&payerName=test&payerPhone=081382826301&productId=2023&subject=TestSubject&version=1.0&sign=5fc47bfd21e1fb0a14c4ed319d8f7c6f
2023-09-28 12:21:52.584 | DEBUG    | lib.create_order2:post:98 - 2023-09-28 12:21:52 接口返回值: {'code': '88011', 'msg': 'this channel is not supported yet', 'sign': 'e5ecde88e5c47f010ffd43aa30f7c64e'}
2023-09-28 12:21:52.585 | DEBUG    | lib.create_order2:post:93 - 2023-09-28 12:21:52 发起post请求:下单
2023-09-28 12:21:52.586 | DEBUG    | lib.create_order2:post:94 - 2023-09-28 12:21:52 请求时的入参: /pay/createOrder?amount=20110&currency=IDR&expectPayCodeType=0&merchantId=100119&orderNo=TestOrderNo_1695874912585&payChannel=6&payerName=test&payerPhone=081382826301&productId=2023&subject=TestSubject&version=1.0&sign=c0b78d7a56aa3406352825d0cf1fd7ae
2023-09-28 12:21:53.993 | DEBUG    | lib.create_order2:post:98 - 2023-09-28 12:21:53 接口返回值: {'code': '88011', 'msg': 'this channel is not supported yet', 'sign': 'e5ecde88e5c47f010ffd43aa30f7c64e'}
2023-09-28 12:21:53.994 | DEBUG    | lib.create_order2:post:93 - 2023-09-28 12:21:53 发起post请求:下单
2023-09-28 12:21:53.995 | DEBUG    | lib.create_order2:post:94 - 2023-09-28 12:21:53 请求时的入参: /pay/createOrder?amount=20101&currency=IDR&expectPayCodeType=0&merchantId=100119&orderNo=TestOrderNo_1695874913994&payChannel=6&payerName=test&payerPhone=081382826301&productId=2023&subject=TestSubject&version=1.0&sign=7d1a30949ec535ff53c35fe1c37d2e13
2023-09-28 12:21:55.444 | DEBUG    | lib.create_order2:post:98 - 2023-09-28 12:21:55 接口返回值: {'code': '88011', 'msg': 'this channel is not supported yet', 'sign': 'e5ecde88e5c47f010ffd43aa30f7c64e'}
2023-09-28 12:21:55.444 | DEBUG    | lib.create_order2:post:93 - 2023-09-28 12:21:55 发起post请求:下单
2023-09-28 12:21:55.445 | DEBUG    | lib.create_order2:post:94 - 2023-09-28 12:21:55 请求时的入参: /pay/createOrder?amount=20110&currency=IDR&expectPayCodeType=0&merchantId=100119&orderNo=TestOrderNo_1695874915444&payChannel=9&payerName=test&payerPhone=081382826301&productId=2023&subject=TestSubject&version=1.0&sign=b0b06a68537adb33b43d3ea31b566f83
2023-09-28 12:21:57.552 | DEBUG    | lib.create_order2:post:98 - 2023-09-28 12:21:57 接口返回值: {'code': '200', 'msg': 'SUCCESS', 'sign': 'd061cd3b45c0cad76a5bceb0de3eb89d', 'orderNo': 'TestOrderNo_1695874915444', 'tradeNo': '10012023092811215696100003', 'payCode': '262159999116971', 'payCodeType': '0', 'expireTime': '2023-09-29 04:03:36'}
2023-09-28 12:21:57.553 | DEBUG    | lib.create_order2:post:93 - 2023-09-28 12:21:57 发起post请求:下单
2023-09-28 12:21:57.554 | DEBUG    | lib.create_order2:post:94 - 2023-09-28 12:21:57 请求时的入参: /pay/createOrder?amount=20101&currency=IDR&expectPayCodeType=0&merchantId=100119&orderNo=TestOrderNo_1695874917554&payChannel=9&payerName=test&payerPhone=081382826301&productId=2023&subject=TestSubject&version=1.0&sign=7f6672b9bbb5d062c5e01437a0526117
2023-09-28 12:21:59.116 | DEBUG    | lib.create_order2:post:98 - 2023-09-28 12:21:59 接口返回值: {'code': '200', 'msg': 'SUCCESS', 'sign': '806959b71e61c6812d6ec6c8a6fb1960', 'orderNo': 'TestOrderNo_1695874917554', 'tradeNo': '10012023092811215860600002', 'payCode': '262159999639236', 'payCodeType': '0', 'expireTime': '2023-09-29 04:03:38'}
