2024-01-19 14:47:34.415 | DEBUG    | __main__:post:94 - 2024-01-19 14:47:34 发起post请求:模拟xendit1付款成功
2024-01-19 14:47:34.416 | DEBUG    | __main__:post:95 - 2024-01-19 14:47:34 请求时的入参: /pay/payout?accountHolderName=test&accountNumber=081382826301&amount=10000&bankCode=DANA&currency=IDR&description=TestPayout&merchantId=100119&orderNo=TestOrderNo_1705646854413&productId=2023&version=1.0&sign=e7a4392f30576d68c5274bff785fc403
2024-01-19 14:47:37.150 | DEBUG    | __main__:post:99 - 2024-01-19 14:47:37 接口返回值: {'code': '200', 'msg': 'SUCCESS', 'sign': 'bc3bfda83eedb90ff64fc419f6a1ee06', 'traceId': '9119aaf970b340d9abcd75b53a7aeeae', 'orderNo': 'TestOrderNo_1705646854413', 'tradeNo': '10042024011913473640200014', 'orderAmount': 10000.0, 'totalAmount': 10000.0, 'fee': 0}
2024-01-19 14:49:07.870 | DEBUG    | __main__:post:94 - 2024-01-19 14:49:07 发起post请求:模拟xendit1付款成功
2024-01-19 14:49:07.870 | DEBUG    | __main__:post:95 - 2024-01-19 14:49:07 请求时的入参: /pay/payout?accountHolderName=user_faspay&accountNumber=081382826301&amount=10000&bankCode=DANA&currency=IDR&description=TestPayout&merchantId=100119&orderNo=TestOrderNo_1705646947870&productId=2023&version=1.0&sign=0035f75d4c008c544eda2ecd9192b0e1
2024-01-19 14:49:14.641 | DEBUG    | __main__:post:99 - 2024-01-19 14:49:14 接口返回值: {'code': '88027', 'msg': 'payout process failed, please try again', 'sign': '9d77cad07082c5805b110645f4c610fe', 'traceId': '51c41b2bbc1541c9ba85a296ad018796'}
2024-01-19 15:21:08.359 | DEBUG    | lib.create_payout:post:94 - 2024-01-19 15:21:08 发起post请求:下单
2024-01-19 15:21:08.359 | DEBUG    | lib.create_payout:post:95 - 2024-01-19 15:21:08 请求时的入参: /pay/payout?accountHolderName=user_faspay&accountNumber=1060045760&amount=10000&bankCode=BCA&currency=IDR&description=TestPayout&merchantId=100119&orderNo=TestOrderNo_1705648868359&productId=2023&version=1.0&sign=215553656664546615ce985b3d6aaabb
2024-01-19 15:21:20.295 | DEBUG    | lib.create_payout:post:99 - 2024-01-19 15:21:20 接口返回值: {'code': '200', 'msg': 'SUCCESS', 'sign': 'e306d3808b6a58f6ec54ec5b66fd97b7', 'traceId': 'c0a45bd495074379927b5839089af071', 'orderNo': 'TestOrderNo_1705648868359', 'tradeNo': '10042024011914211033100006', 'orderAmount': 10000.0, 'totalAmount': 10000.0, 'fee': 0}
2024-01-19 15:21:20.299 | DEBUG    | lib.create_payout:post:94 - 2024-01-19 15:21:20 发起post请求:下单
2024-01-19 15:21:20.299 | DEBUG    | lib.create_payout:post:95 - 2024-01-19 15:21:20 请求时的入参: /pay/payout?accountHolderName=user_xendit&accountNumber=0888888882&amount=10000&bankCode=DANA&currency=IDR&description=TestPayout&merchantId=100119&orderNo=TestOrderNo_1705648880300&productId=2023&version=1.0&sign=9a1b3dd08e31833235f890c8be183517
2024-01-19 15:21:21.677 | DEBUG    | lib.create_payout:post:99 - 2024-01-19 15:21:21 接口返回值: {'code': '88011', 'msg': 'this channel is not supported yet', 'sign': '54f5df823af7eb97022461e38bd84158', 'traceId': '2eb7e4569a0a4eb68e5ac899374da9d7'}
2024-01-19 15:21:21.678 | DEBUG    | lib.create_payout:post:94 - 2024-01-19 15:21:21 发起post请求:下单
2024-01-19 15:21:21.678 | DEBUG    | lib.create_payout:post:95 - 2024-01-19 15:21:21 请求时的入参: /pay/payout?accountHolderName=user_gv&accountNumber=081808638483&amount=10000&bankCode=DANA&currency=IDR&description=TestPayout&merchantId=100119&orderNo=TestOrderNo_1705648881677&productId=2023&version=1.0&sign=3b5ade89304593304fa5f105b708d06e
2024-01-19 15:21:25.974 | DEBUG    | lib.create_payout:post:99 - 2024-01-19 15:21:25 接口返回值: {'code': '200', 'msg': 'SUCCESS', 'sign': 'def4abb5b333bbf380ef0c05ef9e9e72', 'traceId': '7af79a7b884144f5a6bcb63354a9cdad', 'orderNo': 'TestOrderNo_1705648881677', 'tradeNo': '10042024011914212335600008', 'orderAmount': 10000.0, 'totalAmount': 10000.0, 'fee': 0}
2024-01-19 15:21:25.975 | DEBUG    | lib.create_payout:post:94 - 2024-01-19 15:21:25 发起post请求:下单
2024-01-19 15:21:25.975 | DEBUG    | lib.create_payout:post:95 - 2024-01-19 15:21:25 请求时的入参: /pay/payout?accountHolderName=user_oy&accountNumber=081808638483&amount=10000&bankCode=DANA&currency=IDR&description=TestPayout&merchantId=100119&orderNo=TestOrderNo_1705648885974&productId=2023&version=1.0&sign=e7170e6fdf60625e95bff0c6943192e6
2024-01-19 15:21:28.301 | DEBUG    | lib.create_payout:post:99 - 2024-01-19 15:21:28 接口返回值: {'code': '88027', 'msg': 'payout process failed, please try again', 'sign': '28083db91c6805acfe3e0fe59a4b8a10', 'traceId': '8ebfa27b291e45379e67c3937d8a9ee2'}
2024-01-19 15:21:28.302 | DEBUG    | lib.create_payout:post:94 - 2024-01-19 15:21:28 发起post请求:下单
2024-01-19 15:21:28.302 | DEBUG    | lib.create_payout:post:95 - 2024-01-19 15:21:28 请求时的入参: /pay/payout?accountHolderName=user_oy2&accountNumber=081808638483&amount=10000&bankCode=DANA&currency=IDR&description=TestPayout&merchantId=100119&orderNo=TestOrderNo_1705648888303&productId=2023&version=1.0&sign=f011fd9f7d1d99deb09e2e663da1260a
2024-01-19 15:21:29.653 | DEBUG    | lib.create_payout:post:99 - 2024-01-19 15:21:29 接口返回值: {'code': '88011', 'msg': 'this channel is not supported yet', 'sign': '43e85ffb005a1a6f3be621a4f517910d', 'traceId': '58d40290401a4defa7cfcd74b2e873de'}
2024-01-19 15:21:29.653 | DEBUG    | lib.create_payout:post:94 - 2024-01-19 15:21:29 发起post请求:下单
2024-01-19 15:21:29.654 | DEBUG    | lib.create_payout:post:95 - 2024-01-19 15:21:29 请求时的入参: /pay/payout?accountHolderName=user_zipay2&accountNumber=6930171563&amount=20000&bankCode=BCA&currency=IDR&description=TestPayout&merchantId=100119&orderNo=TestOrderNo_1705648889653&productId=2023&version=1.0&sign=148c9ddf7f9bd395829c58c04caf66ec
2024-01-19 15:21:31.832 | DEBUG    | lib.create_payout:post:99 - 2024-01-19 15:21:31 接口返回值: {'code': '88027', 'msg': 'payout process failed, please try again', 'sign': '0a3b43411f4f732502fdba0c3a574d2f', 'traceId': '67f540af3d2a49db83ab805a4662ddc1'}
2024-01-19 15:21:31.833 | DEBUG    | lib.create_payout:post:94 - 2024-01-19 15:21:31 发起post请求:下单
2024-01-19 15:21:31.833 | DEBUG    | lib.create_payout:post:95 - 2024-01-19 15:21:31 请求时的入参: /pay/payout?accountHolderName=user_bluezi&accountNumber=6930171563&amount=20000&bankCode=BCA&currency=IDR&description=TestPayout&merchantId=100119&orderNo=TestOrderNo_1705648891833&productId=2023&version=1.0&sign=e221091bb8ff7693606146615f4e246c
2024-01-19 15:21:33.188 | DEBUG    | lib.create_payout:post:99 - 2024-01-19 15:21:33 接口返回值: {'code': '88011', 'msg': 'this channel is not supported yet', 'sign': 'a534bcb2c046640347887d2a8af63469', 'traceId': 'b2236297999c4d429e8f6c22975e39e6'}
2024-01-19 15:21:33.189 | DEBUG    | lib.create_payout:post:94 - 2024-01-19 15:21:33 发起post请求:下单
2024-01-19 15:21:33.189 | DEBUG    | lib.create_payout:post:95 - 2024-01-19 15:21:33 请求时的入参: /pay/payout?accountHolderName=user_mpi&accountNumber=081808638483&amount=10000&bankCode=DANA&currency=IDR&description=TestPayout&merchantId=100119&orderNo=TestOrderNo_1705648893189&productId=2023&version=1.0&sign=2ffd8e90a1396027536e2b463542f889
2024-01-19 15:21:34.648 | DEBUG    | lib.create_payout:post:99 - 2024-01-19 15:21:34 接口返回值: {'code': '88011', 'msg': 'this channel is not supported yet', 'sign': 'bbf474256e3765f19c67a24f815c6a5f', 'traceId': 'c81468e7e5514d94abfb3bd49396fa2e'}
2024-01-19 15:23:56.164 | DEBUG    | lib.create_payout:post:94 - 2024-01-19 15:23:56 发起post请求:下单
2024-01-19 15:23:56.164 | DEBUG    | lib.create_payout:post:95 - 2024-01-19 15:23:56 请求时的入参: /pay/payout?accountHolderName=user_xendit&accountNumber=0888888882&amount=10000&bankCode=DANA&currency=IDR&description=TestPayout&merchantId=100119&orderNo=TestOrderNo_1705649036165&productId=2023&version=1.0&sign=6d5509a2da9194b48093ea8ee7219907
2024-01-19 15:23:57.569 | DEBUG    | lib.create_payout:post:99 - 2024-01-19 15:23:57 接口返回值: {'code': '88011', 'msg': 'this channel is not supported yet', 'sign': 'd650345be9502d2899a2cc19c68e3248', 'traceId': '00a33fabafd143e3a9dcee2f193630b8'}
2024-01-19 15:23:57.569 | DEBUG    | lib.create_payout:post:94 - 2024-01-19 15:23:57 发起post请求:下单
2024-01-19 15:23:57.569 | DEBUG    | lib.create_payout:post:95 - 2024-01-19 15:23:57 请求时的入参: /pay/payout?accountHolderName=user_oy2&accountNumber=081808638483&amount=10000&bankCode=DANA&currency=IDR&description=TestPayout&merchantId=100119&orderNo=TestOrderNo_1705649037570&productId=2023&version=1.0&sign=80c2195406f87c1120a487c2bb0908e1
2024-01-19 15:23:58.927 | DEBUG    | lib.create_payout:post:99 - 2024-01-19 15:23:58 接口返回值: {'code': '88011', 'msg': 'this channel is not supported yet', 'sign': 'bb5899bb5816817fbb4041219cd15592', 'traceId': '98900954b9384fc691da054c8f115186'}
2024-01-19 15:23:58.929 | DEBUG    | lib.create_payout:post:94 - 2024-01-19 15:23:58 发起post请求:下单
2024-01-19 15:23:58.929 | DEBUG    | lib.create_payout:post:95 - 2024-01-19 15:23:58 请求时的入参: /pay/payout?accountHolderName=user_bluezi&accountNumber=6930171563&amount=20000&bankCode=BCA&currency=IDR&description=TestPayout&merchantId=100119&orderNo=TestOrderNo_1705649038929&productId=2023&version=1.0&sign=4c108063ae28b5913adbd360f5f8f4f1
2024-01-19 15:24:00.286 | DEBUG    | lib.create_payout:post:99 - 2024-01-19 15:24:00 接口返回值: {'code': '88011', 'msg': 'this channel is not supported yet', 'sign': 'b97e76bb79afaa13396bb575ad787f5e', 'traceId': 'd860bb00e1cc4772819e408f4f04073b'}
2024-01-19 15:24:00.287 | DEBUG    | lib.create_payout:post:94 - 2024-01-19 15:24:00 发起post请求:下单
2024-01-19 15:24:00.287 | DEBUG    | lib.create_payout:post:95 - 2024-01-19 15:24:00 请求时的入参: /pay/payout?accountHolderName=user_mpi&accountNumber=081808638483&amount=10000&bankCode=DANA&currency=IDR&description=TestPayout&merchantId=100119&orderNo=TestOrderNo_1705649040287&productId=2023&version=1.0&sign=0101dce5124ed3e14aab97aee410096b
2024-01-19 15:24:01.692 | DEBUG    | lib.create_payout:post:99 - 2024-01-19 15:24:01 接口返回值: {'code': '88011', 'msg': 'this channel is not supported yet', 'sign': '0ee8c7c63525f7dbb8d1781c05a22f11', 'traceId': '8ea8eb3e4e9d43e6b472e4c7f9c8ad8f'}
2024-01-19 15:30:19.945 | DEBUG    | lib.create_payout:post:94 - 2024-01-19 15:30:19 发起post请求:下单
2024-01-19 15:30:19.946 | DEBUG    | lib.create_payout:post:95 - 2024-01-19 15:30:19 请求时的入参: /pay/payout?accountHolderName=user_xendit&accountNumber=0888888882&amount=10000&bankCode=DANA&currency=IDR&description=TestPayout&merchantId=100119&orderNo=TestOrderNo_1705649419946&productId=2023&version=1.0&sign=a9909f885fbdcc39ef5d9bade7520813
2024-01-19 15:30:22.044 | DEBUG    | lib.create_payout:post:99 - 2024-01-19 15:30:22 接口返回值: {'code': '200', 'msg': 'SUCCESS', 'sign': '93c7fccdc103448df857e3d7dd040416', 'traceId': '6448f56bebac492d86b5a57c533e1174', 'orderNo': 'TestOrderNo_1705649419946', 'tradeNo': '10042024011914302188100006', 'orderAmount': 10000.0, 'totalAmount': 10000.0, 'fee': 0}
2024-01-19 15:30:22.044 | DEBUG    | lib.create_payout:post:94 - 2024-01-19 15:30:22 发起post请求:下单
2024-01-19 15:30:22.044 | DEBUG    | lib.create_payout:post:95 - 2024-01-19 15:30:22 请求时的入参: /pay/payout?accountHolderName=user_oy2&accountNumber=081808638483&amount=10000&bankCode=DANA&currency=IDR&description=TestPayout&merchantId=100119&orderNo=TestOrderNo_1705649422045&productId=2023&version=1.0&sign=536096279333b79375ef83fe379c6c9b
2024-01-19 15:30:23.417 | DEBUG    | lib.create_payout:post:99 - 2024-01-19 15:30:23 接口返回值: {'code': '88011', 'msg': 'this channel is not supported yet', 'sign': '704d84fba60446f2f9de30a1d4b23a78', 'traceId': 'd3d6598d60ea4a429c527900fcf0eb8b'}
2024-01-19 15:30:23.417 | DEBUG    | lib.create_payout:post:94 - 2024-01-19 15:30:23 发起post请求:下单
2024-01-19 15:30:23.418 | DEBUG    | lib.create_payout:post:95 - 2024-01-19 15:30:23 请求时的入参: /pay/payout?accountHolderName=user_bluezi&accountNumber=081808638483&amount=20000&bankCode=DANA&currency=IDR&description=TestPayout&merchantId=100119&orderNo=TestOrderNo_1705649423418&productId=2023&version=1.0&sign=9cfa90126e8bee0942eb6998cd4b2ee5
2024-01-19 15:30:44.933 | DEBUG    | lib.create_payout:post:99 - 2024-01-19 15:30:44 接口返回值: {'code': '88004', 'msg': 'inner system error, please try again', 'sign': 'ba01c70496a563c68277c8f176dffc9d', 'traceId': '46edde69cf164060b086b07b8810415f'}
2024-01-19 15:30:44.934 | DEBUG    | lib.create_payout:post:94 - 2024-01-19 15:30:44 发起post请求:下单
2024-01-19 15:30:44.934 | DEBUG    | lib.create_payout:post:95 - 2024-01-19 15:30:44 请求时的入参: /pay/payout?accountHolderName=user_mpi&accountNumber=6930171563&amount=10000&bankCode=BCA&currency=IDR&description=TestPayout&merchantId=100119&orderNo=TestOrderNo_1705649444935&productId=2023&version=1.0&sign=57ab9e50b677ebe9d156ef8a80ae6e2a
2024-01-19 15:30:46.487 | DEBUG    | lib.create_payout:post:99 - 2024-01-19 15:30:46 接口返回值: {'code': '200', 'msg': 'SUCCESS', 'sign': '7967c0ec8b766d2d2bc9bf7f1ca0fbdd', 'traceId': '3d9917a9da004abba98659cefce1d7d4', 'orderNo': 'TestOrderNo_1705649444935', 'tradeNo': '10042024011914304662400001', 'orderAmount': 10000.0, 'totalAmount': 10000.0, 'fee': 0}
2024-01-19 15:33:33.314 | DEBUG    | lib.create_payout:post:94 - 2024-01-19 15:33:33 发起post请求:下单
2024-01-19 15:33:33.315 | DEBUG    | lib.create_payout:post:95 - 2024-01-19 15:33:33 请求时的入参: /pay/payout?accountHolderName=user_oy2&accountNumber=081808638483&amount=10000&bankCode=DANA&currency=IDR&description=TestPayout&merchantId=100119&orderNo=TestOrderNo_1705649613314&productId=2023&version=1.0&sign=2ac705321a9743a18bb70d2a3abb79f2
2024-01-19 15:33:35.595 | DEBUG    | lib.create_payout:post:99 - 2024-01-19 15:33:35 接口返回值: {'code': '200', 'msg': 'SUCCESS', 'sign': '8762425845246cb7975b122b7e0dc19e', 'traceId': 'a591760da96447cc8afbbff2004b32ec', 'orderNo': 'TestOrderNo_1705649613314', 'tradeNo': '10042024011914333500900005', 'orderAmount': 10000.0, 'totalAmount': 10000.0, 'fee': 0}
