2023-07-18 17:37:29.149 | DEBUG    | lib.create_order1:post:93 - 2023-07-18 17:37:29 发起post请求:下单
2023-07-18 17:37:29.149 | DEBUG    | lib.create_order1:post:94 - 2023-07-18 17:37:29 请求时的入参: /pay/createOrder?amount=20110&currency=IDR&expectPayCodeType=0&merchantId=100119&orderNo=TestOrderNo_1689673049149&payChannel=3&payerName=test&payerPhone=081197204238&productId=2023&subject=TestSubject&version=1.0&sign=9fda209243b7f79632e9fee8a3b2f300
2023-07-18 17:37:31.623 | DEBUG    | lib.create_order1:post:98 - 2023-07-18 17:37:31 接口返回值: {'code': '200', 'msg': 'SUCCESS', 'sign': '362d0b64e7435d43c01ee0b020259710', 'orderNo': 'TestOrderNo_1689673049149', 'tradeNo': '10012023071816373138900016', 'payCode': '8625026760036825', 'payCodeType': '0', 'expireTime': '2023-07-19 09:19:11'}
2023-07-18 17:37:31.624 | DEBUG    | lib.create_order1:post:93 - 2023-07-18 17:37:31 发起post请求:下单
2023-07-18 17:37:31.624 | DEBUG    | lib.create_order1:post:94 - 2023-07-18 17:37:31 请求时的入参: /pay/createOrder?amount=20101&currency=IDR&expectPayCodeType=0&merchantId=100119&orderNo=TestOrderNo_1689673051624&payChannel=3&payerName=test&payerPhone=081197204238&productId=2023&subject=TestSubject&version=1.0&sign=00a86e967e2ce8479d1d8d298645e643
2023-07-18 17:37:33.651 | DEBUG    | lib.create_order1:post:98 - 2023-07-18 17:37:33 接口返回值: {'code': '200', 'msg': 'SUCCESS', 'sign': 'df85ab130e4617e5c6e727a2e4ba30e1', 'orderNo': 'TestOrderNo_1689673051624', 'tradeNo': '10012023071816373362600019', 'payCode': '8625026760036826', 'payCodeType': '0', 'expireTime': '2023-07-19 09:19:13'}
2023-07-18 17:37:33.652 | DEBUG    | lib.create_order1:post:93 - 2023-07-18 17:37:33 发起post请求:下单
2023-07-18 17:37:33.652 | DEBUG    | lib.create_order1:post:94 - 2023-07-18 17:37:33 请求时的入参: /pay/createOrder?amount=20110&currency=IDR&expectPayCodeType=0&merchantId=100119&orderNo=TestOrderNo_1689673053652&payChannel=4&payerName=test&payerPhone=081197204238&productId=2023&subject=TestSubject&version=1.0&sign=9376c8abf9f46cc8fb857f15d8acce9b
2023-07-18 17:37:35.838 | DEBUG    | lib.create_order1:post:98 - 2023-07-18 17:37:35 接口返回值: {'code': '200', 'msg': 'SUCCESS', 'sign': '73dc574d690f458af9ee4cee3e371815', 'orderNo': 'TestOrderNo_1689673053652', 'tradeNo': '10012023071816373572400010', 'payCode': '8255600004563990', 'payCodeType': '0', 'expireTime': '2023-07-19 09:19:15'}
2023-07-18 17:37:35.839 | DEBUG    | lib.create_order1:post:93 - 2023-07-18 17:37:35 发起post请求:下单
2023-07-18 17:37:35.839 | DEBUG    | lib.create_order1:post:94 - 2023-07-18 17:37:35 请求时的入参: /pay/createOrder?amount=20101&currency=IDR&expectPayCodeType=0&merchantId=100119&orderNo=TestOrderNo_1689673055840&payChannel=4&payerName=test&payerPhone=081197204238&productId=2023&subject=TestSubject&version=1.0&sign=34008c089106103a55564b5ea4abc1a9
2023-07-18 17:37:37.977 | DEBUG    | lib.create_order1:post:98 - 2023-07-18 17:37:37 接口返回值: {'code': '200', 'msg': 'SUCCESS', 'sign': '3a8f8c69a69b5ad4f8bfa3f5f8dbd9b1', 'orderNo': 'TestOrderNo_1689673055840', 'tradeNo': '10012023071816373785200017', 'payCode': '8255600004563991', 'payCodeType': '0', 'expireTime': '2023-07-19 09:19:17'}
2023-07-18 17:37:37.978 | DEBUG    | lib.create_order1:post:93 - 2023-07-18 17:37:37 发起post请求:下单
2023-07-18 17:37:37.979 | DEBUG    | lib.create_order1:post:94 - 2023-07-18 17:37:37 请求时的入参: /pay/createOrder?amount=20110&currency=IDR&expectPayCodeType=0&merchantId=100119&orderNo=TestOrderNo_1689673057978&payChannel=5&payerName=test&payerPhone=081197204238&productId=2023&subject=TestSubject&version=1.0&sign=4418f00e524b6afd42d81733d380330e
2023-07-18 17:37:39.756 | DEBUG    | lib.create_order1:post:98 - 2023-07-18 17:37:39 接口返回值: {'code': '88005', 'msg': 'channel process error, please try again', 'sign': 'dbe789f3423e001fc81b1d8bfb320386'}
2023-07-18 17:37:39.756 | DEBUG    | lib.create_order1:post:93 - 2023-07-18 17:37:39 发起post请求:下单
2023-07-18 17:37:39.756 | DEBUG    | lib.create_order1:post:94 - 2023-07-18 17:37:39 请求时的入参: /pay/createOrder?amount=20101&currency=IDR&expectPayCodeType=0&merchantId=100119&orderNo=TestOrderNo_1689673059756&payChannel=5&payerName=test&payerPhone=081197204238&productId=2023&subject=TestSubject&version=1.0&sign=422abaf64b6302bf79ef41851b156959
2023-07-18 17:37:43.013 | DEBUG    | lib.create_order1:post:98 - 2023-07-18 17:37:43 接口返回值: {'code': '88005', 'msg': 'channel process error, please try again', 'sign': 'dbe789f3423e001fc81b1d8bfb320386'}
2023-07-18 17:37:43.014 | DEBUG    | lib.create_order1:post:93 - 2023-07-18 17:37:43 发起post请求:下单
2023-07-18 17:37:43.014 | DEBUG    | lib.create_order1:post:94 - 2023-07-18 17:37:43 请求时的入参: /pay/createOrder?amount=20110&currency=IDR&expectPayCodeType=0&merchantId=100119&orderNo=TestOrderNo_1689673063015&payChannel=6&payerName=test&payerPhone=081197204238&productId=2023&subject=TestSubject&version=1.0&sign=1951e032b12cb869f127741b22e70932
2023-07-18 17:37:44.998 | DEBUG    | lib.create_order1:post:98 - 2023-07-18 17:37:44 接口返回值: {'code': '200', 'msg': 'SUCCESS', 'sign': 'a1752b88b3a6776d65423cf00481632d', 'orderNo': 'TestOrderNo_1689673063015', 'tradeNo': '10012023071816374501500011', 'payCode': '23096000002598202', 'payCodeType': '0', 'expireTime': '2023-07-19 09:19:25'}
2023-07-18 17:37:44.999 | DEBUG    | lib.create_order1:post:93 - 2023-07-18 17:37:44 发起post请求:下单
2023-07-18 17:37:44.999 | DEBUG    | lib.create_order1:post:94 - 2023-07-18 17:37:44 请求时的入参: /pay/createOrder?amount=20101&currency=IDR&expectPayCodeType=0&merchantId=100119&orderNo=TestOrderNo_1689673065000&payChannel=6&payerName=test&payerPhone=081197204238&productId=2023&subject=TestSubject&version=1.0&sign=85e0cdbc1f2911ccd556204f16c241ea
2023-07-18 17:37:47.105 | DEBUG    | lib.create_order1:post:98 - 2023-07-18 17:37:47 接口返回值: {'code': '200', 'msg': 'SUCCESS', 'sign': '7023c5239882b55e2c5d3066f8ee60ea', 'orderNo': 'TestOrderNo_1689673065000', 'tradeNo': '10012023071816374710800012', 'payCode': '23096000002598203', 'payCodeType': '0', 'expireTime': '2023-07-19 09:19:27'}
2023-07-18 17:37:47.105 | DEBUG    | lib.create_order1:post:93 - 2023-07-18 17:37:47 发起post请求:下单
2023-07-18 17:37:47.106 | DEBUG    | lib.create_order1:post:94 - 2023-07-18 17:37:47 请求时的入参: /pay/createOrder?amount=20110&currency=IDR&expectPayCodeType=0&merchantId=100119&orderNo=TestOrderNo_1689673067105&payChannel=9&payerName=test&payerPhone=081197204238&productId=2023&subject=TestSubject&version=1.0&sign=0b12e9ecd3ec5b4d873e272221e171d6
2023-07-18 17:37:49.090 | DEBUG    | lib.create_order1:post:98 - 2023-07-18 17:37:49 接口返回值: {'code': '200', 'msg': 'SUCCESS', 'sign': '6b768eb6a9bac048285c8548a5471077', 'orderNo': 'TestOrderNo_1689673067105', 'tradeNo': '10012023071816374911800019', 'payCode': '103406000008817692', 'payCodeType': '0', 'expireTime': '2023-07-19 09:19:29'}
2023-07-18 17:37:49.091 | DEBUG    | lib.create_order1:post:93 - 2023-07-18 17:37:49 发起post请求:下单
2023-07-18 17:37:49.091 | DEBUG    | lib.create_order1:post:94 - 2023-07-18 17:37:49 请求时的入参: /pay/createOrder?amount=20101&currency=IDR&expectPayCodeType=0&merchantId=100119&orderNo=TestOrderNo_1689673069092&payChannel=9&payerName=test&payerPhone=081197204238&productId=2023&subject=TestSubject&version=1.0&sign=9453cbf6106731784248df0b88ae130a
2023-07-18 17:37:52.136 | DEBUG    | lib.create_order1:post:98 - 2023-07-18 17:37:52 接口返回值: {'code': '200', 'msg': 'SUCCESS', 'sign': 'a46f043db2e9f1fb42760182ad61e5d6', 'orderNo': 'TestOrderNo_1689673069092', 'tradeNo': '10012023071816375214100015', 'payCode': '103406000008817693', 'payCodeType': '0', 'expireTime': '2023-07-19 09:19:32'}
2023-07-18 17:37:52.137 | DEBUG    | lib.create_order1:post:93 - 2023-07-18 17:37:52 发起post请求:下单
2023-07-18 17:37:52.138 | DEBUG    | lib.create_order1:post:94 - 2023-07-18 17:37:52 请求时的入参: /pay/createOrder?amount=20101&currency=IDR&expectPayCodeType=0&merchantId=100119&orderNo=TestOrderNo_1689673072138&payChannel=8&payerName=test&payerPhone=081197204238&productId=2023&subject=TestSubject&version=1.0&sign=ed63c879581916b171a19b60ccf99dd1
2023-07-18 17:37:54.096 | DEBUG    | lib.create_order1:post:98 - 2023-07-18 17:37:54 接口返回值: {'code': '200', 'msg': 'SUCCESS', 'sign': 'c14fb2ea52fb0aa4827832add4e88ebd', 'orderNo': 'TestOrderNo_1689673072138', 'tradeNo': '10012023071816375415100012', 'payCode': '8932560003649634', 'payCodeType': '0', 'expireTime': '2023-07-19 09:19:34'}
2023-07-18 17:37:54.097 | DEBUG    | lib.create_order1:post:93 - 2023-07-18 17:37:54 发起post请求:下单
2023-07-18 17:37:54.097 | DEBUG    | lib.create_order1:post:94 - 2023-07-18 17:37:54 请求时的入参: /pay/createOrder?amount=20110&currency=IDR&expectPayCodeType=0&merchantId=100119&orderNo=TestOrderNo_1689673074097&payChannel=8&payerName=test&payerPhone=081197204238&productId=2023&subject=TestSubject&version=1.0&sign=b12e15d8379b005c22371847d187745c
2023-07-18 17:37:56.121 | DEBUG    | lib.create_order1:post:98 - 2023-07-18 17:37:56 接口返回值: {'code': '200', 'msg': 'SUCCESS', 'sign': 'e1f5675ebb466090d1fb8d801220ddd2', 'orderNo': 'TestOrderNo_1689673074097', 'tradeNo': '10012023071816375614200019', 'payCode': '8932560003649635', 'payCodeType': '0', 'expireTime': '2023-07-19 09:19:36'}
2023-07-18 17:37:59.124 | DEBUG    | lib.create_order1:post:93 - 2023-07-18 17:37:59 发起post请求:下单
2023-07-18 17:37:59.124 | DEBUG    | lib.create_order1:post:94 - 2023-07-18 17:37:59 请求时的入参: /pay/createOrder?amount=20110&currency=IDR&expectPayCodeType=0&merchantId=100119&orderNo=TestOrderNo_1689673079124&payChannel=3&payerName=test&payerPhone=081382826302&productId=2023&subject=TestSubject&version=1.0&sign=df24be2fa400365e29ee5b99dcdbf69c
2023-07-18 17:38:00.885 | DEBUG    | lib.create_order1:post:98 - 2023-07-18 17:38:00 接口返回值: {'code': '200', 'msg': 'SUCCESS', 'sign': 'cde842c6e0c6a867018a4751f6ff8ca2', 'orderNo': 'TestOrderNo_1689673079124', 'tradeNo': '10012023071816380118500013', 'payCode': '7888001302077132', 'payCodeType': '0', 'expireTime': '2023-07-19 09:19:41'}
2023-07-18 17:38:00.885 | DEBUG    | lib.create_order1:post:93 - 2023-07-18 17:38:00 发起post请求:下单
2023-07-18 17:38:00.886 | DEBUG    | lib.create_order1:post:94 - 2023-07-18 17:38:00 请求时的入参: /pay/createOrder?amount=20101&currency=IDR&expectPayCodeType=0&merchantId=100119&orderNo=TestOrderNo_1689673080885&payChannel=3&payerName=test&payerPhone=081382826302&productId=2023&subject=TestSubject&version=1.0&sign=a4556d6d7863e4217fa20ddebb6c245a
2023-07-18 17:38:02.813 | DEBUG    | lib.create_order1:post:98 - 2023-07-18 17:38:02 接口返回值: {'code': '200', 'msg': 'SUCCESS', 'sign': '8775d3c0c9aedcb38ed8d40e0c10f24c', 'orderNo': 'TestOrderNo_1689673080885', 'tradeNo': '10012023071816380295700014', 'payCode': '7888001306036269', 'payCodeType': '0', 'expireTime': '2023-07-19 09:19:42'}
2023-07-18 17:38:02.814 | DEBUG    | lib.create_order1:post:93 - 2023-07-18 17:38:02 发起post请求:下单
2023-07-18 17:38:02.815 | DEBUG    | lib.create_order1:post:94 - 2023-07-18 17:38:02 请求时的入参: /pay/createOrder?amount=20110&currency=IDR&expectPayCodeType=0&merchantId=100119&orderNo=TestOrderNo_1689673082814&payChannel=4&payerName=test&payerPhone=081382826302&productId=2023&subject=TestSubject&version=1.0&sign=7afeb8dafd58540bab96f81f7544a5a2
2023-07-18 17:38:05.622 | DEBUG    | lib.create_order1:post:98 - 2023-07-18 17:38:05 接口返回值: {'code': '200', 'msg': 'SUCCESS', 'sign': 'd666f95f59ed704ce6542ba1e0f2a43d', 'orderNo': 'TestOrderNo_1689673082814', 'tradeNo': '10012023071816380591000010', 'payCode': '7136001306222859', 'payCodeType': '0', 'expireTime': '2023-07-19 09:19:45'}
2023-07-18 17:38:05.623 | DEBUG    | lib.create_order1:post:93 - 2023-07-18 17:38:05 发起post请求:下单
2023-07-18 17:38:05.623 | DEBUG    | lib.create_order1:post:94 - 2023-07-18 17:38:05 请求时的入参: /pay/createOrder?amount=20101&currency=IDR&expectPayCodeType=0&merchantId=100119&orderNo=TestOrderNo_1689673085623&payChannel=4&payerName=test&payerPhone=081382826302&productId=2023&subject=TestSubject&version=1.0&sign=36be976cac322ec3105ffb811b7b44aa
2023-07-18 17:38:07.214 | DEBUG    | lib.create_order1:post:98 - 2023-07-18 17:38:07 接口返回值: {'code': '200', 'msg': 'SUCCESS', 'sign': '8be6864456c9be10b67e3fc4e53a88f6', 'orderNo': 'TestOrderNo_1689673085623', 'tradeNo': '10012023071816380761500013', 'payCode': '7136001301040173', 'payCodeType': '0', 'expireTime': '2023-07-19 09:19:47'}
2023-07-18 17:38:07.214 | DEBUG    | lib.create_order1:post:93 - 2023-07-18 17:38:07 发起post请求:下单
2023-07-18 17:38:07.214 | DEBUG    | lib.create_order1:post:94 - 2023-07-18 17:38:07 请求时的入参: /pay/createOrder?amount=20110&currency=IDR&expectPayCodeType=0&merchantId=100119&orderNo=TestOrderNo_1689673087215&payChannel=15&payerName=test&payerPhone=081382826302&productId=2023&subject=TestSubject&version=1.0&sign=5480ae3c8e1fa684b1487156ea4507e8
2023-07-18 17:38:08.365 | DEBUG    | lib.create_order1:post:98 - 2023-07-18 17:38:08 接口返回值: {'code': '200', 'msg': 'SUCCESS', 'sign': '6c8fa64bf1d7af010027c22143d5b667', 'orderNo': 'TestOrderNo_1689673087215', 'tradeNo': '10012023071816380895000013', 'payCode': 'http://localhost:8080/walletPay?orderInfo=wU3NFGwK4395KeELxFzSVfIUOLJ8eyjkmh%2BrAesa2li41VKxG7YB%2BP%2BA%2BfQQR59JHR1%2FgWLhfUhzWew3aeylb%2FgsM3UZ2SS5%2F%2BF1QkhdPpAof2RAIFJ%2FJHnahF9nhJwgaKi%2FM1wf3iGqovSbTHA5wEN4QKbjhAXs3VIQQ0YguXA%3D', 'payCodeType': '1', 'expireTime': '2023-07-18 17:38:08'}
2023-07-18 17:38:08.366 | DEBUG    | lib.create_order1:post:93 - 2023-07-18 17:38:08 发起post请求:下单
2023-07-18 17:38:08.366 | DEBUG    | lib.create_order1:post:94 - 2023-07-18 17:38:08 请求时的入参: /pay/createOrder?amount=20101&currency=IDR&expectPayCodeType=0&merchantId=100119&orderNo=TestOrderNo_1689673088365&payChannel=15&payerName=test&payerPhone=081382826302&productId=2023&subject=TestSubject&version=1.0&sign=5db4450b14533290b2179adcc626e0fd
2023-07-18 17:38:09.819 | DEBUG    | lib.create_order1:post:98 - 2023-07-18 17:38:09 接口返回值: {'code': '200', 'msg': 'SUCCESS', 'sign': '1541586b9941611fa46b92fb1185373e', 'orderNo': 'TestOrderNo_1689673088365', 'tradeNo': '10012023071816381043000012', 'payCode': 'http://localhost:8080/walletPay?orderInfo=wU3NFGwK4395KeELxFzSVfIUOLJ8eyjkmh%2BrAesa2li41VKxG7YB%2BP%2BA%2BfQQR59J0endSiFTd8JmkUv2%2BtGlrfgsM3UZ2SS5%2F%2BF1QkhdPpCYQOnHbF7hcPJ0P%2FDKILAZtNGL0hs1d7dGt%2Flzhy9WXUN4QKbjhAXs3VIQQ0YguXA%3D', 'payCodeType': '1', 'expireTime': '2023-07-18 17:38:10'}
2023-07-18 17:38:09.820 | DEBUG    | lib.create_order1:post:93 - 2023-07-18 17:38:09 发起post请求:下单
2023-07-18 17:38:09.820 | DEBUG    | lib.create_order1:post:94 - 2023-07-18 17:38:09 请求时的入参: /pay/createOrder?amount=20110&currency=IDR&expectPayCodeType=0&merchantId=100119&orderNo=TestOrderNo_1689673089820&payChannel=6&payerName=test&payerPhone=081382826302&productId=2023&subject=TestSubject&version=1.0&sign=c04fe3d6dd7d96fdd48fb9f6c300e601
2023-07-18 17:38:11.381 | DEBUG    | lib.create_order1:post:98 - 2023-07-18 17:38:11 接口返回值: {'code': '200', 'msg': 'SUCCESS', 'sign': 'ed0d61955a2de330d3495bdaf77ddd2d', 'orderNo': 'TestOrderNo_1689673089820', 'tradeNo': '10012023071816381181200010', 'payCode': '1419001304501783', 'payCodeType': '0', 'expireTime': '2023-07-19 09:19:51'}
2023-07-18 17:38:11.382 | DEBUG    | lib.create_order1:post:93 - 2023-07-18 17:38:11 发起post请求:下单
2023-07-18 17:38:11.382 | DEBUG    | lib.create_order1:post:94 - 2023-07-18 17:38:11 请求时的入参: /pay/createOrder?amount=20101&currency=IDR&expectPayCodeType=0&merchantId=100119&orderNo=TestOrderNo_1689673091382&payChannel=6&payerName=test&payerPhone=081382826302&productId=2023&subject=TestSubject&version=1.0&sign=f72d28059ec8642ad3ac87a3eab86632
2023-07-18 17:38:12.275 | DEBUG    | lib.create_order1:post:98 - 2023-07-18 17:38:12 接口返回值: {'code': '200', 'msg': 'SUCCESS', 'sign': '5eed804affad9e3d8b5249419040b160', 'orderNo': 'TestOrderNo_1689673091382', 'tradeNo': '10012023071816381282600019', 'payCode': '1419001302189402', 'payCodeType': '0', 'expireTime': '2023-07-19 09:19:52'}
2023-07-18 17:38:12.276 | DEBUG    | lib.create_order1:post:93 - 2023-07-18 17:38:12 发起post请求:下单
2023-07-18 17:38:12.276 | DEBUG    | lib.create_order1:post:94 - 2023-07-18 17:38:12 请求时的入参: /pay/createOrder?amount=20110&currency=IDR&expectPayCodeType=0&merchantId=100119&orderNo=TestOrderNo_1689673092276&payChannel=9&payerName=test&payerPhone=081382826302&productId=2023&subject=TestSubject&version=1.0&sign=e208af731c7a171f9467a3e485dc8cc3
2023-07-18 17:38:13.766 | DEBUG    | lib.create_order1:post:98 - 2023-07-18 17:38:13 接口返回值: {'code': '200', 'msg': 'SUCCESS', 'sign': '894c6f82c9f5e3f6ac249c0079fcf101', 'orderNo': 'TestOrderNo_1689673092276', 'tradeNo': '10012023071816381430900014', 'payCode': '1303300130164447', 'payCodeType': '0', 'expireTime': '2023-07-19 09:19:54'}
2023-07-18 17:38:13.766 | DEBUG    | lib.create_order1:post:93 - 2023-07-18 17:38:13 发起post请求:下单
2023-07-18 17:38:13.768 | DEBUG    | lib.create_order1:post:94 - 2023-07-18 17:38:13 请求时的入参: /pay/createOrder?amount=20101&currency=IDR&expectPayCodeType=0&merchantId=100119&orderNo=TestOrderNo_1689673093767&payChannel=9&payerName=test&payerPhone=081382826302&productId=2023&subject=TestSubject&version=1.0&sign=00fb48779054397c2917355ae37f378b
2023-07-18 17:38:15.777 | DEBUG    | lib.create_order1:post:98 - 2023-07-18 17:38:15 接口返回值: {'code': '200', 'msg': 'SUCCESS', 'sign': '1cba7a7ccf3ef2cea0ead85887e40f92', 'orderNo': 'TestOrderNo_1689673093767', 'tradeNo': '10012023071816381633000018', 'payCode': '1303300130797654', 'payCodeType': '0', 'expireTime': '2023-07-19 09:19:56'}
2023-07-18 17:38:18.781 | DEBUG    | lib.create_order1:post:93 - 2023-07-18 17:38:18 发起post请求:下单
2023-07-18 17:38:18.781 | DEBUG    | lib.create_order1:post:94 - 2023-07-18 17:38:18 请求时的入参: /pay/createOrder?amount=20110&currency=IDR&expectPayCodeType=0&merchantId=100119&orderNo=TestOrderNo_1689673098782&payChannel=15&payerName=test&payerPhone=081382826303&productId=2023&subject=TestSubject&version=1.0&sign=db4dea4a432232b7008fc2ba6b165f4a
2023-07-18 17:38:20.212 | DEBUG    | lib.create_order1:post:98 - 2023-07-18 17:38:20 接口返回值: {'code': '200', 'msg': 'SUCCESS', 'sign': 'd862e9b2c885cdf0db593215fcab9ad2', 'orderNo': 'TestOrderNo_1689673098782', 'tradeNo': '10012023071816382080000014', 'payCode': 'http://localhost:8080/walletPay?orderInfo=wU3NFGwK4395KeELxFzSVfIUOLJ8eyjkmh%2BrAesa2li41VKxG7YB%2BP%2BA%2BfQQR59JXHpNFzOvQBlupIdySoXftfgsM3UZ2SS5%2F%2BF1QkhdPpD9yHHPXYFx9ws5w%2F3BVaPNaKi%2FM1wf3iGqovSbTHA5wEN4QKbjhAXs3VIQQ0YguXA%3D', 'payCodeType': '1', 'expireTime': '2023-07-18 17:38:20'}
2023-07-18 17:38:20.213 | DEBUG    | lib.create_order1:post:93 - 2023-07-18 17:38:20 发起post请求:下单
2023-07-18 17:38:20.213 | DEBUG    | lib.create_order1:post:94 - 2023-07-18 17:38:20 请求时的入参: /pay/createOrder?amount=20101&currency=IDR&expectPayCodeType=0&merchantId=100119&orderNo=TestOrderNo_1689673100214&payChannel=15&payerName=test&payerPhone=081382826303&productId=2023&subject=TestSubject&version=1.0&sign=063c13b21a78e4b4be4d5d33aade5dab
2023-07-18 17:38:21.090 | DEBUG    | lib.create_order1:post:98 - 2023-07-18 17:38:21 接口返回值: {'code': '200', 'msg': 'SUCCESS', 'sign': '645f67066169056bbf25eb4ffad4474f', 'orderNo': 'TestOrderNo_1689673100214', 'tradeNo': '10012023071816382168800012', 'payCode': 'http://localhost:8080/walletPay?orderInfo=wU3NFGwK4395KeELxFzSVfIUOLJ8eyjkmh%2BrAesa2li41VKxG7YB%2BP%2BA%2BfQQR59Jb9buVLjfGfm%2F5cT8S%2FwDrPgsM3UZ2SS5%2F%2BF1QkhdPpDlPTsAm9c0VCkkM0MhZfIEtNGL0hs1d7dGt%2Flzhy9WXUN4QKbjhAXs3VIQQ0YguXA%3D', 'payCodeType': '1', 'expireTime': '2023-07-18 17:38:21'}
2023-07-18 17:38:21.091 | DEBUG    | lib.create_order1:post:93 - 2023-07-18 17:38:21 发起post请求:下单
2023-07-18 17:38:21.091 | DEBUG    | lib.create_order1:post:94 - 2023-07-18 17:38:21 请求时的入参: /pay/createOrder?amount=20110&currency=IDR&expectPayCodeType=0&merchantId=100119&orderNo=TestOrderNo_1689673101092&payChannel=16&payerName=test&payerPhone=081382826303&productId=2023&subject=TestSubject&version=1.0&sign=441227a95b62efad24f213fe7e1ce748
2023-07-18 17:38:24.117 | DEBUG    | lib.create_order1:post:98 - 2023-07-18 17:38:24 接口返回值: {'code': '200', 'msg': 'SUCCESS', 'sign': 'bece11e352e385df44e60c06f28472fa', 'orderNo': 'TestOrderNo_1689673101092', 'tradeNo': '10012023071816382309200015', 'payCode': 'http://mock qris qrcode', 'payCodeType': '1', 'expireTime': '2023-07-18 17:38:23'}
2023-07-18 17:38:24.117 | DEBUG    | lib.create_order1:post:93 - 2023-07-18 17:38:24 发起post请求:下单
2023-07-18 17:38:24.117 | DEBUG    | lib.create_order1:post:94 - 2023-07-18 17:38:24 请求时的入参: /pay/createOrder?amount=20101&currency=IDR&expectPayCodeType=0&merchantId=100119&orderNo=TestOrderNo_1689673104118&payChannel=16&payerName=test&payerPhone=081382826303&productId=2023&subject=TestSubject&version=1.0&sign=e6b54a44bf277b65f5697370450f1645
2023-07-18 17:38:25.273 | DEBUG    | lib.create_order1:post:98 - 2023-07-18 17:38:25 接口返回值: {'code': '200', 'msg': 'SUCCESS', 'sign': 'fb9b3ea0335f6187dd4eec2a8fb39ee0', 'orderNo': 'TestOrderNo_1689673104118', 'tradeNo': '10012023071816382556200015', 'payCode': 'http://mock qris qrcode', 'payCodeType': '1', 'expireTime': '2023-07-18 17:38:25'}
2023-07-18 17:38:25.274 | DEBUG    | lib.create_order1:post:93 - 2023-07-18 17:38:25 发起post请求:下单
2023-07-18 17:38:25.274 | DEBUG    | lib.create_order1:post:94 - 2023-07-18 17:38:25 请求时的入参: /pay/createOrder?amount=20110&currency=IDR&expectPayCodeType=0&merchantId=100119&orderNo=TestOrderNo_1689673105275&payChannel=17&payerName=test&payerPhone=081382826303&productId=2023&subject=TestSubject&version=1.0&sign=f0de36648d5c36bb76f1152b4ac09cb5
2023-07-18 17:38:26.378 | DEBUG    | lib.create_order1:post:98 - 2023-07-18 17:38:26 接口返回值: {'code': '200', 'msg': 'SUCCESS', 'sign': '9faea731725cef1cc010ae4f66adbb93', 'orderNo': 'TestOrderNo_1689673105275', 'tradeNo': '10012023071816382675000015', 'payCode': 'https://sit.tikipay.co/payResultRedirect/10012023071816382675000015', 'payCodeType': '1', 'expireTime': '2023-07-18 17:38:26'}
2023-07-18 17:38:26.379 | DEBUG    | lib.create_order1:post:93 - 2023-07-18 17:38:26 发起post请求:下单
2023-07-18 17:38:26.379 | DEBUG    | lib.create_order1:post:94 - 2023-07-18 17:38:26 请求时的入参: /pay/createOrder?amount=20101&currency=IDR&expectPayCodeType=0&merchantId=100119&orderNo=TestOrderNo_1689673106379&payChannel=17&payerName=test&payerPhone=081382826303&productId=2023&subject=TestSubject&version=1.0&sign=c2984854edf6907df19be44004424d28
2023-07-18 17:38:28.024 | DEBUG    | lib.create_order1:post:98 - 2023-07-18 17:38:28 接口返回值: {'code': '200', 'msg': 'SUCCESS', 'sign': '02b938c669be17fdd3351eea349849ae', 'orderNo': 'TestOrderNo_1689673106379', 'tradeNo': '10012023071816382842900014', 'payCode': 'https://sit.tikipay.co/payResultRedirect/10012023071816382842900014', 'payCodeType': '1', 'expireTime': '2023-07-18 17:38:28'}
2023-07-18 17:38:28.025 | DEBUG    | lib.create_order1:post:93 - 2023-07-18 17:38:28 发起post请求:下单
2023-07-18 17:38:28.025 | DEBUG    | lib.create_order1:post:94 - 2023-07-18 17:38:28 请求时的入参: /pay/createOrder?amount=20110&currency=IDR&expectPayCodeType=0&merchantId=100119&orderNo=TestOrderNo_1689673108026&payChannel=18&payerName=test&payerPhone=081382826303&productId=2023&subject=TestSubject&version=1.0&sign=5c6ead7a2c80d209b111b170ef9036c3
2023-07-18 17:38:29.086 | DEBUG    | lib.create_order1:post:98 - 2023-07-18 17:38:29 接口返回值: {'code': '200', 'msg': 'SUCCESS', 'sign': '3cc98d18d4be421815acbd1cb1b7713c', 'orderNo': 'TestOrderNo_1689673108026', 'tradeNo': '10012023071816382946300012', 'payCode': 'https://sit.tikipay.co/payResultRedirect/10012023071816382946300012', 'payCodeType': '1', 'expireTime': '2023-07-18 17:38:29'}
2023-07-18 17:38:29.086 | DEBUG    | lib.create_order1:post:93 - 2023-07-18 17:38:29 发起post请求:下单
2023-07-18 17:38:29.086 | DEBUG    | lib.create_order1:post:94 - 2023-07-18 17:38:29 请求时的入参: /pay/createOrder?amount=20101&currency=IDR&expectPayCodeType=0&merchantId=100119&orderNo=TestOrderNo_1689673109087&payChannel=18&payerName=test&payerPhone=081382826303&productId=2023&subject=TestSubject&version=1.0&sign=31d8947142d892a3afc205070df43f1e
2023-07-18 17:38:30.757 | DEBUG    | lib.create_order1:post:98 - 2023-07-18 17:38:30 接口返回值: {'code': '200', 'msg': 'SUCCESS', 'sign': '3c4e7fa1776f763a34f938b758b2105a', 'orderNo': 'TestOrderNo_1689673109087', 'tradeNo': '10012023071816383114200018', 'payCode': 'https://sit.tikipay.co/payResultRedirect/10012023071816383114200018', 'payCodeType': '1', 'expireTime': '2023-07-18 17:38:31'}
2023-07-18 17:38:30.757 | DEBUG    | lib.create_order1:post:93 - 2023-07-18 17:38:30 发起post请求:下单
2023-07-18 17:38:30.758 | DEBUG    | lib.create_order1:post:94 - 2023-07-18 17:38:30 请求时的入参: /pay/createOrder?amount=20110&currency=IDR&expectPayCodeType=0&merchantId=100119&orderNo=TestOrderNo_1689673110758&payChannel=19&payerName=test&payerPhone=081382826303&productId=2023&subject=TestSubject&version=1.0&sign=243935cf9212070045711d38b3f40cee
2023-07-18 17:38:32.415 | DEBUG    | lib.create_order1:post:98 - 2023-07-18 17:38:32 接口返回值: {'code': '200', 'msg': 'SUCCESS', 'sign': '925d4205f00d4d1cebe540e62d2f3ddb', 'orderNo': 'TestOrderNo_1689673110758', 'tradeNo': '10012023071816383281000019', 'payCode': 'https://sit.tikipay.co/payResultRedirect/10012023071816383281000019', 'payCodeType': '1', 'expireTime': '2023-07-18 17:38:32'}
2023-07-18 17:38:32.417 | DEBUG    | lib.create_order1:post:93 - 2023-07-18 17:38:32 发起post请求:下单
2023-07-18 17:38:32.417 | DEBUG    | lib.create_order1:post:94 - 2023-07-18 17:38:32 请求时的入参: /pay/createOrder?amount=20101&currency=IDR&expectPayCodeType=0&merchantId=100119&orderNo=TestOrderNo_1689673112417&payChannel=19&payerName=test&payerPhone=081382826303&productId=2023&subject=TestSubject&version=1.0&sign=fb31ef24e8f2f6a509e48aeead722ae1
2023-07-18 17:38:33.988 | DEBUG    | lib.create_order1:post:98 - 2023-07-18 17:38:33 接口返回值: {'code': '200', 'msg': 'SUCCESS', 'sign': 'f83230be5e4a46fba183a4d6de22f13d', 'orderNo': 'TestOrderNo_1689673112417', 'tradeNo': '10012023071816383439500019', 'payCode': 'https://sit.tikipay.co/payResultRedirect/10012023071816383439500019', 'payCodeType': '1', 'expireTime': '2023-07-18 17:38:34'}
2023-07-18 17:38:33.989 | DEBUG    | lib.create_order1:post:93 - 2023-07-18 17:38:33 发起post请求:下单
2023-07-18 17:38:33.989 | DEBUG    | lib.create_order1:post:94 - 2023-07-18 17:38:33 请求时的入参: /pay/createOrder?amount=20110&currency=IDR&expectPayCodeType=0&merchantId=100119&orderNo=TestOrderNo_1689673113989&payChannel=3&payerName=test&payerPhone=081382826303&productId=2023&subject=TestSubject&version=1.0&sign=1c35717732a9023c90ba6b7f0e67d27b
2023-07-18 17:38:36.556 | DEBUG    | lib.create_order1:post:98 - 2023-07-18 17:38:36 接口返回值: {'code': '200', 'msg': 'SUCCESS', 'sign': 'ab05263379e0a1d1a628ae57cb2615b5', 'orderNo': 'TestOrderNo_1689673113989', 'tradeNo': '10012023071816383691000013', 'payCode': '7392600000007852', 'payCodeType': '0', 'expireTime': '2023-07-19 09:20:16'}
2023-07-18 17:38:36.557 | DEBUG    | lib.create_order1:post:93 - 2023-07-18 17:38:36 发起post请求:下单
2023-07-18 17:38:36.558 | DEBUG    | lib.create_order1:post:94 - 2023-07-18 17:38:36 请求时的入参: /pay/createOrder?amount=20101&currency=IDR&expectPayCodeType=0&merchantId=100119&orderNo=TestOrderNo_1689673116557&payChannel=3&payerName=test&payerPhone=081382826303&productId=2023&subject=TestSubject&version=1.0&sign=b6c7feaea3b72fc09244b7dbfc1b508a
2023-07-18 17:38:37.885 | DEBUG    | lib.create_order1:post:98 - 2023-07-18 17:38:37 接口返回值: {'code': '200', 'msg': 'SUCCESS', 'sign': '36943e49e45974b96ff54efad6cbf11b', 'orderNo': 'TestOrderNo_1689673116557', 'tradeNo': '10012023071816383825500011', 'payCode': '7392600000007853', 'payCodeType': '0', 'expireTime': '2023-07-19 09:20:18'}
2023-07-18 17:38:37.886 | DEBUG    | lib.create_order1:post:93 - 2023-07-18 17:38:37 发起post请求:下单
2023-07-18 17:38:37.886 | DEBUG    | lib.create_order1:post:94 - 2023-07-18 17:38:37 请求时的入参: /pay/createOrder?amount=20110&currency=IDR&expectPayCodeType=0&merchantId=100119&orderNo=TestOrderNo_1689673117886&payChannel=4&payerName=test&payerPhone=081382826303&productId=2023&subject=TestSubject&version=1.0&sign=f75c3b4abf3fd5a30f12fad2c19fcbc8
2023-07-18 17:38:40.282 | DEBUG    | lib.create_order1:post:98 - 2023-07-18 17:38:40 接口返回值: {'code': '200', 'msg': 'SUCCESS', 'sign': '61c05aafa27a7002649d91a7443b6927', 'orderNo': 'TestOrderNo_1689673117886', 'tradeNo': '10012023071816384061100011', 'payCode': '8255600000069955', 'payCodeType': '0', 'expireTime': '2023-07-19 09:20:20'}
2023-07-18 17:38:40.283 | DEBUG    | lib.create_order1:post:93 - 2023-07-18 17:38:40 发起post请求:下单
2023-07-18 17:38:40.283 | DEBUG    | lib.create_order1:post:94 - 2023-07-18 17:38:40 请求时的入参: /pay/createOrder?amount=20101&currency=IDR&expectPayCodeType=0&merchantId=100119&orderNo=TestOrderNo_1689673120284&payChannel=4&payerName=test&payerPhone=081382826303&productId=2023&subject=TestSubject&version=1.0&sign=96e7c12602256f0d6bec25140d26c3a9
2023-07-18 17:38:42.015 | DEBUG    | lib.create_order1:post:98 - 2023-07-18 17:38:42 接口返回值: {'code': '200', 'msg': 'SUCCESS', 'sign': '745d4473e1312a5137db164f3004c431', 'orderNo': 'TestOrderNo_1689673120284', 'tradeNo': '10012023071816384235600011', 'payCode': '8255600000069956', 'payCodeType': '0', 'expireTime': '2023-07-19 09:20:22'}
2023-07-18 17:38:42.016 | DEBUG    | lib.create_order1:post:93 - 2023-07-18 17:38:42 发起post请求:下单
2023-07-18 17:38:42.016 | DEBUG    | lib.create_order1:post:94 - 2023-07-18 17:38:42 请求时的入参: /pay/createOrder?amount=20110&currency=IDR&expectPayCodeType=0&merchantId=100119&orderNo=TestOrderNo_1689673122017&payChannel=5&payerName=test&payerPhone=081382826303&productId=2023&subject=TestSubject&version=1.0&sign=1599ce29ee2f0d85cbcb4187bf5f4eb0
2023-07-18 17:38:43.967 | DEBUG    | lib.create_order1:post:98 - 2023-07-18 17:38:43 接口返回值: {'code': '200', 'msg': 'SUCCESS', 'sign': 'a25de5d28b2d4d4028357c53c6071ed0', 'orderNo': 'TestOrderNo_1689673122017', 'tradeNo': '10012023071816384403800013', 'payCode': '700707760000011419', 'payCodeType': '0', 'expireTime': '2023-07-19 09:20:24'}
2023-07-18 17:38:43.967 | DEBUG    | lib.create_order1:post:93 - 2023-07-18 17:38:43 发起post请求:下单
2023-07-18 17:38:43.968 | DEBUG    | lib.create_order1:post:94 - 2023-07-18 17:38:43 请求时的入参: /pay/createOrder?amount=20101&currency=IDR&expectPayCodeType=0&merchantId=100119&orderNo=TestOrderNo_1689673123967&payChannel=5&payerName=test&payerPhone=081382826303&productId=2023&subject=TestSubject&version=1.0&sign=60eea2865f3bcfa7fed328f6bbea1b18
2023-07-18 17:38:45.693 | DEBUG    | lib.create_order1:post:98 - 2023-07-18 17:38:45 接口返回值: {'code': '200', 'msg': 'SUCCESS', 'sign': '919c177346a8ab28e7876d40dfef3b9f', 'orderNo': 'TestOrderNo_1689673123967', 'tradeNo': '10012023071816384604800010', 'payCode': '700707760000011420', 'payCodeType': '0', 'expireTime': '2023-07-19 09:20:26'}
2023-07-18 17:38:45.694 | DEBUG    | lib.create_order1:post:93 - 2023-07-18 17:38:45 发起post请求:下单
2023-07-18 17:38:45.694 | DEBUG    | lib.create_order1:post:94 - 2023-07-18 17:38:45 请求时的入参: /pay/createOrder?amount=20110&currency=IDR&expectPayCodeType=0&merchantId=100119&orderNo=TestOrderNo_1689673125694&payChannel=6&payerName=test&payerPhone=081382826303&productId=2023&subject=TestSubject&version=1.0&sign=de104b4663c9dabe667667027f8126c1
2023-07-18 17:38:47.370 | DEBUG    | lib.create_order1:post:98 - 2023-07-18 17:38:47 接口返回值: {'code': '200', 'msg': 'SUCCESS', 'sign': '0c35bc3aae7e996f58e13fceecd8e614', 'orderNo': 'TestOrderNo_1689673125694', 'tradeNo': '10012023071816384775400012', 'payCode': '23096000000109860', 'payCodeType': '0', 'expireTime': '2023-07-19 09:20:27'}
2023-07-18 17:38:47.370 | DEBUG    | lib.create_order1:post:93 - 2023-07-18 17:38:47 发起post请求:下单
2023-07-18 17:38:47.370 | DEBUG    | lib.create_order1:post:94 - 2023-07-18 17:38:47 请求时的入参: /pay/createOrder?amount=20101&currency=IDR&expectPayCodeType=0&merchantId=100119&orderNo=TestOrderNo_1689673127370&payChannel=6&payerName=test&payerPhone=081382826303&productId=2023&subject=TestSubject&version=1.0&sign=4f84ff45180ba59e52c911ef7dba4ea3
2023-07-18 17:38:49.008 | DEBUG    | lib.create_order1:post:98 - 2023-07-18 17:38:49 接口返回值: {'code': '200', 'msg': 'SUCCESS', 'sign': '4a7ba04b5501ab0f52bb3f57b32a0272', 'orderNo': 'TestOrderNo_1689673127370', 'tradeNo': '10012023071816384937000015', 'payCode': '23096000000109861', 'payCodeType': '0', 'expireTime': '2023-07-19 09:20:29'}
2023-07-18 17:38:49.008 | DEBUG    | lib.create_order1:post:93 - 2023-07-18 17:38:49 发起post请求:下单
2023-07-18 17:38:49.009 | DEBUG    | lib.create_order1:post:94 - 2023-07-18 17:38:49 请求时的入参: /pay/createOrder?amount=20110&currency=IDR&expectPayCodeType=0&merchantId=100119&orderNo=TestOrderNo_1689673129009&payChannel=9&payerName=test&payerPhone=081382826303&productId=2023&subject=TestSubject&version=1.0&sign=f037c4ccdd780f3aa34bc5843d25657e
2023-07-18 17:38:50.965 | DEBUG    | lib.create_order1:post:98 - 2023-07-18 17:38:50 接口返回值: {'code': '200', 'msg': 'SUCCESS', 'sign': 'd8c3c10101b5b912c0221399c8bbf3aa', 'orderNo': 'TestOrderNo_1689673129009', 'tradeNo': '10012023071816385106800010', 'payCode': '103406000000023649', 'payCodeType': '0', 'expireTime': '2023-07-19 09:20:31'}
2023-07-18 17:38:50.966 | DEBUG    | lib.create_order1:post:93 - 2023-07-18 17:38:50 发起post请求:下单
2023-07-18 17:38:50.967 | DEBUG    | lib.create_order1:post:94 - 2023-07-18 17:38:50 请求时的入参: /pay/createOrder?amount=20101&currency=IDR&expectPayCodeType=0&merchantId=100119&orderNo=TestOrderNo_1689673130967&payChannel=9&payerName=test&payerPhone=081382826303&productId=2023&subject=TestSubject&version=1.0&sign=b894ec350bb067c51955fab2227e2815
2023-07-18 17:38:52.652 | DEBUG    | lib.create_order1:post:98 - 2023-07-18 17:38:52 接口返回值: {'code': '200', 'msg': 'SUCCESS', 'sign': 'd01a35419025093cfe636b58a9baaa47', 'orderNo': 'TestOrderNo_1689673130967', 'tradeNo': '10012023071816385305500015', 'payCode': '103406000000023650', 'payCodeType': '0', 'expireTime': '2023-07-19 09:20:33'}
2023-07-18 17:38:55.661 | DEBUG    | lib.create_order1:post:93 - 2023-07-18 17:38:55 发起post请求:下单
2023-07-18 17:38:55.662 | DEBUG    | lib.create_order1:post:94 - 2023-07-18 17:38:55 请求时的入参: /pay/createOrder?amount=20110&currency=IDR&expectPayCodeType=0&merchantId=100119&orderNo=TestOrderNo_1689673135661&payChannel=15&payerName=test&payerPhone=081382826306&productId=2023&subject=TestSubject&version=1.0&sign=b33a13beeadd755c26cf52f58af2a898
2023-07-18 17:38:57.143 | DEBUG    | lib.create_order1:post:98 - 2023-07-18 17:38:57 接口返回值: {'code': '200', 'msg': 'SUCCESS', 'sign': 'ce2932db5e37a8404ee8feab59c21032', 'orderNo': 'TestOrderNo_1689673135661', 'tradeNo': '10012023071816385772700015', 'payCode': 'http://localhost:8080/walletPay?orderInfo=wU3NFGwK4395KeELxFzSVfIUOLJ8eyjkmh%2BrAesa2li41VKxG7YB%2BP%2BA%2BfQQR59J1dJRhE1HDEgmpYLspps7AvgsM3UZ2SS5%2F%2BF1QkhdPpB9W60QV4IpIoAPUiOjryT7aKi%2FM1wf3iGqovSbTHA5wEN4QKbjhAXs3VIQQ0YguXA%3D', 'payCodeType': '1', 'expireTime': '2023-07-18 17:38:57'}
2023-07-18 17:38:57.144 | DEBUG    | lib.create_order1:post:93 - 2023-07-18 17:38:57 发起post请求:下单
2023-07-18 17:38:57.144 | DEBUG    | lib.create_order1:post:94 - 2023-07-18 17:38:57 请求时的入参: /pay/createOrder?amount=20101&currency=IDR&expectPayCodeType=0&merchantId=100119&orderNo=TestOrderNo_1689673137144&payChannel=15&payerName=test&payerPhone=081382826306&productId=2023&subject=TestSubject&version=1.0&sign=8421396b4149e98d311348525eae15e4
2023-07-18 17:38:59.553 | DEBUG    | lib.create_order1:post:98 - 2023-07-18 17:38:59 接口返回值: {'code': '200', 'msg': 'SUCCESS', 'sign': '41e5272e0ab3979eb561bfee604e47d7', 'orderNo': 'TestOrderNo_1689673137144', 'tradeNo': '10012023071816385862200017', 'payCode': 'http://localhost:8080/walletPay?orderInfo=wU3NFGwK4395KeELxFzSVfIUOLJ8eyjkmh%2BrAesa2li41VKxG7YB%2BP%2BA%2BfQQR59JbTjZLwIHOlIEm3IN7wWkWfgsM3UZ2SS5%2F%2BF1QkhdPpDFWkFGsNgldhttI2R3ANfMtNGL0hs1d7dGt%2Flzhy9WXUN4QKbjhAXs3VIQQ0YguXA%3D', 'payCodeType': '1', 'expireTime': '2023-07-18 17:38:58'}
2023-07-18 17:38:59.554 | DEBUG    | lib.create_order1:post:93 - 2023-07-18 17:38:59 发起post请求:下单
2023-07-18 17:38:59.555 | DEBUG    | lib.create_order1:post:94 - 2023-07-18 17:38:59 请求时的入参: /pay/createOrder?amount=20110&currency=IDR&expectPayCodeType=0&merchantId=100119&orderNo=TestOrderNo_1689673139555&payChannel=16&payerName=test&payerPhone=081382826306&productId=2023&subject=TestSubject&version=1.0&sign=cc8c0c1609eac038f0ab48d5b1968853
2023-07-18 17:39:01.530 | DEBUG    | lib.create_order1:post:98 - 2023-07-18 17:39:01 接口返回值: {'code': '88005', 'msg': 'channel process error, please try again', 'sign': 'dbe789f3423e001fc81b1d8bfb320386'}
2023-07-18 17:39:01.531 | DEBUG    | lib.create_order1:post:93 - 2023-07-18 17:39:01 发起post请求:下单
2023-07-18 17:39:01.531 | DEBUG    | lib.create_order1:post:94 - 2023-07-18 17:39:01 请求时的入参: /pay/createOrder?amount=20101&currency=IDR&expectPayCodeType=0&merchantId=100119&orderNo=TestOrderNo_1689673141531&payChannel=16&payerName=test&payerPhone=081382826306&productId=2023&subject=TestSubject&version=1.0&sign=51a42fee1bd188a700ef7307e04e7d72
2023-07-18 17:39:03.429 | DEBUG    | lib.create_order1:post:98 - 2023-07-18 17:39:03 接口返回值: {'code': '200', 'msg': 'SUCCESS', 'sign': '770843555de52c2657ae2891796e3ea6', 'orderNo': 'TestOrderNo_1689673141531', 'tradeNo': '10012023071816390358700017', 'payCode': '00020101021226650013ID.PAYDIA.WWW011893600818023061206502152306120650000000303UME51440014ID.CO.QRIS.WWW0215ID20232634746940303UME5204573453033605405201015802ID5920JDN. VOUCHEREKSPRESS6013JAKARTA UTARA6105141406242011223071800001307152306120650000000803api63040757', 'payCodeType': '1', 'expireTime': '2023-07-18 17:39:03'}
2023-07-18 17:39:03.430 | DEBUG    | lib.create_order1:post:93 - 2023-07-18 17:39:03 发起post请求:下单
2023-07-18 17:39:03.431 | DEBUG    | lib.create_order1:post:94 - 2023-07-18 17:39:03 请求时的入参: /pay/createOrder?amount=20110&currency=IDR&expectPayCodeType=0&merchantId=100119&orderNo=TestOrderNo_1689673143430&payChannel=17&payerName=test&payerPhone=081382826306&productId=2023&subject=TestSubject&version=1.0&sign=a6f2940175d4ec282797d5dfecb87497
2023-07-18 17:39:05.535 | DEBUG    | lib.create_order1:post:98 - 2023-07-18 17:39:05 接口返回值: {'code': '200', 'msg': 'SUCCESS', 'sign': '3c611be9e84398bffa04731629e2014e', 'orderNo': 'TestOrderNo_1689673143430', 'tradeNo': '10012023071816390545600013', 'payCode': 'https://link.dana.id/pay?bizNo=20230718111212800110166248782678516&timestamp=1689673145889&originSourcePlatform=IPG&mid=216620000311085238996&did=216650000552544219991&sign=LwVzL7eruWTvWm%2FU%2BWF00Dq6lWRnqYAH0jmFaL%2BBqrpBfo%2FcN1tsolBihh60%2FVkHqMiWFf0NkFxrO7YP4FiXmWKjyGD4Lr0JJcB%2BJTCVuTMqorEbbGb4Ar4J9CFjLUgCrzWDUyjmTWWuCpsnTYkupAG4KA5Qz6JKQci%2FnO1sPS6X44Wqmct9aJ7qBsbNtLtRROAa8pC0ytsTATyJhyKM%2BZH1WOm30UpjCvGUXt1IWshUTnIaS8ua8%2BPUMuRVQ0j38i0qfeFzx9KF9ZTddFZdBojkD7VK8%2BXKm4x5AZmL45ws2S9Fs8QkPhZ7IzBx9KpkuS9Wde1EyXMV%2Bz8u0Bhs3w%3D%3D&forceToH5=false', 'payCodeType': '1', 'expireTime': '2023-07-18 17:39:05'}
2023-07-18 17:39:05.535 | DEBUG    | lib.create_order1:post:93 - 2023-07-18 17:39:05 发起post请求:下单
2023-07-18 17:39:05.536 | DEBUG    | lib.create_order1:post:94 - 2023-07-18 17:39:05 请求时的入参: /pay/createOrder?amount=20101&currency=IDR&expectPayCodeType=0&merchantId=100119&orderNo=TestOrderNo_1689673145536&payChannel=17&payerName=test&payerPhone=081382826306&productId=2023&subject=TestSubject&version=1.0&sign=0887804fb1a5d1a95f6f64a5cb39b996
2023-07-18 17:39:06.936 | DEBUG    | lib.create_order1:post:98 - 2023-07-18 17:39:06 接口返回值: {'code': '200', 'msg': 'SUCCESS', 'sign': 'a5ead0be9f633ced74854a8d0ae54a43', 'orderNo': 'TestOrderNo_1689673145536', 'tradeNo': '10012023071816390697300016', 'payCode': 'https://link.dana.id/pay?bizNo=20230718111212800110166561082486310&timestamp=1689673147372&originSourcePlatform=IPG&mid=216620000311085238996&did=216650000552544219991&sign=Wm5UJYPscHmURaW9tuuCzois6DvjDdH6dXTyEqLz64T%2FtNqLyRfaVWUuPEqXCy09rBNszpMrHhGq94pCGylXy7%2F6X2veN%2FHC%2F%2BqfNkmJk3wu9FGxmg%2FNOPDk2d8gPi6Q8xKlhb6LJK2OsDZKvRn75vtb0QctXOUxB9lpQWNaAyahN3dNO6HYmxP1HJKt5Wgvi491DUhJUlzriAcn8uveWlCYjil2oqFfHSca7BS64Upw9OyaxRQsZXivzDo9j04isxydDV4BH6KC2YgfLjepjva0g3jmDfISDvqj%2FnQC%2FpW3gKGj5e8xcvFbikhezB%2FUQukOe%2F7Xq6uQ4fQvd25y2g%3D%3D&forceToH5=false', 'payCodeType': '1', 'expireTime': '2023-07-18 17:39:06'}
2023-07-18 17:39:06.936 | DEBUG    | lib.create_order1:post:93 - 2023-07-18 17:39:06 发起post请求:下单
2023-07-18 17:39:06.936 | DEBUG    | lib.create_order1:post:94 - 2023-07-18 17:39:06 请求时的入参: /pay/createOrder?amount=20110&currency=IDR&expectPayCodeType=0&merchantId=100119&orderNo=TestOrderNo_1689673146936&payChannel=18&payerName=test&payerPhone=081382826306&productId=2023&subject=TestSubject&version=1.0&sign=da5817321c73f79f71d15a11ddcc08dd
2023-07-18 17:39:08.367 | DEBUG    | lib.create_order1:post:98 - 2023-07-18 17:39:08 接口返回值: {'code': '88011', 'msg': 'this channel is not supported yet', 'sign': 'e5ecde88e5c47f010ffd43aa30f7c64e'}
2023-07-18 17:39:08.368 | DEBUG    | lib.create_order1:post:93 - 2023-07-18 17:39:08 发起post请求:下单
2023-07-18 17:39:08.368 | DEBUG    | lib.create_order1:post:94 - 2023-07-18 17:39:08 请求时的入参: /pay/createOrder?amount=20101&currency=IDR&expectPayCodeType=0&merchantId=100119&orderNo=TestOrderNo_1689673148368&payChannel=18&payerName=test&payerPhone=081382826306&productId=2023&subject=TestSubject&version=1.0&sign=30fb2eadfb9cce6987f118dd95a2de69
2023-07-18 17:39:09.248 | DEBUG    | lib.create_order1:post:98 - 2023-07-18 17:39:09 接口返回值: {'code': '88011', 'msg': 'this channel is not supported yet', 'sign': 'e5ecde88e5c47f010ffd43aa30f7c64e'}
2023-07-18 17:39:09.249 | DEBUG    | lib.create_order1:post:93 - 2023-07-18 17:39:09 发起post请求:下单
2023-07-18 17:39:09.249 | DEBUG    | lib.create_order1:post:94 - 2023-07-18 17:39:09 请求时的入参: /pay/createOrder?amount=20110&currency=IDR&expectPayCodeType=0&merchantId=100119&orderNo=TestOrderNo_1689673149250&payChannel=19&payerName=test&payerPhone=081382826306&productId=2023&subject=TestSubject&version=1.0&sign=3790f26fc4bd7ee7b7801de835b67d05
2023-07-18 17:39:12.634 | DEBUG    | lib.create_order1:post:98 - 2023-07-18 17:39:12 接口返回值: {'code': '200', 'msg': 'SUCCESS', 'sign': '0b35f1d533a2c43b1c906b9ade4fc47a', 'orderNo': 'TestOrderNo_1689673149250', 'tradeNo': '10012023071816391186700013', 'payCode': 'https://wsa.wallet.airpay.co.id/universal-link/wallet/pay?deep_and_deferred=1&token=Um80ZWF4Yk9xZmROEZJQaq07Bu5fScQsPDOviNWDSTQ7w9M4oixTE7dvPJxPCQ', 'payCodeType': '1', 'expireTime': '2023-07-18 17:39:11'}
2023-07-18 17:39:12.635 | DEBUG    | lib.create_order1:post:93 - 2023-07-18 17:39:12 发起post请求:下单
2023-07-18 17:39:12.635 | DEBUG    | lib.create_order1:post:94 - 2023-07-18 17:39:12 请求时的入参: /pay/createOrder?amount=20101&currency=IDR&expectPayCodeType=0&merchantId=100119&orderNo=TestOrderNo_1689673152636&payChannel=19&payerName=test&payerPhone=081382826306&productId=2023&subject=TestSubject&version=1.0&sign=18f2e433a95a292068500996c05f2fd9
2023-07-18 17:39:14.498 | DEBUG    | lib.create_order1:post:98 - 2023-07-18 17:39:14 接口返回值: {'code': '200', 'msg': 'SUCCESS', 'sign': '8ebdbeaa2a42b467416704ab60771a91', 'orderNo': 'TestOrderNo_1689673152636', 'tradeNo': '10012023071816391463000012', 'payCode': 'https://wsa.wallet.airpay.co.id/universal-link/wallet/pay?deep_and_deferred=1&token=Um80ZWF4Yk9xZmROEZJQapA8M4R2TcIaQg6qitCDGXUzwxutBodz88JrpwMBhg', 'payCodeType': '1', 'expireTime': '2023-07-18 17:39:14'}
2023-07-18 17:39:14.498 | DEBUG    | lib.create_order1:post:93 - 2023-07-18 17:39:14 发起post请求:下单
2023-07-18 17:39:14.499 | DEBUG    | lib.create_order1:post:94 - 2023-07-18 17:39:14 请求时的入参: /pay/createOrder?amount=20110&currency=IDR&expectPayCodeType=0&merchantId=100119&orderNo=TestOrderNo_1689673154499&payChannel=3&payerName=test&payerPhone=081382826306&productId=2023&subject=TestSubject&version=1.0&sign=1b146d3507df0bb3eedf3566dce94474
2023-07-18 17:39:15.511 | DEBUG    | lib.create_order1:post:98 - 2023-07-18 17:39:15 接口返回值: {'code': '200', 'msg': 'SUCCESS', 'sign': '17dae4f4b0f28cc3faa6d845604f56f1', 'orderNo': 'TestOrderNo_1689673154499', 'tradeNo': '10012023071816391595100011', 'payCode': '850812664438002', 'payCodeType': '0', 'expireTime': '2023-07-19 09:20:55'}
2023-07-18 17:39:15.513 | DEBUG    | lib.create_order1:post:93 - 2023-07-18 17:39:15 发起post请求:下单
2023-07-18 17:39:15.513 | DEBUG    | lib.create_order1:post:94 - 2023-07-18 17:39:15 请求时的入参: /pay/createOrder?amount=20101&currency=IDR&expectPayCodeType=0&merchantId=100119&orderNo=TestOrderNo_1689673155513&payChannel=3&payerName=test&payerPhone=081382826306&productId=2023&subject=TestSubject&version=1.0&sign=b579b8501e449515febd4efa06f59b6b
2023-07-18 17:39:17.019 | DEBUG    | lib.create_order1:post:98 - 2023-07-18 17:39:17 接口返回值: {'code': '200', 'msg': 'SUCCESS', 'sign': 'dfecde5263ad4df6bcfc8a6696b1161b', 'orderNo': 'TestOrderNo_1689673155513', 'tradeNo': '10012023071816391749900019', 'payCode': '850812376768916', 'payCodeType': '0', 'expireTime': '2023-07-19 09:20:57'}
2023-07-18 17:39:17.020 | DEBUG    | lib.create_order1:post:93 - 2023-07-18 17:39:17 发起post请求:下单
2023-07-18 17:39:17.021 | DEBUG    | lib.create_order1:post:94 - 2023-07-18 17:39:17 请求时的入参: /pay/createOrder?amount=20110&currency=IDR&expectPayCodeType=0&merchantId=100119&orderNo=TestOrderNo_1689673157021&payChannel=4&payerName=test&payerPhone=081382826306&productId=2023&subject=TestSubject&version=1.0&sign=d29bdc4d5d3faaacd89cbef8ef6570d4
2023-07-18 17:39:18.721 | DEBUG    | lib.create_order1:post:98 - 2023-07-18 17:39:18 接口返回值: {'code': '200', 'msg': 'SUCCESS', 'sign': 'c0947da52cc6dfd16cd17cc3634a1f85', 'orderNo': 'TestOrderNo_1689673157021', 'tradeNo': '10012023071816391852000011', 'payCode': '9888739962765552', 'payCodeType': '0', 'expireTime': '2023-07-19 09:20:58'}
2023-07-18 17:39:18.723 | DEBUG    | lib.create_order1:post:93 - 2023-07-18 17:39:18 发起post请求:下单
2023-07-18 17:39:18.723 | DEBUG    | lib.create_order1:post:94 - 2023-07-18 17:39:18 请求时的入参: /pay/createOrder?amount=20101&currency=IDR&expectPayCodeType=0&merchantId=100119&orderNo=TestOrderNo_1689673158723&payChannel=4&payerName=test&payerPhone=081382826306&productId=2023&subject=TestSubject&version=1.0&sign=ea759393673e47ffd95294d590b39b33
2023-07-18 17:39:20.756 | DEBUG    | lib.create_order1:post:98 - 2023-07-18 17:39:20 接口返回值: {'code': '200', 'msg': 'SUCCESS', 'sign': '06bcdd2e9a383aa780a50328152e97d5', 'orderNo': 'TestOrderNo_1689673158723', 'tradeNo': '10012023071816392077000018', 'payCode': '9888739962765553', 'payCodeType': '0', 'expireTime': '2023-07-19 09:21:00'}
2023-07-18 17:39:20.757 | DEBUG    | lib.create_order1:post:93 - 2023-07-18 17:39:20 发起post请求:下单
2023-07-18 17:39:20.757 | DEBUG    | lib.create_order1:post:94 - 2023-07-18 17:39:20 请求时的入参: /pay/createOrder?amount=20110&currency=IDR&expectPayCodeType=0&merchantId=100119&orderNo=TestOrderNo_1689673160757&payChannel=5&payerName=test&payerPhone=081382826306&productId=2023&subject=TestSubject&version=1.0&sign=80a714b70e21c6b1b1230ec53838394c
2023-07-18 17:39:22.254 | DEBUG    | lib.create_order1:post:98 - 2023-07-18 17:39:22 接口返回值: {'code': '200', 'msg': 'SUCCESS', 'sign': '04f81201248cb62097dae26609784326', 'orderNo': 'TestOrderNo_1689673160757', 'tradeNo': '10012023071816392273700015', 'payCode': '1457132543689367', 'payCodeType': '0', 'expireTime': '2023-07-19 09:21:02'}
2023-07-18 17:39:22.255 | DEBUG    | lib.create_order1:post:93 - 2023-07-18 17:39:22 发起post请求:下单
2023-07-18 17:39:22.255 | DEBUG    | lib.create_order1:post:94 - 2023-07-18 17:39:22 请求时的入参: /pay/createOrder?amount=20101&currency=IDR&expectPayCodeType=0&merchantId=100119&orderNo=TestOrderNo_1689673162255&payChannel=5&payerName=test&payerPhone=081382826306&productId=2023&subject=TestSubject&version=1.0&sign=16b744ae217d5d7f6d2cbb62ff9b715d
2023-07-18 17:39:23.866 | DEBUG    | lib.create_order1:post:98 - 2023-07-18 17:39:23 接口返回值: {'code': '200', 'msg': 'SUCCESS', 'sign': 'eca2e85ba96c1dd9d0354c4926a1cdf5', 'orderNo': 'TestOrderNo_1689673162255', 'tradeNo': '10012023071816392432700013', 'payCode': '1457125885385830', 'payCodeType': '0', 'expireTime': '2023-07-19 09:21:04'}
2023-07-18 17:39:23.867 | DEBUG    | lib.create_order1:post:93 - 2023-07-18 17:39:23 发起post请求:下单
2023-07-18 17:39:23.868 | DEBUG    | lib.create_order1:post:94 - 2023-07-18 17:39:23 请求时的入参: /pay/createOrder?amount=20110&currency=IDR&expectPayCodeType=0&merchantId=100119&orderNo=TestOrderNo_1689673163868&payChannel=6&payerName=test&payerPhone=081382826306&productId=2023&subject=TestSubject&version=1.0&sign=ac2c3b206ccd40f9d6eaec8a4fcfc94c
2023-07-18 17:39:25.151 | DEBUG    | lib.create_order1:post:98 - 2023-07-18 17:39:25 接口返回值: {'code': '200', 'msg': 'SUCCESS', 'sign': 'cc93407af54fe21b74bbe127469cf05f', 'orderNo': 'TestOrderNo_1689673163868', 'tradeNo': '10012023071816392534800018', 'payCode': '23096000002598224', 'payCodeType': '0', 'expireTime': '2023-07-19 09:21:05'}
2023-07-18 17:39:25.151 | DEBUG    | lib.create_order1:post:93 - 2023-07-18 17:39:25 发起post请求:下单
2023-07-18 17:39:25.151 | DEBUG    | lib.create_order1:post:94 - 2023-07-18 17:39:25 请求时的入参: /pay/createOrder?amount=20101&currency=IDR&expectPayCodeType=0&merchantId=100119&orderNo=TestOrderNo_1689673165152&payChannel=6&payerName=test&payerPhone=081382826306&productId=2023&subject=TestSubject&version=1.0&sign=af9d2a35f8cd7f5ae95665fee0affd1a
2023-07-18 17:39:26.728 | DEBUG    | lib.create_order1:post:98 - 2023-07-18 17:39:26 接口返回值: {'code': '200', 'msg': 'SUCCESS', 'sign': '038525d9dc3dd8d9ea4661e4948248ec', 'orderNo': 'TestOrderNo_1689673165152', 'tradeNo': '10012023071816392667100012', 'payCode': '23096000002598226', 'payCodeType': '0', 'expireTime': '2023-07-19 09:21:06'}
2023-07-18 17:39:26.729 | DEBUG    | lib.create_order1:post:93 - 2023-07-18 17:39:26 发起post请求:下单
2023-07-18 17:39:26.729 | DEBUG    | lib.create_order1:post:94 - 2023-07-18 17:39:26 请求时的入参: /pay/createOrder?amount=20110&currency=IDR&expectPayCodeType=0&merchantId=100119&orderNo=TestOrderNo_1689673166730&payChannel=9&payerName=test&payerPhone=081382826306&productId=2023&subject=TestSubject&version=1.0&sign=6aef92c467e146567354a7aefe76614e
2023-07-18 17:39:28.614 | DEBUG    | lib.create_order1:post:98 - 2023-07-18 17:39:28 接口返回值: {'code': '200', 'msg': 'SUCCESS', 'sign': 'c0a2c9685bb31da16d60f5818f05dc29', 'orderNo': 'TestOrderNo_1689673166730', 'tradeNo': '10012023071816392880500014', 'payCode': '135036000008817743', 'payCodeType': '0', 'expireTime': '2023-07-19 09:21:08'}
2023-07-18 17:39:28.615 | DEBUG    | lib.create_order1:post:93 - 2023-07-18 17:39:28 发起post请求:下单
2023-07-18 17:39:28.615 | DEBUG    | lib.create_order1:post:94 - 2023-07-18 17:39:28 请求时的入参: /pay/createOrder?amount=20101&currency=IDR&expectPayCodeType=0&merchantId=100119&orderNo=TestOrderNo_1689673168616&payChannel=9&payerName=test&payerPhone=081382826306&productId=2023&subject=TestSubject&version=1.0&sign=1ca2cf28fc12cea79579da1ef1375f04
2023-07-18 17:39:30.437 | DEBUG    | lib.create_order1:post:98 - 2023-07-18 17:39:30 接口返回值: {'code': '200', 'msg': 'SUCCESS', 'sign': 'e3fba4d38d7a51ac9636a2fae9c5da9b', 'orderNo': 'TestOrderNo_1689673168616', 'tradeNo': '10012023071816393065400012', 'payCode': '135036000008817744', 'payCodeType': '0', 'expireTime': '2023-07-19 09:21:10'}
2023-07-18 17:39:33.445 | DEBUG    | lib.create_order1:post:93 - 2023-07-18 17:39:33 发起post请求:下单
2023-07-18 17:39:33.446 | DEBUG    | lib.create_order1:post:94 - 2023-07-18 17:39:33 请求时的入参: /pay/createOrder?amount=20110&currency=IDR&expectPayCodeType=0&merchantId=100119&orderNo=TestOrderNo_1689673173445&payChannel=17&payerName=test&payerPhone=081382826304&productId=2023&subject=TestSubject&version=1.0&sign=249b71bea7cda26b7adfbcf77668d8f8
2023-07-18 17:39:35.217 | DEBUG    | lib.create_order1:post:98 - 2023-07-18 17:39:35 接口返回值: {'code': '88005', 'msg': 'channel process error, please try again', 'sign': 'dbe789f3423e001fc81b1d8bfb320386'}
2023-07-18 17:39:35.218 | DEBUG    | lib.create_order1:post:93 - 2023-07-18 17:39:35 发起post请求:下单
2023-07-18 17:39:35.218 | DEBUG    | lib.create_order1:post:94 - 2023-07-18 17:39:35 请求时的入参: /pay/createOrder?amount=20101&currency=IDR&expectPayCodeType=0&merchantId=100119&orderNo=TestOrderNo_1689673175218&payChannel=17&payerName=test&payerPhone=081382826304&productId=2023&subject=TestSubject&version=1.0&sign=1eabcf02d107a029a7b4e00d96670d97
2023-07-18 17:39:36.523 | DEBUG    | lib.create_order1:post:98 - 2023-07-18 17:39:36 接口返回值: {'code': '88005', 'msg': 'channel process error, please try again', 'sign': 'dbe789f3423e001fc81b1d8bfb320386'}
2023-07-18 17:39:36.523 | DEBUG    | lib.create_order1:post:93 - 2023-07-18 17:39:36 发起post请求:下单
2023-07-18 17:39:36.524 | DEBUG    | lib.create_order1:post:94 - 2023-07-18 17:39:36 请求时的入参: /pay/createOrder?amount=20110&currency=IDR&expectPayCodeType=0&merchantId=100119&orderNo=TestOrderNo_1689673176524&payChannel=18&payerName=test&payerPhone=081382826304&productId=2023&subject=TestSubject&version=1.0&sign=c9fb169fa2e4c3c54337d99ad0a0b215
2023-07-18 17:39:37.820 | DEBUG    | lib.create_order1:post:98 - 2023-07-18 17:39:37 接口返回值: {'code': '200', 'msg': 'SUCCESS', 'sign': '4a6269715e467b8e2c59d31bc25c4fff', 'orderNo': 'TestOrderNo_1689673176524', 'tradeNo': '10012023071816393797000015', 'payCode': 'https://debit-sandbox.faspay.co.id/pws/100003/0830000010100000/f069d74bf51afb80c873e915b7e88c1174b44075?trx_id=3444230217825224&merchant_id=34442&bill_no=10012023071816393797000015', 'payCodeType': '1', 'expireTime': '2023-07-18 17:39:37'}
2023-07-18 17:39:37.821 | DEBUG    | lib.create_order1:post:93 - 2023-07-18 17:39:37 发起post请求:下单
2023-07-18 17:39:37.821 | DEBUG    | lib.create_order1:post:94 - 2023-07-18 17:39:37 请求时的入参: /pay/createOrder?amount=20101&currency=IDR&expectPayCodeType=0&merchantId=100119&orderNo=TestOrderNo_1689673177821&payChannel=18&payerName=test&payerPhone=081382826304&productId=2023&subject=TestSubject&version=1.0&sign=c18cf94f4e3ab31d33b9d36fc2a90228
2023-07-18 17:39:41.759 | DEBUG    | lib.create_order1:post:98 - 2023-07-18 17:39:41 接口返回值: {'code': '200', 'msg': 'SUCCESS', 'sign': '1533b54f2f16188010a7197cf3f26165', 'orderNo': 'TestOrderNo_1689673177821', 'tradeNo': '10012023071816394180200014', 'payCode': 'https://debit-sandbox.faspay.co.id/pws/100003/0830000010100000/95710e8719ca1fc6aa2a8aeeaeb2260ab5647127?trx_id=3444230218207225&merchant_id=34442&bill_no=10012023071816394180200014', 'payCodeType': '1', 'expireTime': '2023-07-18 17:39:41'}
2023-07-18 17:39:41.760 | DEBUG    | lib.create_order1:post:93 - 2023-07-18 17:39:41 发起post请求:下单
2023-07-18 17:39:41.760 | DEBUG    | lib.create_order1:post:94 - 2023-07-18 17:39:41 请求时的入参: /pay/createOrder?amount=20110&currency=IDR&expectPayCodeType=0&merchantId=100119&orderNo=TestOrderNo_1689673181760&payChannel=18&payerName=test&payerPhone=081382826304&productId=2023&subject=TestSubject&version=1.0&sign=b1a68d199425d91c7093814408ed1d5c
2023-07-18 17:39:44.290 | DEBUG    | lib.create_order1:post:98 - 2023-07-18 17:39:44 接口返回值: {'code': '200', 'msg': 'SUCCESS', 'sign': '7fa7c95dad99cc2b94fe4d9146a5f64e', 'orderNo': 'TestOrderNo_1689673181760', 'tradeNo': '10012023071816394439100015', 'payCode': 'https://debit-sandbox.faspay.co.id/pws/100003/0830000010100000/458e7eeb89e9a16f8d35f542f4b30b6e8872d303?trx_id=3444230218470056&merchant_id=34442&bill_no=10012023071816394439100015', 'payCodeType': '1', 'expireTime': '2023-07-18 17:39:44'}
2023-07-18 17:39:44.291 | DEBUG    | lib.create_order1:post:93 - 2023-07-18 17:39:44 发起post请求:下单
2023-07-18 17:39:44.291 | DEBUG    | lib.create_order1:post:94 - 2023-07-18 17:39:44 请求时的入参: /pay/createOrder?amount=20101&currency=IDR&expectPayCodeType=0&merchantId=100119&orderNo=TestOrderNo_1689673184291&payChannel=18&payerName=test&payerPhone=081382826304&productId=2023&subject=TestSubject&version=1.0&sign=6cd4c4a019889ec917b1cbd6f372b582
2023-07-18 17:39:46.187 | DEBUG    | lib.create_order1:post:98 - 2023-07-18 17:39:46 接口返回值: {'code': '200', 'msg': 'SUCCESS', 'sign': '5511b90ecb26ddc209f8a4f51c24a239', 'orderNo': 'TestOrderNo_1689673184291', 'tradeNo': '10012023071816394627900010', 'payCode': 'https://debit-sandbox.faspay.co.id/pws/100003/0830000010100000/73baccf21c73a82138aac6d4d20f65269ac4361a?trx_id=3444230218656027&merchant_id=34442&bill_no=10012023071816394627900010', 'payCodeType': '1', 'expireTime': '2023-07-18 17:39:46'}
2023-07-18 17:39:46.189 | DEBUG    | lib.create_order1:post:93 - 2023-07-18 17:39:46 发起post请求:下单
2023-07-18 17:39:46.190 | DEBUG    | lib.create_order1:post:94 - 2023-07-18 17:39:46 请求时的入参: /pay/createOrder?amount=20110&currency=IDR&expectPayCodeType=0&merchantId=100119&orderNo=TestOrderNo_1689673186190&payChannel=18&payerName=test&payerPhone=081382826304&productId=2023&subject=TestSubject&version=1.0&sign=a87023608adb22794fdf5ea399ebbee0
2023-07-18 17:39:48.927 | DEBUG    | lib.create_order1:post:98 - 2023-07-18 17:39:48 接口返回值: {'code': '200', 'msg': 'SUCCESS', 'sign': 'c68bccd4519a327e44929359fb79445b', 'orderNo': 'TestOrderNo_1689673186190', 'tradeNo': '10012023071816394817800012', 'payCode': 'https://debit-sandbox.faspay.co.id/pws/100003/0830000010100000/80a95c646c76b0b2898a5c1c0abb3ca83ee79312?trx_id=3444230231884648&merchant_id=34442&bill_no=10012023071816394817800012', 'payCodeType': '1', 'expireTime': '2023-07-18 17:39:48'}
2023-07-18 17:39:48.928 | DEBUG    | lib.create_order1:post:93 - 2023-07-18 17:39:48 发起post请求:下单
2023-07-18 17:39:48.929 | DEBUG    | lib.create_order1:post:94 - 2023-07-18 17:39:48 请求时的入参: /pay/createOrder?amount=20101&currency=IDR&expectPayCodeType=0&merchantId=100119&orderNo=TestOrderNo_1689673188928&payChannel=18&payerName=test&payerPhone=081382826304&productId=2023&subject=TestSubject&version=1.0&sign=460d2c349562212c1a8d2099e9938c14
2023-07-18 17:39:50.365 | DEBUG    | lib.create_order1:post:98 - 2023-07-18 17:39:50 接口返回值: {'code': '200', 'msg': 'SUCCESS', 'sign': 'f401b24e7ab4bddb62defd4947fcc0c4', 'orderNo': 'TestOrderNo_1689673188928', 'tradeNo': '10012023071816395042700018', 'payCode': 'https://debit-sandbox.faspay.co.id/pws/100003/0830000010100000/bb59d77455bcb109c0129c8a682cfd937bac894a?trx_id=3444230231907539&merchant_id=34442&bill_no=10012023071816395042700018', 'payCodeType': '1', 'expireTime': '2023-07-18 17:39:50'}
2023-07-18 17:39:50.366 | DEBUG    | lib.create_order1:post:93 - 2023-07-18 17:39:50 发起post请求:下单
2023-07-18 17:39:50.367 | DEBUG    | lib.create_order1:post:94 - 2023-07-18 17:39:50 请求时的入参: /pay/createOrder?amount=20110&currency=IDR&expectPayCodeType=0&merchantId=100119&orderNo=TestOrderNo_1689673190366&payChannel=38&payerName=test&payerPhone=081382826304&productId=2023&subject=TestSubject&version=1.0&sign=926776293b61b6114d2f4a61b9431ae6
2023-07-18 17:39:51.186 | DEBUG    | lib.create_order1:post:98 - 2023-07-18 17:39:51 接口返回值: {'code': '88011', 'msg': 'this channel is not supported yet', 'sign': 'e5ecde88e5c47f010ffd43aa30f7c64e'}
2023-07-18 17:39:51.187 | DEBUG    | lib.create_order1:post:93 - 2023-07-18 17:39:51 发起post请求:下单
2023-07-18 17:39:51.187 | DEBUG    | lib.create_order1:post:94 - 2023-07-18 17:39:51 请求时的入参: /pay/createOrder?amount=20101&currency=IDR&expectPayCodeType=0&merchantId=100119&orderNo=TestOrderNo_1689673191188&payChannel=38&payerName=test&payerPhone=081382826304&productId=2023&subject=TestSubject&version=1.0&sign=22ace2e1afc2bc3e3a27861eb7ec0aff
2023-07-18 17:39:52.577 | DEBUG    | lib.create_order1:post:98 - 2023-07-18 17:39:52 接口返回值: {'code': '88011', 'msg': 'this channel is not supported yet', 'sign': 'e5ecde88e5c47f010ffd43aa30f7c64e'}
2023-07-18 17:39:52.578 | DEBUG    | lib.create_order1:post:93 - 2023-07-18 17:39:52 发起post请求:下单
2023-07-18 17:39:52.579 | DEBUG    | lib.create_order1:post:94 - 2023-07-18 17:39:52 请求时的入参: /pay/createOrder?amount=20110&currency=IDR&expectPayCodeType=0&merchantId=100119&orderNo=TestOrderNo_1689673192578&payChannel=38&payerName=test&payerPhone=081382826304&productId=2023&subject=TestSubject&version=1.0&sign=b2472b7829c0f9302d5a606d7844dacc
2023-07-18 17:39:55.255 | DEBUG    | lib.create_order1:post:98 - 2023-07-18 17:39:55 接口返回值: {'code': '88011', 'msg': 'this channel is not supported yet', 'sign': 'e5ecde88e5c47f010ffd43aa30f7c64e'}
2023-07-18 17:39:55.256 | DEBUG    | lib.create_order1:post:93 - 2023-07-18 17:39:55 发起post请求:下单
2023-07-18 17:39:55.256 | DEBUG    | lib.create_order1:post:94 - 2023-07-18 17:39:55 请求时的入参: /pay/createOrder?amount=20101&currency=IDR&expectPayCodeType=0&merchantId=100119&orderNo=TestOrderNo_1689673195256&payChannel=38&payerName=test&payerPhone=081382826304&productId=2023&subject=TestSubject&version=1.0&sign=04c7d8cba71fac7fbf9b1f62d307190a
2023-07-18 17:39:56.075 | DEBUG    | lib.create_order1:post:98 - 2023-07-18 17:39:56 接口返回值: {'code': '88011', 'msg': 'this channel is not supported yet', 'sign': 'e5ecde88e5c47f010ffd43aa30f7c64e'}
2023-07-18 17:39:59.081 | DEBUG    | lib.create_order1:post:93 - 2023-07-18 17:39:59 发起post请求:下单
2023-07-18 17:39:59.081 | DEBUG    | lib.create_order1:post:94 - 2023-07-18 17:39:59 请求时的入参: /pay/createOrder?amount=20110&currency=IDR&expectPayCodeType=0&merchantId=100119&orderNo=TestOrderNo_1689673199081&payChannel=15&payerName=test&payerPhone=081382826301&productId=2023&subject=TestSubject&version=1.0&sign=38b51248150ca942ca6321c6ec065225
2023-07-18 17:40:00.555 | DEBUG    | lib.create_order1:post:98 - 2023-07-18 17:40:00 接口返回值: {'code': '200', 'msg': 'SUCCESS', 'sign': 'd9ca003563f3fe7078b97459e2d584a7', 'orderNo': 'TestOrderNo_1689673199081', 'tradeNo': '10012023071816400115000013', 'payCode': 'http://localhost:8080/walletPay?orderInfo=wU3NFGwK4395KeELxFzSVfIUOLJ8eyjkmh%2BrAesa2lh6%2F6ABtGJnlI%2BZEs9%2F204JbcrENMO0sT6sQWEIhWficfgsM3UZ2SS5%2F%2BF1QkhdPpCJFyMoIYpEaK3CNNVdtcC7aKi%2FM1wf3iGqovSbTHA5wEN4QKbjhAXs3VIQQ0YguXA%3D', 'payCodeType': '1', 'expireTime': '2023-07-18 17:40:01'}
2023-07-18 17:40:00.556 | DEBUG    | lib.create_order1:post:93 - 2023-07-18 17:40:00 发起post请求:下单
2023-07-18 17:40:00.556 | DEBUG    | lib.create_order1:post:94 - 2023-07-18 17:40:00 请求时的入参: /pay/createOrder?amount=20101&currency=IDR&expectPayCodeType=0&merchantId=100119&orderNo=TestOrderNo_1689673200556&payChannel=15&payerName=test&payerPhone=081382826301&productId=2023&subject=TestSubject&version=1.0&sign=34d1bcc688dc448add5232d951b0e173
2023-07-18 17:40:03.208 | DEBUG    | lib.create_order1:post:98 - 2023-07-18 17:40:03 接口返回值: {'code': '200', 'msg': 'SUCCESS', 'sign': '798a4af51be31bc90312bebc7aa5ccb2', 'orderNo': 'TestOrderNo_1689673200556', 'tradeNo': '10012023071816400353100012', 'payCode': 'http://localhost:8080/walletPay?orderInfo=wU3NFGwK4395KeELxFzSVfIUOLJ8eyjkmh%2BrAesa2lh6%2F6ABtGJnlI%2BZEs9%2F204JvfG6nj68mjZ%2FEOSkTrsF2PgsM3UZ2SS5%2F%2BF1QkhdPpAa9PVQozHGeR6vKweEWdcBtNGL0hs1d7dGt%2Flzhy9WXUN4QKbjhAXs3VIQQ0YguXA%3D', 'payCodeType': '1', 'expireTime': '2023-07-18 17:40:03'}
2023-07-18 17:40:03.209 | DEBUG    | lib.create_order1:post:93 - 2023-07-18 17:40:03 发起post请求:下单
2023-07-18 17:40:03.210 | DEBUG    | lib.create_order1:post:94 - 2023-07-18 17:40:03 请求时的入参: /pay/createOrder?amount=20110&currency=IDR&expectPayCodeType=0&merchantId=100119&orderNo=TestOrderNo_1689673203210&payChannel=16&payerName=test&payerPhone=081382826301&productId=2023&subject=TestSubject&version=1.0&sign=f12f62a6fd153548e9b126bdb2efb142
2023-07-18 17:40:05.810 | DEBUG    | lib.create_order1:post:98 - 2023-07-18 17:40:05 接口返回值: {'code': '200', 'msg': 'SUCCESS', 'sign': '61e21062cb872cffd3c0087d2ccd1019', 'orderNo': 'TestOrderNo_1689673203210', 'tradeNo': '10012023071816400532500017', 'payCode': 'some-random-qr-string', 'payCodeType': '1', 'expireTime': '2023-07-18 17:40:05'}
2023-07-18 17:40:05.811 | DEBUG    | lib.create_order1:post:93 - 2023-07-18 17:40:05 发起post请求:下单
2023-07-18 17:40:05.811 | DEBUG    | lib.create_order1:post:94 - 2023-07-18 17:40:05 请求时的入参: /pay/createOrder?amount=20101&currency=IDR&expectPayCodeType=0&merchantId=100119&orderNo=TestOrderNo_1689673205811&payChannel=16&payerName=test&payerPhone=081382826301&productId=2023&subject=TestSubject&version=1.0&sign=b2825f0f951c9aabd236dc52f94a21b3
2023-07-18 17:40:07.825 | DEBUG    | lib.create_order1:post:98 - 2023-07-18 17:40:07 接口返回值: {'code': '200', 'msg': 'SUCCESS', 'sign': 'ce3ff843118665b614179f1a50e50140', 'orderNo': 'TestOrderNo_1689673205811', 'tradeNo': '10012023071816400784700018', 'payCode': 'some-random-qr-string', 'payCodeType': '1', 'expireTime': '2023-07-18 17:40:07'}
2023-07-18 17:40:07.827 | DEBUG    | lib.create_order1:post:93 - 2023-07-18 17:40:07 发起post请求:下单
2023-07-18 17:40:07.827 | DEBUG    | lib.create_order1:post:94 - 2023-07-18 17:40:07 请求时的入参: /pay/createOrder?amount=20110&currency=IDR&expectPayCodeType=0&merchantId=100119&orderNo=TestOrderNo_1689673207827&payChannel=17&payerName=test&payerPhone=081382826301&productId=2023&subject=TestSubject&version=1.0&sign=1827ae1b0b1308748bdb025d01ba939f
2023-07-18 17:40:10.549 | DEBUG    | lib.create_order1:post:98 - 2023-07-18 17:40:10 接口返回值: {'code': '200', 'msg': 'SUCCESS', 'sign': 'b8647f3791c57927b90b0d936ad27c4e', 'orderNo': 'TestOrderNo_1689673207827', 'tradeNo': '10012023071816400984200017', 'payCode': 'https://ewallet-mock-connector.xendit.co/v1/ewallet_connector/checkouts?token=cir5rukabidq0em87fvg', 'payCodeType': '1', 'expireTime': '2023-07-18 17:40:09'}
2023-07-18 17:40:10.550 | DEBUG    | lib.create_order1:post:93 - 2023-07-18 17:40:10 发起post请求:下单
2023-07-18 17:40:10.550 | DEBUG    | lib.create_order1:post:94 - 2023-07-18 17:40:10 请求时的入参: /pay/createOrder?amount=20101&currency=IDR&expectPayCodeType=0&merchantId=100119&orderNo=TestOrderNo_1689673210551&payChannel=17&payerName=test&payerPhone=081382826301&productId=2023&subject=TestSubject&version=1.0&sign=ae84ca5d4312886fa19602e92457528e
2023-07-18 17:40:12.522 | DEBUG    | lib.create_order1:post:98 - 2023-07-18 17:40:12 接口返回值: {'code': '200', 'msg': 'SUCCESS', 'sign': '8b6ab1c914187dc94b0019fc1b2a54c9', 'orderNo': 'TestOrderNo_1689673210551', 'tradeNo': '10012023071816401203200010', 'payCode': 'https://ewallet-mock-connector.xendit.co/v1/ewallet_connector/checkouts?token=cir5rv4abidq0em87g00', 'payCodeType': '1', 'expireTime': '2023-07-18 17:40:12'}
2023-07-18 17:40:12.523 | DEBUG    | lib.create_order1:post:93 - 2023-07-18 17:40:12 发起post请求:下单
2023-07-18 17:40:12.524 | DEBUG    | lib.create_order1:post:94 - 2023-07-18 17:40:12 请求时的入参: /pay/createOrder?amount=20110&currency=IDR&expectPayCodeType=0&merchantId=100119&orderNo=TestOrderNo_1689673212524&payChannel=18&payerName=test&payerPhone=081382826301&productId=2023&subject=TestSubject&version=1.0&sign=322e6ccd577302a96bae09ea9ee6c4f2
2023-07-18 17:40:13.347 | DEBUG    | lib.create_order1:post:98 - 2023-07-18 17:40:13 接口返回值: {'code': '200', 'msg': 'SUCCESS', 'sign': '1d790f0221f7496b80695738dde85c2a', 'orderNo': 'TestOrderNo_1689673212524', 'tradeNo': '10012023071816401395600019', 'payCode': 'http://localhost:8080/walletPay?orderInfo=wU3NFGwK4395KeELxFzSVbecmLSURWxf2pZTr%2B9WIvcJkI2OwB8RYbiE0iALrmBEA8CCCDG9TEiXhR3n3BV5qnzNJFQPGDBuom2IXGsSwcPpWnwLxn%2ByOS76QwP8ecZ7PU1LxfB5dsm7kYTK1L6dpUhntqftyq19u0t6ClCQRjU%3D', 'payCodeType': '1', 'expireTime': '2023-07-18 17:40:13'}
2023-07-18 17:40:13.348 | DEBUG    | lib.create_order1:post:93 - 2023-07-18 17:40:13 发起post请求:下单
2023-07-18 17:40:13.348 | DEBUG    | lib.create_order1:post:94 - 2023-07-18 17:40:13 请求时的入参: /pay/createOrder?amount=20101&currency=IDR&expectPayCodeType=0&merchantId=100119&orderNo=TestOrderNo_1689673213348&payChannel=18&payerName=test&payerPhone=081382826301&productId=2023&subject=TestSubject&version=1.0&sign=8df5b519cb00f0ca14a915da606c67d7
2023-07-18 17:40:15.861 | DEBUG    | lib.create_order1:post:98 - 2023-07-18 17:40:15 接口返回值: {'code': '200', 'msg': 'SUCCESS', 'sign': '700aec51f4c4182c75f178d5c9828369', 'orderNo': 'TestOrderNo_1689673213348', 'tradeNo': '10012023071816401647200014', 'payCode': 'http://localhost:8080/walletPay?orderInfo=wU3NFGwK4395KeELxFzSVbecmLSURWxf2pZTr%2B9WIvcJkI2OwB8RYbiE0iALrmBEBeKDl1EjNZsvHzGoRsTrknzNJFQPGDBuom2IXGsSwcOc0eZRIGcqCLz5MO8OdKNd6nZ1LXdyd13iLbnsEmSgDEhntqftyq19u0t6ClCQRjU%3D', 'payCodeType': '1', 'expireTime': '2023-07-18 17:40:16'}
2023-07-18 17:40:15.862 | DEBUG    | lib.create_order1:post:93 - 2023-07-18 17:40:15 发起post请求:下单
2023-07-18 17:40:15.863 | DEBUG    | lib.create_order1:post:94 - 2023-07-18 17:40:15 请求时的入参: /pay/createOrder?amount=20110&currency=IDR&expectPayCodeType=0&merchantId=100119&orderNo=TestOrderNo_1689673215862&payChannel=19&payerName=test&payerPhone=081382826301&productId=2023&subject=TestSubject&version=1.0&sign=c0becc629effcbf548de9d665cbd4359
2023-07-18 17:40:18.725 | DEBUG    | lib.create_order1:post:98 - 2023-07-18 17:40:18 接口返回值: {'code': '200', 'msg': 'SUCCESS', 'sign': '31c1fbdc9193a0bed872ea89199fff1d', 'orderNo': 'TestOrderNo_1689673215862', 'tradeNo': '10012023071816401790700018', 'payCode': 'https://ewallet-mock-connector.xendit.co/v1/ewallet_connector/checkouts?token=cir5s0kabidq0em87g0g', 'payCodeType': '1', 'expireTime': '2023-07-18 17:40:17'}
2023-07-18 17:40:18.726 | DEBUG    | lib.create_order1:post:93 - 2023-07-18 17:40:18 发起post请求:下单
2023-07-18 17:40:18.726 | DEBUG    | lib.create_order1:post:94 - 2023-07-18 17:40:18 请求时的入参: /pay/createOrder?amount=20101&currency=IDR&expectPayCodeType=0&merchantId=100119&orderNo=TestOrderNo_1689673218727&payChannel=19&payerName=test&payerPhone=081382826301&productId=2023&subject=TestSubject&version=1.0&sign=f7a05d7e2be050446e8be00e74f5cb88
2023-07-18 17:40:20.737 | DEBUG    | lib.create_order1:post:98 - 2023-07-18 17:40:20 接口返回值: {'code': '200', 'msg': 'SUCCESS', 'sign': 'c8944af9fb97728f1d98057e9e7a57a1', 'orderNo': 'TestOrderNo_1689673218727', 'tradeNo': '10012023071816402018500016', 'payCode': 'https://ewallet-mock-connector.xendit.co/v1/ewallet_connector/checkouts?token=cir5s1cabidq0em87g10', 'payCodeType': '1', 'expireTime': '2023-07-18 17:40:20'}
2023-07-18 17:40:20.738 | DEBUG    | lib.create_order1:post:93 - 2023-07-18 17:40:20 发起post请求:下单
2023-07-18 17:40:20.739 | DEBUG    | lib.create_order1:post:94 - 2023-07-18 17:40:20 请求时的入参: /pay/createOrder?amount=20110&currency=IDR&expectPayCodeType=0&merchantId=100119&orderNo=TestOrderNo_1689673220738&payChannel=12&payerName=test&payerPhone=081382826301&productId=2023&subject=TestSubject&version=1.0&sign=3fa242ca4de3333ba454f2ae33955ed9
2023-07-18 17:40:23.859 | DEBUG    | lib.create_order1:post:98 - 2023-07-18 17:40:23 接口返回值: {'code': '200', 'msg': 'SUCCESS', 'sign': '698dda47a2760e67054309f28cc099ef', 'orderNo': 'TestOrderNo_1689673220738', 'tradeNo': '10012023071816402400400015', 'payCode': '929284311', 'payCodeType': '0', 'expireTime': '2023-07-19 16:40:24'}
2023-07-18 17:40:23.860 | DEBUG    | lib.create_order1:post:93 - 2023-07-18 17:40:23 发起post请求:下单
2023-07-18 17:40:23.860 | DEBUG    | lib.create_order1:post:94 - 2023-07-18 17:40:23 请求时的入参: /pay/createOrder?amount=20101&currency=IDR&expectPayCodeType=0&merchantId=100119&orderNo=TestOrderNo_1689673223861&payChannel=12&payerName=test&payerPhone=081382826301&productId=2023&subject=TestSubject&version=1.0&sign=0174e9b6de334a533dd167559b8551f7
2023-07-18 17:40:25.749 | DEBUG    | lib.create_order1:post:98 - 2023-07-18 17:40:25 接口返回值: {'code': '200', 'msg': 'SUCCESS', 'sign': 'cc8b5cd1e529f3643169538f9f1fa39c', 'orderNo': 'TestOrderNo_1689673223861', 'tradeNo': '10012023071816402591000012', 'payCode': '929128420', 'payCodeType': '0', 'expireTime': '2023-07-19 16:40:25'}
2023-07-18 17:40:25.750 | DEBUG    | lib.create_order1:post:93 - 2023-07-18 17:40:25 发起post请求:下单
2023-07-18 17:40:25.750 | DEBUG    | lib.create_order1:post:94 - 2023-07-18 17:40:25 请求时的入参: /pay/createOrder?amount=20110&currency=IDR&expectPayCodeType=0&merchantId=100119&orderNo=TestOrderNo_1689673225750&payChannel=1&payerName=test&payerPhone=081382826301&productId=2023&subject=TestSubject&version=1.0&sign=1fc82eeb91e9808b7a501c3fc8cad24c
2023-07-18 17:40:27.229 | DEBUG    | lib.create_order1:post:98 - 2023-07-18 17:40:27 接口返回值: {'code': '200', 'msg': 'SUCCESS', 'sign': '13304729123cb2d70493ab712a6d3cee', 'orderNo': 'TestOrderNo_1689673225750', 'tradeNo': '10012023071816402783500019', 'payCode': 'http://localhost:8080/cardPay?orderInfo=wU3NFGwK4395KeELxFzSVftAPWe%2Fawqt6m6eTf%2BxuK4i4n6f5VQCcw%2FN8b6ApVwb46Y1icYYp91j18Nw1ANzEVHw0V1rZfhyOiDIxFHLLFz7r34xtT7LqIqHVk5jAxiaN%2FztMjPzcpjROjP4yGNb6nrlKH7n2TLHTOTrC7j%2F9TU%3D', 'payCodeType': '1', 'expireTime': '2023-07-19 16:40:27'}
2023-07-18 17:40:27.229 | DEBUG    | lib.create_order1:post:93 - 2023-07-18 17:40:27 发起post请求:下单
2023-07-18 17:40:27.229 | DEBUG    | lib.create_order1:post:94 - 2023-07-18 17:40:27 请求时的入参: /pay/createOrder?amount=20101&currency=IDR&expectPayCodeType=0&merchantId=100119&orderNo=TestOrderNo_1689673227230&payChannel=1&payerName=test&payerPhone=081382826301&productId=2023&subject=TestSubject&version=1.0&sign=5231d473df21476f8081132f3cd5d580
2023-07-18 17:40:30.494 | DEBUG    | lib.create_order1:post:98 - 2023-07-18 17:40:30 接口返回值: {'code': '200', 'msg': 'SUCCESS', 'sign': 'bc7e9fff0fe33844aec3ce84721b11ef', 'orderNo': 'TestOrderNo_1689673227230', 'tradeNo': '10012023071816403025600013', 'payCode': 'http://localhost:8080/cardPay?orderInfo=wU3NFGwK4395KeELxFzSVftAPWe%2Fawqt6m6eTf%2BxuK4i4n6f5VQCcw%2FN8b6ApVwbvCoSUlowUwn6dGgVhesepthD6LiSCsVyj6P6yJ2GMt%2F7r34xtT7LqIqHVk5jAxiah%2BRO2Rgp%2FYxtiaiACWwDQXrlKH7n2TLHTOTrC7j%2F9TU%3D', 'payCodeType': '1', 'expireTime': '2023-07-19 16:40:30'}
2023-07-18 17:40:30.495 | DEBUG    | lib.create_order1:post:93 - 2023-07-18 17:40:30 发起post请求:下单
2023-07-18 17:40:30.495 | DEBUG    | lib.create_order1:post:94 - 2023-07-18 17:40:30 请求时的入参: /pay/createOrder?amount=20110&currency=IDR&expectPayCodeType=0&merchantId=100119&orderNo=TestOrderNo_1689673230495&payChannel=3&payerName=test&payerPhone=081382826301&productId=2023&subject=TestSubject&version=1.0&sign=611c826f9396bc36a74b1770d64b6c17
2023-07-18 17:40:33.124 | DEBUG    | lib.create_order1:post:98 - 2023-07-18 17:40:33 接口返回值: {'code': '200', 'msg': 'SUCCESS', 'sign': '55478fe6c4be5c0ebc86e9560c4ac52f', 'orderNo': 'TestOrderNo_1689673230495', 'tradeNo': '10012023071816403278000010', 'payCode': '82149999946268', 'payCodeType': '0', 'expireTime': '2023-07-19 09:22:12'}
2023-07-18 17:40:33.125 | DEBUG    | lib.create_order1:post:93 - 2023-07-18 17:40:33 发起post请求:下单
2023-07-18 17:40:33.125 | DEBUG    | lib.create_order1:post:94 - 2023-07-18 17:40:33 请求时的入参: /pay/createOrder?amount=20101&currency=IDR&expectPayCodeType=0&merchantId=100119&orderNo=TestOrderNo_1689673233126&payChannel=3&payerName=test&payerPhone=081382826301&productId=2023&subject=TestSubject&version=1.0&sign=83cfe57a46b592c286cf6c311d883cf3
2023-07-18 17:40:35.427 | DEBUG    | lib.create_order1:post:98 - 2023-07-18 17:40:35 接口返回值: {'code': '200', 'msg': 'SUCCESS', 'sign': '70f1e0b19a08844af75cd127545c860e', 'orderNo': 'TestOrderNo_1689673233126', 'tradeNo': '10012023071816403518700015', 'payCode': '82149999722285', 'payCodeType': '0', 'expireTime': '2023-07-19 09:22:15'}
2023-07-18 17:40:35.428 | DEBUG    | lib.create_order1:post:93 - 2023-07-18 17:40:35 发起post请求:下单
2023-07-18 17:40:35.428 | DEBUG    | lib.create_order1:post:94 - 2023-07-18 17:40:35 请求时的入参: /pay/createOrder?amount=20110&currency=IDR&expectPayCodeType=0&merchantId=100119&orderNo=TestOrderNo_1689673235428&payChannel=4&payerName=test&payerPhone=081382826301&productId=2023&subject=TestSubject&version=1.0&sign=9bc6460137f85c78a63a49cc884fd9f8
2023-07-18 17:40:37.374 | DEBUG    | lib.create_order1:post:98 - 2023-07-18 17:40:37 接口返回值: {'code': '200', 'msg': 'SUCCESS', 'sign': '39e06f9e397a78dc4e520d6abcb022c2', 'orderNo': 'TestOrderNo_1689673235428', 'tradeNo': '10012023071816403748100010', 'payCode': '8808999934965104', 'payCodeType': '0', 'expireTime': '2023-07-19 09:22:17'}
2023-07-18 17:40:37.375 | DEBUG    | lib.create_order1:post:93 - 2023-07-18 17:40:37 发起post请求:下单
2023-07-18 17:40:37.375 | DEBUG    | lib.create_order1:post:94 - 2023-07-18 17:40:37 请求时的入参: /pay/createOrder?amount=20101&currency=IDR&expectPayCodeType=0&merchantId=100119&orderNo=TestOrderNo_1689673237375&payChannel=4&payerName=test&payerPhone=081382826301&productId=2023&subject=TestSubject&version=1.0&sign=d72fa0f95f79e28e0439004434a8be6e
2023-07-18 17:40:39.296 | DEBUG    | lib.create_order1:post:98 - 2023-07-18 17:40:39 接口返回值: {'code': '200', 'msg': 'SUCCESS', 'sign': '00bd5fda53d6d1f3dd4d1ee5f978f87a', 'orderNo': 'TestOrderNo_1689673237375', 'tradeNo': '10012023071816403945800016', 'payCode': '8808999915138385', 'payCodeType': '0', 'expireTime': '2023-07-19 09:22:19'}
2023-07-18 17:40:39.297 | DEBUG    | lib.create_order1:post:93 - 2023-07-18 17:40:39 发起post请求:下单
2023-07-18 17:40:39.297 | DEBUG    | lib.create_order1:post:94 - 2023-07-18 17:40:39 请求时的入参: /pay/createOrder?amount=20110&currency=IDR&expectPayCodeType=0&merchantId=100119&orderNo=TestOrderNo_1689673239298&payChannel=5&payerName=test&payerPhone=081382826301&productId=2023&subject=TestSubject&version=1.0&sign=a852ad87ae6099a5f0fb068a28f6ca5a
2023-07-18 17:40:40.726 | DEBUG    | lib.create_order1:post:98 - 2023-07-18 17:40:40 接口返回值: {'code': '88011', 'msg': 'this channel is not supported yet', 'sign': 'e5ecde88e5c47f010ffd43aa30f7c64e'}
2023-07-18 17:40:40.728 | DEBUG    | lib.create_order1:post:93 - 2023-07-18 17:40:40 发起post请求:下单
2023-07-18 17:40:40.728 | DEBUG    | lib.create_order1:post:94 - 2023-07-18 17:40:40 请求时的入参: /pay/createOrder?amount=20101&currency=IDR&expectPayCodeType=0&merchantId=100119&orderNo=TestOrderNo_1689673240728&payChannel=5&payerName=test&payerPhone=081382826301&productId=2023&subject=TestSubject&version=1.0&sign=a24619899d6d6b2667fc317d11911f99
2023-07-18 17:40:42.053 | DEBUG    | lib.create_order1:post:98 - 2023-07-18 17:40:42 接口返回值: {'code': '88011', 'msg': 'this channel is not supported yet', 'sign': 'e5ecde88e5c47f010ffd43aa30f7c64e'}
2023-07-18 17:40:42.054 | DEBUG    | lib.create_order1:post:93 - 2023-07-18 17:40:42 发起post请求:下单
2023-07-18 17:40:42.054 | DEBUG    | lib.create_order1:post:94 - 2023-07-18 17:40:42 请求时的入参: /pay/createOrder?amount=20110&currency=IDR&expectPayCodeType=0&merchantId=100119&orderNo=TestOrderNo_1689673242054&payChannel=6&payerName=test&payerPhone=081382826301&productId=2023&subject=TestSubject&version=1.0&sign=20267fe2265ce1ac2b98ca87cf6eaa41
2023-07-18 17:40:43.382 | DEBUG    | lib.create_order1:post:98 - 2023-07-18 17:40:43 接口返回值: {'code': '88011', 'msg': 'this channel is not supported yet', 'sign': 'e5ecde88e5c47f010ffd43aa30f7c64e'}
2023-07-18 17:40:43.383 | DEBUG    | lib.create_order1:post:93 - 2023-07-18 17:40:43 发起post请求:下单
2023-07-18 17:40:43.384 | DEBUG    | lib.create_order1:post:94 - 2023-07-18 17:40:43 请求时的入参: /pay/createOrder?amount=20101&currency=IDR&expectPayCodeType=0&merchantId=100119&orderNo=TestOrderNo_1689673243384&payChannel=6&payerName=test&payerPhone=081382826301&productId=2023&subject=TestSubject&version=1.0&sign=0f27420b669f201f423ff29c2f3dff04
2023-07-18 17:40:44.194 | DEBUG    | lib.create_order1:post:98 - 2023-07-18 17:40:44 接口返回值: {'code': '88011', 'msg': 'this channel is not supported yet', 'sign': 'e5ecde88e5c47f010ffd43aa30f7c64e'}
2023-07-18 17:40:44.195 | DEBUG    | lib.create_order1:post:93 - 2023-07-18 17:40:44 发起post请求:下单
2023-07-18 17:40:44.195 | DEBUG    | lib.create_order1:post:94 - 2023-07-18 17:40:44 请求时的入参: /pay/createOrder?amount=20110&currency=IDR&expectPayCodeType=0&merchantId=100119&orderNo=TestOrderNo_1689673244195&payChannel=9&payerName=test&payerPhone=081382826301&productId=2023&subject=TestSubject&version=1.0&sign=39328b4766e14fc43e5517631cd660d2
2023-07-18 17:40:46.292 | DEBUG    | lib.create_order1:post:98 - 2023-07-18 17:40:46 接口返回值: {'code': '200', 'msg': 'SUCCESS', 'sign': '80ee8d0217a1aa2ca54b8dd4b2b553fb', 'orderNo': 'TestOrderNo_1689673244195', 'tradeNo': '10012023071816404622800014', 'payCode': '920019999974318', 'payCodeType': '0', 'expireTime': '2023-07-19 09:22:26'}
2023-07-18 17:40:46.293 | DEBUG    | lib.create_order1:post:93 - 2023-07-18 17:40:46 发起post请求:下单
2023-07-18 17:40:46.293 | DEBUG    | lib.create_order1:post:94 - 2023-07-18 17:40:46 请求时的入参: /pay/createOrder?amount=20101&currency=IDR&expectPayCodeType=0&merchantId=100119&orderNo=TestOrderNo_1689673246294&payChannel=9&payerName=test&payerPhone=081382826301&productId=2023&subject=TestSubject&version=1.0&sign=5c121dd2cf4015b6c43b852c942d9c1b
2023-07-18 17:40:48.233 | DEBUG    | lib.create_order1:post:98 - 2023-07-18 17:40:48 接口返回值: {'code': '200', 'msg': 'SUCCESS', 'sign': 'fb2c25a33896e0c6157a9a1783f9540d', 'orderNo': 'TestOrderNo_1689673246294', 'tradeNo': '10012023071816404838800014', 'payCode': '920019999757967', 'payCodeType': '0', 'expireTime': '2023-07-19 09:22:28'}
