2023-03-15 16:19:24.301 | DEBUG    | __main__:post:95 - 2023-03-15 16:19:24 发起post请求:模拟xendit dana下单回调成功
2023-03-15 16:19:24.302 | DEBUG    | __main__:post:96 - 2023-03-15 16:19:24 请求时的入参: /pay/createOrder?amount=10000&currency=IDR&expectPayCodeType=0&merchantId=100119&orderNo=TestOrderNo_1678868364301&payChannel=17&payerName=test&payerPhone=081382826301&productId=2023&subject=TestSubject&version=1.0&sign=b660972cd5ac79f9ba09c90b19ec86cd
2023-03-15 16:19:27.149 | DEBUG    | __main__:post:100 - 2023-03-15 16:19:27 接口返回值: {'code': '200', 'msg': 'SUCCESS', 'sign': '0db6f7fb0e77dd9283db7840eddf85a4', 'orderNo': 'TestOrderNo_1678868364301', 'tradeNo': '10012023031515192578400008', 'payCode': 'https://checkouttest.lipperpay.com/mock?orderInfo=PkKE5VRzA2NqiSDiRdeoWf9GJzcMdJPYez0Oy%2BUieTS7%2BFd7zt4rIbXvZvlUF06L53REbrRfIjPu2FcD7k4PPw%3D%3D', 'payCodeType': '1', 'expireTime': '2023-03-15 16:19:25'}
2023-03-15 16:19:29.791 | DEBUG    | __main__:post:95 - 2023-03-15 16:19:29 发起post请求:模拟xendit dana下单回调成功
2023-03-15 16:19:29.791 | DEBUG    | __main__:post:96 - 2023-03-15 16:19:29 请求时的入参: /pay/createOrder?amount=10000&currency=IDR&expectPayCodeType=0&merchantId=100119&orderNo=TestOrderNo_1678868369792&payChannel=17&payerName=test&payerPhone=081382826301&productId=2023&subject=TestSubject&version=1.0&sign=01bf00b5c1f6bacb09e33174ef2c3fb7
2023-03-15 16:19:32.343 | DEBUG    | __main__:post:100 - 2023-03-15 16:19:32 接口返回值: {'code': '200', 'msg': 'SUCCESS', 'sign': '0fe1d2ed071f1d44d2a5091be8c07aaf', 'orderNo': 'TestOrderNo_1678868369792', 'tradeNo': '10012023031515193102400001', 'payCode': 'https://checkouttest.lipperpay.com/mock?orderInfo=PkKE5VRzA2NqiSDiRdeoWf9GJzcMdJPYez0Oy%2BUieTTBN69avQG0BDySy5HCG4zd53REbrRfIjPu2FcD7k4PPw%3D%3D', 'payCodeType': '1', 'expireTime': '2023-03-15 16:19:31'}
2023-03-15 16:19:56.219 | DEBUG    | lib.create_order1:post:95 - 2023-03-15 16:19:56 发起post请求:下单
2023-03-15 16:19:56.219 | DEBUG    | lib.create_order1:post:96 - 2023-03-15 16:19:56 请求时的入参: /pay/createOrder?amount=10000&currency=IDR&expectPayCodeType=0&merchantId=100119&orderNo=TestOrderNo_1678868396220&payChannel=15&payerName=test&payerPhone=081382826301&productId=2023&subject=TestSubject&version=1.0&sign=73465a9012ab946e32765ff3b24e5abf
2023-03-15 16:19:57.543 | DEBUG    | lib.create_order1:post:100 - 2023-03-15 16:19:57 接口返回值: {'code': '200', 'msg': 'SUCCESS', 'sign': 'fd997d10f5163ef363403c146cb7dbb5', 'orderNo': 'TestOrderNo_1678868396220', 'tradeNo': '10012023031515195741600008', 'payCode': 'https://checkouttest.lipperpay.com/walletPay?orderInfo=wU3NFGwK4395KeELxFzSVfIUOLJ8eyjkmh%2BrAesa2lgRIw%2BY9U%2FhsZ3Nwk6cyJxkKaw7Q78DgI78yMRoa6zVzfgsM3UZ2SS5%2F%2BF1QkhdPpAKkrtdDLwRTNRF0XTz0a54lSlpMW2%2Bd8Lpw4HdwFtT5EN4QKbjhAXs3VIQQ0YguXA%3D', 'payCodeType': '1', 'expireTime': '2023-03-15 16:19:57'}
2023-03-15 16:19:57.544 | DEBUG    | lib.create_order1:post:95 - 2023-03-15 16:19:57 发起post请求:下单
2023-03-15 16:19:57.544 | DEBUG    | lib.create_order1:post:96 - 2023-03-15 16:19:57 请求时的入参: /pay/createOrder?amount=10000&currency=IDR&expectPayCodeType=0&merchantId=100119&orderNo=TestOrderNo_1678868397545&payChannel=16&payerName=test&payerPhone=081382826301&productId=2023&subject=TestSubject&version=1.0&sign=e0647c11123469e9649672a3c65bfddd
2023-03-15 16:20:00.123 | DEBUG    | lib.create_order1:post:100 - 2023-03-15 16:20:00 接口返回值: {'code': '200', 'msg': 'SUCCESS', 'sign': '5a4f8a6d73125b380e15a08a48a935b5', 'orderNo': 'TestOrderNo_1678868397545', 'tradeNo': '10012023031515195882000000', 'payCode': 'some-random-qr-string', 'payCodeType': '1', 'expireTime': '2023-03-15 16:19:58'}
2023-03-15 16:20:00.124 | DEBUG    | lib.create_order1:post:95 - 2023-03-15 16:20:00 发起post请求:下单
2023-03-15 16:20:00.124 | DEBUG    | lib.create_order1:post:96 - 2023-03-15 16:20:00 请求时的入参: /pay/createOrder?amount=10000&currency=IDR&expectPayCodeType=0&merchantId=100119&orderNo=TestOrderNo_1678868400124&payChannel=17&payerName=test&payerPhone=081382826301&productId=2023&subject=TestSubject&version=1.0&sign=f3e606944d84e3f004cad0e9f26c3e5f
2023-03-15 16:20:02.470 | DEBUG    | lib.create_order1:post:100 - 2023-03-15 16:20:02 接口返回值: {'code': '200', 'msg': 'SUCCESS', 'sign': 'd22a60d51bed5a6ee54ce7a69cc035ae', 'orderNo': 'TestOrderNo_1678868400124', 'tradeNo': '10012023031515200130200004', 'payCode': 'https://checkouttest.lipperpay.com/mock?orderInfo=PkKE5VRzA2NqiSDiRdeoWf9GJzcMdJPYez0Oy%2BUieTTyHmMXZoAfjFDvgFmynZeA53REbrRfIjPu2FcD7k4PPw%3D%3D', 'payCodeType': '1', 'expireTime': '2023-03-15 16:20:01'}
2023-03-15 16:20:02.470 | DEBUG    | lib.create_order1:post:95 - 2023-03-15 16:20:02 发起post请求:下单
2023-03-15 16:20:02.470 | DEBUG    | lib.create_order1:post:96 - 2023-03-15 16:20:02 请求时的入参: /pay/createOrder?amount=10000&currency=IDR&expectPayCodeType=0&merchantId=100119&orderNo=TestOrderNo_1678868402470&payChannel=18&payerName=test&payerPhone=081382826301&productId=2023&subject=TestSubject&version=1.0&sign=bd06ccbca8b927eecd8d0c0a0f96dc7e
2023-03-15 16:20:03.746 | DEBUG    | lib.create_order1:post:100 - 2023-03-15 16:20:03 接口返回值: {'code': '200', 'msg': 'SUCCESS', 'sign': 'd72db56fec410316e1db6e40f5e0a8d5', 'orderNo': 'TestOrderNo_1678868402470', 'tradeNo': '10012023031515200364300009', 'payCode': 'https://checkouttest.lipperpay.com/mock?orderInfo=PkKE5VRzA2NqiSDiRdeoWf9GJzcMdJPYez0Oy%2BUieTTq9PiDd8%2Bd%2Byn5YZ27UnYg53REbrRfIjPu2FcD7k4PPw%3D%3D', 'payCodeType': '1', 'expireTime': '2023-03-15 16:20:03'}
2023-03-15 16:20:03.746 | DEBUG    | lib.create_order1:post:95 - 2023-03-15 16:20:03 发起post请求:下单
2023-03-15 16:20:03.746 | DEBUG    | lib.create_order1:post:96 - 2023-03-15 16:20:03 请求时的入参: /pay/createOrder?amount=10000&currency=IDR&expectPayCodeType=0&merchantId=100119&orderNo=TestOrderNo_1678868403746&payChannel=19&payerName=test&payerPhone=081382826301&productId=2023&subject=TestSubject&version=1.0&sign=5e68a4e67d8c41ea03ed9d13bcee7555
2023-03-15 16:20:06.324 | DEBUG    | lib.create_order1:post:100 - 2023-03-15 16:20:06 接口返回值: {'code': '200', 'msg': 'SUCCESS', 'sign': '4ce8ad19d228bda69e3f3fc1c04ea78e', 'orderNo': 'TestOrderNo_1678868403746', 'tradeNo': '10012023031515200498900005', 'payCode': 'https://checkouttest.lipperpay.com/mock?orderInfo=PkKE5VRzA2NqiSDiRdeoWf9GJzcMdJPYez0Oy%2BUieTQZe5NjWMCzA%2FV5F2SVwGJ553REbrRfIjPu2FcD7k4PPw%3D%3D', 'payCodeType': '1', 'expireTime': '2023-03-15 16:20:04'}
2023-03-15 16:20:06.324 | DEBUG    | lib.create_order1:post:95 - 2023-03-15 16:20:06 发起post请求:下单
2023-03-15 16:20:06.324 | DEBUG    | lib.create_order1:post:96 - 2023-03-15 16:20:06 请求时的入参: /pay/createOrder?amount=10000&currency=IDR&expectPayCodeType=0&merchantId=100119&orderNo=TestOrderNo_1678868406324&payChannel=1&payerName=test&payerPhone=081382826301&productId=2023&subject=TestSubject&version=1.0&sign=4be4e54c3cee2911f15c746d19f773c1
2023-03-15 16:20:07.662 | DEBUG    | lib.create_order1:post:100 - 2023-03-15 16:20:07 接口返回值: {'code': '200', 'msg': 'SUCCESS', 'sign': '7560dfd61c1d5d75d42bc138a0c5ffa7', 'orderNo': 'TestOrderNo_1678868406324', 'tradeNo': '10012023031515200754800006', 'payCode': 'https://checkouttest.lipperpay.com/cardPay?orderInfo=wU3NFGwK4395KeELxFzSVftAPWe%2Fawqt6m6eTf%2BxuK4i4n6f5VQCcw%2FN8b6ApVwbgyveSQ15ydUIIKF%2B6FXVQnOMC9kL%2BwjKRznf0%2BXbpeYTJvQiTV8Wt84KDZl5LObq02xXS%2BlBGqmsNsYmrp2gkHrlKH7n2TLHTOTrC7j%2F9TU%3D', 'payCodeType': '1', 'expireTime': '2023-03-16 15:20:07'}
2023-03-15 16:20:07.664 | DEBUG    | lib.create_order1:post:95 - 2023-03-15 16:20:07 发起post请求:下单
2023-03-15 16:20:07.664 | DEBUG    | lib.create_order1:post:96 - 2023-03-15 16:20:07 请求时的入参: /pay/createOrder?amount=10000&currency=IDR&expectPayCodeType=0&merchantId=100119&orderNo=TestOrderNo_1678868407664&payChannel=3&payerName=test&payerPhone=081382826301&productId=2023&subject=TestSubject&version=1.0&sign=1c5a386760bbfdb80a29219de7b95dbb
2023-03-15 16:20:10.527 | DEBUG    | lib.create_order1:post:100 - 2023-03-15 16:20:10 接口返回值: {'code': '200', 'msg': 'SUCCESS', 'sign': '51d5985779b19af6afed5342a86eaf36', 'orderNo': 'TestOrderNo_1678868407664', 'tradeNo': '10012023031515200889800004', 'payCode': '72939999024945', 'payCodeType': '0', 'expireTime': '2023-03-16 08:01:48'}
2023-03-15 16:20:10.528 | DEBUG    | lib.create_order1:post:95 - 2023-03-15 16:20:10 发起post请求:下单
2023-03-15 16:20:10.528 | DEBUG    | lib.create_order1:post:96 - 2023-03-15 16:20:10 请求时的入参: /pay/createOrder?amount=10000&currency=IDR&expectPayCodeType=0&merchantId=100119&orderNo=TestOrderNo_1678868410528&payChannel=4&payerName=test&payerPhone=081382826301&productId=2023&subject=TestSubject&version=1.0&sign=3f5bde2044515323b1e1c81b2cec8028
2023-03-15 16:20:12.343 | DEBUG    | lib.create_order1:post:100 - 2023-03-15 16:20:12 接口返回值: {'code': '200', 'msg': 'SUCCESS', 'sign': 'f2d301a2378c8f5c390ce31fc7199577', 'orderNo': 'TestOrderNo_1678868410528', 'tradeNo': '10012023031515201172800008', 'payCode': '8808999956341809', 'payCodeType': '0', 'expireTime': '2023-03-16 08:01:51'}
2023-03-15 16:20:12.345 | DEBUG    | lib.create_order1:post:95 - 2023-03-15 16:20:12 发起post请求:下单
2023-03-15 16:20:12.346 | DEBUG    | lib.create_order1:post:96 - 2023-03-15 16:20:12 请求时的入参: /pay/createOrder?amount=10000&currency=IDR&expectPayCodeType=0&merchantId=100119&orderNo=TestOrderNo_1678868412346&payChannel=6&payerName=test&payerPhone=081382826301&productId=2023&subject=TestSubject&version=1.0&sign=b9bc01051b033c9777e661a94fc64920
2023-03-15 16:20:14.234 | DEBUG    | lib.create_order1:post:100 - 2023-03-15 16:20:14 接口返回值: {'code': '88011', 'msg': 'this channel is not supported yet', 'sign': 'e5ecde88e5c47f010ffd43aa30f7c64e'}
2023-03-15 16:20:14.234 | DEBUG    | lib.create_order1:post:95 - 2023-03-15 16:20:14 发起post请求:下单
2023-03-15 16:20:14.234 | DEBUG    | lib.create_order1:post:96 - 2023-03-15 16:20:14 请求时的入参: /pay/createOrder?amount=10000&currency=IDR&expectPayCodeType=0&merchantId=100119&orderNo=TestOrderNo_1678868414234&payChannel=8&payerName=test&payerPhone=081382826301&productId=2023&subject=TestSubject&version=1.0&sign=496790e7d3c36bab00f1c6b696993722
2023-03-15 16:20:15.953 | DEBUG    | lib.create_order1:post:100 - 2023-03-15 16:20:15 接口返回值: {'code': '200', 'msg': 'SUCCESS', 'sign': '3eea1476d3041e7a0d8866f36242c0ab', 'orderNo': 'TestOrderNo_1678868414234', 'tradeNo': '10012023031515201541800002', 'payCode': '889089999009944', 'payCodeType': '0', 'expireTime': '2023-03-16 08:01:55'}
2023-03-15 16:20:15.954 | DEBUG    | lib.create_order1:post:95 - 2023-03-15 16:20:15 发起post请求:下单
2023-03-15 16:20:15.954 | DEBUG    | lib.create_order1:post:96 - 2023-03-15 16:20:15 请求时的入参: /pay/createOrder?amount=10000&currency=IDR&expectPayCodeType=0&merchantId=100119&orderNo=TestOrderNo_1678868415955&payChannel=9&payerName=test&payerPhone=081382826301&productId=2023&subject=TestSubject&version=1.0&sign=f473e36a2cd35a3de939bdd698ae609e
2023-03-15 16:20:17.143 | DEBUG    | lib.create_order1:post:100 - 2023-03-15 16:20:17 接口返回值: {'code': '200', 'msg': 'SUCCESS', 'sign': '4de0f8dedd8688c9ca8541b04e8a3b44', 'orderNo': 'TestOrderNo_1678868415955', 'tradeNo': '10012023031515201659900008', 'payCode': '920019999252147', 'payCodeType': '0', 'expireTime': '2023-03-16 08:01:56'}
2023-03-15 16:20:17.144 | DEBUG    | lib.create_order1:post:95 - 2023-03-15 16:20:17 发起post请求:下单
2023-03-15 16:20:17.144 | DEBUG    | lib.create_order1:post:96 - 2023-03-15 16:20:17 请求时的入参: /pay/createOrder?amount=10000&currency=IDR&expectPayCodeType=0&merchantId=100119&orderNo=TestOrderNo_1678868417144&payChannel=12&payerName=test&payerPhone=081382826301&productId=2023&subject=TestSubject&version=1.0&sign=f6905b50cb0dda3bb1d8b05fa120bcf1
2023-03-15 16:20:18.843 | DEBUG    | lib.create_order1:post:100 - 2023-03-15 16:20:18 接口返回值: {'code': '200', 'msg': 'SUCCESS', 'sign': '401b6116397d63ffdf236a937d9db8b6', 'orderNo': 'TestOrderNo_1678868417144', 'tradeNo': '10012023031515201832700002', 'payCode': '92933298', 'payCodeType': '0', 'expireTime': '2023-03-16 15:20:18'}
2023-03-15 16:20:18.843 | DEBUG    | lib.create_order1:post:95 - 2023-03-15 16:20:18 发起post请求:下单
2023-03-15 16:20:18.844 | DEBUG    | lib.create_order1:post:96 - 2023-03-15 16:20:18 请求时的入参: /pay/createOrder?amount=10000&currency=IDR&expectPayCodeType=0&merchantId=100119&orderNo=TestOrderNo_1678868418844&payChannel=21&payerName=test&payerPhone=081382826301&productId=2023&subject=TestSubject&version=1.0&sign=8859df75f901f75de1af851a12cfaab9
2023-03-15 16:20:20.150 | DEBUG    | lib.create_order1:post:100 - 2023-03-15 16:20:20 接口返回值: {'code': '200', 'msg': 'SUCCESS', 'sign': '69ee0897182c6e80c897ab88bc7e1d7c', 'orderNo': 'TestOrderNo_1678868418844', 'tradeNo': '10012023031515202004300001', 'payCode': 'https://checkouttest.lipperpay.com/id/debitPay?orderInfo=wU3NFGwK4395KeELxFzSVbc%2BoFIp%2FUwSF8eLyuo0c9eE0YE6SCOhV63dq4qu86%2BjpTgDHFvbNF9OB9AdFwvtQ6qSvjNPPxmnmy0pPiBPcVi9uHRlXzj0IbYqTzVILw3bijku4CwDJbEhINps1Jv%2BbID74DoKS9Q4O%2Bf33mYsNWw%3D', 'payCodeType': '1', 'expireTime': '2023-03-22 15:20:20'}
